[ 2017-07-04T22:30:13+08:00 ] ::1 /bigticket/index.php
INFO: [ app_init ] --START--
INFO: Run Behavior\BuildLiteBehavior [ RunTime:0.000024s ]
INFO: [ app_init ] --END-- [ RunTime:0.101659s ]
INFO: [ app_begin ] --START--
INFO: Run Behavior\ReadHtmlCacheBehavior [ RunTime:0.014483s ]
INFO: [ app_begin ] --END-- [ RunTime:0.014729s ]
NOTIC: [2048] Declaration of Home\Controller\CommonController::error() should be compatible with that of Think\Controller::error() F:\wamp\wamp\www\bigticket\Application\Home\Controller\CommonController.class.php 第 25 行.
NOTIC: [2048] Declaration of Common\Model\PositionContentModel::find() should be compatible with that of Think\Model::find() F:\wamp\wamp\www\bigticket\Application\Common\Model\PositionContentModel.class.php 第 8 行.
SQL: SHOW COLUMNS FROM `position_content` [ RunTime:0.2430s ]
SQL: SELECT * FROM `position_content` WHERE `status` = 1 AND `position_id` = 1 ORDER BY create_time desc  [ RunTime:0.0525s ]
SQL: SELECT * FROM `position_content` WHERE `status` = 1 AND `position_id` = 2  [ RunTime:0.0141s ]
SQL: SELECT * FROM `position_content` WHERE `status` = 1 AND `position_id` = 3  [ RunTime:0.0005s ]
SQL: SELECT * FROM `position_content` WHERE `status` = 1 AND `position_id` = 4  [ RunTime:0.0003s ]
INFO: [ view_parse ] --START--
INFO: [ template_filter ] --START--
INFO: Run Behavior\ContentReplaceBehavior [ RunTime:0.000097s ]
INFO: [ template_filter ] --END-- [ RunTime:0.000188s ]
NOTIC: [2048] Declaration of Common\Model\MovieModel::find() should be compatible with that of Think\Model::find() F:\wamp\wamp\www\bigticket\Application\Common\Model\MovieModel.class.php 第 90 行.
SQL: SHOW COLUMNS FROM `movie` [ RunTime:0.0324s ]
SQL: SELECT * FROM `movie` WHERE ( movie_id=29 ) LIMIT 1   [ RunTime:0.0060s ]
SQL: SELECT * FROM `movie` WHERE ( movie_id=30 ) LIMIT 1   [ RunTime:0.0006s ]
SQL: SELECT * FROM `movie` WHERE ( movie_id=21 ) LIMIT 1   [ RunTime:0.0009s ]
SQL: SELECT * FROM `movie` WHERE ( movie_id=39 ) LIMIT 1   [ RunTime:0.0005s ]
SQL: SELECT * FROM `movie` WHERE ( movie_id=37 ) LIMIT 1   [ RunTime:0.0005s ]
SQL: SELECT * FROM `movie` WHERE ( movie_id=26 ) LIMIT 1   [ RunTime:0.0004s ]
SQL: SELECT * FROM `movie` WHERE ( movie_id=23 ) LIMIT 1   [ RunTime:0.0005s ]
SQL: SELECT * FROM `movie` WHERE ( movie_id=41 ) LIMIT 1   [ RunTime:0.0005s ]
SQL: SELECT * FROM `movie` WHERE ( movie_id=22 ) LIMIT 1   [ RunTime:0.0004s ]
SQL: SELECT * FROM `movie` WHERE ( movie_id=21 ) LIMIT 1   [ RunTime:0.0005s ]
SQL: SELECT * FROM `movie` WHERE ( movie_id=21 ) LIMIT 1   [ RunTime:0.0004s ]
SQL: SELECT * FROM `movie` WHERE ( movie_id=21 ) LIMIT 1   [ RunTime:0.0004s ]
SQL: SELECT * FROM `movie` WHERE ( movie_id=23 ) LIMIT 1   [ RunTime:0.0005s ]
SQL: SELECT * FROM `movie` WHERE ( movie_id=23 ) LIMIT 1   [ RunTime:0.0004s ]
SQL: SELECT * FROM `movie` WHERE ( movie_id=23 ) LIMIT 1   [ RunTime:0.0007s ]
SQL: SELECT * FROM `movie` WHERE ( movie_id=24 ) LIMIT 1   [ RunTime:0.0004s ]
SQL: SELECT * FROM `movie` WHERE ( movie_id=24 ) LIMIT 1   [ RunTime:0.0004s ]
SQL: SELECT * FROM `movie` WHERE ( movie_id=24 ) LIMIT 1   [ RunTime:0.0005s ]
SQL: SELECT * FROM `movie` WHERE ( movie_id=22 ) LIMIT 1   [ RunTime:0.0005s ]
SQL: SELECT * FROM `movie` WHERE ( movie_id=22 ) LIMIT 1   [ RunTime:0.0006s ]
SQL: SELECT * FROM `movie` WHERE ( movie_id=22 ) LIMIT 1   [ RunTime:0.0006s ]
SQL: SELECT * FROM `movie` WHERE ( movie_id=25 ) LIMIT 1   [ RunTime:0.0006s ]
SQL: SELECT * FROM `movie` WHERE ( movie_id=25 ) LIMIT 1   [ RunTime:0.0005s ]
SQL: SELECT * FROM `movie` WHERE ( movie_id=25 ) LIMIT 1   [ RunTime:0.0007s ]
SQL: SELECT * FROM `movie` WHERE ( movie_id=26 ) LIMIT 1   [ RunTime:0.0007s ]
SQL: SELECT * FROM `movie` WHERE ( movie_id=26 ) LIMIT 1   [ RunTime:0.0006s ]
SQL: SELECT * FROM `movie` WHERE ( movie_id=26 ) LIMIT 1   [ RunTime:0.0006s ]
SQL: SELECT * FROM `movie` WHERE ( movie_id=28 ) LIMIT 1   [ RunTime:0.0004s ]
SQL: SELECT * FROM `movie` WHERE ( movie_id=28 ) LIMIT 1   [ RunTime:0.0004s ]
SQL: SELECT * FROM `movie` WHERE ( movie_id=28 ) LIMIT 1   [ RunTime:0.0004s ]
SQL: SELECT * FROM `movie` WHERE ( movie_id=26 ) LIMIT 1   [ RunTime:0.0005s ]
SQL: SELECT * FROM `movie` WHERE ( movie_id=26 ) LIMIT 1   [ RunTime:0.0005s ]
SQL: SELECT * FROM `movie` WHERE ( movie_id=26 ) LIMIT 1   [ RunTime:0.0005s ]
SQL: SELECT * FROM `movie` WHERE ( movie_id=29 ) LIMIT 1   [ RunTime:0.0005s ]
SQL: SELECT * FROM `movie` WHERE ( movie_id=29 ) LIMIT 1   [ RunTime:0.0006s ]
SQL: SELECT * FROM `movie` WHERE ( movie_id=29 ) LIMIT 1   [ RunTime:0.0007s ]
SQL: SELECT * FROM `movie` WHERE ( movie_id=33 ) LIMIT 1   [ RunTime:0.0204s ]
SQL: SELECT * FROM `movie` WHERE ( movie_id=33 ) LIMIT 1   [ RunTime:0.0004s ]
SQL: SELECT * FROM `movie` WHERE ( movie_id=33 ) LIMIT 1   [ RunTime:0.0003s ]
SQL: SELECT * FROM `movie` WHERE ( movie_id=32 ) LIMIT 1   [ RunTime:0.0082s ]
SQL: SELECT * FROM `movie` WHERE ( movie_id=32 ) LIMIT 1   [ RunTime:0.0005s ]
SQL: SELECT * FROM `movie` WHERE ( movie_id=32 ) LIMIT 1   [ RunTime:0.0006s ]
SQL: SELECT * FROM `movie` WHERE ( movie_id=31 ) LIMIT 1   [ RunTime:0.0004s ]
SQL: SELECT * FROM `movie` WHERE ( movie_id=31 ) LIMIT 1   [ RunTime:0.0003s ]
SQL: SELECT * FROM `movie` WHERE ( movie_id=31 ) LIMIT 1   [ RunTime:0.0004s ]
SQL: SELECT * FROM `movie` WHERE ( movie_id=43 ) LIMIT 1   [ RunTime:0.0004s ]
SQL: SELECT * FROM `movie` WHERE ( movie_id=43 ) LIMIT 1   [ RunTime:0.0005s ]
SQL: SELECT * FROM `movie` WHERE ( movie_id=43 ) LIMIT 1   [ RunTime:0.0004s ]
SQL: SELECT * FROM `movie` WHERE ( movie_id=34 ) LIMIT 1   [ RunTime:0.0004s ]
SQL: SELECT * FROM `movie` WHERE ( movie_id=34 ) LIMIT 1   [ RunTime:0.0004s ]
SQL: SELECT * FROM `movie` WHERE ( movie_id=34 ) LIMIT 1   [ RunTime:0.0004s ]
SQL: SELECT * FROM `movie` WHERE ( movie_id=36 ) LIMIT 1   [ RunTime:0.0004s ]
SQL: SELECT * FROM `movie` WHERE ( movie_id=36 ) LIMIT 1   [ RunTime:0.0008s ]
SQL: SELECT * FROM `movie` WHERE ( movie_id=36 ) LIMIT 1   [ RunTime:0.0009s ]
SQL: SELECT * FROM `movie` WHERE ( movie_id=38 ) LIMIT 1   [ RunTime:0.0005s ]
SQL: SELECT * FROM `movie` WHERE ( movie_id=38 ) LIMIT 1   [ RunTime:0.0004s ]
SQL: SELECT * FROM `movie` WHERE ( movie_id=38 ) LIMIT 1   [ RunTime:0.0005s ]
SQL: SELECT * FROM `movie` WHERE ( movie_id=40 ) LIMIT 1   [ RunTime:0.0004s ]
SQL: SELECT * FROM `movie` WHERE ( movie_id=40 ) LIMIT 1   [ RunTime:0.0004s ]
SQL: SELECT * FROM `movie` WHERE ( movie_id=40 ) LIMIT 1   [ RunTime:0.0005s ]
SQL: SELECT * FROM `movie` WHERE ( movie_id=39 ) LIMIT 1   [ RunTime:0.0005s ]
SQL: SELECT * FROM `movie` WHERE ( movie_id=39 ) LIMIT 1   [ RunTime:0.0004s ]
SQL: SELECT * FROM `movie` WHERE ( movie_id=39 ) LIMIT 1   [ RunTime:0.0004s ]
INFO: Run Behavior\ParseTemplateBehavior [ RunTime:0.232892s ]
INFO: [ view_parse ] --END-- [ RunTime:0.233007s ]
INFO: [ view_filter ] --START--
INFO: Run Behavior\WriteHtmlCacheBehavior [ RunTime:0.030799s ]
INFO: [ view_filter ] --END-- [ RunTime:0.030905s ]
INFO: [ app_end ] --START--
INFO: Run Behavior\ShowPageTraceBehavior [ RunTime:0.010752s ]
INFO: [ app_end ] --END-- [ RunTime:0.010873s ]

