[ 2017-06-27T22:13:04+08:00 ] ::1 /bigticket/
INFO: [ app_init ] --START--
INFO: Run Behavior\BuildLiteBehavior [ RunTime:0.000023s ]
INFO: [ app_init ] --END-- [ RunTime:0.000362s ]
INFO: [ app_begin ] --START--
INFO: Run Behavior\ReadHtmlCacheBehavior [ RunTime:0.000509s ]
INFO: [ app_begin ] --END-- [ RunTime:0.000678s ]
NOTIC: [2048] Declaration of Home\Controller\CommonController::error() should be compatible with that of Think\Controller::error() F:\wamp\wamp\www\bigticket\Application\Home\Controller\CommonController.class.php 第 25 行.
ERR: 1146:Table 'bbt.news' doesn't exist
 [ SQL语句 ] : SHOW COLUMNS FROM `news`
ERR: 1146:Table 'bbt.news' doesn't exist
 [ SQL语句 ] : SHOW COLUMNS FROM `news`

[ 2017-06-27T22:13:04+08:00 ] ::1 /bigticket/
INFO: [ app_init ] --START--
INFO: Run Behavior\BuildLiteBehavior [ RunTime:0.000019s ]
INFO: [ app_init ] --END-- [ RunTime:0.000325s ]
INFO: [ app_begin ] --START--
INFO: Run Behavior\ReadHtmlCacheBehavior [ RunTime:0.000405s ]
INFO: [ app_begin ] --END-- [ RunTime:0.000499s ]
NOTIC: [2048] Declaration of Home\Controller\CommonController::error() should be compatible with that of Think\Controller::error() F:\wamp\wamp\www\bigticket\Application\Home\Controller\CommonController.class.php 第 25 行.
ERR: 1146:Table 'bbt.news' doesn't exist
 [ SQL语句 ] : SHOW COLUMNS FROM `news`
ERR: 1146:Table 'bbt.news' doesn't exist
 [ SQL语句 ] : SHOW COLUMNS FROM `news`

[ 2017-06-27T22:14:38+08:00 ] ::1 /bigticket/
INFO: [ app_init ] --START--
INFO: Run Behavior\BuildLiteBehavior [ RunTime:0.000034s ]
INFO: [ app_init ] --END-- [ RunTime:0.000537s ]
INFO: [ app_begin ] --START--
INFO: Run Behavior\ReadHtmlCacheBehavior [ RunTime:0.000755s ]
INFO: [ app_begin ] --END-- [ RunTime:0.000973s ]
NOTIC: [2048] Declaration of Home\Controller\CommonController::error() should be compatible with that of Think\Controller::error() F:\wamp\wamp\www\bigticket\Application\Home\Controller\CommonController.class.php 第 25 行.
ERR: 1146:Table 'bbt.news' doesn't exist
 [ SQL语句 ] : SHOW COLUMNS FROM `news`
ERR: 1146:Table 'bbt.news' doesn't exist
 [ SQL语句 ] : SHOW COLUMNS FROM `news`

[ 2017-06-27T22:14:38+08:00 ] ::1 /bigticket/
INFO: [ app_init ] --START--
INFO: Run Behavior\BuildLiteBehavior [ RunTime:0.000039s ]
INFO: [ app_init ] --END-- [ RunTime:0.000743s ]
INFO: [ app_begin ] --START--
INFO: Run Behavior\ReadHtmlCacheBehavior [ RunTime:0.000897s ]
INFO: [ app_begin ] --END-- [ RunTime:0.001086s ]
NOTIC: [2048] Declaration of Home\Controller\CommonController::error() should be compatible with that of Think\Controller::error() F:\wamp\wamp\www\bigticket\Application\Home\Controller\CommonController.class.php 第 25 行.
ERR: 1146:Table 'bbt.news' doesn't exist
 [ SQL语句 ] : SHOW COLUMNS FROM `news`
ERR: 1146:Table 'bbt.news' doesn't exist
 [ SQL语句 ] : SHOW COLUMNS FROM `news`

[ 2017-06-27T22:16:04+08:00 ] ::1 /bigticket/
INFO: [ app_init ] --START--
INFO: Run Behavior\BuildLiteBehavior [ RunTime:0.000024s ]
INFO: [ app_init ] --END-- [ RunTime:0.000438s ]
INFO: [ app_begin ] --START--
INFO: Run Behavior\ReadHtmlCacheBehavior [ RunTime:0.001019s ]
INFO: [ app_begin ] --END-- [ RunTime:0.001170s ]
NOTIC: [2048] Declaration of Home\Controller\CommonController::error() should be compatible with that of Think\Controller::error() F:\wamp\wamp\www\bigticket\Application\Home\Controller\CommonController.class.php 第 25 行.
ERR: 1146:Table 'bbt.news' doesn't exist
 [ SQL语句 ] : SHOW COLUMNS FROM `news`
ERR: 1146:Table 'bbt.news' doesn't exist
 [ SQL语句 ] : SHOW COLUMNS FROM `news`

[ 2017-06-27T22:16:04+08:00 ] ::1 /bigticket/
INFO: [ app_init ] --START--
INFO: Run Behavior\BuildLiteBehavior [ RunTime:0.000033s ]
INFO: [ app_init ] --END-- [ RunTime:0.000680s ]
INFO: [ app_begin ] --START--
INFO: Run Behavior\ReadHtmlCacheBehavior [ RunTime:0.000663s ]
INFO: [ app_begin ] --END-- [ RunTime:0.000791s ]
NOTIC: [2048] Declaration of Home\Controller\CommonController::error() should be compatible with that of Think\Controller::error() F:\wamp\wamp\www\bigticket\Application\Home\Controller\CommonController.class.php 第 25 行.
ERR: 1146:Table 'bbt.news' doesn't exist
 [ SQL语句 ] : SHOW COLUMNS FROM `news`
ERR: 1146:Table 'bbt.news' doesn't exist
 [ SQL语句 ] : SHOW COLUMNS FROM `news`

[ 2017-06-27T22:16:52+08:00 ] ::1 /bigticket/
INFO: [ app_init ] --START--
INFO: Run Behavior\BuildLiteBehavior [ RunTime:0.000039s ]
INFO: [ app_init ] --END-- [ RunTime:0.000730s ]
INFO: [ app_begin ] --START--
INFO: Run Behavior\ReadHtmlCacheBehavior [ RunTime:0.000813s ]
INFO: [ app_begin ] --END-- [ RunTime:0.001073s ]
NOTIC: [2048] Declaration of Home\Controller\CommonController::error() should be compatible with that of Think\Controller::error() F:\wamp\wamp\www\bigticket\Application\Home\Controller\CommonController.class.php 第 25 行.
ERR: 1146:Table 'bbt.news' doesn't exist
 [ SQL语句 ] : SHOW COLUMNS FROM `news`
ERR: 1146:Table 'bbt.news' doesn't exist
 [ SQL语句 ] : SHOW COLUMNS FROM `news`

[ 2017-06-27T22:16:52+08:00 ] ::1 /bigticket/
INFO: [ app_init ] --START--
INFO: Run Behavior\BuildLiteBehavior [ RunTime:0.000019s ]
INFO: [ app_init ] --END-- [ RunTime:0.000387s ]
INFO: [ app_begin ] --START--
INFO: Run Behavior\ReadHtmlCacheBehavior [ RunTime:0.000574s ]
INFO: [ app_begin ] --END-- [ RunTime:0.000682s ]
NOTIC: [2048] Declaration of Home\Controller\CommonController::error() should be compatible with that of Think\Controller::error() F:\wamp\wamp\www\bigticket\Application\Home\Controller\CommonController.class.php 第 25 行.
ERR: 1146:Table 'bbt.news' doesn't exist
 [ SQL语句 ] : SHOW COLUMNS FROM `news`
ERR: 1146:Table 'bbt.news' doesn't exist
 [ SQL语句 ] : SHOW COLUMNS FROM `news`

[ 2017-06-27T22:19:34+08:00 ] ::1 /bigticket/
INFO: [ app_init ] --START--
INFO: Run Behavior\BuildLiteBehavior [ RunTime:0.000020s ]
INFO: [ app_init ] --END-- [ RunTime:0.000375s ]
INFO: [ app_begin ] --START--
INFO: Run Behavior\ReadHtmlCacheBehavior [ RunTime:0.000649s ]
INFO: [ app_begin ] --END-- [ RunTime:0.000761s ]
NOTIC: [2048] Declaration of Home\Controller\CommonController::error() should be compatible with that of Think\Controller::error() F:\wamp\wamp\www\bigticket\Application\Home\Controller\CommonController.class.php 第 25 行.
ERR: 1146:Table 'bbt.news' doesn't exist
 [ SQL语句 ] : SHOW COLUMNS FROM `news`
ERR: 1146:Table 'bbt.news' doesn't exist
 [ SQL语句 ] : SHOW COLUMNS FROM `news`

[ 2017-06-27T22:19:34+08:00 ] ::1 /bigticket/
INFO: [ app_init ] --START--
INFO: Run Behavior\BuildLiteBehavior [ RunTime:0.000028s ]
INFO: [ app_init ] --END-- [ RunTime:0.000639s ]
INFO: [ app_begin ] --START--
INFO: Run Behavior\ReadHtmlCacheBehavior [ RunTime:0.000878s ]
INFO: [ app_begin ] --END-- [ RunTime:0.001010s ]
NOTIC: [2048] Declaration of Home\Controller\CommonController::error() should be compatible with that of Think\Controller::error() F:\wamp\wamp\www\bigticket\Application\Home\Controller\CommonController.class.php 第 25 行.
ERR: 1146:Table 'bbt.news' doesn't exist
 [ SQL语句 ] : SHOW COLUMNS FROM `news`
ERR: 1146:Table 'bbt.news' doesn't exist
 [ SQL语句 ] : SHOW COLUMNS FROM `news`

[ 2017-06-27T22:20:10+08:00 ] ::1 /bigticket/
INFO: [ app_init ] --START--
INFO: Run Behavior\BuildLiteBehavior [ RunTime:0.000027s ]
INFO: [ app_init ] --END-- [ RunTime:0.001062s ]
INFO: [ app_begin ] --START--
INFO: Run Behavior\ReadHtmlCacheBehavior [ RunTime:0.000820s ]
INFO: [ app_begin ] --END-- [ RunTime:0.001020s ]
NOTIC: [2048] Declaration of Home\Controller\CommonController::error() should be compatible with that of Think\Controller::error() F:\wamp\wamp\www\bigticket\Application\Home\Controller\CommonController.class.php 第 25 行.
ERR: 1146:Table 'bbt.news' doesn't exist
 [ SQL语句 ] : SHOW COLUMNS FROM `news`
ERR: 1146:Table 'bbt.news' doesn't exist
 [ SQL语句 ] : SHOW COLUMNS FROM `news`

[ 2017-06-27T22:20:10+08:00 ] ::1 /bigticket/
INFO: [ app_init ] --START--
INFO: Run Behavior\BuildLiteBehavior [ RunTime:0.000021s ]
INFO: [ app_init ] --END-- [ RunTime:0.000343s ]
INFO: [ app_begin ] --START--
INFO: Run Behavior\ReadHtmlCacheBehavior [ RunTime:0.000372s ]
INFO: [ app_begin ] --END-- [ RunTime:0.000461s ]
NOTIC: [2048] Declaration of Home\Controller\CommonController::error() should be compatible with that of Think\Controller::error() F:\wamp\wamp\www\bigticket\Application\Home\Controller\CommonController.class.php 第 25 行.
ERR: 1146:Table 'bbt.news' doesn't exist
 [ SQL语句 ] : SHOW COLUMNS FROM `news`
ERR: 1146:Table 'bbt.news' doesn't exist
 [ SQL语句 ] : SHOW COLUMNS FROM `news`

[ 2017-06-27T22:20:16+08:00 ] ::1 /bigticket/
INFO: [ app_init ] --START--
INFO: Run Behavior\BuildLiteBehavior [ RunTime:0.000034s ]
INFO: [ app_init ] --END-- [ RunTime:0.000505s ]
INFO: [ app_begin ] --START--
INFO: Run Behavior\ReadHtmlCacheBehavior [ RunTime:0.000793s ]
INFO: [ app_begin ] --END-- [ RunTime:0.000999s ]
NOTIC: [2048] Declaration of Home\Controller\CommonController::error() should be compatible with that of Think\Controller::error() F:\wamp\wamp\www\bigticket\Application\Home\Controller\CommonController.class.php 第 25 行.
ERR: 1146:Table 'bbt.news' doesn't exist
 [ SQL语句 ] : SHOW COLUMNS FROM `news`
ERR: 1146:Table 'bbt.news' doesn't exist
 [ SQL语句 ] : SHOW COLUMNS FROM `news`

[ 2017-06-27T22:20:16+08:00 ] ::1 /bigticket/
INFO: [ app_init ] --START--
INFO: Run Behavior\BuildLiteBehavior [ RunTime:0.000021s ]
INFO: [ app_init ] --END-- [ RunTime:0.000364s ]
INFO: [ app_begin ] --START--
INFO: Run Behavior\ReadHtmlCacheBehavior [ RunTime:0.000410s ]
INFO: [ app_begin ] --END-- [ RunTime:0.000509s ]
NOTIC: [2048] Declaration of Home\Controller\CommonController::error() should be compatible with that of Think\Controller::error() F:\wamp\wamp\www\bigticket\Application\Home\Controller\CommonController.class.php 第 25 行.
ERR: 1146:Table 'bbt.news' doesn't exist
 [ SQL语句 ] : SHOW COLUMNS FROM `news`
ERR: 1146:Table 'bbt.news' doesn't exist
 [ SQL语句 ] : SHOW COLUMNS FROM `news`

[ 2017-06-27T22:20:31+08:00 ] ::1 /bigticket/
INFO: [ app_init ] --START--
INFO: Run Behavior\BuildLiteBehavior [ RunTime:0.000017s ]
INFO: [ app_init ] --END-- [ RunTime:0.000365s ]
INFO: [ app_begin ] --START--
INFO: Run Behavior\ReadHtmlCacheBehavior [ RunTime:0.000376s ]
INFO: [ app_begin ] --END-- [ RunTime:0.000458s ]
NOTIC: [2048] Declaration of Home\Controller\CommonController::error() should be compatible with that of Think\Controller::error() F:\wamp\wamp\www\bigticket\Application\Home\Controller\CommonController.class.php 第 25 行.
ERR: 1146:Table 'bbt.news' doesn't exist
 [ SQL语句 ] : SHOW COLUMNS FROM `news`
ERR: 1146:Table 'bbt.news' doesn't exist
 [ SQL语句 ] : SHOW COLUMNS FROM `news`

[ 2017-06-27T22:20:31+08:00 ] ::1 /bigticket/
INFO: [ app_init ] --START--
INFO: Run Behavior\BuildLiteBehavior [ RunTime:0.000023s ]
INFO: [ app_init ] --END-- [ RunTime:0.000396s ]
INFO: [ app_begin ] --START--
INFO: Run Behavior\ReadHtmlCacheBehavior [ RunTime:0.000431s ]
INFO: [ app_begin ] --END-- [ RunTime:0.000542s ]
NOTIC: [2048] Declaration of Home\Controller\CommonController::error() should be compatible with that of Think\Controller::error() F:\wamp\wamp\www\bigticket\Application\Home\Controller\CommonController.class.php 第 25 行.
ERR: 1146:Table 'bbt.news' doesn't exist
 [ SQL语句 ] : SHOW COLUMNS FROM `news`
ERR: 1146:Table 'bbt.news' doesn't exist
 [ SQL语句 ] : SHOW COLUMNS FROM `news`

[ 2017-06-27T22:20:36+08:00 ] ::1 /bigticket/
INFO: [ app_init ] --START--
INFO: Run Behavior\BuildLiteBehavior [ RunTime:0.000029s ]
INFO: [ app_init ] --END-- [ RunTime:0.000452s ]
INFO: [ app_begin ] --START--
INFO: Run Behavior\ReadHtmlCacheBehavior [ RunTime:0.000611s ]
INFO: [ app_begin ] --END-- [ RunTime:0.000773s ]
NOTIC: [2048] Declaration of Home\Controller\CommonController::error() should be compatible with that of Think\Controller::error() F:\wamp\wamp\www\bigticket\Application\Home\Controller\CommonController.class.php 第 25 行.
ERR: 1146:Table 'bbt.news' doesn't exist
 [ SQL语句 ] : SHOW COLUMNS FROM `news`
ERR: 1146:Table 'bbt.news' doesn't exist
 [ SQL语句 ] : SHOW COLUMNS FROM `news`

[ 2017-06-27T22:20:36+08:00 ] ::1 /bigticket/
INFO: [ app_init ] --START--
INFO: Run Behavior\BuildLiteBehavior [ RunTime:0.000025s ]
INFO: [ app_init ] --END-- [ RunTime:0.000408s ]
INFO: [ app_begin ] --START--
INFO: Run Behavior\ReadHtmlCacheBehavior [ RunTime:0.000381s ]
INFO: [ app_begin ] --END-- [ RunTime:0.000475s ]
NOTIC: [2048] Declaration of Home\Controller\CommonController::error() should be compatible with that of Think\Controller::error() F:\wamp\wamp\www\bigticket\Application\Home\Controller\CommonController.class.php 第 25 行.
ERR: 1146:Table 'bbt.news' doesn't exist
 [ SQL语句 ] : SHOW COLUMNS FROM `news`
ERR: 1146:Table 'bbt.news' doesn't exist
 [ SQL语句 ] : SHOW COLUMNS FROM `news`

[ 2017-06-27T22:21:00+08:00 ] ::1 /bigticket/
INFO: [ app_init ] --START--
INFO: Run Behavior\BuildLiteBehavior [ RunTime:0.000035s ]
INFO: [ app_init ] --END-- [ RunTime:0.000583s ]
INFO: [ app_begin ] --START--
INFO: Run Behavior\ReadHtmlCacheBehavior [ RunTime:0.000661s ]
INFO: [ app_begin ] --END-- [ RunTime:0.000841s ]
NOTIC: [2048] Declaration of Home\Controller\CommonController::error() should be compatible with that of Think\Controller::error() F:\wamp\wamp\www\bigticket\Application\Home\Controller\CommonController.class.php 第 25 行.
ERR: 1146:Table 'bbt.news' doesn't exist
 [ SQL语句 ] : SHOW COLUMNS FROM `news`
ERR: 1146:Table 'bbt.news' doesn't exist
 [ SQL语句 ] : SHOW COLUMNS FROM `news`

[ 2017-06-27T22:21:00+08:00 ] ::1 /bigticket/
INFO: [ app_init ] --START--
INFO: Run Behavior\BuildLiteBehavior [ RunTime:0.000022s ]
INFO: [ app_init ] --END-- [ RunTime:0.000367s ]
INFO: [ app_begin ] --START--
INFO: Run Behavior\ReadHtmlCacheBehavior [ RunTime:0.000378s ]
INFO: [ app_begin ] --END-- [ RunTime:0.000468s ]
NOTIC: [2048] Declaration of Home\Controller\CommonController::error() should be compatible with that of Think\Controller::error() F:\wamp\wamp\www\bigticket\Application\Home\Controller\CommonController.class.php 第 25 行.
ERR: 1146:Table 'bbt.news' doesn't exist
 [ SQL语句 ] : SHOW COLUMNS FROM `news`
ERR: 1146:Table 'bbt.news' doesn't exist
 [ SQL语句 ] : SHOW COLUMNS FROM `news`

[ 2017-06-27T22:22:42+08:00 ] ::1 /bigticket/
INFO: [ app_init ] --START--
INFO: Run Behavior\BuildLiteBehavior [ RunTime:0.000035s ]
INFO: [ app_init ] --END-- [ RunTime:0.000678s ]
INFO: [ app_begin ] --START--
INFO: Run Behavior\ReadHtmlCacheBehavior [ RunTime:0.001871s ]
INFO: [ app_begin ] --END-- [ RunTime:0.002085s ]
NOTIC: [2048] Declaration of Home\Controller\CommonController::error() should be compatible with that of Think\Controller::error() F:\wamp\wamp\www\bigticket\Application\Home\Controller\CommonController.class.php 第 25 行.
ERR: 1146:Table 'bbt.news' doesn't exist
 [ SQL语句 ] : SHOW COLUMNS FROM `news`
ERR: 1146:Table 'bbt.news' doesn't exist
 [ SQL语句 ] : SHOW COLUMNS FROM `news`

[ 2017-06-27T22:22:42+08:00 ] ::1 /bigticket/
INFO: [ app_init ] --START--
INFO: Run Behavior\BuildLiteBehavior [ RunTime:0.000032s ]
INFO: [ app_init ] --END-- [ RunTime:0.000514s ]
INFO: [ app_begin ] --START--
INFO: Run Behavior\ReadHtmlCacheBehavior [ RunTime:0.000644s ]
INFO: [ app_begin ] --END-- [ RunTime:0.000743s ]
NOTIC: [2048] Declaration of Home\Controller\CommonController::error() should be compatible with that of Think\Controller::error() F:\wamp\wamp\www\bigticket\Application\Home\Controller\CommonController.class.php 第 25 行.
ERR: 1146:Table 'bbt.news' doesn't exist
 [ SQL语句 ] : SHOW COLUMNS FROM `news`
ERR: 1146:Table 'bbt.news' doesn't exist
 [ SQL语句 ] : SHOW COLUMNS FROM `news`

[ 2017-06-27T22:23:21+08:00 ] ::1 /bigticket/
INFO: [ app_init ] --START--
INFO: Run Behavior\BuildLiteBehavior [ RunTime:0.000024s ]
INFO: [ app_init ] --END-- [ RunTime:0.000461s ]
INFO: [ app_begin ] --START--
INFO: Run Behavior\ReadHtmlCacheBehavior [ RunTime:0.000985s ]
INFO: [ app_begin ] --END-- [ RunTime:0.001131s ]
NOTIC: [2048] Declaration of Home\Controller\CommonController::error() should be compatible with that of Think\Controller::error() F:\wamp\wamp\www\bigticket\Application\Home\Controller\CommonController.class.php 第 25 行.
ERR: 1146:Table 'bbt.news' doesn't exist
 [ SQL语句 ] : SHOW COLUMNS FROM `news`
ERR: 1146:Table 'bbt.news' doesn't exist
 [ SQL语句 ] : SHOW COLUMNS FROM `news`

[ 2017-06-27T22:23:21+08:00 ] ::1 /bigticket/
INFO: [ app_init ] --START--
INFO: Run Behavior\BuildLiteBehavior [ RunTime:0.000020s ]
INFO: [ app_init ] --END-- [ RunTime:0.000402s ]
INFO: [ app_begin ] --START--
INFO: Run Behavior\ReadHtmlCacheBehavior [ RunTime:0.000599s ]
INFO: [ app_begin ] --END-- [ RunTime:0.000687s ]
NOTIC: [2048] Declaration of Home\Controller\CommonController::error() should be compatible with that of Think\Controller::error() F:\wamp\wamp\www\bigticket\Application\Home\Controller\CommonController.class.php 第 25 行.
ERR: 1146:Table 'bbt.news' doesn't exist
 [ SQL语句 ] : SHOW COLUMNS FROM `news`
ERR: 1146:Table 'bbt.news' doesn't exist
 [ SQL语句 ] : SHOW COLUMNS FROM `news`

[ 2017-06-27T22:23:23+08:00 ] ::1 /bigticket/
INFO: [ app_init ] --START--
INFO: Run Behavior\BuildLiteBehavior [ RunTime:0.000026s ]
INFO: [ app_init ] --END-- [ RunTime:0.000530s ]
INFO: [ app_begin ] --START--
INFO: Run Behavior\ReadHtmlCacheBehavior [ RunTime:0.001066s ]
INFO: [ app_begin ] --END-- [ RunTime:0.001247s ]
NOTIC: [2048] Declaration of Home\Controller\CommonController::error() should be compatible with that of Think\Controller::error() F:\wamp\wamp\www\bigticket\Application\Home\Controller\CommonController.class.php 第 25 行.
ERR: 1146:Table 'bbt.news' doesn't exist
 [ SQL语句 ] : SHOW COLUMNS FROM `news`
ERR: 1146:Table 'bbt.news' doesn't exist
 [ SQL语句 ] : SHOW COLUMNS FROM `news`

[ 2017-06-27T22:23:23+08:00 ] ::1 /bigticket/
INFO: [ app_init ] --START--
INFO: Run Behavior\BuildLiteBehavior [ RunTime:0.000019s ]
INFO: [ app_init ] --END-- [ RunTime:0.000405s ]
INFO: [ app_begin ] --START--
INFO: Run Behavior\ReadHtmlCacheBehavior [ RunTime:0.000623s ]
INFO: [ app_begin ] --END-- [ RunTime:0.000754s ]
NOTIC: [2048] Declaration of Home\Controller\CommonController::error() should be compatible with that of Think\Controller::error() F:\wamp\wamp\www\bigticket\Application\Home\Controller\CommonController.class.php 第 25 行.
ERR: 1146:Table 'bbt.news' doesn't exist
 [ SQL语句 ] : SHOW COLUMNS FROM `news`
ERR: 1146:Table 'bbt.news' doesn't exist
 [ SQL语句 ] : SHOW COLUMNS FROM `news`

[ 2017-06-27T22:23:28+08:00 ] ::1 /bigticket/
INFO: [ app_init ] --START--
INFO: Run Behavior\BuildLiteBehavior [ RunTime:0.000034s ]
INFO: [ app_init ] --END-- [ RunTime:0.000599s ]
INFO: [ app_begin ] --START--
INFO: Run Behavior\ReadHtmlCacheBehavior [ RunTime:0.000594s ]
INFO: [ app_begin ] --END-- [ RunTime:0.000680s ]
NOTIC: [2048] Declaration of Home\Controller\CommonController::error() should be compatible with that of Think\Controller::error() F:\wamp\wamp\www\bigticket\Application\Home\Controller\CommonController.class.php 第 25 行.
ERR: 1146:Table 'bbt.news' doesn't exist
 [ SQL语句 ] : SHOW COLUMNS FROM `news`
ERR: 1146:Table 'bbt.news' doesn't exist
 [ SQL语句 ] : SHOW COLUMNS FROM `news`

[ 2017-06-27T22:23:28+08:00 ] ::1 /bigticket/
INFO: [ app_init ] --START--
INFO: Run Behavior\BuildLiteBehavior [ RunTime:0.000020s ]
INFO: [ app_init ] --END-- [ RunTime:0.000395s ]
INFO: [ app_begin ] --START--
INFO: Run Behavior\ReadHtmlCacheBehavior [ RunTime:0.000615s ]
INFO: [ app_begin ] --END-- [ RunTime:0.000706s ]
NOTIC: [2048] Declaration of Home\Controller\CommonController::error() should be compatible with that of Think\Controller::error() F:\wamp\wamp\www\bigticket\Application\Home\Controller\CommonController.class.php 第 25 行.
ERR: 1146:Table 'bbt.news' doesn't exist
 [ SQL语句 ] : SHOW COLUMNS FROM `news`
ERR: 1146:Table 'bbt.news' doesn't exist
 [ SQL语句 ] : SHOW COLUMNS FROM `news`

[ 2017-06-27T22:24:02+08:00 ] ::1 /bigticket/
INFO: [ app_init ] --START--
INFO: Run Behavior\BuildLiteBehavior [ RunTime:0.000023s ]
INFO: [ app_init ] --END-- [ RunTime:0.000458s ]
INFO: [ app_begin ] --START--
INFO: Run Behavior\ReadHtmlCacheBehavior [ RunTime:0.000974s ]
INFO: [ app_begin ] --END-- [ RunTime:0.001141s ]
NOTIC: [2048] Declaration of Home\Controller\CommonController::error() should be compatible with that of Think\Controller::error() F:\wamp\wamp\www\bigticket\Application\Home\Controller\CommonController.class.php 第 25 行.
ERR: 1146:Table 'bbt.news' doesn't exist
 [ SQL语句 ] : SHOW COLUMNS FROM `news`
ERR: 1146:Table 'bbt.news' doesn't exist
 [ SQL语句 ] : SHOW COLUMNS FROM `news`

[ 2017-06-27T22:24:02+08:00 ] ::1 /bigticket/
INFO: [ app_init ] --START--
INFO: Run Behavior\BuildLiteBehavior [ RunTime:0.000020s ]
INFO: [ app_init ] --END-- [ RunTime:0.000383s ]
INFO: [ app_begin ] --START--
INFO: Run Behavior\ReadHtmlCacheBehavior [ RunTime:0.000558s ]
INFO: [ app_begin ] --END-- [ RunTime:0.000640s ]
NOTIC: [2048] Declaration of Home\Controller\CommonController::error() should be compatible with that of Think\Controller::error() F:\wamp\wamp\www\bigticket\Application\Home\Controller\CommonController.class.php 第 25 行.
ERR: 1146:Table 'bbt.news' doesn't exist
 [ SQL语句 ] : SHOW COLUMNS FROM `news`
ERR: 1146:Table 'bbt.news' doesn't exist
 [ SQL语句 ] : SHOW COLUMNS FROM `news`

[ 2017-06-27T22:24:06+08:00 ] ::1 /bigticket/
INFO: [ app_init ] --START--
INFO: Run Behavior\BuildLiteBehavior [ RunTime:0.000026s ]
INFO: [ app_init ] --END-- [ RunTime:0.000468s ]
INFO: [ app_begin ] --START--
INFO: Run Behavior\ReadHtmlCacheBehavior [ RunTime:0.000776s ]
INFO: [ app_begin ] --END-- [ RunTime:0.000974s ]
NOTIC: [2048] Declaration of Home\Controller\CommonController::error() should be compatible with that of Think\Controller::error() F:\wamp\wamp\www\bigticket\Application\Home\Controller\CommonController.class.php 第 25 行.
ERR: 1146:Table 'bbt.news' doesn't exist
 [ SQL语句 ] : SHOW COLUMNS FROM `news`
ERR: 1146:Table 'bbt.news' doesn't exist
 [ SQL语句 ] : SHOW COLUMNS FROM `news`

[ 2017-06-27T22:24:06+08:00 ] ::1 /bigticket/
INFO: [ app_init ] --START--
INFO: Run Behavior\BuildLiteBehavior [ RunTime:0.000021s ]
INFO: [ app_init ] --END-- [ RunTime:0.000363s ]
INFO: [ app_begin ] --START--
INFO: Run Behavior\ReadHtmlCacheBehavior [ RunTime:0.000610s ]
INFO: [ app_begin ] --END-- [ RunTime:0.000703s ]
NOTIC: [2048] Declaration of Home\Controller\CommonController::error() should be compatible with that of Think\Controller::error() F:\wamp\wamp\www\bigticket\Application\Home\Controller\CommonController.class.php 第 25 行.
ERR: 1146:Table 'bbt.news' doesn't exist
 [ SQL语句 ] : SHOW COLUMNS FROM `news`
ERR: 1146:Table 'bbt.news' doesn't exist
 [ SQL语句 ] : SHOW COLUMNS FROM `news`

[ 2017-06-27T22:24:31+08:00 ] ::1 /bigticket/
INFO: [ app_init ] --START--
INFO: Run Behavior\BuildLiteBehavior [ RunTime:0.000022s ]
INFO: [ app_init ] --END-- [ RunTime:0.000433s ]
INFO: [ app_begin ] --START--
INFO: Run Behavior\ReadHtmlCacheBehavior [ RunTime:0.000615s ]
INFO: [ app_begin ] --END-- [ RunTime:0.000705s ]
NOTIC: [2048] Declaration of Home\Controller\CommonController::error() should be compatible with that of Think\Controller::error() F:\wamp\wamp\www\bigticket\Application\Home\Controller\CommonController.class.php 第 25 行.
ERR: 1146:Table 'bbt.news' doesn't exist
 [ SQL语句 ] : SHOW COLUMNS FROM `news`
ERR: 1146:Table 'bbt.news' doesn't exist
 [ SQL语句 ] : SHOW COLUMNS FROM `news`

[ 2017-06-27T22:24:31+08:00 ] ::1 /bigticket/
INFO: [ app_init ] --START--
INFO: Run Behavior\BuildLiteBehavior [ RunTime:0.000020s ]
INFO: [ app_init ] --END-- [ RunTime:0.000428s ]
INFO: [ app_begin ] --START--
INFO: Run Behavior\ReadHtmlCacheBehavior [ RunTime:0.000633s ]
INFO: [ app_begin ] --END-- [ RunTime:0.000721s ]
NOTIC: [2048] Declaration of Home\Controller\CommonController::error() should be compatible with that of Think\Controller::error() F:\wamp\wamp\www\bigticket\Application\Home\Controller\CommonController.class.php 第 25 行.
ERR: 1146:Table 'bbt.news' doesn't exist
 [ SQL语句 ] : SHOW COLUMNS FROM `news`
ERR: 1146:Table 'bbt.news' doesn't exist
 [ SQL语句 ] : SHOW COLUMNS FROM `news`

[ 2017-06-27T22:25:19+08:00 ] ::1 /bigticket/
INFO: [ app_init ] --START--
INFO: Run Behavior\BuildLiteBehavior [ RunTime:0.000027s ]
INFO: [ app_init ] --END-- [ RunTime:0.000533s ]
INFO: [ app_begin ] --START--
INFO: Run Behavior\ReadHtmlCacheBehavior [ RunTime:0.000658s ]
INFO: [ app_begin ] --END-- [ RunTime:0.000762s ]
NOTIC: [2048] Declaration of Home\Controller\CommonController::error() should be compatible with that of Think\Controller::error() F:\wamp\wamp\www\bigticket\Application\Home\Controller\CommonController.class.php 第 25 行.
ERR: 1146:Table 'bbt.news' doesn't exist
 [ SQL语句 ] : SHOW COLUMNS FROM `news`
ERR: 1146:Table 'bbt.news' doesn't exist
 [ SQL语句 ] : SHOW COLUMNS FROM `news`

[ 2017-06-27T22:25:19+08:00 ] ::1 /bigticket/
INFO: [ app_init ] --START--
INFO: Run Behavior\BuildLiteBehavior [ RunTime:0.000021s ]
INFO: [ app_init ] --END-- [ RunTime:0.000420s ]
INFO: [ app_begin ] --START--
INFO: Run Behavior\ReadHtmlCacheBehavior [ RunTime:0.000608s ]
INFO: [ app_begin ] --END-- [ RunTime:0.000700s ]
NOTIC: [2048] Declaration of Home\Controller\CommonController::error() should be compatible with that of Think\Controller::error() F:\wamp\wamp\www\bigticket\Application\Home\Controller\CommonController.class.php 第 25 行.
ERR: 1146:Table 'bbt.news' doesn't exist
 [ SQL语句 ] : SHOW COLUMNS FROM `news`
ERR: 1146:Table 'bbt.news' doesn't exist
 [ SQL语句 ] : SHOW COLUMNS FROM `news`

[ 2017-06-27T22:25:34+08:00 ] ::1 /bigticket/
INFO: [ app_init ] --START--
INFO: Run Behavior\BuildLiteBehavior [ RunTime:0.000024s ]
INFO: [ app_init ] --END-- [ RunTime:0.000481s ]
INFO: [ app_begin ] --START--
INFO: Run Behavior\ReadHtmlCacheBehavior [ RunTime:0.001107s ]
INFO: [ app_begin ] --END-- [ RunTime:0.001281s ]
NOTIC: [2048] Declaration of Home\Controller\CommonController::error() should be compatible with that of Think\Controller::error() F:\wamp\wamp\www\bigticket\Application\Home\Controller\CommonController.class.php 第 25 行.
ERR: 1146:Table 'bbt.news' doesn't exist
 [ SQL语句 ] : SHOW COLUMNS FROM `news`
ERR: 1146:Table 'bbt.news' doesn't exist
 [ SQL语句 ] : SHOW COLUMNS FROM `news`

[ 2017-06-27T22:25:34+08:00 ] ::1 /bigticket/
INFO: [ app_init ] --START--
INFO: Run Behavior\BuildLiteBehavior [ RunTime:0.000023s ]
INFO: [ app_init ] --END-- [ RunTime:0.000454s ]
INFO: [ app_begin ] --START--
INFO: Run Behavior\ReadHtmlCacheBehavior [ RunTime:0.000625s ]
INFO: [ app_begin ] --END-- [ RunTime:0.000718s ]
NOTIC: [2048] Declaration of Home\Controller\CommonController::error() should be compatible with that of Think\Controller::error() F:\wamp\wamp\www\bigticket\Application\Home\Controller\CommonController.class.php 第 25 行.
ERR: 1146:Table 'bbt.news' doesn't exist
 [ SQL语句 ] : SHOW COLUMNS FROM `news`
ERR: 1146:Table 'bbt.news' doesn't exist
 [ SQL语句 ] : SHOW COLUMNS FROM `news`

[ 2017-06-27T22:25:52+08:00 ] ::1 /bigticket/
INFO: [ app_init ] --START--
INFO: Run Behavior\BuildLiteBehavior [ RunTime:0.000025s ]
INFO: [ app_init ] --END-- [ RunTime:0.000508s ]
INFO: [ app_begin ] --START--
INFO: Run Behavior\ReadHtmlCacheBehavior [ RunTime:0.000713s ]
INFO: [ app_begin ] --END-- [ RunTime:0.000833s ]
NOTIC: [2048] Declaration of Home\Controller\CommonController::error() should be compatible with that of Think\Controller::error() F:\wamp\wamp\www\bigticket\Application\Home\Controller\CommonController.class.php 第 25 行.
ERR: 1146:Table 'bbt.news' doesn't exist
 [ SQL语句 ] : SHOW COLUMNS FROM `news`
ERR: 1146:Table 'bbt.news' doesn't exist
 [ SQL语句 ] : SHOW COLUMNS FROM `news`

[ 2017-06-27T22:25:52+08:00 ] ::1 /bigticket/
INFO: [ app_init ] --START--
INFO: Run Behavior\BuildLiteBehavior [ RunTime:0.000021s ]
INFO: [ app_init ] --END-- [ RunTime:0.000432s ]
INFO: [ app_begin ] --START--
INFO: Run Behavior\ReadHtmlCacheBehavior [ RunTime:0.000623s ]
INFO: [ app_begin ] --END-- [ RunTime:0.000721s ]
NOTIC: [2048] Declaration of Home\Controller\CommonController::error() should be compatible with that of Think\Controller::error() F:\wamp\wamp\www\bigticket\Application\Home\Controller\CommonController.class.php 第 25 行.
ERR: 1146:Table 'bbt.news' doesn't exist
 [ SQL语句 ] : SHOW COLUMNS FROM `news`
ERR: 1146:Table 'bbt.news' doesn't exist
 [ SQL语句 ] : SHOW COLUMNS FROM `news`

[ 2017-06-27T22:26:15+08:00 ] ::1 /bigticket/
INFO: [ app_init ] --START--
INFO: Run Behavior\BuildLiteBehavior [ RunTime:0.000041s ]
INFO: [ app_init ] --END-- [ RunTime:0.000624s ]
INFO: [ app_begin ] --START--
INFO: Run Behavior\ReadHtmlCacheBehavior [ RunTime:0.000810s ]
INFO: [ app_begin ] --END-- [ RunTime:0.000944s ]
NOTIC: [2048] Declaration of Home\Controller\CommonController::error() should be compatible with that of Think\Controller::error() F:\wamp\wamp\www\bigticket\Application\Home\Controller\CommonController.class.php 第 25 行.
ERR: 1146:Table 'bbt.news' doesn't exist
 [ SQL语句 ] : SHOW COLUMNS FROM `news`
ERR: 1146:Table 'bbt.news' doesn't exist
 [ SQL语句 ] : SHOW COLUMNS FROM `news`

[ 2017-06-27T22:26:15+08:00 ] ::1 /bigticket/
INFO: [ app_init ] --START--
INFO: Run Behavior\BuildLiteBehavior [ RunTime:0.000023s ]
INFO: [ app_init ] --END-- [ RunTime:0.000459s ]
INFO: [ app_begin ] --START--
INFO: Run Behavior\ReadHtmlCacheBehavior [ RunTime:0.000644s ]
INFO: [ app_begin ] --END-- [ RunTime:0.000735s ]
NOTIC: [2048] Declaration of Home\Controller\CommonController::error() should be compatible with that of Think\Controller::error() F:\wamp\wamp\www\bigticket\Application\Home\Controller\CommonController.class.php 第 25 行.
ERR: 1146:Table 'bbt.news' doesn't exist
 [ SQL语句 ] : SHOW COLUMNS FROM `news`
ERR: 1146:Table 'bbt.news' doesn't exist
 [ SQL语句 ] : SHOW COLUMNS FROM `news`

[ 2017-06-27T22:26:51+08:00 ] ::1 /bigticket/
INFO: [ app_init ] --START--
INFO: Run Behavior\BuildLiteBehavior [ RunTime:0.000036s ]
INFO: [ app_init ] --END-- [ RunTime:0.000617s ]
INFO: [ app_begin ] --START--
INFO: Run Behavior\ReadHtmlCacheBehavior [ RunTime:0.000633s ]
INFO: [ app_begin ] --END-- [ RunTime:0.000734s ]
NOTIC: [2048] Declaration of Home\Controller\CommonController::error() should be compatible with that of Think\Controller::error() F:\wamp\wamp\www\bigticket\Application\Home\Controller\CommonController.class.php 第 25 行.
ERR: 1146:Table 'bbt.news' doesn't exist
 [ SQL语句 ] : SHOW COLUMNS FROM `news`
ERR: 1146:Table 'bbt.news' doesn't exist
 [ SQL语句 ] : SHOW COLUMNS FROM `news`

[ 2017-06-27T22:26:51+08:00 ] ::1 /bigticket/
INFO: [ app_init ] --START--
INFO: Run Behavior\BuildLiteBehavior [ RunTime:0.000027s ]
INFO: [ app_init ] --END-- [ RunTime:0.000509s ]
INFO: [ app_begin ] --START--
INFO: Run Behavior\ReadHtmlCacheBehavior [ RunTime:0.000616s ]
INFO: [ app_begin ] --END-- [ RunTime:0.000708s ]
NOTIC: [2048] Declaration of Home\Controller\CommonController::error() should be compatible with that of Think\Controller::error() F:\wamp\wamp\www\bigticket\Application\Home\Controller\CommonController.class.php 第 25 行.
ERR: 1146:Table 'bbt.news' doesn't exist
 [ SQL语句 ] : SHOW COLUMNS FROM `news`
ERR: 1146:Table 'bbt.news' doesn't exist
 [ SQL语句 ] : SHOW COLUMNS FROM `news`

[ 2017-06-27T22:30:01+08:00 ] ::1 /bigticket/
INFO: [ app_init ] --START--
INFO: Run Behavior\BuildLiteBehavior [ RunTime:0.000022s ]
INFO: [ app_init ] --END-- [ RunTime:0.000426s ]
INFO: [ app_begin ] --START--
INFO: Run Behavior\ReadHtmlCacheBehavior [ RunTime:0.000907s ]
INFO: [ app_begin ] --END-- [ RunTime:0.001085s ]
NOTIC: [2048] Declaration of Home\Controller\CommonController::error() should be compatible with that of Think\Controller::error() F:\wamp\wamp\www\bigticket\Application\Home\Controller\CommonController.class.php 第 25 行.
ERR: 1146:Table 'bbt.news' doesn't exist
 [ SQL语句 ] : SHOW COLUMNS FROM `news`
ERR: 1146:Table 'bbt.news' doesn't exist
 [ SQL语句 ] : SHOW COLUMNS FROM `news`

[ 2017-06-27T22:30:01+08:00 ] ::1 /bigticket/
INFO: [ app_init ] --START--
INFO: Run Behavior\BuildLiteBehavior [ RunTime:0.000024s ]
INFO: [ app_init ] --END-- [ RunTime:0.000427s ]
INFO: [ app_begin ] --START--
INFO: Run Behavior\ReadHtmlCacheBehavior [ RunTime:0.000703s ]
INFO: [ app_begin ] --END-- [ RunTime:0.000865s ]
NOTIC: [2048] Declaration of Home\Controller\CommonController::error() should be compatible with that of Think\Controller::error() F:\wamp\wamp\www\bigticket\Application\Home\Controller\CommonController.class.php 第 25 行.
ERR: 1146:Table 'bbt.news' doesn't exist
 [ SQL语句 ] : SHOW COLUMNS FROM `news`
ERR: 1146:Table 'bbt.news' doesn't exist
 [ SQL语句 ] : SHOW COLUMNS FROM `news`

[ 2017-06-27T22:32:19+08:00 ] ::1 /bigticket/
INFO: [ app_init ] --START--
INFO: Run Behavior\BuildLiteBehavior [ RunTime:0.000023s ]
INFO: [ app_init ] --END-- [ RunTime:0.000538s ]
INFO: [ app_begin ] --START--
INFO: Run Behavior\ReadHtmlCacheBehavior [ RunTime:0.001026s ]
INFO: [ app_begin ] --END-- [ RunTime:0.001227s ]
NOTIC: [2048] Declaration of Home\Controller\CommonController::error() should be compatible with that of Think\Controller::error() F:\wamp\wamp\www\bigticket\Application\Home\Controller\CommonController.class.php 第 25 行.
ERR: 1146:Table 'bbt.news' doesn't exist
 [ SQL语句 ] : SHOW COLUMNS FROM `news`
ERR: 1146:Table 'bbt.news' doesn't exist
 [ SQL语句 ] : SHOW COLUMNS FROM `news`

[ 2017-06-27T22:32:19+08:00 ] ::1 /bigticket/
INFO: [ app_init ] --START--
INFO: Run Behavior\BuildLiteBehavior [ RunTime:0.000021s ]
INFO: [ app_init ] --END-- [ RunTime:0.000378s ]
INFO: [ app_begin ] --START--
INFO: Run Behavior\ReadHtmlCacheBehavior [ RunTime:0.000528s ]
INFO: [ app_begin ] --END-- [ RunTime:0.000618s ]
NOTIC: [2048] Declaration of Home\Controller\CommonController::error() should be compatible with that of Think\Controller::error() F:\wamp\wamp\www\bigticket\Application\Home\Controller\CommonController.class.php 第 25 行.
ERR: 1146:Table 'bbt.news' doesn't exist
 [ SQL语句 ] : SHOW COLUMNS FROM `news`
ERR: 1146:Table 'bbt.news' doesn't exist
 [ SQL语句 ] : SHOW COLUMNS FROM `news`

[ 2017-06-27T22:33:40+08:00 ] ::1 /bigticket/
INFO: [ app_init ] --START--
INFO: Run Behavior\BuildLiteBehavior [ RunTime:0.000044s ]
INFO: [ app_init ] --END-- [ RunTime:0.000649s ]
INFO: [ app_begin ] --START--
INFO: Run Behavior\ReadHtmlCacheBehavior [ RunTime:0.001056s ]
INFO: [ app_begin ] --END-- [ RunTime:0.001252s ]
NOTIC: [2048] Declaration of Home\Controller\CommonController::error() should be compatible with that of Think\Controller::error() F:\wamp\wamp\www\bigticket\Application\Home\Controller\CommonController.class.php 第 25 行.
ERR: 1146:Table 'bbt.news' doesn't exist
 [ SQL语句 ] : SHOW COLUMNS FROM `news`
ERR: 1146:Table 'bbt.news' doesn't exist
 [ SQL语句 ] : SHOW COLUMNS FROM `news`

[ 2017-06-27T22:33:40+08:00 ] ::1 /bigticket/
INFO: [ app_init ] --START--
INFO: Run Behavior\BuildLiteBehavior [ RunTime:0.000020s ]
INFO: [ app_init ] --END-- [ RunTime:0.000380s ]
INFO: [ app_begin ] --START--
INFO: Run Behavior\ReadHtmlCacheBehavior [ RunTime:0.000523s ]
INFO: [ app_begin ] --END-- [ RunTime:0.000610s ]
NOTIC: [2048] Declaration of Home\Controller\CommonController::error() should be compatible with that of Think\Controller::error() F:\wamp\wamp\www\bigticket\Application\Home\Controller\CommonController.class.php 第 25 行.
ERR: 1146:Table 'bbt.news' doesn't exist
 [ SQL语句 ] : SHOW COLUMNS FROM `news`
ERR: 1146:Table 'bbt.news' doesn't exist
 [ SQL语句 ] : SHOW COLUMNS FROM `news`

[ 2017-06-27T22:33:57+08:00 ] ::1 /bigticket/
INFO: [ app_init ] --START--
INFO: Run Behavior\BuildLiteBehavior [ RunTime:0.000027s ]
INFO: [ app_init ] --END-- [ RunTime:0.000533s ]
INFO: [ app_begin ] --START--
INFO: Run Behavior\ReadHtmlCacheBehavior [ RunTime:0.000607s ]
INFO: [ app_begin ] --END-- [ RunTime:0.000719s ]
NOTIC: [2048] Declaration of Home\Controller\CommonController::error() should be compatible with that of Think\Controller::error() F:\wamp\wamp\www\bigticket\Application\Home\Controller\CommonController.class.php 第 25 行.
ERR: 1146:Table 'bbt.news' doesn't exist
 [ SQL语句 ] : SHOW COLUMNS FROM `news`
ERR: 1146:Table 'bbt.news' doesn't exist
 [ SQL语句 ] : SHOW COLUMNS FROM `news`

[ 2017-06-27T22:33:57+08:00 ] ::1 /bigticket/
INFO: [ app_init ] --START--
INFO: Run Behavior\BuildLiteBehavior [ RunTime:0.000022s ]
INFO: [ app_init ] --END-- [ RunTime:0.000414s ]
INFO: [ app_begin ] --START--
INFO: Run Behavior\ReadHtmlCacheBehavior [ RunTime:0.000550s ]
INFO: [ app_begin ] --END-- [ RunTime:0.000643s ]
NOTIC: [2048] Declaration of Home\Controller\CommonController::error() should be compatible with that of Think\Controller::error() F:\wamp\wamp\www\bigticket\Application\Home\Controller\CommonController.class.php 第 25 行.
ERR: 1146:Table 'bbt.news' doesn't exist
 [ SQL语句 ] : SHOW COLUMNS FROM `news`
ERR: 1146:Table 'bbt.news' doesn't exist
 [ SQL语句 ] : SHOW COLUMNS FROM `news`

[ 2017-06-27T22:36:52+08:00 ] ::1 /bigticket/
INFO: [ app_init ] --START--
INFO: Run Behavior\BuildLiteBehavior [ RunTime:0.000024s ]
INFO: [ app_init ] --END-- [ RunTime:0.000581s ]
INFO: [ app_begin ] --START--
INFO: Run Behavior\ReadHtmlCacheBehavior [ RunTime:0.000583s ]
INFO: [ app_begin ] --END-- [ RunTime:0.000707s ]
NOTIC: [2048] Declaration of Home\Controller\CommonController::error() should be compatible with that of Think\Controller::error() F:\wamp\wamp\www\bigticket\Application\Home\Controller\CommonController.class.php 第 25 行.
ERR: 1146:Table 'bbt.news' doesn't exist
 [ SQL语句 ] : SHOW COLUMNS FROM `news`
ERR: 1146:Table 'bbt.news' doesn't exist
 [ SQL语句 ] : SHOW COLUMNS FROM `news`

[ 2017-06-27T22:36:52+08:00 ] ::1 /bigticket/
INFO: [ app_init ] --START--
INFO: Run Behavior\BuildLiteBehavior [ RunTime:0.000020s ]
INFO: [ app_init ] --END-- [ RunTime:0.000384s ]
INFO: [ app_begin ] --START--
INFO: Run Behavior\ReadHtmlCacheBehavior [ RunTime:0.000541s ]
INFO: [ app_begin ] --END-- [ RunTime:0.000636s ]
NOTIC: [2048] Declaration of Home\Controller\CommonController::error() should be compatible with that of Think\Controller::error() F:\wamp\wamp\www\bigticket\Application\Home\Controller\CommonController.class.php 第 25 行.
ERR: 1146:Table 'bbt.news' doesn't exist
 [ SQL语句 ] : SHOW COLUMNS FROM `news`
ERR: 1146:Table 'bbt.news' doesn't exist
 [ SQL语句 ] : SHOW COLUMNS FROM `news`

[ 2017-06-27T22:40:26+08:00 ] ::1 /bigticket/
INFO: [ app_init ] --START--
INFO: Run Behavior\BuildLiteBehavior [ RunTime:0.000039s ]
INFO: [ app_init ] --END-- [ RunTime:0.000544s ]
INFO: [ app_begin ] --START--
INFO: Run Behavior\ReadHtmlCacheBehavior [ RunTime:0.000863s ]
INFO: [ app_begin ] --END-- [ RunTime:0.001013s ]
NOTIC: [2048] Declaration of Home\Controller\CommonController::error() should be compatible with that of Think\Controller::error() F:\wamp\wamp\www\bigticket\Application\Home\Controller\CommonController.class.php 第 25 行.
ERR: 1146:Table 'bbt.news' doesn't exist
 [ SQL语句 ] : SHOW COLUMNS FROM `news`
ERR: 1146:Table 'bbt.news' doesn't exist
 [ SQL语句 ] : SHOW COLUMNS FROM `news`

[ 2017-06-27T22:40:26+08:00 ] ::1 /bigticket/
INFO: [ app_init ] --START--
INFO: Run Behavior\BuildLiteBehavior [ RunTime:0.000036s ]
INFO: [ app_init ] --END-- [ RunTime:0.000507s ]
INFO: [ app_begin ] --START--
INFO: Run Behavior\ReadHtmlCacheBehavior [ RunTime:0.000579s ]
INFO: [ app_begin ] --END-- [ RunTime:0.000670s ]
NOTIC: [2048] Declaration of Home\Controller\CommonController::error() should be compatible with that of Think\Controller::error() F:\wamp\wamp\www\bigticket\Application\Home\Controller\CommonController.class.php 第 25 行.
ERR: 1146:Table 'bbt.news' doesn't exist
 [ SQL语句 ] : SHOW COLUMNS FROM `news`
ERR: 1146:Table 'bbt.news' doesn't exist
 [ SQL语句 ] : SHOW COLUMNS FROM `news`

[ 2017-06-27T22:46:15+08:00 ] ::1 /bigticket/
INFO: [ app_init ] --START--
INFO: Run Behavior\BuildLiteBehavior [ RunTime:0.000035s ]
INFO: [ app_init ] --END-- [ RunTime:0.000638s ]
INFO: [ app_begin ] --START--
INFO: Run Behavior\ReadHtmlCacheBehavior [ RunTime:0.001968s ]
INFO: [ app_begin ] --END-- [ RunTime:0.002156s ]
NOTIC: [2048] Declaration of Home\Controller\CommonController::error() should be compatible with that of Think\Controller::error() F:\wamp\wamp\www\bigticket\Application\Home\Controller\CommonController.class.php 第 25 行.
ERR: 1146:Table 'bbt.news' doesn't exist
 [ SQL语句 ] : SHOW COLUMNS FROM `news`
ERR: 1146:Table 'bbt.news' doesn't exist
 [ SQL语句 ] : SHOW COLUMNS FROM `news`

[ 2017-06-27T22:46:15+08:00 ] ::1 /bigticket/
INFO: [ app_init ] --START--
INFO: Run Behavior\BuildLiteBehavior [ RunTime:0.000020s ]
INFO: [ app_init ] --END-- [ RunTime:0.000402s ]
INFO: [ app_begin ] --START--
INFO: Run Behavior\ReadHtmlCacheBehavior [ RunTime:0.000740s ]
INFO: [ app_begin ] --END-- [ RunTime:0.000856s ]
NOTIC: [2048] Declaration of Home\Controller\CommonController::error() should be compatible with that of Think\Controller::error() F:\wamp\wamp\www\bigticket\Application\Home\Controller\CommonController.class.php 第 25 行.
ERR: 1146:Table 'bbt.news' doesn't exist
 [ SQL语句 ] : SHOW COLUMNS FROM `news`
ERR: 1146:Table 'bbt.news' doesn't exist
 [ SQL语句 ] : SHOW COLUMNS FROM `news`

[ 2017-06-27T22:47:59+08:00 ] ::1 /bigticket/
INFO: [ app_init ] --START--
INFO: Run Behavior\BuildLiteBehavior [ RunTime:0.000033s ]
INFO: [ app_init ] --END-- [ RunTime:0.000526s ]
INFO: [ app_begin ] --START--
INFO: Run Behavior\ReadHtmlCacheBehavior [ RunTime:0.001160s ]
INFO: [ app_begin ] --END-- [ RunTime:0.001374s ]
NOTIC: [2048] Declaration of Home\Controller\CommonController::error() should be compatible with that of Think\Controller::error() F:\wamp\wamp\www\bigticket\Application\Home\Controller\CommonController.class.php 第 25 行.
ERR: 1146:Table 'bbt.news' doesn't exist
 [ SQL语句 ] : SHOW COLUMNS FROM `news`
ERR: 1146:Table 'bbt.news' doesn't exist
 [ SQL语句 ] : SHOW COLUMNS FROM `news`

[ 2017-06-27T22:47:59+08:00 ] ::1 /bigticket/
INFO: [ app_init ] --START--
INFO: Run Behavior\BuildLiteBehavior [ RunTime:0.000022s ]
INFO: [ app_init ] --END-- [ RunTime:0.000396s ]
INFO: [ app_begin ] --START--
INFO: Run Behavior\ReadHtmlCacheBehavior [ RunTime:0.000620s ]
INFO: [ app_begin ] --END-- [ RunTime:0.000711s ]
NOTIC: [2048] Declaration of Home\Controller\CommonController::error() should be compatible with that of Think\Controller::error() F:\wamp\wamp\www\bigticket\Application\Home\Controller\CommonController.class.php 第 25 行.
ERR: 1146:Table 'bbt.news' doesn't exist
 [ SQL语句 ] : SHOW COLUMNS FROM `news`
ERR: 1146:Table 'bbt.news' doesn't exist
 [ SQL语句 ] : SHOW COLUMNS FROM `news`

[ 2017-06-27T22:49:32+08:00 ] ::1 /bigticket/
INFO: [ app_init ] --START--
INFO: Run Behavior\BuildLiteBehavior [ RunTime:0.000034s ]
INFO: [ app_init ] --END-- [ RunTime:0.000708s ]
INFO: [ app_begin ] --START--
INFO: Run Behavior\ReadHtmlCacheBehavior [ RunTime:0.000883s ]
INFO: [ app_begin ] --END-- [ RunTime:0.001041s ]
NOTIC: [2048] Declaration of Home\Controller\CommonController::error() should be compatible with that of Think\Controller::error() F:\wamp\wamp\www\bigticket\Application\Home\Controller\CommonController.class.php 第 25 行.
ERR: 1146:Table 'bbt.news' doesn't exist
 [ SQL语句 ] : SHOW COLUMNS FROM `news`
ERR: 1146:Table 'bbt.news' doesn't exist
 [ SQL语句 ] : SHOW COLUMNS FROM `news`

[ 2017-06-27T22:49:32+08:00 ] ::1 /bigticket/
INFO: [ app_init ] --START--
INFO: Run Behavior\BuildLiteBehavior [ RunTime:0.000022s ]
INFO: [ app_init ] --END-- [ RunTime:0.000393s ]
INFO: [ app_begin ] --START--
INFO: Run Behavior\ReadHtmlCacheBehavior [ RunTime:0.000652s ]
INFO: [ app_begin ] --END-- [ RunTime:0.000758s ]
NOTIC: [2048] Declaration of Home\Controller\CommonController::error() should be compatible with that of Think\Controller::error() F:\wamp\wamp\www\bigticket\Application\Home\Controller\CommonController.class.php 第 25 行.
ERR: 1146:Table 'bbt.news' doesn't exist
 [ SQL语句 ] : SHOW COLUMNS FROM `news`
ERR: 1146:Table 'bbt.news' doesn't exist
 [ SQL语句 ] : SHOW COLUMNS FROM `news`

[ 2017-06-27T22:50:46+08:00 ] ::1 /bigticket/
INFO: [ app_init ] --START--
INFO: Run Behavior\BuildLiteBehavior [ RunTime:0.000025s ]
INFO: [ app_init ] --END-- [ RunTime:0.000410s ]
INFO: [ app_begin ] --START--
INFO: Run Behavior\ReadHtmlCacheBehavior [ RunTime:0.000977s ]
INFO: [ app_begin ] --END-- [ RunTime:0.001137s ]
NOTIC: [2048] Declaration of Home\Controller\CommonController::error() should be compatible with that of Think\Controller::error() F:\wamp\wamp\www\bigticket\Application\Home\Controller\CommonController.class.php 第 25 行.
ERR: 1146:Table 'bbt.news' doesn't exist
 [ SQL语句 ] : SHOW COLUMNS FROM `news`
ERR: 1146:Table 'bbt.news' doesn't exist
 [ SQL语句 ] : SHOW COLUMNS FROM `news`

[ 2017-06-27T22:50:46+08:00 ] ::1 /bigticket/
INFO: [ app_init ] --START--
INFO: Run Behavior\BuildLiteBehavior [ RunTime:0.000020s ]
INFO: [ app_init ] --END-- [ RunTime:0.000374s ]
INFO: [ app_begin ] --START--
INFO: Run Behavior\ReadHtmlCacheBehavior [ RunTime:0.000652s ]
INFO: [ app_begin ] --END-- [ RunTime:0.000757s ]
NOTIC: [2048] Declaration of Home\Controller\CommonController::error() should be compatible with that of Think\Controller::error() F:\wamp\wamp\www\bigticket\Application\Home\Controller\CommonController.class.php 第 25 行.
ERR: 1146:Table 'bbt.news' doesn't exist
 [ SQL语句 ] : SHOW COLUMNS FROM `news`
ERR: 1146:Table 'bbt.news' doesn't exist
 [ SQL语句 ] : SHOW COLUMNS FROM `news`

[ 2017-06-27T22:55:16+08:00 ] ::1 /bigticket/
INFO: [ app_init ] --START--
INFO: Run Behavior\BuildLiteBehavior [ RunTime:0.000024s ]
INFO: [ app_init ] --END-- [ RunTime:0.000449s ]
INFO: [ app_begin ] --START--
INFO: Run Behavior\ReadHtmlCacheBehavior [ RunTime:0.000647s ]
INFO: [ app_begin ] --END-- [ RunTime:0.000749s ]
NOTIC: [2048] Declaration of Home\Controller\CommonController::error() should be compatible with that of Think\Controller::error() F:\wamp\wamp\www\bigticket\Application\Home\Controller\CommonController.class.php 第 25 行.
ERR: 1146:Table 'bbt.news' doesn't exist
 [ SQL语句 ] : SHOW COLUMNS FROM `news`
ERR: 1146:Table 'bbt.news' doesn't exist
 [ SQL语句 ] : SHOW COLUMNS FROM `news`

[ 2017-06-27T22:55:16+08:00 ] ::1 /bigticket/
INFO: [ app_init ] --START--
INFO: Run Behavior\BuildLiteBehavior [ RunTime:0.000021s ]
INFO: [ app_init ] --END-- [ RunTime:0.000386s ]
INFO: [ app_begin ] --START--
INFO: Run Behavior\ReadHtmlCacheBehavior [ RunTime:0.000614s ]
INFO: [ app_begin ] --END-- [ RunTime:0.000703s ]
NOTIC: [2048] Declaration of Home\Controller\CommonController::error() should be compatible with that of Think\Controller::error() F:\wamp\wamp\www\bigticket\Application\Home\Controller\CommonController.class.php 第 25 行.
ERR: 1146:Table 'bbt.news' doesn't exist
 [ SQL语句 ] : SHOW COLUMNS FROM `news`
ERR: 1146:Table 'bbt.news' doesn't exist
 [ SQL语句 ] : SHOW COLUMNS FROM `news`

[ 2017-06-27T22:56:53+08:00 ] ::1 /bigticket/
INFO: [ app_init ] --START--
INFO: Run Behavior\BuildLiteBehavior [ RunTime:0.000037s ]
INFO: [ app_init ] --END-- [ RunTime:0.001053s ]
INFO: [ app_begin ] --START--
INFO: Run Behavior\ReadHtmlCacheBehavior [ RunTime:0.000689s ]
INFO: [ app_begin ] --END-- [ RunTime:0.000820s ]
NOTIC: [2048] Declaration of Home\Controller\CommonController::error() should be compatible with that of Think\Controller::error() F:\wamp\wamp\www\bigticket\Application\Home\Controller\CommonController.class.php 第 25 行.
ERR: 1146:Table 'bbt.news' doesn't exist
 [ SQL语句 ] : SHOW COLUMNS FROM `news`
ERR: 1146:Table 'bbt.news' doesn't exist
 [ SQL语句 ] : SHOW COLUMNS FROM `news`

[ 2017-06-27T22:56:53+08:00 ] ::1 /bigticket/
INFO: [ app_init ] --START--
INFO: Run Behavior\BuildLiteBehavior [ RunTime:0.000022s ]
INFO: [ app_init ] --END-- [ RunTime:0.000418s ]
INFO: [ app_begin ] --START--
INFO: Run Behavior\ReadHtmlCacheBehavior [ RunTime:0.000629s ]
INFO: [ app_begin ] --END-- [ RunTime:0.000720s ]
NOTIC: [2048] Declaration of Home\Controller\CommonController::error() should be compatible with that of Think\Controller::error() F:\wamp\wamp\www\bigticket\Application\Home\Controller\CommonController.class.php 第 25 行.
ERR: 1146:Table 'bbt.news' doesn't exist
 [ SQL语句 ] : SHOW COLUMNS FROM `news`
ERR: 1146:Table 'bbt.news' doesn't exist
 [ SQL语句 ] : SHOW COLUMNS FROM `news`

[ 2017-06-27T22:59:52+08:00 ] ::1 /bigticket/index.php?c=detail&a=view&id=41
INFO: [ app_init ] --START--
INFO: Run Behavior\BuildLiteBehavior [ RunTime:0.000027s ]
INFO: [ app_init ] --END-- [ RunTime:0.000465s ]
INFO: [ app_begin ] --START--
INFO: Run Behavior\ReadHtmlCacheBehavior [ RunTime:0.001603s ]
INFO: [ app_begin ] --END-- [ RunTime:0.001739s ]
NOTIC: [2048] Declaration of Home\Controller\CommonController::error() should be compatible with that of Think\Controller::error() F:\wamp\wamp\www\bigticket\Application\Home\Controller\CommonController.class.php 第 25 行.
ERR: 1146:Table 'bbt.news' doesn't exist
 [ SQL语句 ] : SHOW COLUMNS FROM `news`
ERR: 1146:Table 'bbt.news' doesn't exist
 [ SQL语句 ] : SHOW COLUMNS FROM `news`

[ 2017-06-27T22:59:55+08:00 ] ::1 /bigticket/
INFO: [ app_init ] --START--
INFO: Run Behavior\BuildLiteBehavior [ RunTime:0.000035s ]
INFO: [ app_init ] --END-- [ RunTime:0.000617s ]
INFO: [ app_begin ] --START--
INFO: Run Behavior\ReadHtmlCacheBehavior [ RunTime:0.001633s ]
INFO: [ app_begin ] --END-- [ RunTime:0.001782s ]
NOTIC: [2048] Declaration of Home\Controller\CommonController::error() should be compatible with that of Think\Controller::error() F:\wamp\wamp\www\bigticket\Application\Home\Controller\CommonController.class.php 第 25 行.
ERR: 1146:Table 'bbt.news' doesn't exist
 [ SQL语句 ] : SHOW COLUMNS FROM `news`
ERR: 1146:Table 'bbt.news' doesn't exist
 [ SQL语句 ] : SHOW COLUMNS FROM `news`

[ 2017-06-27T22:59:55+08:00 ] ::1 /bigticket/
INFO: [ app_init ] --START--
INFO: Run Behavior\BuildLiteBehavior [ RunTime:0.000020s ]
INFO: [ app_init ] --END-- [ RunTime:0.000364s ]
INFO: [ app_begin ] --START--
INFO: Run Behavior\ReadHtmlCacheBehavior [ RunTime:0.000596s ]
INFO: [ app_begin ] --END-- [ RunTime:0.000684s ]
NOTIC: [2048] Declaration of Home\Controller\CommonController::error() should be compatible with that of Think\Controller::error() F:\wamp\wamp\www\bigticket\Application\Home\Controller\CommonController.class.php 第 25 行.
ERR: 1146:Table 'bbt.news' doesn't exist
 [ SQL语句 ] : SHOW COLUMNS FROM `news`
ERR: 1146:Table 'bbt.news' doesn't exist
 [ SQL语句 ] : SHOW COLUMNS FROM `news`

