[ 2017-07-03T21:54:30+08:00 ] ::1 /bigticket/index.php
INFO: [ app_init ] --START--
INFO: Run Behavior\BuildLiteBehavior [ RunTime:0.000024s ]
INFO: [ app_init ] --END-- [ RunTime:0.000415s ]
INFO: [ app_begin ] --START--
INFO: Run Behavior\ReadHtmlCacheBehavior [ RunTime:0.000512s ]
INFO: [ app_begin ] --END-- [ RunTime:0.000612s ]
NOTIC: [2048] Declaration of Home\Controller\CommonController::error() should be compatible with that of Think\Controller::error() F:\wamp\wamp\www\bigticket\Application\Home\Controller\CommonController.class.php 第 25 行.
NOTIC: [2048] Declaration of Common\Model\PositionContentModel::find() should be compatible with that of Think\Model::find() F:\wamp\wamp\www\bigticket\Application\Common\Model\PositionContentModel.class.php 第 8 行.
SQL: SHOW COLUMNS FROM `position_content` [ RunTime:0.0150s ]
SQL: SELECT * FROM `position_content` WHERE `status` = 1 AND `position_id` = 1 ORDER BY create_time desc  [ RunTime:0.0013s ]
SQL: SELECT * FROM `position_content` WHERE `status` = 1 AND `position_id` = 2  [ RunTime:0.0007s ]
SQL: SELECT * FROM `position_content` WHERE `status` = 1 AND `position_id` = 3  [ RunTime:0.0012s ]
SQL: SELECT * FROM `position_content` WHERE `status` = 1 AND `position_id` = 4  [ RunTime:0.0006s ]
INFO: [ view_parse ] --START--
INFO: [ template_filter ] --START--
INFO: Run Behavior\ContentReplaceBehavior [ RunTime:0.000097s ]
INFO: [ template_filter ] --END-- [ RunTime:0.000185s ]
NOTIC: [2048] Declaration of Common\Model\MovieModel::find() should be compatible with that of Think\Model::find() F:\wamp\wamp\www\bigticket\Application\Common\Model\MovieModel.class.php 第 90 行.
SQL: SHOW COLUMNS FROM `movie` [ RunTime:0.0144s ]
SQL: SELECT * FROM `movie` WHERE ( movie_id=29 ) LIMIT 1   [ RunTime:0.0013s ]
SQL: SELECT * FROM `movie` WHERE ( movie_id=30 ) LIMIT 1   [ RunTime:0.0010s ]
SQL: SELECT * FROM `movie` WHERE ( movie_id=21 ) LIMIT 1   [ RunTime:0.0013s ]
SQL: SELECT * FROM `movie` WHERE ( movie_id=39 ) LIMIT 1   [ RunTime:0.0019s ]
SQL: SELECT * FROM `movie` WHERE ( movie_id=37 ) LIMIT 1   [ RunTime:0.0013s ]
SQL: SELECT * FROM `movie` WHERE ( movie_id=26 ) LIMIT 1   [ RunTime:0.0013s ]
SQL: SELECT * FROM `movie` WHERE ( movie_id=23 ) LIMIT 1   [ RunTime:0.0011s ]
SQL: SELECT * FROM `movie` WHERE ( movie_id=41 ) LIMIT 1   [ RunTime:0.0014s ]
SQL: SELECT * FROM `movie` WHERE ( movie_id=22 ) LIMIT 1   [ RunTime:0.0011s ]
SQL: SELECT * FROM `movie` WHERE ( movie_id=21 ) LIMIT 1   [ RunTime:0.0011s ]
SQL: SELECT * FROM `movie` WHERE ( movie_id=21 ) LIMIT 1   [ RunTime:0.0385s ]
SQL: SELECT * FROM `movie` WHERE ( movie_id=21 ) LIMIT 1   [ RunTime:0.0015s ]
SQL: SELECT * FROM `movie` WHERE ( movie_id=23 ) LIMIT 1   [ RunTime:0.0012s ]
SQL: SELECT * FROM `movie` WHERE ( movie_id=23 ) LIMIT 1   [ RunTime:0.0013s ]
SQL: SELECT * FROM `movie` WHERE ( movie_id=23 ) LIMIT 1   [ RunTime:0.0013s ]
SQL: SELECT * FROM `movie` WHERE ( movie_id=24 ) LIMIT 1   [ RunTime:0.0012s ]
SQL: SELECT * FROM `movie` WHERE ( movie_id=24 ) LIMIT 1   [ RunTime:0.0012s ]
SQL: SELECT * FROM `movie` WHERE ( movie_id=24 ) LIMIT 1   [ RunTime:0.0012s ]
SQL: SELECT * FROM `movie` WHERE ( movie_id=22 ) LIMIT 1   [ RunTime:0.0011s ]
SQL: SELECT * FROM `movie` WHERE ( movie_id=22 ) LIMIT 1   [ RunTime:0.0013s ]
SQL: SELECT * FROM `movie` WHERE ( movie_id=22 ) LIMIT 1   [ RunTime:0.0014s ]
SQL: SELECT * FROM `movie` WHERE ( movie_id=25 ) LIMIT 1   [ RunTime:0.0012s ]
SQL: SELECT * FROM `movie` WHERE ( movie_id=25 ) LIMIT 1   [ RunTime:0.0010s ]
SQL: SELECT * FROM `movie` WHERE ( movie_id=25 ) LIMIT 1   [ RunTime:0.0010s ]
SQL: SELECT * FROM `movie` WHERE ( movie_id=26 ) LIMIT 1   [ RunTime:0.0010s ]
SQL: SELECT * FROM `movie` WHERE ( movie_id=26 ) LIMIT 1   [ RunTime:0.0011s ]
SQL: SELECT * FROM `movie` WHERE ( movie_id=26 ) LIMIT 1   [ RunTime:0.0012s ]
SQL: SELECT * FROM `movie` WHERE ( movie_id=28 ) LIMIT 1   [ RunTime:0.0007s ]
SQL: SELECT * FROM `movie` WHERE ( movie_id=28 ) LIMIT 1   [ RunTime:0.0011s ]
SQL: SELECT * FROM `movie` WHERE ( movie_id=28 ) LIMIT 1   [ RunTime:0.0007s ]
SQL: SELECT * FROM `movie` WHERE ( movie_id=26 ) LIMIT 1   [ RunTime:0.0012s ]
SQL: SELECT * FROM `movie` WHERE ( movie_id=26 ) LIMIT 1   [ RunTime:0.0011s ]
SQL: SELECT * FROM `movie` WHERE ( movie_id=26 ) LIMIT 1   [ RunTime:0.0011s ]
SQL: SELECT * FROM `movie` WHERE ( movie_id=29 ) LIMIT 1   [ RunTime:0.0019s ]
SQL: SELECT * FROM `movie` WHERE ( movie_id=29 ) LIMIT 1   [ RunTime:0.0016s ]
SQL: SELECT * FROM `movie` WHERE ( movie_id=29 ) LIMIT 1   [ RunTime:0.0012s ]
SQL: SELECT * FROM `movie` WHERE ( movie_id=33 ) LIMIT 1   [ RunTime:0.0006s ]
SQL: SELECT * FROM `movie` WHERE ( movie_id=33 ) LIMIT 1   [ RunTime:0.0012s ]
SQL: SELECT * FROM `movie` WHERE ( movie_id=33 ) LIMIT 1   [ RunTime:0.0005s ]
SQL: SELECT * FROM `movie` WHERE ( movie_id=32 ) LIMIT 1   [ RunTime:0.0010s ]
SQL: SELECT * FROM `movie` WHERE ( movie_id=32 ) LIMIT 1   [ RunTime:0.0010s ]
SQL: SELECT * FROM `movie` WHERE ( movie_id=32 ) LIMIT 1   [ RunTime:0.0012s ]
SQL: SELECT * FROM `movie` WHERE ( movie_id=31 ) LIMIT 1   [ RunTime:0.0008s ]
SQL: SELECT * FROM `movie` WHERE ( movie_id=31 ) LIMIT 1   [ RunTime:0.0011s ]
SQL: SELECT * FROM `movie` WHERE ( movie_id=31 ) LIMIT 1   [ RunTime:0.0006s ]
SQL: SELECT * FROM `movie` WHERE ( movie_id=43 ) LIMIT 1   [ RunTime:0.0016s ]
SQL: SELECT * FROM `movie` WHERE ( movie_id=43 ) LIMIT 1   [ RunTime:0.0016s ]
SQL: SELECT * FROM `movie` WHERE ( movie_id=43 ) LIMIT 1   [ RunTime:0.0019s ]
SQL: SELECT * FROM `movie` WHERE ( movie_id=34 ) LIMIT 1   [ RunTime:0.0016s ]
SQL: SELECT * FROM `movie` WHERE ( movie_id=34 ) LIMIT 1   [ RunTime:0.0018s ]
SQL: SELECT * FROM `movie` WHERE ( movie_id=34 ) LIMIT 1   [ RunTime:0.0016s ]
SQL: SELECT * FROM `movie` WHERE ( movie_id=36 ) LIMIT 1   [ RunTime:0.0016s ]
SQL: SELECT * FROM `movie` WHERE ( movie_id=36 ) LIMIT 1   [ RunTime:0.0016s ]
SQL: SELECT * FROM `movie` WHERE ( movie_id=36 ) LIMIT 1   [ RunTime:0.0018s ]
SQL: SELECT * FROM `movie` WHERE ( movie_id=38 ) LIMIT 1   [ RunTime:0.0021s ]
SQL: SELECT * FROM `movie` WHERE ( movie_id=38 ) LIMIT 1   [ RunTime:0.0010s ]
SQL: SELECT * FROM `movie` WHERE ( movie_id=38 ) LIMIT 1   [ RunTime:0.0010s ]
SQL: SELECT * FROM `movie` WHERE ( movie_id=40 ) LIMIT 1   [ RunTime:0.0010s ]
SQL: SELECT * FROM `movie` WHERE ( movie_id=40 ) LIMIT 1   [ RunTime:0.0014s ]
SQL: SELECT * FROM `movie` WHERE ( movie_id=40 ) LIMIT 1   [ RunTime:0.0012s ]
SQL: SELECT * FROM `movie` WHERE ( movie_id=39 ) LIMIT 1   [ RunTime:0.0011s ]
SQL: SELECT * FROM `movie` WHERE ( movie_id=39 ) LIMIT 1   [ RunTime:0.0012s ]
SQL: SELECT * FROM `movie` WHERE ( movie_id=39 ) LIMIT 1   [ RunTime:0.0012s ]
INFO: Run Behavior\ParseTemplateBehavior [ RunTime:0.182816s ]
INFO: [ view_parse ] --END-- [ RunTime:0.182903s ]
INFO: [ view_filter ] --START--
INFO: Run Behavior\WriteHtmlCacheBehavior [ RunTime:0.000468s ]
INFO: [ view_filter ] --END-- [ RunTime:0.000562s ]
INFO: [ app_end ] --START--
INFO: Run Behavior\ShowPageTraceBehavior [ RunTime:0.000572s ]
INFO: [ app_end ] --END-- [ RunTime:0.000663s ]

