[ 2017-06-30T15:03:59+08:00 ] ::1 /bigticket/index.php
INFO: [ app_init ] --START--
INFO: Run Behavior\BuildLiteBehavior [ RunTime:0.000019s ]
INFO: [ app_init ] --END-- [ RunTime:0.000326s ]
INFO: [ app_begin ] --START--
INFO: Run Behavior\ReadHtmlCacheBehavior [ RunTime:0.000366s ]
INFO: [ app_begin ] --END-- [ RunTime:0.000471s ]
NOTIC: [2048] Declaration of Home\Controller\CommonController::error() should be compatible with that of Think\Controller::error() F:\wamp\wamp\www\bigticket\Application\Home\Controller\CommonController.class.php 第 25 行.
NOTIC: [2048] Declaration of Common\Model\PositionContentModel::find() should be compatible with that of Think\Model::find() F:\wamp\wamp\www\bigticket\Application\Common\Model\PositionContentModel.class.php 第 8 行.
SQL: SHOW COLUMNS FROM `position_content` [ RunTime:0.0105s ]
SQL: SELECT * FROM `position_content` WHERE `status` = 1 AND `position_id` = 1 ORDER BY create_time desc  [ RunTime:0.0006s ]
SQL: SELECT * FROM `position_content` WHERE `status` = 1 AND `position_id` = 2  [ RunTime:0.0005s ]
SQL: SELECT * FROM `position_content` WHERE `status` = 1 AND `position_id` = 3  [ RunTime:0.0007s ]
SQL: SELECT * FROM `position_content` WHERE `status` = 1 AND `position_id` = 4  [ RunTime:0.0007s ]
INFO: [ view_parse ] --START--
INFO: [ template_filter ] --START--
INFO: Run Behavior\ContentReplaceBehavior [ RunTime:0.000099s ]
INFO: [ template_filter ] --END-- [ RunTime:0.000186s ]
NOTIC: [2048] Declaration of Common\Model\MovieModel::find() should be compatible with that of Think\Model::find() F:\wamp\wamp\www\bigticket\Application\Common\Model\MovieModel.class.php 第 90 行.
SQL: SHOW COLUMNS FROM `movie` [ RunTime:0.0100s ]
SQL: SELECT * FROM `movie` WHERE ( movie_id=29 ) LIMIT 1   [ RunTime:0.0007s ]
SQL: SELECT * FROM `movie` WHERE ( movie_id=30 ) LIMIT 1   [ RunTime:0.0006s ]
SQL: SELECT * FROM `movie` WHERE ( movie_id=21 ) LIMIT 1   [ RunTime:0.0007s ]
SQL: SELECT * FROM `movie` WHERE ( movie_id=39 ) LIMIT 1   [ RunTime:0.0007s ]
SQL: SELECT * FROM `movie` WHERE ( movie_id=37 ) LIMIT 1   [ RunTime:0.0006s ]
SQL: SELECT * FROM `movie` WHERE ( movie_id=26 ) LIMIT 1   [ RunTime:0.0015s ]
SQL: SELECT * FROM `movie` WHERE ( movie_id=23 ) LIMIT 1   [ RunTime:0.0012s ]
SQL: SELECT * FROM `movie` WHERE ( movie_id=41 ) LIMIT 1   [ RunTime:0.0006s ]
SQL: SELECT * FROM `movie` WHERE ( movie_id=22 ) LIMIT 1   [ RunTime:0.0006s ]
SQL: SELECT * FROM `movie` WHERE ( movie_id=21 ) LIMIT 1   [ RunTime:0.0006s ]
SQL: SELECT * FROM `movie` WHERE ( movie_id=21 ) LIMIT 1   [ RunTime:0.0010s ]
SQL: SELECT * FROM `movie` WHERE ( movie_id=21 ) LIMIT 1   [ RunTime:0.0008s ]
SQL: SELECT * FROM `movie` WHERE ( movie_id=23 ) LIMIT 1   [ RunTime:0.0006s ]
SQL: SELECT * FROM `movie` WHERE ( movie_id=23 ) LIMIT 1   [ RunTime:0.0006s ]
SQL: SELECT * FROM `movie` WHERE ( movie_id=23 ) LIMIT 1   [ RunTime:0.0006s ]
SQL: SELECT * FROM `movie` WHERE ( movie_id=24 ) LIMIT 1   [ RunTime:0.0008s ]
SQL: SELECT * FROM `movie` WHERE ( movie_id=24 ) LIMIT 1   [ RunTime:0.0007s ]
SQL: SELECT * FROM `movie` WHERE ( movie_id=24 ) LIMIT 1   [ RunTime:0.0006s ]
SQL: SELECT * FROM `movie` WHERE ( movie_id=22 ) LIMIT 1   [ RunTime:0.0006s ]
SQL: SELECT * FROM `movie` WHERE ( movie_id=22 ) LIMIT 1   [ RunTime:0.0007s ]
SQL: SELECT * FROM `movie` WHERE ( movie_id=22 ) LIMIT 1   [ RunTime:0.0006s ]
SQL: SELECT * FROM `movie` WHERE ( movie_id=25 ) LIMIT 1   [ RunTime:0.0013s ]
SQL: SELECT * FROM `movie` WHERE ( movie_id=25 ) LIMIT 1   [ RunTime:0.0014s ]
SQL: SELECT * FROM `movie` WHERE ( movie_id=25 ) LIMIT 1   [ RunTime:0.0007s ]
SQL: SELECT * FROM `movie` WHERE ( movie_id=26 ) LIMIT 1   [ RunTime:0.0007s ]
SQL: SELECT * FROM `movie` WHERE ( movie_id=26 ) LIMIT 1   [ RunTime:0.0006s ]
SQL: SELECT * FROM `movie` WHERE ( movie_id=26 ) LIMIT 1   [ RunTime:0.0006s ]
SQL: SELECT * FROM `movie` WHERE ( movie_id=28 ) LIMIT 1   [ RunTime:0.0003s ]
SQL: SELECT * FROM `movie` WHERE ( movie_id=28 ) LIMIT 1   [ RunTime:0.0004s ]
SQL: SELECT * FROM `movie` WHERE ( movie_id=28 ) LIMIT 1   [ RunTime:0.0003s ]
SQL: SELECT * FROM `movie` WHERE ( movie_id=26 ) LIMIT 1   [ RunTime:0.0006s ]
SQL: SELECT * FROM `movie` WHERE ( movie_id=26 ) LIMIT 1   [ RunTime:0.0006s ]
SQL: SELECT * FROM `movie` WHERE ( movie_id=26 ) LIMIT 1   [ RunTime:0.0008s ]
SQL: SELECT * FROM `movie` WHERE ( movie_id=29 ) LIMIT 1   [ RunTime:0.0009s ]
SQL: SELECT * FROM `movie` WHERE ( movie_id=29 ) LIMIT 1   [ RunTime:0.0011s ]
SQL: SELECT * FROM `movie` WHERE ( movie_id=29 ) LIMIT 1   [ RunTime:0.0763s ]
SQL: SELECT * FROM `movie` WHERE ( movie_id=33 ) LIMIT 1   [ RunTime:0.0004s ]
SQL: SELECT * FROM `movie` WHERE ( movie_id=33 ) LIMIT 1   [ RunTime:0.0003s ]
SQL: SELECT * FROM `movie` WHERE ( movie_id=33 ) LIMIT 1   [ RunTime:0.0003s ]
SQL: SELECT * FROM `movie` WHERE ( movie_id=32 ) LIMIT 1   [ RunTime:0.0006s ]
SQL: SELECT * FROM `movie` WHERE ( movie_id=32 ) LIMIT 1   [ RunTime:0.0007s ]
SQL: SELECT * FROM `movie` WHERE ( movie_id=32 ) LIMIT 1   [ RunTime:0.0006s ]
SQL: SELECT * FROM `movie` WHERE ( movie_id=31 ) LIMIT 1   [ RunTime:0.0004s ]
SQL: SELECT * FROM `movie` WHERE ( movie_id=31 ) LIMIT 1   [ RunTime:0.0002s ]
SQL: SELECT * FROM `movie` WHERE ( movie_id=31 ) LIMIT 1   [ RunTime:0.0003s ]
SQL: SELECT * FROM `movie` WHERE ( movie_id=43 ) LIMIT 1   [ RunTime:0.0006s ]
SQL: SELECT * FROM `movie` WHERE ( movie_id=43 ) LIMIT 1   [ RunTime:0.0007s ]
SQL: SELECT * FROM `movie` WHERE ( movie_id=43 ) LIMIT 1   [ RunTime:0.0013s ]
SQL: SELECT * FROM `movie` WHERE ( movie_id=34 ) LIMIT 1   [ RunTime:0.0008s ]
SQL: SELECT * FROM `movie` WHERE ( movie_id=34 ) LIMIT 1   [ RunTime:0.0009s ]
SQL: SELECT * FROM `movie` WHERE ( movie_id=34 ) LIMIT 1   [ RunTime:0.0007s ]
SQL: SELECT * FROM `movie` WHERE ( movie_id=36 ) LIMIT 1   [ RunTime:0.0007s ]
SQL: SELECT * FROM `movie` WHERE ( movie_id=36 ) LIMIT 1   [ RunTime:0.0008s ]
SQL: SELECT * FROM `movie` WHERE ( movie_id=36 ) LIMIT 1   [ RunTime:0.0012s ]
SQL: SELECT * FROM `movie` WHERE ( movie_id=38 ) LIMIT 1   [ RunTime:0.0016s ]
SQL: SELECT * FROM `movie` WHERE ( movie_id=38 ) LIMIT 1   [ RunTime:0.2899s ]
SQL: SELECT * FROM `movie` WHERE ( movie_id=38 ) LIMIT 1   [ RunTime:0.0009s ]
SQL: SELECT * FROM `movie` WHERE ( movie_id=40 ) LIMIT 1   [ RunTime:0.0007s ]
SQL: SELECT * FROM `movie` WHERE ( movie_id=40 ) LIMIT 1   [ RunTime:0.0007s ]
SQL: SELECT * FROM `movie` WHERE ( movie_id=40 ) LIMIT 1   [ RunTime:0.0010s ]
INFO: Run Behavior\ParseTemplateBehavior [ RunTime:0.510950s ]
INFO: [ view_parse ] --END-- [ RunTime:0.511063s ]
INFO: [ view_filter ] --START--
INFO: Run Behavior\WriteHtmlCacheBehavior [ RunTime:0.000292s ]
INFO: [ view_filter ] --END-- [ RunTime:0.000363s ]
INFO: [ app_end ] --START--
INFO: Run Behavior\ShowPageTraceBehavior [ RunTime:0.000407s ]
INFO: [ app_end ] --END-- [ RunTime:0.000483s ]

[ 2017-06-30T15:04:11+08:00 ] ::1 /bigticket/index.php?m=home&c=list&a=index
INFO: [ app_init ] --START--
INFO: Run Behavior\BuildLiteBehavior [ RunTime:0.000020s ]
INFO: [ app_init ] --END-- [ RunTime:0.000387s ]
INFO: [ app_begin ] --START--
INFO: Run Behavior\ReadHtmlCacheBehavior [ RunTime:0.000453s ]
INFO: [ app_begin ] --END-- [ RunTime:0.000535s ]
NOTIC: [2048] Declaration of Home\Controller\CommonController::error() should be compatible with that of Think\Controller::error() F:\wamp\wamp\www\bigticket\Application\Home\Controller\CommonController.class.php 第 25 行.
INFO: [ view_parse ] --START--
INFO: [ template_filter ] --START--
INFO: Run Behavior\ContentReplaceBehavior [ RunTime:0.000098s ]
INFO: [ template_filter ] --END-- [ RunTime:0.000190s ]
INFO: Run Behavior\ParseTemplateBehavior [ RunTime:0.041966s ]
INFO: [ view_parse ] --END-- [ RunTime:0.042061s ]
INFO: [ view_filter ] --START--
INFO: Run Behavior\WriteHtmlCacheBehavior [ RunTime:0.000304s ]
INFO: [ view_filter ] --END-- [ RunTime:0.000378s ]
INFO: [ app_end ] --START--
INFO: Run Behavior\ShowPageTraceBehavior [ RunTime:0.000447s ]
INFO: [ app_end ] --END-- [ RunTime:0.000525s ]

[ 2017-06-30T15:04:13+08:00 ] ::1 /bigticket/index.php?m=home&c=index&a=index
INFO: [ app_init ] --START--
INFO: Run Behavior\BuildLiteBehavior [ RunTime:0.000021s ]
INFO: [ app_init ] --END-- [ RunTime:0.000382s ]
INFO: [ app_begin ] --START--
INFO: Run Behavior\ReadHtmlCacheBehavior [ RunTime:0.000508s ]
INFO: [ app_begin ] --END-- [ RunTime:0.000601s ]
NOTIC: [2048] Declaration of Home\Controller\CommonController::error() should be compatible with that of Think\Controller::error() F:\wamp\wamp\www\bigticket\Application\Home\Controller\CommonController.class.php 第 25 行.
NOTIC: [2048] Declaration of Common\Model\PositionContentModel::find() should be compatible with that of Think\Model::find() F:\wamp\wamp\www\bigticket\Application\Common\Model\PositionContentModel.class.php 第 8 行.
SQL: SHOW COLUMNS FROM `position_content` [ RunTime:0.0117s ]
SQL: SELECT * FROM `position_content` WHERE `status` = 1 AND `position_id` = 1 ORDER BY create_time desc  [ RunTime:0.0005s ]
SQL: SELECT * FROM `position_content` WHERE `status` = 1 AND `position_id` = 2  [ RunTime:0.0004s ]
SQL: SELECT * FROM `position_content` WHERE `status` = 1 AND `position_id` = 3  [ RunTime:0.0004s ]
SQL: SELECT * FROM `position_content` WHERE `status` = 1 AND `position_id` = 4  [ RunTime:0.0007s ]
INFO: [ view_parse ] --START--
INFO: [ template_filter ] --START--
INFO: Run Behavior\ContentReplaceBehavior [ RunTime:0.000093s ]
INFO: [ template_filter ] --END-- [ RunTime:0.000181s ]
NOTIC: [2048] Declaration of Common\Model\MovieModel::find() should be compatible with that of Think\Model::find() F:\wamp\wamp\www\bigticket\Application\Common\Model\MovieModel.class.php 第 90 行.
SQL: SHOW COLUMNS FROM `movie` [ RunTime:0.0113s ]
SQL: SELECT * FROM `movie` WHERE ( movie_id=29 ) LIMIT 1   [ RunTime:0.0010s ]
SQL: SELECT * FROM `movie` WHERE ( movie_id=30 ) LIMIT 1   [ RunTime:0.0008s ]
SQL: SELECT * FROM `movie` WHERE ( movie_id=21 ) LIMIT 1   [ RunTime:0.0007s ]
SQL: SELECT * FROM `movie` WHERE ( movie_id=39 ) LIMIT 1   [ RunTime:0.0007s ]
SQL: SELECT * FROM `movie` WHERE ( movie_id=37 ) LIMIT 1   [ RunTime:0.0010s ]
SQL: SELECT * FROM `movie` WHERE ( movie_id=26 ) LIMIT 1   [ RunTime:0.0018s ]
SQL: SELECT * FROM `movie` WHERE ( movie_id=23 ) LIMIT 1   [ RunTime:0.0012s ]
SQL: SELECT * FROM `movie` WHERE ( movie_id=41 ) LIMIT 1   [ RunTime:0.0008s ]
SQL: SELECT * FROM `movie` WHERE ( movie_id=22 ) LIMIT 1   [ RunTime:0.0008s ]
SQL: SELECT * FROM `movie` WHERE ( movie_id=21 ) LIMIT 1   [ RunTime:0.0008s ]
SQL: SELECT * FROM `movie` WHERE ( movie_id=21 ) LIMIT 1   [ RunTime:0.0007s ]
SQL: SELECT * FROM `movie` WHERE ( movie_id=21 ) LIMIT 1   [ RunTime:0.0008s ]
SQL: SELECT * FROM `movie` WHERE ( movie_id=23 ) LIMIT 1   [ RunTime:0.0007s ]
SQL: SELECT * FROM `movie` WHERE ( movie_id=23 ) LIMIT 1   [ RunTime:0.0008s ]
SQL: SELECT * FROM `movie` WHERE ( movie_id=23 ) LIMIT 1   [ RunTime:0.0007s ]
SQL: SELECT * FROM `movie` WHERE ( movie_id=24 ) LIMIT 1   [ RunTime:0.0008s ]
SQL: SELECT * FROM `movie` WHERE ( movie_id=24 ) LIMIT 1   [ RunTime:0.0014s ]
SQL: SELECT * FROM `movie` WHERE ( movie_id=24 ) LIMIT 1   [ RunTime:0.0013s ]
SQL: SELECT * FROM `movie` WHERE ( movie_id=22 ) LIMIT 1   [ RunTime:0.0013s ]
SQL: SELECT * FROM `movie` WHERE ( movie_id=22 ) LIMIT 1   [ RunTime:0.0011s ]
SQL: SELECT * FROM `movie` WHERE ( movie_id=22 ) LIMIT 1   [ RunTime:0.0008s ]
SQL: SELECT * FROM `movie` WHERE ( movie_id=25 ) LIMIT 1   [ RunTime:0.0008s ]
SQL: SELECT * FROM `movie` WHERE ( movie_id=25 ) LIMIT 1   [ RunTime:0.0012s ]
SQL: SELECT * FROM `movie` WHERE ( movie_id=25 ) LIMIT 1   [ RunTime:0.0009s ]
SQL: SELECT * FROM `movie` WHERE ( movie_id=26 ) LIMIT 1   [ RunTime:0.0007s ]
SQL: SELECT * FROM `movie` WHERE ( movie_id=26 ) LIMIT 1   [ RunTime:0.0007s ]
SQL: SELECT * FROM `movie` WHERE ( movie_id=26 ) LIMIT 1   [ RunTime:0.0007s ]
SQL: SELECT * FROM `movie` WHERE ( movie_id=28 ) LIMIT 1   [ RunTime:0.0004s ]
SQL: SELECT * FROM `movie` WHERE ( movie_id=28 ) LIMIT 1   [ RunTime:0.0004s ]
SQL: SELECT * FROM `movie` WHERE ( movie_id=28 ) LIMIT 1   [ RunTime:0.0003s ]
SQL: SELECT * FROM `movie` WHERE ( movie_id=26 ) LIMIT 1   [ RunTime:0.0006s ]
SQL: SELECT * FROM `movie` WHERE ( movie_id=26 ) LIMIT 1   [ RunTime:0.0008s ]
SQL: SELECT * FROM `movie` WHERE ( movie_id=26 ) LIMIT 1   [ RunTime:0.0008s ]
SQL: SELECT * FROM `movie` WHERE ( movie_id=29 ) LIMIT 1   [ RunTime:0.0010s ]
SQL: SELECT * FROM `movie` WHERE ( movie_id=29 ) LIMIT 1   [ RunTime:0.0011s ]
SQL: SELECT * FROM `movie` WHERE ( movie_id=29 ) LIMIT 1   [ RunTime:0.0014s ]
SQL: SELECT * FROM `movie` WHERE ( movie_id=33 ) LIMIT 1   [ RunTime:0.0006s ]
SQL: SELECT * FROM `movie` WHERE ( movie_id=33 ) LIMIT 1   [ RunTime:0.0008s ]
SQL: SELECT * FROM `movie` WHERE ( movie_id=33 ) LIMIT 1   [ RunTime:0.0006s ]
SQL: SELECT * FROM `movie` WHERE ( movie_id=32 ) LIMIT 1   [ RunTime:0.0010s ]
SQL: SELECT * FROM `movie` WHERE ( movie_id=32 ) LIMIT 1   [ RunTime:0.0007s ]
SQL: SELECT * FROM `movie` WHERE ( movie_id=32 ) LIMIT 1   [ RunTime:0.0009s ]
SQL: SELECT * FROM `movie` WHERE ( movie_id=31 ) LIMIT 1   [ RunTime:0.0003s ]
SQL: SELECT * FROM `movie` WHERE ( movie_id=31 ) LIMIT 1   [ RunTime:0.0003s ]
SQL: SELECT * FROM `movie` WHERE ( movie_id=31 ) LIMIT 1   [ RunTime:0.0004s ]
SQL: SELECT * FROM `movie` WHERE ( movie_id=43 ) LIMIT 1   [ RunTime:0.0008s ]
SQL: SELECT * FROM `movie` WHERE ( movie_id=43 ) LIMIT 1   [ RunTime:0.0008s ]
SQL: SELECT * FROM `movie` WHERE ( movie_id=43 ) LIMIT 1   [ RunTime:0.0008s ]
SQL: SELECT * FROM `movie` WHERE ( movie_id=34 ) LIMIT 1   [ RunTime:0.0007s ]
SQL: SELECT * FROM `movie` WHERE ( movie_id=34 ) LIMIT 1   [ RunTime:0.0007s ]
SQL: SELECT * FROM `movie` WHERE ( movie_id=34 ) LIMIT 1   [ RunTime:0.0012s ]
SQL: SELECT * FROM `movie` WHERE ( movie_id=36 ) LIMIT 1   [ RunTime:0.0012s ]
SQL: SELECT * FROM `movie` WHERE ( movie_id=36 ) LIMIT 1   [ RunTime:0.0015s ]
SQL: SELECT * FROM `movie` WHERE ( movie_id=36 ) LIMIT 1   [ RunTime:0.0014s ]
SQL: SELECT * FROM `movie` WHERE ( movie_id=38 ) LIMIT 1   [ RunTime:0.0008s ]
SQL: SELECT * FROM `movie` WHERE ( movie_id=38 ) LIMIT 1   [ RunTime:0.0007s ]
SQL: SELECT * FROM `movie` WHERE ( movie_id=38 ) LIMIT 1   [ RunTime:0.0007s ]
SQL: SELECT * FROM `movie` WHERE ( movie_id=40 ) LIMIT 1   [ RunTime:0.0007s ]
SQL: SELECT * FROM `movie` WHERE ( movie_id=40 ) LIMIT 1   [ RunTime:0.0007s ]
SQL: SELECT * FROM `movie` WHERE ( movie_id=40 ) LIMIT 1   [ RunTime:0.0007s ]
INFO: Run Behavior\ParseTemplateBehavior [ RunTime:0.094082s ]
INFO: [ view_parse ] --END-- [ RunTime:0.094175s ]
INFO: [ view_filter ] --START--
INFO: Run Behavior\WriteHtmlCacheBehavior [ RunTime:0.000420s ]
INFO: [ view_filter ] --END-- [ RunTime:0.000515s ]
INFO: [ app_end ] --START--
INFO: Run Behavior\ShowPageTraceBehavior [ RunTime:0.000477s ]
INFO: [ app_end ] --END-- [ RunTime:0.000576s ]

[ 2017-06-30T15:27:15+08:00 ] ::1 /bigticket/index.php?m=home&c=movies&a=index
INFO: [ app_init ] --START--
INFO: Run Behavior\BuildLiteBehavior [ RunTime:0.000020s ]
INFO: [ app_init ] --END-- [ RunTime:0.000349s ]
INFO: [ app_begin ] --START--
INFO: Run Behavior\ReadHtmlCacheBehavior [ RunTime:0.000428s ]
INFO: [ app_begin ] --END-- [ RunTime:0.000530s ]
NOTIC: [2048] Declaration of Home\Controller\CommonController::error() should be compatible with that of Think\Controller::error() F:\wamp\wamp\www\bigticket\Application\Home\Controller\CommonController.class.php 第 25 行.
INFO: [ view_parse ] --START--
INFO: [ template_filter ] --START--
INFO: Run Behavior\ContentReplaceBehavior [ RunTime:0.000094s ]
INFO: [ template_filter ] --END-- [ RunTime:0.000201s ]
INFO: Run Behavior\ParseTemplateBehavior [ RunTime:0.060760s ]
INFO: [ view_parse ] --END-- [ RunTime:0.060858s ]
INFO: [ view_filter ] --START--
INFO: Run Behavior\WriteHtmlCacheBehavior [ RunTime:0.000211s ]
INFO: [ view_filter ] --END-- [ RunTime:0.000282s ]
INFO: [ app_end ] --START--
INFO: Run Behavior\ShowPageTraceBehavior [ RunTime:0.000487s ]
INFO: [ app_end ] --END-- [ RunTime:0.000564s ]

[ 2017-06-30T15:27:24+08:00 ] ::1 /bigticket/index.php?m=home&c=list&a=index
INFO: [ app_init ] --START--
INFO: Run Behavior\BuildLiteBehavior [ RunTime:0.000019s ]
INFO: [ app_init ] --END-- [ RunTime:0.000351s ]
INFO: [ app_begin ] --START--
INFO: Run Behavior\ReadHtmlCacheBehavior [ RunTime:0.000517s ]
INFO: [ app_begin ] --END-- [ RunTime:0.000645s ]
NOTIC: [2048] Declaration of Home\Controller\CommonController::error() should be compatible with that of Think\Controller::error() F:\wamp\wamp\www\bigticket\Application\Home\Controller\CommonController.class.php 第 25 行.
INFO: [ view_parse ] --START--
INFO: [ template_filter ] --START--
INFO: Run Behavior\ContentReplaceBehavior [ RunTime:0.000101s ]
INFO: [ template_filter ] --END-- [ RunTime:0.000202s ]
INFO: Run Behavior\ParseTemplateBehavior [ RunTime:0.008914s ]
INFO: [ view_parse ] --END-- [ RunTime:0.009016s ]
INFO: [ view_filter ] --START--
INFO: Run Behavior\WriteHtmlCacheBehavior [ RunTime:0.000517s ]
INFO: [ view_filter ] --END-- [ RunTime:0.000629s ]
INFO: [ app_end ] --START--
INFO: Run Behavior\ShowPageTraceBehavior [ RunTime:0.000917s ]
INFO: [ app_end ] --END-- [ RunTime:0.001028s ]

[ 2017-06-30T15:27:25+08:00 ] ::1 /bigticket/index.php?m=home&c=movies&a=index
INFO: [ app_init ] --START--
INFO: Run Behavior\BuildLiteBehavior [ RunTime:0.000021s ]
INFO: [ app_init ] --END-- [ RunTime:0.000333s ]
INFO: [ app_begin ] --START--
INFO: Run Behavior\ReadHtmlCacheBehavior [ RunTime:0.000358s ]
INFO: [ app_begin ] --END-- [ RunTime:0.000439s ]
NOTIC: [2048] Declaration of Home\Controller\CommonController::error() should be compatible with that of Think\Controller::error() F:\wamp\wamp\www\bigticket\Application\Home\Controller\CommonController.class.php 第 25 行.
INFO: [ view_parse ] --START--
INFO: [ template_filter ] --START--
INFO: Run Behavior\ContentReplaceBehavior [ RunTime:0.000093s ]
INFO: [ template_filter ] --END-- [ RunTime:0.000189s ]
INFO: Run Behavior\ParseTemplateBehavior [ RunTime:0.008735s ]
INFO: [ view_parse ] --END-- [ RunTime:0.008831s ]
INFO: [ view_filter ] --START--
INFO: Run Behavior\WriteHtmlCacheBehavior [ RunTime:0.000339s ]
INFO: [ view_filter ] --END-- [ RunTime:0.000412s ]
INFO: [ app_end ] --START--
INFO: Run Behavior\ShowPageTraceBehavior [ RunTime:0.000497s ]
INFO: [ app_end ] --END-- [ RunTime:0.000584s ]

[ 2017-06-30T15:32:36+08:00 ] ::1 /bigticket/
INFO: [ app_init ] --START--
INFO: Run Behavior\BuildLiteBehavior [ RunTime:0.000020s ]
INFO: [ app_init ] --END-- [ RunTime:0.000333s ]
INFO: [ app_begin ] --START--
INFO: Run Behavior\ReadHtmlCacheBehavior [ RunTime:0.000358s ]
INFO: [ app_begin ] --END-- [ RunTime:0.000439s ]
NOTIC: [2048] Declaration of Home\Controller\CommonController::error() should be compatible with that of Think\Controller::error() F:\wamp\wamp\www\bigticket\Application\Home\Controller\CommonController.class.php 第 25 行.
NOTIC: [2048] Declaration of Common\Model\PositionContentModel::find() should be compatible with that of Think\Model::find() F:\wamp\wamp\www\bigticket\Application\Common\Model\PositionContentModel.class.php 第 8 行.
SQL: SHOW COLUMNS FROM `position_content` [ RunTime:0.0121s ]
SQL: SELECT * FROM `position_content` WHERE `status` = 1 AND `position_id` = 1 ORDER BY create_time desc  [ RunTime:0.0008s ]
SQL: SELECT * FROM `position_content` WHERE `status` = 1 AND `position_id` = 2  [ RunTime:0.0005s ]
SQL: SELECT * FROM `position_content` WHERE `status` = 1 AND `position_id` = 3  [ RunTime:0.0003s ]
SQL: SELECT * FROM `position_content` WHERE `status` = 1 AND `position_id` = 4  [ RunTime:0.0003s ]
INFO: [ view_parse ] --START--
INFO: [ template_filter ] --START--
INFO: Run Behavior\ContentReplaceBehavior [ RunTime:0.000093s ]
INFO: [ template_filter ] --END-- [ RunTime:0.000190s ]
NOTIC: [2048] Declaration of Common\Model\MovieModel::find() should be compatible with that of Think\Model::find() F:\wamp\wamp\www\bigticket\Application\Common\Model\MovieModel.class.php 第 90 行.
SQL: SHOW COLUMNS FROM `movie` [ RunTime:0.0118s ]
SQL: SELECT * FROM `movie` WHERE ( movie_id=29 ) LIMIT 1   [ RunTime:0.0009s ]
SQL: SELECT * FROM `movie` WHERE ( movie_id=30 ) LIMIT 1   [ RunTime:0.0006s ]
SQL: SELECT * FROM `movie` WHERE ( movie_id=21 ) LIMIT 1   [ RunTime:0.0005s ]
SQL: SELECT * FROM `movie` WHERE ( movie_id=39 ) LIMIT 1   [ RunTime:0.0004s ]
SQL: SELECT * FROM `movie` WHERE ( movie_id=37 ) LIMIT 1   [ RunTime:0.0004s ]
SQL: SELECT * FROM `movie` WHERE ( movie_id=26 ) LIMIT 1   [ RunTime:0.0004s ]
SQL: SELECT * FROM `movie` WHERE ( movie_id=23 ) LIMIT 1   [ RunTime:0.0004s ]
SQL: SELECT * FROM `movie` WHERE ( movie_id=41 ) LIMIT 1   [ RunTime:0.0004s ]
SQL: SELECT * FROM `movie` WHERE ( movie_id=22 ) LIMIT 1   [ RunTime:0.0004s ]
SQL: SELECT * FROM `movie` WHERE ( movie_id=21 ) LIMIT 1   [ RunTime:0.0004s ]
SQL: SELECT * FROM `movie` WHERE ( movie_id=21 ) LIMIT 1   [ RunTime:0.0004s ]
SQL: SELECT * FROM `movie` WHERE ( movie_id=21 ) LIMIT 1   [ RunTime:0.0004s ]
SQL: SELECT * FROM `movie` WHERE ( movie_id=23 ) LIMIT 1   [ RunTime:0.0004s ]
SQL: SELECT * FROM `movie` WHERE ( movie_id=23 ) LIMIT 1   [ RunTime:0.0004s ]
SQL: SELECT * FROM `movie` WHERE ( movie_id=23 ) LIMIT 1   [ RunTime:0.0004s ]
SQL: SELECT * FROM `movie` WHERE ( movie_id=24 ) LIMIT 1   [ RunTime:0.0005s ]
SQL: SELECT * FROM `movie` WHERE ( movie_id=24 ) LIMIT 1   [ RunTime:0.0004s ]
SQL: SELECT * FROM `movie` WHERE ( movie_id=24 ) LIMIT 1   [ RunTime:0.0004s ]
SQL: SELECT * FROM `movie` WHERE ( movie_id=22 ) LIMIT 1   [ RunTime:0.0006s ]
SQL: SELECT * FROM `movie` WHERE ( movie_id=22 ) LIMIT 1   [ RunTime:0.0007s ]
SQL: SELECT * FROM `movie` WHERE ( movie_id=22 ) LIMIT 1   [ RunTime:0.0012s ]
SQL: SELECT * FROM `movie` WHERE ( movie_id=25 ) LIMIT 1   [ RunTime:0.0007s ]
SQL: SELECT * FROM `movie` WHERE ( movie_id=25 ) LIMIT 1   [ RunTime:0.0006s ]
SQL: SELECT * FROM `movie` WHERE ( movie_id=25 ) LIMIT 1   [ RunTime:0.0006s ]
SQL: SELECT * FROM `movie` WHERE ( movie_id=26 ) LIMIT 1   [ RunTime:0.0006s ]
SQL: SELECT * FROM `movie` WHERE ( movie_id=26 ) LIMIT 1   [ RunTime:0.0005s ]
SQL: SELECT * FROM `movie` WHERE ( movie_id=26 ) LIMIT 1   [ RunTime:0.0005s ]
SQL: SELECT * FROM `movie` WHERE ( movie_id=28 ) LIMIT 1   [ RunTime:0.0003s ]
SQL: SELECT * FROM `movie` WHERE ( movie_id=28 ) LIMIT 1   [ RunTime:0.0003s ]
SQL: SELECT * FROM `movie` WHERE ( movie_id=28 ) LIMIT 1   [ RunTime:0.0003s ]
SQL: SELECT * FROM `movie` WHERE ( movie_id=26 ) LIMIT 1   [ RunTime:0.0005s ]
SQL: SELECT * FROM `movie` WHERE ( movie_id=26 ) LIMIT 1   [ RunTime:0.0004s ]
SQL: SELECT * FROM `movie` WHERE ( movie_id=26 ) LIMIT 1   [ RunTime:0.0004s ]
SQL: SELECT * FROM `movie` WHERE ( movie_id=29 ) LIMIT 1   [ RunTime:0.0004s ]
SQL: SELECT * FROM `movie` WHERE ( movie_id=29 ) LIMIT 1   [ RunTime:0.0004s ]
SQL: SELECT * FROM `movie` WHERE ( movie_id=29 ) LIMIT 1   [ RunTime:0.0004s ]
SQL: SELECT * FROM `movie` WHERE ( movie_id=33 ) LIMIT 1   [ RunTime:0.0003s ]
SQL: SELECT * FROM `movie` WHERE ( movie_id=33 ) LIMIT 1   [ RunTime:0.0003s ]
SQL: SELECT * FROM `movie` WHERE ( movie_id=33 ) LIMIT 1   [ RunTime:0.0003s ]
SQL: SELECT * FROM `movie` WHERE ( movie_id=32 ) LIMIT 1   [ RunTime:0.0004s ]
SQL: SELECT * FROM `movie` WHERE ( movie_id=32 ) LIMIT 1   [ RunTime:0.0004s ]
SQL: SELECT * FROM `movie` WHERE ( movie_id=32 ) LIMIT 1   [ RunTime:0.0004s ]
SQL: SELECT * FROM `movie` WHERE ( movie_id=31 ) LIMIT 1   [ RunTime:0.0007s ]
SQL: SELECT * FROM `movie` WHERE ( movie_id=31 ) LIMIT 1   [ RunTime:0.0005s ]
SQL: SELECT * FROM `movie` WHERE ( movie_id=31 ) LIMIT 1   [ RunTime:0.0004s ]
SQL: SELECT * FROM `movie` WHERE ( movie_id=43 ) LIMIT 1   [ RunTime:0.0006s ]
SQL: SELECT * FROM `movie` WHERE ( movie_id=43 ) LIMIT 1   [ RunTime:0.0006s ]
SQL: SELECT * FROM `movie` WHERE ( movie_id=43 ) LIMIT 1   [ RunTime:0.0005s ]
SQL: SELECT * FROM `movie` WHERE ( movie_id=34 ) LIMIT 1   [ RunTime:0.0005s ]
SQL: SELECT * FROM `movie` WHERE ( movie_id=34 ) LIMIT 1   [ RunTime:0.0005s ]
SQL: SELECT * FROM `movie` WHERE ( movie_id=34 ) LIMIT 1   [ RunTime:0.0005s ]
SQL: SELECT * FROM `movie` WHERE ( movie_id=36 ) LIMIT 1   [ RunTime:0.0005s ]
SQL: SELECT * FROM `movie` WHERE ( movie_id=36 ) LIMIT 1   [ RunTime:0.0004s ]
SQL: SELECT * FROM `movie` WHERE ( movie_id=36 ) LIMIT 1   [ RunTime:0.0004s ]
SQL: SELECT * FROM `movie` WHERE ( movie_id=38 ) LIMIT 1   [ RunTime:0.0004s ]
SQL: SELECT * FROM `movie` WHERE ( movie_id=38 ) LIMIT 1   [ RunTime:0.0004s ]
SQL: SELECT * FROM `movie` WHERE ( movie_id=38 ) LIMIT 1   [ RunTime:0.0004s ]
SQL: SELECT * FROM `movie` WHERE ( movie_id=40 ) LIMIT 1   [ RunTime:0.0004s ]
SQL: SELECT * FROM `movie` WHERE ( movie_id=40 ) LIMIT 1   [ RunTime:0.0004s ]
SQL: SELECT * FROM `movie` WHERE ( movie_id=40 ) LIMIT 1   [ RunTime:0.0004s ]
INFO: Run Behavior\ParseTemplateBehavior [ RunTime:0.070868s ]
INFO: [ view_parse ] --END-- [ RunTime:0.070962s ]
INFO: [ view_filter ] --START--
INFO: Run Behavior\WriteHtmlCacheBehavior [ RunTime:0.000439s ]
INFO: [ view_filter ] --END-- [ RunTime:0.000513s ]
INFO: [ app_end ] --START--
INFO: Run Behavior\ShowPageTraceBehavior [ RunTime:0.000509s ]
INFO: [ app_end ] --END-- [ RunTime:0.000585s ]

[ 2017-06-30T15:32:36+08:00 ] ::1 /bigticket/
INFO: [ app_init ] --START--
INFO: Run Behavior\BuildLiteBehavior [ RunTime:0.000019s ]
INFO: [ app_init ] --END-- [ RunTime:0.000312s ]
INFO: [ app_begin ] --START--
INFO: Run Behavior\ReadHtmlCacheBehavior [ RunTime:0.000401s ]
INFO: [ app_begin ] --END-- [ RunTime:0.000495s ]
NOTIC: [2048] Declaration of Home\Controller\CommonController::error() should be compatible with that of Think\Controller::error() F:\wamp\wamp\www\bigticket\Application\Home\Controller\CommonController.class.php 第 25 行.
NOTIC: [2048] Declaration of Common\Model\PositionContentModel::find() should be compatible with that of Think\Model::find() F:\wamp\wamp\www\bigticket\Application\Common\Model\PositionContentModel.class.php 第 8 行.
SQL: SHOW COLUMNS FROM `position_content` [ RunTime:0.0120s ]
SQL: SELECT * FROM `position_content` WHERE `status` = 1 AND `position_id` = 1 ORDER BY create_time desc  [ RunTime:0.0005s ]
SQL: SELECT * FROM `position_content` WHERE `status` = 1 AND `position_id` = 2  [ RunTime:0.0005s ]
SQL: SELECT * FROM `position_content` WHERE `status` = 1 AND `position_id` = 3  [ RunTime:0.0003s ]
SQL: SELECT * FROM `position_content` WHERE `status` = 1 AND `position_id` = 4  [ RunTime:0.0003s ]
INFO: [ view_parse ] --START--
INFO: [ template_filter ] --START--
INFO: Run Behavior\ContentReplaceBehavior [ RunTime:0.000096s ]
INFO: [ template_filter ] --END-- [ RunTime:0.000190s ]
NOTIC: [2048] Declaration of Common\Model\MovieModel::find() should be compatible with that of Think\Model::find() F:\wamp\wamp\www\bigticket\Application\Common\Model\MovieModel.class.php 第 90 行.
SQL: SHOW COLUMNS FROM `movie` [ RunTime:0.0105s ]
SQL: SELECT * FROM `movie` WHERE ( movie_id=29 ) LIMIT 1   [ RunTime:0.0016s ]
SQL: SELECT * FROM `movie` WHERE ( movie_id=30 ) LIMIT 1   [ RunTime:0.0011s ]
SQL: SELECT * FROM `movie` WHERE ( movie_id=21 ) LIMIT 1   [ RunTime:0.0010s ]
SQL: SELECT * FROM `movie` WHERE ( movie_id=39 ) LIMIT 1   [ RunTime:0.0009s ]
SQL: SELECT * FROM `movie` WHERE ( movie_id=37 ) LIMIT 1   [ RunTime:0.0009s ]
SQL: SELECT * FROM `movie` WHERE ( movie_id=26 ) LIMIT 1   [ RunTime:0.0008s ]
SQL: SELECT * FROM `movie` WHERE ( movie_id=23 ) LIMIT 1   [ RunTime:0.0008s ]
SQL: SELECT * FROM `movie` WHERE ( movie_id=41 ) LIMIT 1   [ RunTime:0.0008s ]
SQL: SELECT * FROM `movie` WHERE ( movie_id=22 ) LIMIT 1   [ RunTime:0.0011s ]
SQL: SELECT * FROM `movie` WHERE ( movie_id=21 ) LIMIT 1   [ RunTime:0.0014s ]
SQL: SELECT * FROM `movie` WHERE ( movie_id=21 ) LIMIT 1   [ RunTime:0.0007s ]
SQL: SELECT * FROM `movie` WHERE ( movie_id=21 ) LIMIT 1   [ RunTime:0.0007s ]
SQL: SELECT * FROM `movie` WHERE ( movie_id=23 ) LIMIT 1   [ RunTime:0.0007s ]
SQL: SELECT * FROM `movie` WHERE ( movie_id=23 ) LIMIT 1   [ RunTime:0.0007s ]
SQL: SELECT * FROM `movie` WHERE ( movie_id=23 ) LIMIT 1   [ RunTime:0.0015s ]
SQL: SELECT * FROM `movie` WHERE ( movie_id=24 ) LIMIT 1   [ RunTime:0.0010s ]
SQL: SELECT * FROM `movie` WHERE ( movie_id=24 ) LIMIT 1   [ RunTime:0.0007s ]
SQL: SELECT * FROM `movie` WHERE ( movie_id=24 ) LIMIT 1   [ RunTime:0.0007s ]
SQL: SELECT * FROM `movie` WHERE ( movie_id=22 ) LIMIT 1   [ RunTime:0.0007s ]
SQL: SELECT * FROM `movie` WHERE ( movie_id=22 ) LIMIT 1   [ RunTime:0.0007s ]
SQL: SELECT * FROM `movie` WHERE ( movie_id=22 ) LIMIT 1   [ RunTime:0.0006s ]
SQL: SELECT * FROM `movie` WHERE ( movie_id=25 ) LIMIT 1   [ RunTime:0.0006s ]
SQL: SELECT * FROM `movie` WHERE ( movie_id=25 ) LIMIT 1   [ RunTime:0.0014s ]
SQL: SELECT * FROM `movie` WHERE ( movie_id=25 ) LIMIT 1   [ RunTime:0.0014s ]
SQL: SELECT * FROM `movie` WHERE ( movie_id=26 ) LIMIT 1   [ RunTime:0.0008s ]
SQL: SELECT * FROM `movie` WHERE ( movie_id=26 ) LIMIT 1   [ RunTime:0.0006s ]
SQL: SELECT * FROM `movie` WHERE ( movie_id=26 ) LIMIT 1   [ RunTime:0.0006s ]
SQL: SELECT * FROM `movie` WHERE ( movie_id=28 ) LIMIT 1   [ RunTime:0.0003s ]
SQL: SELECT * FROM `movie` WHERE ( movie_id=28 ) LIMIT 1   [ RunTime:0.0003s ]
SQL: SELECT * FROM `movie` WHERE ( movie_id=28 ) LIMIT 1   [ RunTime:0.0004s ]
SQL: SELECT * FROM `movie` WHERE ( movie_id=26 ) LIMIT 1   [ RunTime:0.0011s ]
SQL: SELECT * FROM `movie` WHERE ( movie_id=26 ) LIMIT 1   [ RunTime:0.0009s ]
SQL: SELECT * FROM `movie` WHERE ( movie_id=26 ) LIMIT 1   [ RunTime:0.0007s ]
SQL: SELECT * FROM `movie` WHERE ( movie_id=29 ) LIMIT 1   [ RunTime:0.0007s ]
SQL: SELECT * FROM `movie` WHERE ( movie_id=29 ) LIMIT 1   [ RunTime:0.0007s ]
SQL: SELECT * FROM `movie` WHERE ( movie_id=29 ) LIMIT 1   [ RunTime:0.0007s ]
SQL: SELECT * FROM `movie` WHERE ( movie_id=33 ) LIMIT 1   [ RunTime:0.0003s ]
SQL: SELECT * FROM `movie` WHERE ( movie_id=33 ) LIMIT 1   [ RunTime:0.0004s ]
SQL: SELECT * FROM `movie` WHERE ( movie_id=33 ) LIMIT 1   [ RunTime:0.0005s ]
SQL: SELECT * FROM `movie` WHERE ( movie_id=32 ) LIMIT 1   [ RunTime:0.0014s ]
SQL: SELECT * FROM `movie` WHERE ( movie_id=32 ) LIMIT 1   [ RunTime:0.0007s ]
SQL: SELECT * FROM `movie` WHERE ( movie_id=32 ) LIMIT 1   [ RunTime:0.0007s ]
SQL: SELECT * FROM `movie` WHERE ( movie_id=31 ) LIMIT 1   [ RunTime:0.0003s ]
SQL: SELECT * FROM `movie` WHERE ( movie_id=31 ) LIMIT 1   [ RunTime:0.0004s ]
SQL: SELECT * FROM `movie` WHERE ( movie_id=31 ) LIMIT 1   [ RunTime:0.0003s ]
SQL: SELECT * FROM `movie` WHERE ( movie_id=43 ) LIMIT 1   [ RunTime:0.0007s ]
SQL: SELECT * FROM `movie` WHERE ( movie_id=43 ) LIMIT 1   [ RunTime:0.0014s ]
SQL: SELECT * FROM `movie` WHERE ( movie_id=43 ) LIMIT 1   [ RunTime:0.0013s ]
SQL: SELECT * FROM `movie` WHERE ( movie_id=34 ) LIMIT 1   [ RunTime:0.0011s ]
SQL: SELECT * FROM `movie` WHERE ( movie_id=34 ) LIMIT 1   [ RunTime:0.0011s ]
SQL: SELECT * FROM `movie` WHERE ( movie_id=34 ) LIMIT 1   [ RunTime:0.0010s ]
SQL: SELECT * FROM `movie` WHERE ( movie_id=36 ) LIMIT 1   [ RunTime:0.0012s ]
SQL: SELECT * FROM `movie` WHERE ( movie_id=36 ) LIMIT 1   [ RunTime:0.0014s ]
SQL: SELECT * FROM `movie` WHERE ( movie_id=36 ) LIMIT 1   [ RunTime:0.0007s ]
SQL: SELECT * FROM `movie` WHERE ( movie_id=38 ) LIMIT 1   [ RunTime:0.0007s ]
SQL: SELECT * FROM `movie` WHERE ( movie_id=38 ) LIMIT 1   [ RunTime:0.0007s ]
SQL: SELECT * FROM `movie` WHERE ( movie_id=38 ) LIMIT 1   [ RunTime:0.0007s ]
SQL: SELECT * FROM `movie` WHERE ( movie_id=40 ) LIMIT 1   [ RunTime:0.0007s ]
SQL: SELECT * FROM `movie` WHERE ( movie_id=40 ) LIMIT 1   [ RunTime:0.0007s ]
SQL: SELECT * FROM `movie` WHERE ( movie_id=40 ) LIMIT 1   [ RunTime:0.0013s ]
INFO: Run Behavior\ParseTemplateBehavior [ RunTime:0.092259s ]
INFO: [ view_parse ] --END-- [ RunTime:0.092343s ]
INFO: [ view_filter ] --START--
INFO: Run Behavior\WriteHtmlCacheBehavior [ RunTime:0.000432s ]
INFO: [ view_filter ] --END-- [ RunTime:0.000506s ]
INFO: [ app_end ] --START--
INFO: Run Behavior\ShowPageTraceBehavior [ RunTime:0.000501s ]
INFO: [ app_end ] --END-- [ RunTime:0.000577s ]

[ 2017-06-30T15:34:40+08:00 ] ::1 /bigticket/
INFO: [ app_init ] --START--
INFO: Run Behavior\BuildLiteBehavior [ RunTime:0.000023s ]
INFO: [ app_init ] --END-- [ RunTime:0.000549s ]
INFO: [ app_begin ] --START--
INFO: Run Behavior\ReadHtmlCacheBehavior [ RunTime:0.000852s ]
INFO: [ app_begin ] --END-- [ RunTime:0.000958s ]
NOTIC: [2048] Declaration of Home\Controller\CommonController::error() should be compatible with that of Think\Controller::error() F:\wamp\wamp\www\bigticket\Application\Home\Controller\CommonController.class.php 第 25 行.
NOTIC: [2048] Declaration of Common\Model\PositionContentModel::find() should be compatible with that of Think\Model::find() F:\wamp\wamp\www\bigticket\Application\Common\Model\PositionContentModel.class.php 第 8 行.
SQL: SHOW COLUMNS FROM `position_content` [ RunTime:0.0097s ]
SQL: SELECT * FROM `position_content` WHERE `status` = 1 AND `position_id` = 1 ORDER BY create_time desc  [ RunTime:0.0003s ]
SQL: SELECT * FROM `position_content` WHERE `status` = 1 AND `position_id` = 2  [ RunTime:0.0004s ]
SQL: SELECT * FROM `position_content` WHERE `status` = 1 AND `position_id` = 3  [ RunTime:0.0003s ]
SQL: SELECT * FROM `position_content` WHERE `status` = 1 AND `position_id` = 4  [ RunTime:0.0002s ]
INFO: [ view_parse ] --START--
INFO: [ template_filter ] --START--
INFO: Run Behavior\ContentReplaceBehavior [ RunTime:0.000095s ]
INFO: [ template_filter ] --END-- [ RunTime:0.000184s ]
NOTIC: [2048] Declaration of Common\Model\MovieModel::find() should be compatible with that of Think\Model::find() F:\wamp\wamp\www\bigticket\Application\Common\Model\MovieModel.class.php 第 90 行.
SQL: SHOW COLUMNS FROM `movie` [ RunTime:0.0101s ]
SQL: SELECT * FROM `movie` WHERE ( movie_id=29 ) LIMIT 1   [ RunTime:0.0004s ]
SQL: SELECT * FROM `movie` WHERE ( movie_id=30 ) LIMIT 1   [ RunTime:0.0003s ]
SQL: SELECT * FROM `movie` WHERE ( movie_id=21 ) LIMIT 1   [ RunTime:0.0002s ]
SQL: SELECT * FROM `movie` WHERE ( movie_id=39 ) LIMIT 1   [ RunTime:0.0002s ]
SQL: SELECT * FROM `movie` WHERE ( movie_id=37 ) LIMIT 1   [ RunTime:0.0004s ]
SQL: SELECT * FROM `movie` WHERE ( movie_id=26 ) LIMIT 1   [ RunTime:0.0005s ]
SQL: SELECT * FROM `movie` WHERE ( movie_id=23 ) LIMIT 1   [ RunTime:0.0004s ]
SQL: SELECT * FROM `movie` WHERE ( movie_id=41 ) LIMIT 1   [ RunTime:0.0003s ]
SQL: SELECT * FROM `movie` WHERE ( movie_id=22 ) LIMIT 1   [ RunTime:0.0002s ]
SQL: SELECT * FROM `movie` WHERE ( movie_id=21 ) LIMIT 1   [ RunTime:0.0002s ]
SQL: SELECT * FROM `movie` WHERE ( movie_id=21 ) LIMIT 1   [ RunTime:0.0002s ]
SQL: SELECT * FROM `movie` WHERE ( movie_id=21 ) LIMIT 1   [ RunTime:0.0002s ]
SQL: SELECT * FROM `movie` WHERE ( movie_id=23 ) LIMIT 1   [ RunTime:0.0002s ]
SQL: SELECT * FROM `movie` WHERE ( movie_id=23 ) LIMIT 1   [ RunTime:0.0002s ]
SQL: SELECT * FROM `movie` WHERE ( movie_id=23 ) LIMIT 1   [ RunTime:0.0002s ]
SQL: SELECT * FROM `movie` WHERE ( movie_id=24 ) LIMIT 1   [ RunTime:0.0002s ]
SQL: SELECT * FROM `movie` WHERE ( movie_id=24 ) LIMIT 1   [ RunTime:0.0002s ]
SQL: SELECT * FROM `movie` WHERE ( movie_id=24 ) LIMIT 1   [ RunTime:0.0002s ]
SQL: SELECT * FROM `movie` WHERE ( movie_id=22 ) LIMIT 1   [ RunTime:0.0002s ]
SQL: SELECT * FROM `movie` WHERE ( movie_id=22 ) LIMIT 1   [ RunTime:0.0002s ]
SQL: SELECT * FROM `movie` WHERE ( movie_id=22 ) LIMIT 1   [ RunTime:0.0002s ]
SQL: SELECT * FROM `movie` WHERE ( movie_id=25 ) LIMIT 1   [ RunTime:0.0002s ]
SQL: SELECT * FROM `movie` WHERE ( movie_id=25 ) LIMIT 1   [ RunTime:0.0002s ]
SQL: SELECT * FROM `movie` WHERE ( movie_id=25 ) LIMIT 1   [ RunTime:0.0002s ]
SQL: SELECT * FROM `movie` WHERE ( movie_id=26 ) LIMIT 1   [ RunTime:0.0002s ]
SQL: SELECT * FROM `movie` WHERE ( movie_id=26 ) LIMIT 1   [ RunTime:0.0002s ]
SQL: SELECT * FROM `movie` WHERE ( movie_id=26 ) LIMIT 1   [ RunTime:0.0002s ]
SQL: SELECT * FROM `movie` WHERE ( movie_id=28 ) LIMIT 1   [ RunTime:0.0001s ]
SQL: SELECT * FROM `movie` WHERE ( movie_id=28 ) LIMIT 1   [ RunTime:0.0001s ]
SQL: SELECT * FROM `movie` WHERE ( movie_id=28 ) LIMIT 1   [ RunTime:0.0001s ]
SQL: SELECT * FROM `movie` WHERE ( movie_id=26 ) LIMIT 1   [ RunTime:0.0002s ]
SQL: SELECT * FROM `movie` WHERE ( movie_id=26 ) LIMIT 1   [ RunTime:0.0002s ]
SQL: SELECT * FROM `movie` WHERE ( movie_id=26 ) LIMIT 1   [ RunTime:0.0002s ]
SQL: SELECT * FROM `movie` WHERE ( movie_id=29 ) LIMIT 1   [ RunTime:0.0002s ]
SQL: SELECT * FROM `movie` WHERE ( movie_id=29 ) LIMIT 1   [ RunTime:0.0002s ]
SQL: SELECT * FROM `movie` WHERE ( movie_id=29 ) LIMIT 1   [ RunTime:0.0002s ]
SQL: SELECT * FROM `movie` WHERE ( movie_id=33 ) LIMIT 1   [ RunTime:0.0001s ]
SQL: SELECT * FROM `movie` WHERE ( movie_id=33 ) LIMIT 1   [ RunTime:0.0001s ]
SQL: SELECT * FROM `movie` WHERE ( movie_id=33 ) LIMIT 1   [ RunTime:0.0001s ]
SQL: SELECT * FROM `movie` WHERE ( movie_id=32 ) LIMIT 1   [ RunTime:0.0002s ]
SQL: SELECT * FROM `movie` WHERE ( movie_id=32 ) LIMIT 1   [ RunTime:0.0002s ]
SQL: SELECT * FROM `movie` WHERE ( movie_id=32 ) LIMIT 1   [ RunTime:0.0002s ]
SQL: SELECT * FROM `movie` WHERE ( movie_id=31 ) LIMIT 1   [ RunTime:0.0001s ]
SQL: SELECT * FROM `movie` WHERE ( movie_id=31 ) LIMIT 1   [ RunTime:0.0001s ]
SQL: SELECT * FROM `movie` WHERE ( movie_id=31 ) LIMIT 1   [ RunTime:0.0003s ]
SQL: SELECT * FROM `movie` WHERE ( movie_id=43 ) LIMIT 1   [ RunTime:0.0006s ]
SQL: SELECT * FROM `movie` WHERE ( movie_id=43 ) LIMIT 1   [ RunTime:0.0003s ]
SQL: SELECT * FROM `movie` WHERE ( movie_id=43 ) LIMIT 1   [ RunTime:0.0002s ]
SQL: SELECT * FROM `movie` WHERE ( movie_id=34 ) LIMIT 1   [ RunTime:0.0002s ]
SQL: SELECT * FROM `movie` WHERE ( movie_id=34 ) LIMIT 1   [ RunTime:0.0002s ]
SQL: SELECT * FROM `movie` WHERE ( movie_id=34 ) LIMIT 1   [ RunTime:0.0002s ]
SQL: SELECT * FROM `movie` WHERE ( movie_id=36 ) LIMIT 1   [ RunTime:0.0002s ]
SQL: SELECT * FROM `movie` WHERE ( movie_id=36 ) LIMIT 1   [ RunTime:0.0002s ]
SQL: SELECT * FROM `movie` WHERE ( movie_id=36 ) LIMIT 1   [ RunTime:0.0002s ]
SQL: SELECT * FROM `movie` WHERE ( movie_id=38 ) LIMIT 1   [ RunTime:0.0002s ]
SQL: SELECT * FROM `movie` WHERE ( movie_id=38 ) LIMIT 1   [ RunTime:0.0002s ]
SQL: SELECT * FROM `movie` WHERE ( movie_id=38 ) LIMIT 1   [ RunTime:0.0002s ]
SQL: SELECT * FROM `movie` WHERE ( movie_id=40 ) LIMIT 1   [ RunTime:0.0002s ]
SQL: SELECT * FROM `movie` WHERE ( movie_id=40 ) LIMIT 1   [ RunTime:0.0002s ]
SQL: SELECT * FROM `movie` WHERE ( movie_id=40 ) LIMIT 1   [ RunTime:0.0002s ]
INFO: Run Behavior\ParseTemplateBehavior [ RunTime:0.054408s ]
INFO: [ view_parse ] --END-- [ RunTime:0.054495s ]
INFO: [ view_filter ] --START--
INFO: Run Behavior\WriteHtmlCacheBehavior [ RunTime:0.000697s ]
INFO: [ view_filter ] --END-- [ RunTime:0.000772s ]
INFO: [ app_end ] --START--
INFO: Run Behavior\ShowPageTraceBehavior [ RunTime:0.000755s ]
INFO: [ app_end ] --END-- [ RunTime:0.000833s ]

[ 2017-06-30T15:34:40+08:00 ] ::1 /bigticket/
INFO: [ app_init ] --START--
INFO: Run Behavior\BuildLiteBehavior [ RunTime:0.000017s ]
INFO: [ app_init ] --END-- [ RunTime:0.000399s ]
INFO: [ app_begin ] --START--
INFO: Run Behavior\ReadHtmlCacheBehavior [ RunTime:0.000675s ]
INFO: [ app_begin ] --END-- [ RunTime:0.000756s ]
NOTIC: [2048] Declaration of Home\Controller\CommonController::error() should be compatible with that of Think\Controller::error() F:\wamp\wamp\www\bigticket\Application\Home\Controller\CommonController.class.php 第 25 行.
NOTIC: [2048] Declaration of Common\Model\PositionContentModel::find() should be compatible with that of Think\Model::find() F:\wamp\wamp\www\bigticket\Application\Common\Model\PositionContentModel.class.php 第 8 行.
SQL: SHOW COLUMNS FROM `position_content` [ RunTime:0.0110s ]
SQL: SELECT * FROM `position_content` WHERE `status` = 1 AND `position_id` = 1 ORDER BY create_time desc  [ RunTime:0.0009s ]
SQL: SELECT * FROM `position_content` WHERE `status` = 1 AND `position_id` = 2  [ RunTime:0.0006s ]
SQL: SELECT * FROM `position_content` WHERE `status` = 1 AND `position_id` = 3  [ RunTime:0.0005s ]
SQL: SELECT * FROM `position_content` WHERE `status` = 1 AND `position_id` = 4  [ RunTime:0.0005s ]
INFO: [ view_parse ] --START--
INFO: [ template_filter ] --START--
INFO: Run Behavior\ContentReplaceBehavior [ RunTime:0.000093s ]
INFO: [ template_filter ] --END-- [ RunTime:0.000184s ]
NOTIC: [2048] Declaration of Common\Model\MovieModel::find() should be compatible with that of Think\Model::find() F:\wamp\wamp\www\bigticket\Application\Common\Model\MovieModel.class.php 第 90 行.
SQL: SHOW COLUMNS FROM `movie` [ RunTime:0.0123s ]
SQL: SELECT * FROM `movie` WHERE ( movie_id=29 ) LIMIT 1   [ RunTime:0.0013s ]
SQL: SELECT * FROM `movie` WHERE ( movie_id=30 ) LIMIT 1   [ RunTime:0.0012s ]
SQL: SELECT * FROM `movie` WHERE ( movie_id=21 ) LIMIT 1   [ RunTime:0.0013s ]
SQL: SELECT * FROM `movie` WHERE ( movie_id=39 ) LIMIT 1   [ RunTime:0.0011s ]
SQL: SELECT * FROM `movie` WHERE ( movie_id=37 ) LIMIT 1   [ RunTime:0.0011s ]
SQL: SELECT * FROM `movie` WHERE ( movie_id=26 ) LIMIT 1   [ RunTime:0.0013s ]
SQL: SELECT * FROM `movie` WHERE ( movie_id=23 ) LIMIT 1   [ RunTime:0.0013s ]
SQL: SELECT * FROM `movie` WHERE ( movie_id=41 ) LIMIT 1   [ RunTime:0.0011s ]
SQL: SELECT * FROM `movie` WHERE ( movie_id=22 ) LIMIT 1   [ RunTime:0.0010s ]
SQL: SELECT * FROM `movie` WHERE ( movie_id=21 ) LIMIT 1   [ RunTime:0.0012s ]
SQL: SELECT * FROM `movie` WHERE ( movie_id=21 ) LIMIT 1   [ RunTime:0.0009s ]
SQL: SELECT * FROM `movie` WHERE ( movie_id=21 ) LIMIT 1   [ RunTime:0.0009s ]
SQL: SELECT * FROM `movie` WHERE ( movie_id=23 ) LIMIT 1   [ RunTime:0.0010s ]
SQL: SELECT * FROM `movie` WHERE ( movie_id=23 ) LIMIT 1   [ RunTime:0.0009s ]
SQL: SELECT * FROM `movie` WHERE ( movie_id=23 ) LIMIT 1   [ RunTime:0.0008s ]
SQL: SELECT * FROM `movie` WHERE ( movie_id=24 ) LIMIT 1   [ RunTime:0.0008s ]
SQL: SELECT * FROM `movie` WHERE ( movie_id=24 ) LIMIT 1   [ RunTime:0.0010s ]
SQL: SELECT * FROM `movie` WHERE ( movie_id=24 ) LIMIT 1   [ RunTime:0.0009s ]
SQL: SELECT * FROM `movie` WHERE ( movie_id=22 ) LIMIT 1   [ RunTime:0.0006s ]
SQL: SELECT * FROM `movie` WHERE ( movie_id=22 ) LIMIT 1   [ RunTime:0.0009s ]
SQL: SELECT * FROM `movie` WHERE ( movie_id=22 ) LIMIT 1   [ RunTime:0.0007s ]
SQL: SELECT * FROM `movie` WHERE ( movie_id=25 ) LIMIT 1   [ RunTime:0.0006s ]
SQL: SELECT * FROM `movie` WHERE ( movie_id=25 ) LIMIT 1   [ RunTime:0.0006s ]
SQL: SELECT * FROM `movie` WHERE ( movie_id=25 ) LIMIT 1   [ RunTime:0.0006s ]
SQL: SELECT * FROM `movie` WHERE ( movie_id=26 ) LIMIT 1   [ RunTime:0.0011s ]
SQL: SELECT * FROM `movie` WHERE ( movie_id=26 ) LIMIT 1   [ RunTime:0.0007s ]
SQL: SELECT * FROM `movie` WHERE ( movie_id=26 ) LIMIT 1   [ RunTime:0.0006s ]
SQL: SELECT * FROM `movie` WHERE ( movie_id=28 ) LIMIT 1   [ RunTime:0.0008s ]
SQL: SELECT * FROM `movie` WHERE ( movie_id=28 ) LIMIT 1   [ RunTime:0.0006s ]
SQL: SELECT * FROM `movie` WHERE ( movie_id=28 ) LIMIT 1   [ RunTime:0.0005s ]
SQL: SELECT * FROM `movie` WHERE ( movie_id=26 ) LIMIT 1   [ RunTime:0.0005s ]
SQL: SELECT * FROM `movie` WHERE ( movie_id=26 ) LIMIT 1   [ RunTime:0.0005s ]
SQL: SELECT * FROM `movie` WHERE ( movie_id=26 ) LIMIT 1   [ RunTime:0.0006s ]
SQL: SELECT * FROM `movie` WHERE ( movie_id=29 ) LIMIT 1   [ RunTime:0.0011s ]
SQL: SELECT * FROM `movie` WHERE ( movie_id=29 ) LIMIT 1   [ RunTime:0.0009s ]
SQL: SELECT * FROM `movie` WHERE ( movie_id=29 ) LIMIT 1   [ RunTime:0.0009s ]
SQL: SELECT * FROM `movie` WHERE ( movie_id=33 ) LIMIT 1   [ RunTime:0.0007s ]
SQL: SELECT * FROM `movie` WHERE ( movie_id=33 ) LIMIT 1   [ RunTime:0.0005s ]
SQL: SELECT * FROM `movie` WHERE ( movie_id=33 ) LIMIT 1   [ RunTime:0.0005s ]
SQL: SELECT * FROM `movie` WHERE ( movie_id=32 ) LIMIT 1   [ RunTime:0.0005s ]
SQL: SELECT * FROM `movie` WHERE ( movie_id=32 ) LIMIT 1   [ RunTime:0.0005s ]
SQL: SELECT * FROM `movie` WHERE ( movie_id=32 ) LIMIT 1   [ RunTime:0.0006s ]
SQL: SELECT * FROM `movie` WHERE ( movie_id=31 ) LIMIT 1   [ RunTime:0.0009s ]
SQL: SELECT * FROM `movie` WHERE ( movie_id=31 ) LIMIT 1   [ RunTime:0.0006s ]
SQL: SELECT * FROM `movie` WHERE ( movie_id=31 ) LIMIT 1   [ RunTime:0.0008s ]
SQL: SELECT * FROM `movie` WHERE ( movie_id=43 ) LIMIT 1   [ RunTime:0.0007s ]
SQL: SELECT * FROM `movie` WHERE ( movie_id=43 ) LIMIT 1   [ RunTime:0.0005s ]
SQL: SELECT * FROM `movie` WHERE ( movie_id=43 ) LIMIT 1   [ RunTime:0.0005s ]
SQL: SELECT * FROM `movie` WHERE ( movie_id=34 ) LIMIT 1   [ RunTime:0.0005s ]
SQL: SELECT * FROM `movie` WHERE ( movie_id=34 ) LIMIT 1   [ RunTime:0.0010s ]
SQL: SELECT * FROM `movie` WHERE ( movie_id=34 ) LIMIT 1   [ RunTime:0.0008s ]
SQL: SELECT * FROM `movie` WHERE ( movie_id=36 ) LIMIT 1   [ RunTime:0.0007s ]
SQL: SELECT * FROM `movie` WHERE ( movie_id=36 ) LIMIT 1   [ RunTime:0.0008s ]
SQL: SELECT * FROM `movie` WHERE ( movie_id=36 ) LIMIT 1   [ RunTime:0.0008s ]
SQL: SELECT * FROM `movie` WHERE ( movie_id=38 ) LIMIT 1   [ RunTime:0.0005s ]
SQL: SELECT * FROM `movie` WHERE ( movie_id=38 ) LIMIT 1   [ RunTime:0.0005s ]
SQL: SELECT * FROM `movie` WHERE ( movie_id=38 ) LIMIT 1   [ RunTime:0.0005s ]
SQL: SELECT * FROM `movie` WHERE ( movie_id=40 ) LIMIT 1   [ RunTime:0.0005s ]
SQL: SELECT * FROM `movie` WHERE ( movie_id=40 ) LIMIT 1   [ RunTime:0.0005s ]
SQL: SELECT * FROM `movie` WHERE ( movie_id=40 ) LIMIT 1   [ RunTime:0.0006s ]
INFO: Run Behavior\ParseTemplateBehavior [ RunTime:0.092269s ]
INFO: [ view_parse ] --END-- [ RunTime:0.092352s ]
INFO: [ view_filter ] --START--
INFO: Run Behavior\WriteHtmlCacheBehavior [ RunTime:0.000868s ]
INFO: [ view_filter ] --END-- [ RunTime:0.000953s ]
INFO: [ app_end ] --START--
INFO: Run Behavior\ShowPageTraceBehavior [ RunTime:0.000840s ]
INFO: [ app_end ] --END-- [ RunTime:0.000928s ]

[ 2017-06-30T17:50:56+08:00 ] ::1 /bigticket/index.php?m=home&c=index&a=index
INFO: [ app_init ] --START--
INFO: Run Behavior\BuildLiteBehavior [ RunTime:0.000019s ]
INFO: [ app_init ] --END-- [ RunTime:0.000361s ]
INFO: [ app_begin ] --START--
INFO: Run Behavior\ReadHtmlCacheBehavior [ RunTime:0.000600s ]
INFO: [ app_begin ] --END-- [ RunTime:0.000724s ]
NOTIC: [2048] Declaration of Home\Controller\CommonController::error() should be compatible with that of Think\Controller::error() F:\wamp\wamp\www\bigticket\Application\Home\Controller\CommonController.class.php 第 25 行.
NOTIC: [2048] Declaration of Common\Model\PositionContentModel::find() should be compatible with that of Think\Model::find() F:\wamp\wamp\www\bigticket\Application\Common\Model\PositionContentModel.class.php 第 8 行.
SQL: SHOW COLUMNS FROM `position_content` [ RunTime:0.0116s ]
SQL: SELECT * FROM `position_content` WHERE `status` = 1 AND `position_id` = 1 ORDER BY create_time desc  [ RunTime:0.0010s ]
SQL: SELECT * FROM `position_content` WHERE `status` = 1 AND `position_id` = 2  [ RunTime:0.0007s ]
SQL: SELECT * FROM `position_content` WHERE `status` = 1 AND `position_id` = 3  [ RunTime:0.0008s ]
SQL: SELECT * FROM `position_content` WHERE `status` = 1 AND `position_id` = 4  [ RunTime:0.0015s ]
INFO: [ view_parse ] --START--
INFO: [ template_filter ] --START--
INFO: Run Behavior\ContentReplaceBehavior [ RunTime:0.000093s ]
INFO: [ template_filter ] --END-- [ RunTime:0.000180s ]
NOTIC: [2048] Declaration of Common\Model\MovieModel::find() should be compatible with that of Think\Model::find() F:\wamp\wamp\www\bigticket\Application\Common\Model\MovieModel.class.php 第 90 行.
SQL: SHOW COLUMNS FROM `movie` [ RunTime:0.0121s ]
SQL: SELECT * FROM `movie` WHERE ( movie_id=29 ) LIMIT 1   [ RunTime:0.0009s ]
SQL: SELECT * FROM `movie` WHERE ( movie_id=30 ) LIMIT 1   [ RunTime:0.0008s ]
SQL: SELECT * FROM `movie` WHERE ( movie_id=21 ) LIMIT 1   [ RunTime:0.0011s ]
SQL: SELECT * FROM `movie` WHERE ( movie_id=39 ) LIMIT 1   [ RunTime:0.0014s ]
SQL: SELECT * FROM `movie` WHERE ( movie_id=37 ) LIMIT 1   [ RunTime:0.0013s ]
SQL: SELECT * FROM `movie` WHERE ( movie_id=26 ) LIMIT 1   [ RunTime:0.0012s ]
SQL: SELECT * FROM `movie` WHERE ( movie_id=23 ) LIMIT 1   [ RunTime:0.0008s ]
SQL: SELECT * FROM `movie` WHERE ( movie_id=41 ) LIMIT 1   [ RunTime:0.0008s ]
SQL: SELECT * FROM `movie` WHERE ( movie_id=22 ) LIMIT 1   [ RunTime:0.0009s ]
SQL: SELECT * FROM `movie` WHERE ( movie_id=21 ) LIMIT 1   [ RunTime:0.0007s ]
SQL: SELECT * FROM `movie` WHERE ( movie_id=21 ) LIMIT 1   [ RunTime:0.0008s ]
SQL: SELECT * FROM `movie` WHERE ( movie_id=21 ) LIMIT 1   [ RunTime:0.0007s ]
SQL: SELECT * FROM `movie` WHERE ( movie_id=23 ) LIMIT 1   [ RunTime:0.0008s ]
SQL: SELECT * FROM `movie` WHERE ( movie_id=23 ) LIMIT 1   [ RunTime:0.0016s ]
SQL: SELECT * FROM `movie` WHERE ( movie_id=23 ) LIMIT 1   [ RunTime:0.0009s ]
SQL: SELECT * FROM `movie` WHERE ( movie_id=24 ) LIMIT 1   [ RunTime:0.0016s ]
SQL: SELECT * FROM `movie` WHERE ( movie_id=24 ) LIMIT 1   [ RunTime:0.0008s ]
SQL: SELECT * FROM `movie` WHERE ( movie_id=24 ) LIMIT 1   [ RunTime:0.0007s ]
SQL: SELECT * FROM `movie` WHERE ( movie_id=22 ) LIMIT 1   [ RunTime:0.0013s ]
SQL: SELECT * FROM `movie` WHERE ( movie_id=22 ) LIMIT 1   [ RunTime:0.0009s ]
SQL: SELECT * FROM `movie` WHERE ( movie_id=22 ) LIMIT 1   [ RunTime:0.0008s ]
SQL: SELECT * FROM `movie` WHERE ( movie_id=25 ) LIMIT 1   [ RunTime:0.0008s ]
SQL: SELECT * FROM `movie` WHERE ( movie_id=25 ) LIMIT 1   [ RunTime:0.0008s ]
SQL: SELECT * FROM `movie` WHERE ( movie_id=25 ) LIMIT 1   [ RunTime:0.0007s ]
SQL: SELECT * FROM `movie` WHERE ( movie_id=26 ) LIMIT 1   [ RunTime:0.0007s ]
SQL: SELECT * FROM `movie` WHERE ( movie_id=26 ) LIMIT 1   [ RunTime:0.0007s ]
SQL: SELECT * FROM `movie` WHERE ( movie_id=26 ) LIMIT 1   [ RunTime:0.0008s ]
SQL: SELECT * FROM `movie` WHERE ( movie_id=28 ) LIMIT 1   [ RunTime:0.0006s ]
SQL: SELECT * FROM `movie` WHERE ( movie_id=28 ) LIMIT 1   [ RunTime:0.0005s ]
SQL: SELECT * FROM `movie` WHERE ( movie_id=28 ) LIMIT 1   [ RunTime:0.0008s ]
SQL: SELECT * FROM `movie` WHERE ( movie_id=26 ) LIMIT 1   [ RunTime:0.0016s ]
SQL: SELECT * FROM `movie` WHERE ( movie_id=26 ) LIMIT 1   [ RunTime:0.0008s ]
SQL: SELECT * FROM `movie` WHERE ( movie_id=26 ) LIMIT 1   [ RunTime:0.0007s ]
SQL: SELECT * FROM `movie` WHERE ( movie_id=29 ) LIMIT 1   [ RunTime:0.0007s ]
SQL: SELECT * FROM `movie` WHERE ( movie_id=29 ) LIMIT 1   [ RunTime:0.0013s ]
SQL: SELECT * FROM `movie` WHERE ( movie_id=29 ) LIMIT 1   [ RunTime:0.0010s ]
SQL: SELECT * FROM `movie` WHERE ( movie_id=33 ) LIMIT 1   [ RunTime:0.0005s ]
SQL: SELECT * FROM `movie` WHERE ( movie_id=33 ) LIMIT 1   [ RunTime:0.0004s ]
SQL: SELECT * FROM `movie` WHERE ( movie_id=33 ) LIMIT 1   [ RunTime:0.0005s ]
SQL: SELECT * FROM `movie` WHERE ( movie_id=32 ) LIMIT 1   [ RunTime:0.0007s ]
SQL: SELECT * FROM `movie` WHERE ( movie_id=32 ) LIMIT 1   [ RunTime:0.0007s ]
SQL: SELECT * FROM `movie` WHERE ( movie_id=32 ) LIMIT 1   [ RunTime:0.0007s ]
SQL: SELECT * FROM `movie` WHERE ( movie_id=31 ) LIMIT 1   [ RunTime:0.0008s ]
SQL: SELECT * FROM `movie` WHERE ( movie_id=31 ) LIMIT 1   [ RunTime:0.0007s ]
SQL: SELECT * FROM `movie` WHERE ( movie_id=31 ) LIMIT 1   [ RunTime:0.0006s ]
SQL: SELECT * FROM `movie` WHERE ( movie_id=43 ) LIMIT 1   [ RunTime:0.0016s ]
SQL: SELECT * FROM `movie` WHERE ( movie_id=43 ) LIMIT 1   [ RunTime:0.0013s ]
SQL: SELECT * FROM `movie` WHERE ( movie_id=43 ) LIMIT 1   [ RunTime:0.0021s ]
SQL: SELECT * FROM `movie` WHERE ( movie_id=34 ) LIMIT 1   [ RunTime:0.0018s ]
SQL: SELECT * FROM `movie` WHERE ( movie_id=34 ) LIMIT 1   [ RunTime:0.0015s ]
SQL: SELECT * FROM `movie` WHERE ( movie_id=34 ) LIMIT 1   [ RunTime:0.0015s ]
SQL: SELECT * FROM `movie` WHERE ( movie_id=36 ) LIMIT 1   [ RunTime:0.0019s ]
SQL: SELECT * FROM `movie` WHERE ( movie_id=36 ) LIMIT 1   [ RunTime:0.0016s ]
SQL: SELECT * FROM `movie` WHERE ( movie_id=36 ) LIMIT 1   [ RunTime:0.0018s ]
SQL: SELECT * FROM `movie` WHERE ( movie_id=38 ) LIMIT 1   [ RunTime:0.0015s ]
SQL: SELECT * FROM `movie` WHERE ( movie_id=38 ) LIMIT 1   [ RunTime:0.0019s ]
SQL: SELECT * FROM `movie` WHERE ( movie_id=38 ) LIMIT 1   [ RunTime:0.0017s ]
SQL: SELECT * FROM `movie` WHERE ( movie_id=40 ) LIMIT 1   [ RunTime:0.0009s ]
SQL: SELECT * FROM `movie` WHERE ( movie_id=40 ) LIMIT 1   [ RunTime:0.0008s ]
SQL: SELECT * FROM `movie` WHERE ( movie_id=40 ) LIMIT 1   [ RunTime:0.0008s ]
SQL: SELECT * FROM `movie` WHERE ( movie_id=39 ) LIMIT 1   [ RunTime:0.0012s ]
SQL: SELECT * FROM `movie` WHERE ( movie_id=39 ) LIMIT 1   [ RunTime:0.0008s ]
SQL: SELECT * FROM `movie` WHERE ( movie_id=39 ) LIMIT 1   [ RunTime:0.0010s ]
INFO: Run Behavior\ParseTemplateBehavior [ RunTime:0.113033s ]
INFO: [ view_parse ] --END-- [ RunTime:0.113130s ]
INFO: [ view_filter ] --START--
INFO: Run Behavior\WriteHtmlCacheBehavior [ RunTime:0.000510s ]
INFO: [ view_filter ] --END-- [ RunTime:0.000629s ]
INFO: [ app_end ] --START--
INFO: Run Behavior\ShowPageTraceBehavior [ RunTime:0.000811s ]
INFO: [ app_end ] --END-- [ RunTime:0.000928s ]

[ 2017-06-30T18:03:58+08:00 ] ::1 /bigticket/index.php?m=home&c=movies&a=index
INFO: [ app_init ] --START--
INFO: Run Behavior\BuildLiteBehavior [ RunTime:0.000053s ]
INFO: [ app_init ] --END-- [ RunTime:0.000601s ]
INFO: [ app_begin ] --START--
INFO: Run Behavior\ReadHtmlCacheBehavior [ RunTime:0.000525s ]
INFO: [ app_begin ] --END-- [ RunTime:0.000630s ]
NOTIC: [2048] Declaration of Home\Controller\CommonController::error() should be compatible with that of Think\Controller::error() F:\wamp\wamp\www\bigticket\Application\Home\Controller\CommonController.class.php 第 25 行.
INFO: [ view_parse ] --START--
INFO: [ template_filter ] --START--
INFO: Run Behavior\ContentReplaceBehavior [ RunTime:0.000097s ]
INFO: [ template_filter ] --END-- [ RunTime:0.000209s ]
INFO: Run Behavior\ParseTemplateBehavior [ RunTime:0.009440s ]
INFO: [ view_parse ] --END-- [ RunTime:0.009542s ]
INFO: [ view_filter ] --START--
INFO: Run Behavior\WriteHtmlCacheBehavior [ RunTime:0.000321s ]
INFO: [ view_filter ] --END-- [ RunTime:0.000409s ]
INFO: [ app_end ] --START--
INFO: Run Behavior\ShowPageTraceBehavior [ RunTime:0.000560s ]
INFO: [ app_end ] --END-- [ RunTime:0.000653s ]

