[ 2017-08-08T15:56:18+08:00 ] ::1 /bigticket/
INFO: [ app_init ] --START--
INFO: Run Behavior\BuildLiteBehavior [ RunTime:0.000031s ]
INFO: [ app_init ] --END-- [ RunTime:0.000490s ]
INFO: [ app_begin ] --START--
INFO: Run Behavior\ReadHtmlCacheBehavior [ RunTime:0.001452s ]
INFO: [ app_begin ] --END-- [ RunTime:0.001788s ]
NOTIC: [2048] Declaration of Home\Controller\CommonController::error() should be compatible with that of Think\Controller::error() F:\wamp\www\bigticket\Application\Home\Controller\CommonController.class.php 第 25 行.
NOTIC: [2048] Declaration of Common\Model\PositionContentModel::find() should be compatible with that of Think\Model::find() F:\wamp\www\bigticket\Application\Common\Model\PositionContentModel.class.php 第 8 行.
SQL: SHOW COLUMNS FROM `position_content` [ RunTime:0.0233s ]
SQL: SELECT * FROM `position_content` WHERE `status` = 1 AND `position_id` = 1 ORDER BY create_time desc  [ RunTime:0.0005s ]
SQL: SELECT * FROM `position_content` WHERE `status` = 1 AND `position_id` = 2  [ RunTime:0.0003s ]
SQL: SELECT * FROM `position_content` WHERE `status` = 1 AND `position_id` = 3  [ RunTime:0.0005s ]
SQL: SELECT * FROM `position_content` WHERE `status` = 1 AND `position_id` = 4  [ RunTime:0.0005s ]
INFO: [ view_parse ] --START--
INFO: [ template_filter ] --START--
INFO: Run Behavior\ContentReplaceBehavior [ RunTime:0.000089s ]
INFO: [ template_filter ] --END-- [ RunTime:0.000178s ]
NOTIC: [2048] Declaration of Common\Model\MovieModel::find() should be compatible with that of Think\Model::find() F:\wamp\www\bigticket\Application\Common\Model\MovieModel.class.php 第 90 行.
SQL: SHOW COLUMNS FROM `movie` [ RunTime:0.0124s ]
SQL: SELECT * FROM `movie` WHERE ( movie_id=29 ) LIMIT 1   [ RunTime:0.0005s ]
SQL: SELECT * FROM `movie` WHERE ( movie_id=30 ) LIMIT 1   [ RunTime:0.0004s ]
SQL: SELECT * FROM `movie` WHERE ( movie_id=21 ) LIMIT 1   [ RunTime:0.0004s ]
SQL: SELECT * FROM `movie` WHERE ( movie_id=39 ) LIMIT 1   [ RunTime:0.0003s ]
SQL: SELECT * FROM `movie` WHERE ( movie_id=37 ) LIMIT 1   [ RunTime:0.0005s ]
SQL: SELECT * FROM `movie` WHERE ( movie_id=26 ) LIMIT 1   [ RunTime:0.0006s ]
SQL: SELECT * FROM `movie` WHERE ( movie_id=23 ) LIMIT 1   [ RunTime:0.0005s ]
SQL: SELECT * FROM `movie` WHERE ( movie_id=41 ) LIMIT 1   [ RunTime:0.0004s ]
SQL: SELECT * FROM `movie` WHERE ( movie_id=22 ) LIMIT 1   [ RunTime:0.0004s ]
SQL: SELECT * FROM `movie` WHERE ( movie_id=21 ) LIMIT 1   [ RunTime:0.0004s ]
SQL: SELECT * FROM `movie` WHERE ( movie_id=21 ) LIMIT 1   [ RunTime:0.0003s ]
SQL: SELECT * FROM `movie` WHERE ( movie_id=21 ) LIMIT 1   [ RunTime:0.0005s ]
SQL: SELECT * FROM `movie` WHERE ( movie_id=23 ) LIMIT 1   [ RunTime:0.0004s ]
SQL: SELECT * FROM `movie` WHERE ( movie_id=23 ) LIMIT 1   [ RunTime:0.0003s ]
SQL: SELECT * FROM `movie` WHERE ( movie_id=23 ) LIMIT 1   [ RunTime:0.0003s ]
SQL: SELECT * FROM `movie` WHERE ( movie_id=24 ) LIMIT 1   [ RunTime:0.0003s ]
SQL: SELECT * FROM `movie` WHERE ( movie_id=24 ) LIMIT 1   [ RunTime:0.0004s ]
SQL: SELECT * FROM `movie` WHERE ( movie_id=24 ) LIMIT 1   [ RunTime:0.0005s ]
SQL: SELECT * FROM `movie` WHERE ( movie_id=22 ) LIMIT 1   [ RunTime:0.0004s ]
SQL: SELECT * FROM `movie` WHERE ( movie_id=22 ) LIMIT 1   [ RunTime:0.0004s ]
SQL: SELECT * FROM `movie` WHERE ( movie_id=22 ) LIMIT 1   [ RunTime:0.0004s ]
SQL: SELECT * FROM `movie` WHERE ( movie_id=25 ) LIMIT 1   [ RunTime:0.0003s ]
SQL: SELECT * FROM `movie` WHERE ( movie_id=25 ) LIMIT 1   [ RunTime:0.0003s ]
SQL: SELECT * FROM `movie` WHERE ( movie_id=25 ) LIMIT 1   [ RunTime:0.0003s ]
SQL: SELECT * FROM `movie` WHERE ( movie_id=26 ) LIMIT 1   [ RunTime:0.0003s ]
SQL: SELECT * FROM `movie` WHERE ( movie_id=26 ) LIMIT 1   [ RunTime:0.0004s ]
SQL: SELECT * FROM `movie` WHERE ( movie_id=26 ) LIMIT 1   [ RunTime:0.0003s ]
SQL: SELECT * FROM `movie` WHERE ( movie_id=28 ) LIMIT 1   [ RunTime:0.0003s ]
SQL: SELECT * FROM `movie` WHERE ( movie_id=28 ) LIMIT 1   [ RunTime:0.0003s ]
SQL: SELECT * FROM `movie` WHERE ( movie_id=28 ) LIMIT 1   [ RunTime:0.0004s ]
SQL: SELECT * FROM `movie` WHERE ( movie_id=26 ) LIMIT 1   [ RunTime:0.0005s ]
SQL: SELECT * FROM `movie` WHERE ( movie_id=26 ) LIMIT 1   [ RunTime:0.0003s ]
SQL: SELECT * FROM `movie` WHERE ( movie_id=26 ) LIMIT 1   [ RunTime:0.0004s ]
SQL: SELECT * FROM `movie` WHERE ( movie_id=29 ) LIMIT 1   [ RunTime:0.0004s ]
SQL: SELECT * FROM `movie` WHERE ( movie_id=29 ) LIMIT 1   [ RunTime:0.0003s ]
SQL: SELECT * FROM `movie` WHERE ( movie_id=29 ) LIMIT 1   [ RunTime:0.0003s ]
SQL: SELECT * FROM `movie` WHERE ( movie_id=33 ) LIMIT 1   [ RunTime:0.0003s ]
SQL: SELECT * FROM `movie` WHERE ( movie_id=33 ) LIMIT 1   [ RunTime:0.0003s ]
SQL: SELECT * FROM `movie` WHERE ( movie_id=33 ) LIMIT 1   [ RunTime:0.0003s ]
SQL: SELECT * FROM `movie` WHERE ( movie_id=32 ) LIMIT 1   [ RunTime:0.0003s ]
SQL: SELECT * FROM `movie` WHERE ( movie_id=32 ) LIMIT 1   [ RunTime:0.0003s ]
SQL: SELECT * FROM `movie` WHERE ( movie_id=32 ) LIMIT 1   [ RunTime:0.0003s ]
SQL: SELECT * FROM `movie` WHERE ( movie_id=31 ) LIMIT 1   [ RunTime:0.0004s ]
SQL: SELECT * FROM `movie` WHERE ( movie_id=31 ) LIMIT 1   [ RunTime:0.0004s ]
SQL: SELECT * FROM `movie` WHERE ( movie_id=31 ) LIMIT 1   [ RunTime:0.0003s ]
SQL: SELECT * FROM `movie` WHERE ( movie_id=43 ) LIMIT 1   [ RunTime:0.0003s ]
SQL: SELECT * FROM `movie` WHERE ( movie_id=43 ) LIMIT 1   [ RunTime:0.0003s ]
SQL: SELECT * FROM `movie` WHERE ( movie_id=43 ) LIMIT 1   [ RunTime:0.0003s ]
SQL: SELECT * FROM `movie` WHERE ( movie_id=34 ) LIMIT 1   [ RunTime:0.0003s ]
SQL: SELECT * FROM `movie` WHERE ( movie_id=34 ) LIMIT 1   [ RunTime:0.0003s ]
SQL: SELECT * FROM `movie` WHERE ( movie_id=34 ) LIMIT 1   [ RunTime:0.0003s ]
SQL: SELECT * FROM `movie` WHERE ( movie_id=36 ) LIMIT 1   [ RunTime:0.0003s ]
SQL: SELECT * FROM `movie` WHERE ( movie_id=36 ) LIMIT 1   [ RunTime:0.0003s ]
SQL: SELECT * FROM `movie` WHERE ( movie_id=36 ) LIMIT 1   [ RunTime:0.0003s ]
SQL: SELECT * FROM `movie` WHERE ( movie_id=38 ) LIMIT 1   [ RunTime:0.0003s ]
SQL: SELECT * FROM `movie` WHERE ( movie_id=38 ) LIMIT 1   [ RunTime:0.0004s ]
SQL: SELECT * FROM `movie` WHERE ( movie_id=38 ) LIMIT 1   [ RunTime:0.0006s ]
SQL: SELECT * FROM `movie` WHERE ( movie_id=40 ) LIMIT 1   [ RunTime:0.0005s ]
SQL: SELECT * FROM `movie` WHERE ( movie_id=40 ) LIMIT 1   [ RunTime:0.0004s ]
SQL: SELECT * FROM `movie` WHERE ( movie_id=40 ) LIMIT 1   [ RunTime:0.0006s ]
SQL: SELECT * FROM `movie` WHERE ( movie_id=39 ) LIMIT 1   [ RunTime:0.0004s ]
SQL: SELECT * FROM `movie` WHERE ( movie_id=39 ) LIMIT 1   [ RunTime:0.0003s ]
SQL: SELECT * FROM `movie` WHERE ( movie_id=39 ) LIMIT 1   [ RunTime:0.0003s ]
INFO: Run Behavior\ParseTemplateBehavior [ RunTime:0.069714s ]
INFO: [ view_parse ] --END-- [ RunTime:0.069803s ]
INFO: [ view_filter ] --START--
INFO: Run Behavior\WriteHtmlCacheBehavior [ RunTime:0.000279s ]
INFO: [ view_filter ] --END-- [ RunTime:0.000352s ]
INFO: [ app_end ] --START--
INFO: Run Behavior\ShowPageTraceBehavior [ RunTime:0.000528s ]
INFO: [ app_end ] --END-- [ RunTime:0.000603s ]

[ 2017-08-08T15:56:18+08:00 ] ::1 /bigticket/
INFO: [ app_init ] --START--
INFO: Run Behavior\BuildLiteBehavior [ RunTime:0.000035s ]
INFO: [ app_init ] --END-- [ RunTime:0.000501s ]
INFO: [ app_begin ] --START--
INFO: Run Behavior\ReadHtmlCacheBehavior [ RunTime:0.000459s ]
INFO: [ app_begin ] --END-- [ RunTime:0.000568s ]
NOTIC: [2048] Declaration of Home\Controller\CommonController::error() should be compatible with that of Think\Controller::error() F:\wamp\www\bigticket\Application\Home\Controller\CommonController.class.php 第 25 行.
NOTIC: [2048] Declaration of Common\Model\PositionContentModel::find() should be compatible with that of Think\Model::find() F:\wamp\www\bigticket\Application\Common\Model\PositionContentModel.class.php 第 8 行.
SQL: SHOW COLUMNS FROM `position_content` [ RunTime:0.0315s ]
SQL: SELECT * FROM `position_content` WHERE `status` = 1 AND `position_id` = 1 ORDER BY create_time desc  [ RunTime:0.0012s ]
SQL: SELECT * FROM `position_content` WHERE `status` = 1 AND `position_id` = 2  [ RunTime:0.0004s ]
SQL: SELECT * FROM `position_content` WHERE `status` = 1 AND `position_id` = 3  [ RunTime:0.0003s ]
SQL: SELECT * FROM `position_content` WHERE `status` = 1 AND `position_id` = 4  [ RunTime:0.0003s ]
INFO: [ view_parse ] --START--
INFO: [ template_filter ] --START--
INFO: Run Behavior\ContentReplaceBehavior [ RunTime:0.000093s ]
INFO: [ template_filter ] --END-- [ RunTime:0.000189s ]
NOTIC: [2048] Declaration of Common\Model\MovieModel::find() should be compatible with that of Think\Model::find() F:\wamp\www\bigticket\Application\Common\Model\MovieModel.class.php 第 90 行.
SQL: SHOW COLUMNS FROM `movie` [ RunTime:0.0129s ]
SQL: SELECT * FROM `movie` WHERE ( movie_id=29 ) LIMIT 1   [ RunTime:0.0005s ]
SQL: SELECT * FROM `movie` WHERE ( movie_id=30 ) LIMIT 1   [ RunTime:0.0004s ]
SQL: SELECT * FROM `movie` WHERE ( movie_id=21 ) LIMIT 1   [ RunTime:0.0003s ]
SQL: SELECT * FROM `movie` WHERE ( movie_id=39 ) LIMIT 1   [ RunTime:0.0003s ]
SQL: SELECT * FROM `movie` WHERE ( movie_id=37 ) LIMIT 1   [ RunTime:0.0003s ]
SQL: SELECT * FROM `movie` WHERE ( movie_id=26 ) LIMIT 1   [ RunTime:0.0003s ]
SQL: SELECT * FROM `movie` WHERE ( movie_id=23 ) LIMIT 1   [ RunTime:0.0003s ]
SQL: SELECT * FROM `movie` WHERE ( movie_id=41 ) LIMIT 1   [ RunTime:0.0009s ]
SQL: SELECT * FROM `movie` WHERE ( movie_id=22 ) LIMIT 1   [ RunTime:0.0006s ]
SQL: SELECT * FROM `movie` WHERE ( movie_id=21 ) LIMIT 1   [ RunTime:0.0007s ]
SQL: SELECT * FROM `movie` WHERE ( movie_id=21 ) LIMIT 1   [ RunTime:0.0007s ]
SQL: SELECT * FROM `movie` WHERE ( movie_id=21 ) LIMIT 1   [ RunTime:0.0005s ]
SQL: SELECT * FROM `movie` WHERE ( movie_id=23 ) LIMIT 1   [ RunTime:0.0007s ]
SQL: SELECT * FROM `movie` WHERE ( movie_id=23 ) LIMIT 1   [ RunTime:0.0007s ]
SQL: SELECT * FROM `movie` WHERE ( movie_id=23 ) LIMIT 1   [ RunTime:0.0008s ]
SQL: SELECT * FROM `movie` WHERE ( movie_id=24 ) LIMIT 1   [ RunTime:0.0008s ]
SQL: SELECT * FROM `movie` WHERE ( movie_id=24 ) LIMIT 1   [ RunTime:0.0008s ]
SQL: SELECT * FROM `movie` WHERE ( movie_id=24 ) LIMIT 1   [ RunTime:0.0019s ]
SQL: SELECT * FROM `movie` WHERE ( movie_id=22 ) LIMIT 1   [ RunTime:0.0008s ]
SQL: SELECT * FROM `movie` WHERE ( movie_id=22 ) LIMIT 1   [ RunTime:0.0006s ]
SQL: SELECT * FROM `movie` WHERE ( movie_id=22 ) LIMIT 1   [ RunTime:0.0004s ]
SQL: SELECT * FROM `movie` WHERE ( movie_id=25 ) LIMIT 1   [ RunTime:0.0004s ]
SQL: SELECT * FROM `movie` WHERE ( movie_id=25 ) LIMIT 1   [ RunTime:0.0004s ]
SQL: SELECT * FROM `movie` WHERE ( movie_id=25 ) LIMIT 1   [ RunTime:0.0004s ]
SQL: SELECT * FROM `movie` WHERE ( movie_id=26 ) LIMIT 1   [ RunTime:0.0004s ]
SQL: SELECT * FROM `movie` WHERE ( movie_id=26 ) LIMIT 1   [ RunTime:0.0004s ]
SQL: SELECT * FROM `movie` WHERE ( movie_id=26 ) LIMIT 1   [ RunTime:0.0004s ]
SQL: SELECT * FROM `movie` WHERE ( movie_id=28 ) LIMIT 1   [ RunTime:0.0003s ]
SQL: SELECT * FROM `movie` WHERE ( movie_id=28 ) LIMIT 1   [ RunTime:0.0003s ]
SQL: SELECT * FROM `movie` WHERE ( movie_id=28 ) LIMIT 1   [ RunTime:0.0004s ]
SQL: SELECT * FROM `movie` WHERE ( movie_id=26 ) LIMIT 1   [ RunTime:0.0008s ]
SQL: SELECT * FROM `movie` WHERE ( movie_id=26 ) LIMIT 1   [ RunTime:0.0009s ]
SQL: SELECT * FROM `movie` WHERE ( movie_id=26 ) LIMIT 1   [ RunTime:0.0003s ]
SQL: SELECT * FROM `movie` WHERE ( movie_id=29 ) LIMIT 1   [ RunTime:0.0003s ]
SQL: SELECT * FROM `movie` WHERE ( movie_id=29 ) LIMIT 1   [ RunTime:0.0003s ]
SQL: SELECT * FROM `movie` WHERE ( movie_id=29 ) LIMIT 1   [ RunTime:0.0003s ]
SQL: SELECT * FROM `movie` WHERE ( movie_id=33 ) LIMIT 1   [ RunTime:0.0003s ]
SQL: SELECT * FROM `movie` WHERE ( movie_id=33 ) LIMIT 1   [ RunTime:0.0003s ]
SQL: SELECT * FROM `movie` WHERE ( movie_id=33 ) LIMIT 1   [ RunTime:0.0003s ]
SQL: SELECT * FROM `movie` WHERE ( movie_id=32 ) LIMIT 1   [ RunTime:0.0003s ]
SQL: SELECT * FROM `movie` WHERE ( movie_id=32 ) LIMIT 1   [ RunTime:0.0003s ]
SQL: SELECT * FROM `movie` WHERE ( movie_id=32 ) LIMIT 1   [ RunTime:0.0003s ]
SQL: SELECT * FROM `movie` WHERE ( movie_id=31 ) LIMIT 1   [ RunTime:0.0004s ]
SQL: SELECT * FROM `movie` WHERE ( movie_id=31 ) LIMIT 1   [ RunTime:0.0004s ]
SQL: SELECT * FROM `movie` WHERE ( movie_id=31 ) LIMIT 1   [ RunTime:0.0003s ]
SQL: SELECT * FROM `movie` WHERE ( movie_id=43 ) LIMIT 1   [ RunTime:0.0004s ]
SQL: SELECT * FROM `movie` WHERE ( movie_id=43 ) LIMIT 1   [ RunTime:0.0004s ]
SQL: SELECT * FROM `movie` WHERE ( movie_id=43 ) LIMIT 1   [ RunTime:0.0004s ]
SQL: SELECT * FROM `movie` WHERE ( movie_id=34 ) LIMIT 1   [ RunTime:0.0004s ]
SQL: SELECT * FROM `movie` WHERE ( movie_id=34 ) LIMIT 1   [ RunTime:0.0003s ]
SQL: SELECT * FROM `movie` WHERE ( movie_id=34 ) LIMIT 1   [ RunTime:0.0004s ]
SQL: SELECT * FROM `movie` WHERE ( movie_id=36 ) LIMIT 1   [ RunTime:0.0004s ]
SQL: SELECT * FROM `movie` WHERE ( movie_id=36 ) LIMIT 1   [ RunTime:0.0004s ]
SQL: SELECT * FROM `movie` WHERE ( movie_id=36 ) LIMIT 1   [ RunTime:0.0004s ]
SQL: SELECT * FROM `movie` WHERE ( movie_id=38 ) LIMIT 1   [ RunTime:0.0005s ]
SQL: SELECT * FROM `movie` WHERE ( movie_id=38 ) LIMIT 1   [ RunTime:0.0008s ]
SQL: SELECT * FROM `movie` WHERE ( movie_id=38 ) LIMIT 1   [ RunTime:0.0005s ]
SQL: SELECT * FROM `movie` WHERE ( movie_id=40 ) LIMIT 1   [ RunTime:0.0004s ]
SQL: SELECT * FROM `movie` WHERE ( movie_id=40 ) LIMIT 1   [ RunTime:0.0004s ]
SQL: SELECT * FROM `movie` WHERE ( movie_id=40 ) LIMIT 1   [ RunTime:0.0004s ]
SQL: SELECT * FROM `movie` WHERE ( movie_id=39 ) LIMIT 1   [ RunTime:0.0004s ]
SQL: SELECT * FROM `movie` WHERE ( movie_id=39 ) LIMIT 1   [ RunTime:0.0004s ]
SQL: SELECT * FROM `movie` WHERE ( movie_id=39 ) LIMIT 1   [ RunTime:0.0003s ]
INFO: Run Behavior\ParseTemplateBehavior [ RunTime:0.078464s ]
INFO: [ view_parse ] --END-- [ RunTime:0.078545s ]
INFO: [ view_filter ] --START--
INFO: Run Behavior\WriteHtmlCacheBehavior [ RunTime:0.000278s ]
INFO: [ view_filter ] --END-- [ RunTime:0.000351s ]
INFO: [ app_end ] --START--
INFO: Run Behavior\ShowPageTraceBehavior [ RunTime:0.000549s ]
INFO: [ app_end ] --END-- [ RunTime:0.000629s ]

