[ 2017-08-07T14:13:37+08:00 ] ::1 /bigticket/
INFO: [ app_init ] --START--
INFO: Run Behavior\BuildLiteBehavior [ RunTime:0.000034s ]
INFO: [ app_init ] --END-- [ RunTime:0.000559s ]
INFO: [ app_begin ] --START--
INFO: Run Behavior\ReadHtmlCacheBehavior [ RunTime:0.000812s ]
INFO: [ app_begin ] --END-- [ RunTime:0.000971s ]
NOTIC: [2048] Declaration of Home\Controller\CommonController::error() should be compatible with that of Think\Controller::error() F:\wamp\www\bigticket\Application\Home\Controller\CommonController.class.php 第 25 行.
NOTIC: [2048] Declaration of Common\Model\PositionContentModel::find() should be compatible with that of Think\Model::find() F:\wamp\www\bigticket\Application\Common\Model\PositionContentModel.class.php 第 8 行.
SQL: SHOW COLUMNS FROM `position_content` [ RunTime:0.0554s ]
SQL: SELECT * FROM `position_content` WHERE `status` = 1 AND `position_id` = 1 ORDER BY create_time desc  [ RunTime:0.0007s ]
SQL: SELECT * FROM `position_content` WHERE `status` = 1 AND `position_id` = 2  [ RunTime:0.0004s ]
SQL: SELECT * FROM `position_content` WHERE `status` = 1 AND `position_id` = 3  [ RunTime:0.0004s ]
SQL: SELECT * FROM `position_content` WHERE `status` = 1 AND `position_id` = 4  [ RunTime:0.0004s ]
INFO: [ view_parse ] --START--
INFO: [ template_filter ] --START--
INFO: Run Behavior\ContentReplaceBehavior [ RunTime:0.000100s ]
INFO: [ template_filter ] --END-- [ RunTime:0.000210s ]
NOTIC: [2048] Declaration of Common\Model\MovieModel::find() should be compatible with that of Think\Model::find() F:\wamp\www\bigticket\Application\Common\Model\MovieModel.class.php 第 90 行.
SQL: SHOW COLUMNS FROM `movie` [ RunTime:0.0133s ]
SQL: SELECT * FROM `movie` WHERE ( movie_id=29 ) LIMIT 1   [ RunTime:0.0007s ]
SQL: SELECT * FROM `movie` WHERE ( movie_id=30 ) LIMIT 1   [ RunTime:0.0007s ]
SQL: SELECT * FROM `movie` WHERE ( movie_id=21 ) LIMIT 1   [ RunTime:0.0008s ]
SQL: SELECT * FROM `movie` WHERE ( movie_id=39 ) LIMIT 1   [ RunTime:0.0006s ]
SQL: SELECT * FROM `movie` WHERE ( movie_id=37 ) LIMIT 1   [ RunTime:0.0007s ]
SQL: SELECT * FROM `movie` WHERE ( movie_id=26 ) LIMIT 1   [ RunTime:0.0005s ]
SQL: SELECT * FROM `movie` WHERE ( movie_id=23 ) LIMIT 1   [ RunTime:0.0004s ]
SQL: SELECT * FROM `movie` WHERE ( movie_id=41 ) LIMIT 1   [ RunTime:0.0004s ]
SQL: SELECT * FROM `movie` WHERE ( movie_id=22 ) LIMIT 1   [ RunTime:0.0006s ]
SQL: SELECT * FROM `movie` WHERE ( movie_id=21 ) LIMIT 1   [ RunTime:0.0005s ]
SQL: SELECT * FROM `movie` WHERE ( movie_id=21 ) LIMIT 1   [ RunTime:0.0004s ]
SQL: SELECT * FROM `movie` WHERE ( movie_id=21 ) LIMIT 1   [ RunTime:0.0006s ]
SQL: SELECT * FROM `movie` WHERE ( movie_id=23 ) LIMIT 1   [ RunTime:0.0005s ]
SQL: SELECT * FROM `movie` WHERE ( movie_id=23 ) LIMIT 1   [ RunTime:0.0009s ]
SQL: SELECT * FROM `movie` WHERE ( movie_id=23 ) LIMIT 1   [ RunTime:0.0006s ]
SQL: SELECT * FROM `movie` WHERE ( movie_id=24 ) LIMIT 1   [ RunTime:0.0006s ]
SQL: SELECT * FROM `movie` WHERE ( movie_id=24 ) LIMIT 1   [ RunTime:0.0005s ]
SQL: SELECT * FROM `movie` WHERE ( movie_id=24 ) LIMIT 1   [ RunTime:0.0005s ]
SQL: SELECT * FROM `movie` WHERE ( movie_id=22 ) LIMIT 1   [ RunTime:0.0004s ]
SQL: SELECT * FROM `movie` WHERE ( movie_id=22 ) LIMIT 1   [ RunTime:0.0005s ]
SQL: SELECT * FROM `movie` WHERE ( movie_id=22 ) LIMIT 1   [ RunTime:0.0009s ]
SQL: SELECT * FROM `movie` WHERE ( movie_id=25 ) LIMIT 1   [ RunTime:0.0006s ]
SQL: SELECT * FROM `movie` WHERE ( movie_id=25 ) LIMIT 1   [ RunTime:0.0005s ]
SQL: SELECT * FROM `movie` WHERE ( movie_id=25 ) LIMIT 1   [ RunTime:0.0006s ]
SQL: SELECT * FROM `movie` WHERE ( movie_id=26 ) LIMIT 1   [ RunTime:0.0006s ]
SQL: SELECT * FROM `movie` WHERE ( movie_id=26 ) LIMIT 1   [ RunTime:0.0005s ]
SQL: SELECT * FROM `movie` WHERE ( movie_id=26 ) LIMIT 1   [ RunTime:0.0005s ]
SQL: SELECT * FROM `movie` WHERE ( movie_id=28 ) LIMIT 1   [ RunTime:0.0003s ]
SQL: SELECT * FROM `movie` WHERE ( movie_id=28 ) LIMIT 1   [ RunTime:0.0004s ]
SQL: SELECT * FROM `movie` WHERE ( movie_id=28 ) LIMIT 1   [ RunTime:0.0004s ]
SQL: SELECT * FROM `movie` WHERE ( movie_id=26 ) LIMIT 1   [ RunTime:0.0003s ]
SQL: SELECT * FROM `movie` WHERE ( movie_id=26 ) LIMIT 1   [ RunTime:0.0003s ]
SQL: SELECT * FROM `movie` WHERE ( movie_id=26 ) LIMIT 1   [ RunTime:0.0004s ]
SQL: SELECT * FROM `movie` WHERE ( movie_id=29 ) LIMIT 1   [ RunTime:0.0003s ]
SQL: SELECT * FROM `movie` WHERE ( movie_id=29 ) LIMIT 1   [ RunTime:0.0003s ]
SQL: SELECT * FROM `movie` WHERE ( movie_id=29 ) LIMIT 1   [ RunTime:0.0004s ]
SQL: SELECT * FROM `movie` WHERE ( movie_id=33 ) LIMIT 1   [ RunTime:0.0003s ]
SQL: SELECT * FROM `movie` WHERE ( movie_id=33 ) LIMIT 1   [ RunTime:0.0003s ]
SQL: SELECT * FROM `movie` WHERE ( movie_id=33 ) LIMIT 1   [ RunTime:0.0005s ]
SQL: SELECT * FROM `movie` WHERE ( movie_id=32 ) LIMIT 1   [ RunTime:0.0004s ]
SQL: SELECT * FROM `movie` WHERE ( movie_id=32 ) LIMIT 1   [ RunTime:0.0005s ]
SQL: SELECT * FROM `movie` WHERE ( movie_id=32 ) LIMIT 1   [ RunTime:0.0005s ]
SQL: SELECT * FROM `movie` WHERE ( movie_id=31 ) LIMIT 1   [ RunTime:0.0004s ]
SQL: SELECT * FROM `movie` WHERE ( movie_id=31 ) LIMIT 1   [ RunTime:0.0003s ]
SQL: SELECT * FROM `movie` WHERE ( movie_id=31 ) LIMIT 1   [ RunTime:0.0004s ]
SQL: SELECT * FROM `movie` WHERE ( movie_id=43 ) LIMIT 1   [ RunTime:0.0004s ]
SQL: SELECT * FROM `movie` WHERE ( movie_id=43 ) LIMIT 1   [ RunTime:0.0005s ]
SQL: SELECT * FROM `movie` WHERE ( movie_id=43 ) LIMIT 1   [ RunTime:0.0005s ]
SQL: SELECT * FROM `movie` WHERE ( movie_id=34 ) LIMIT 1   [ RunTime:0.0004s ]
SQL: SELECT * FROM `movie` WHERE ( movie_id=34 ) LIMIT 1   [ RunTime:0.0004s ]
SQL: SELECT * FROM `movie` WHERE ( movie_id=34 ) LIMIT 1   [ RunTime:0.0004s ]
SQL: SELECT * FROM `movie` WHERE ( movie_id=36 ) LIMIT 1   [ RunTime:0.0004s ]
SQL: SELECT * FROM `movie` WHERE ( movie_id=36 ) LIMIT 1   [ RunTime:0.0004s ]
SQL: SELECT * FROM `movie` WHERE ( movie_id=36 ) LIMIT 1   [ RunTime:0.0004s ]
SQL: SELECT * FROM `movie` WHERE ( movie_id=38 ) LIMIT 1   [ RunTime:0.0004s ]
SQL: SELECT * FROM `movie` WHERE ( movie_id=38 ) LIMIT 1   [ RunTime:0.0004s ]
SQL: SELECT * FROM `movie` WHERE ( movie_id=38 ) LIMIT 1   [ RunTime:0.0004s ]
SQL: SELECT * FROM `movie` WHERE ( movie_id=40 ) LIMIT 1   [ RunTime:0.0004s ]
SQL: SELECT * FROM `movie` WHERE ( movie_id=40 ) LIMIT 1   [ RunTime:0.0006s ]
SQL: SELECT * FROM `movie` WHERE ( movie_id=40 ) LIMIT 1   [ RunTime:0.0006s ]
SQL: SELECT * FROM `movie` WHERE ( movie_id=39 ) LIMIT 1   [ RunTime:0.0005s ]
SQL: SELECT * FROM `movie` WHERE ( movie_id=39 ) LIMIT 1   [ RunTime:0.0004s ]
SQL: SELECT * FROM `movie` WHERE ( movie_id=39 ) LIMIT 1   [ RunTime:0.0006s ]
INFO: Run Behavior\ParseTemplateBehavior [ RunTime:0.087197s ]
INFO: [ view_parse ] --END-- [ RunTime:0.087358s ]
INFO: [ view_filter ] --START--
INFO: Run Behavior\WriteHtmlCacheBehavior [ RunTime:0.000689s ]
INFO: [ view_filter ] --END-- [ RunTime:0.000817s ]
INFO: [ app_end ] --START--
INFO: Run Behavior\ShowPageTraceBehavior [ RunTime:0.000610s ]
INFO: [ app_end ] --END-- [ RunTime:0.000699s ]

[ 2017-08-07T15:43:50+08:00 ] ::1 /bigticket/
INFO: [ app_init ] --START--
INFO: Run Behavior\BuildLiteBehavior [ RunTime:0.000059s ]
INFO: [ app_init ] --END-- [ RunTime:0.001034s ]
INFO: [ app_begin ] --START--
INFO: Run Behavior\ReadHtmlCacheBehavior [ RunTime:0.000781s ]
INFO: [ app_begin ] --END-- [ RunTime:0.000967s ]
NOTIC: [2048] Declaration of Home\Controller\CommonController::error() should be compatible with that of Think\Controller::error() F:\wamp\www\bigticket\Application\Home\Controller\CommonController.class.php 第 25 行.
NOTIC: [2048] Declaration of Common\Model\PositionContentModel::find() should be compatible with that of Think\Model::find() F:\wamp\www\bigticket\Application\Common\Model\PositionContentModel.class.php 第 8 行.
SQL: SHOW COLUMNS FROM `position_content` [ RunTime:0.0113s ]
SQL: SELECT * FROM `position_content` WHERE `status` = 1 AND `position_id` = 1 ORDER BY create_time desc  [ RunTime:0.0008s ]
SQL: SELECT * FROM `position_content` WHERE `status` = 1 AND `position_id` = 2  [ RunTime:0.0006s ]
SQL: SELECT * FROM `position_content` WHERE `status` = 1 AND `position_id` = 3  [ RunTime:0.0004s ]
SQL: SELECT * FROM `position_content` WHERE `status` = 1 AND `position_id` = 4  [ RunTime:0.0004s ]
INFO: [ view_parse ] --START--
INFO: [ template_filter ] --START--
INFO: Run Behavior\ContentReplaceBehavior [ RunTime:0.000102s ]
INFO: [ template_filter ] --END-- [ RunTime:0.000215s ]
NOTIC: [2048] Declaration of Common\Model\MovieModel::find() should be compatible with that of Think\Model::find() F:\wamp\www\bigticket\Application\Common\Model\MovieModel.class.php 第 90 行.
SQL: SHOW COLUMNS FROM `movie` [ RunTime:0.0110s ]
SQL: SELECT * FROM `movie` WHERE ( movie_id=29 ) LIMIT 1   [ RunTime:0.0008s ]
SQL: SELECT * FROM `movie` WHERE ( movie_id=30 ) LIMIT 1   [ RunTime:0.0006s ]
SQL: SELECT * FROM `movie` WHERE ( movie_id=21 ) LIMIT 1   [ RunTime:0.0006s ]
SQL: SELECT * FROM `movie` WHERE ( movie_id=39 ) LIMIT 1   [ RunTime:0.0005s ]
SQL: SELECT * FROM `movie` WHERE ( movie_id=37 ) LIMIT 1   [ RunTime:0.0005s ]
SQL: SELECT * FROM `movie` WHERE ( movie_id=26 ) LIMIT 1   [ RunTime:0.0005s ]
SQL: SELECT * FROM `movie` WHERE ( movie_id=23 ) LIMIT 1   [ RunTime:0.0007s ]
SQL: SELECT * FROM `movie` WHERE ( movie_id=41 ) LIMIT 1   [ RunTime:0.0006s ]
SQL: SELECT * FROM `movie` WHERE ( movie_id=22 ) LIMIT 1   [ RunTime:0.0005s ]
SQL: SELECT * FROM `movie` WHERE ( movie_id=21 ) LIMIT 1   [ RunTime:0.0005s ]
SQL: SELECT * FROM `movie` WHERE ( movie_id=21 ) LIMIT 1   [ RunTime:0.0005s ]
SQL: SELECT * FROM `movie` WHERE ( movie_id=21 ) LIMIT 1   [ RunTime:0.0004s ]
SQL: SELECT * FROM `movie` WHERE ( movie_id=23 ) LIMIT 1   [ RunTime:0.0005s ]
SQL: SELECT * FROM `movie` WHERE ( movie_id=23 ) LIMIT 1   [ RunTime:0.0006s ]
SQL: SELECT * FROM `movie` WHERE ( movie_id=23 ) LIMIT 1   [ RunTime:0.0005s ]
SQL: SELECT * FROM `movie` WHERE ( movie_id=24 ) LIMIT 1   [ RunTime:0.0005s ]
SQL: SELECT * FROM `movie` WHERE ( movie_id=24 ) LIMIT 1   [ RunTime:0.0005s ]
SQL: SELECT * FROM `movie` WHERE ( movie_id=24 ) LIMIT 1   [ RunTime:0.0004s ]
SQL: SELECT * FROM `movie` WHERE ( movie_id=22 ) LIMIT 1   [ RunTime:0.0004s ]
SQL: SELECT * FROM `movie` WHERE ( movie_id=22 ) LIMIT 1   [ RunTime:0.0004s ]
SQL: SELECT * FROM `movie` WHERE ( movie_id=22 ) LIMIT 1   [ RunTime:0.0004s ]
SQL: SELECT * FROM `movie` WHERE ( movie_id=25 ) LIMIT 1   [ RunTime:0.0004s ]
SQL: SELECT * FROM `movie` WHERE ( movie_id=25 ) LIMIT 1   [ RunTime:0.0004s ]
SQL: SELECT * FROM `movie` WHERE ( movie_id=25 ) LIMIT 1   [ RunTime:0.0004s ]
SQL: SELECT * FROM `movie` WHERE ( movie_id=26 ) LIMIT 1   [ RunTime:0.0004s ]
SQL: SELECT * FROM `movie` WHERE ( movie_id=26 ) LIMIT 1   [ RunTime:0.0004s ]
SQL: SELECT * FROM `movie` WHERE ( movie_id=26 ) LIMIT 1   [ RunTime:0.0004s ]
SQL: SELECT * FROM `movie` WHERE ( movie_id=28 ) LIMIT 1   [ RunTime:0.0003s ]
SQL: SELECT * FROM `movie` WHERE ( movie_id=28 ) LIMIT 1   [ RunTime:0.0003s ]
SQL: SELECT * FROM `movie` WHERE ( movie_id=28 ) LIMIT 1   [ RunTime:0.0003s ]
SQL: SELECT * FROM `movie` WHERE ( movie_id=26 ) LIMIT 1   [ RunTime:0.0004s ]
SQL: SELECT * FROM `movie` WHERE ( movie_id=26 ) LIMIT 1   [ RunTime:0.0004s ]
SQL: SELECT * FROM `movie` WHERE ( movie_id=26 ) LIMIT 1   [ RunTime:0.0004s ]
SQL: SELECT * FROM `movie` WHERE ( movie_id=29 ) LIMIT 1   [ RunTime:0.0004s ]
SQL: SELECT * FROM `movie` WHERE ( movie_id=29 ) LIMIT 1   [ RunTime:0.0004s ]
SQL: SELECT * FROM `movie` WHERE ( movie_id=29 ) LIMIT 1   [ RunTime:0.0006s ]
SQL: SELECT * FROM `movie` WHERE ( movie_id=33 ) LIMIT 1   [ RunTime:0.0005s ]
SQL: SELECT * FROM `movie` WHERE ( movie_id=33 ) LIMIT 1   [ RunTime:0.0004s ]
SQL: SELECT * FROM `movie` WHERE ( movie_id=33 ) LIMIT 1   [ RunTime:0.0004s ]
SQL: SELECT * FROM `movie` WHERE ( movie_id=32 ) LIMIT 1   [ RunTime:0.0005s ]
SQL: SELECT * FROM `movie` WHERE ( movie_id=32 ) LIMIT 1   [ RunTime:0.0004s ]
SQL: SELECT * FROM `movie` WHERE ( movie_id=32 ) LIMIT 1   [ RunTime:0.0004s ]
SQL: SELECT * FROM `movie` WHERE ( movie_id=31 ) LIMIT 1   [ RunTime:0.0003s ]
SQL: SELECT * FROM `movie` WHERE ( movie_id=31 ) LIMIT 1   [ RunTime:0.0003s ]
SQL: SELECT * FROM `movie` WHERE ( movie_id=31 ) LIMIT 1   [ RunTime:0.0004s ]
SQL: SELECT * FROM `movie` WHERE ( movie_id=43 ) LIMIT 1   [ RunTime:0.0004s ]
SQL: SELECT * FROM `movie` WHERE ( movie_id=43 ) LIMIT 1   [ RunTime:0.0004s ]
SQL: SELECT * FROM `movie` WHERE ( movie_id=43 ) LIMIT 1   [ RunTime:0.0004s ]
SQL: SELECT * FROM `movie` WHERE ( movie_id=34 ) LIMIT 1   [ RunTime:0.0004s ]
SQL: SELECT * FROM `movie` WHERE ( movie_id=34 ) LIMIT 1   [ RunTime:0.0005s ]
SQL: SELECT * FROM `movie` WHERE ( movie_id=34 ) LIMIT 1   [ RunTime:0.0006s ]
SQL: SELECT * FROM `movie` WHERE ( movie_id=36 ) LIMIT 1   [ RunTime:0.0005s ]
SQL: SELECT * FROM `movie` WHERE ( movie_id=36 ) LIMIT 1   [ RunTime:0.0005s ]
SQL: SELECT * FROM `movie` WHERE ( movie_id=36 ) LIMIT 1   [ RunTime:0.0005s ]
SQL: SELECT * FROM `movie` WHERE ( movie_id=38 ) LIMIT 1   [ RunTime:0.0005s ]
SQL: SELECT * FROM `movie` WHERE ( movie_id=38 ) LIMIT 1   [ RunTime:0.0008s ]
SQL: SELECT * FROM `movie` WHERE ( movie_id=38 ) LIMIT 1   [ RunTime:0.0007s ]
SQL: SELECT * FROM `movie` WHERE ( movie_id=40 ) LIMIT 1   [ RunTime:0.0006s ]
SQL: SELECT * FROM `movie` WHERE ( movie_id=40 ) LIMIT 1   [ RunTime:0.0005s ]
SQL: SELECT * FROM `movie` WHERE ( movie_id=40 ) LIMIT 1   [ RunTime:0.0005s ]
SQL: SELECT * FROM `movie` WHERE ( movie_id=39 ) LIMIT 1   [ RunTime:0.0005s ]
SQL: SELECT * FROM `movie` WHERE ( movie_id=39 ) LIMIT 1   [ RunTime:0.0005s ]
SQL: SELECT * FROM `movie` WHERE ( movie_id=39 ) LIMIT 1   [ RunTime:0.0005s ]
INFO: Run Behavior\ParseTemplateBehavior [ RunTime:0.075748s ]
INFO: [ view_parse ] --END-- [ RunTime:0.075835s ]
INFO: [ view_filter ] --START--
INFO: Run Behavior\WriteHtmlCacheBehavior [ RunTime:0.000412s ]
INFO: [ view_filter ] --END-- [ RunTime:0.000490s ]
INFO: [ app_end ] --START--
INFO: Run Behavior\ShowPageTraceBehavior [ RunTime:0.000502s ]
INFO: [ app_end ] --END-- [ RunTime:0.000581s ]

[ 2017-08-07T15:43:50+08:00 ] ::1 /bigticket/
INFO: [ app_init ] --START--
INFO: Run Behavior\BuildLiteBehavior [ RunTime:0.000022s ]
INFO: [ app_init ] --END-- [ RunTime:0.000369s ]
INFO: [ app_begin ] --START--
INFO: Run Behavior\ReadHtmlCacheBehavior [ RunTime:0.000395s ]
INFO: [ app_begin ] --END-- [ RunTime:0.000495s ]
NOTIC: [2048] Declaration of Home\Controller\CommonController::error() should be compatible with that of Think\Controller::error() F:\wamp\www\bigticket\Application\Home\Controller\CommonController.class.php 第 25 行.
NOTIC: [2048] Declaration of Common\Model\PositionContentModel::find() should be compatible with that of Think\Model::find() F:\wamp\www\bigticket\Application\Common\Model\PositionContentModel.class.php 第 8 行.
SQL: SHOW COLUMNS FROM `position_content` [ RunTime:0.0100s ]
SQL: SELECT * FROM `position_content` WHERE `status` = 1 AND `position_id` = 1 ORDER BY create_time desc  [ RunTime:0.0008s ]
SQL: SELECT * FROM `position_content` WHERE `status` = 1 AND `position_id` = 2  [ RunTime:0.0007s ]
SQL: SELECT * FROM `position_content` WHERE `status` = 1 AND `position_id` = 3  [ RunTime:0.0006s ]
SQL: SELECT * FROM `position_content` WHERE `status` = 1 AND `position_id` = 4  [ RunTime:0.0005s ]
INFO: [ view_parse ] --START--
INFO: [ template_filter ] --START--
INFO: Run Behavior\ContentReplaceBehavior [ RunTime:0.000095s ]
INFO: [ template_filter ] --END-- [ RunTime:0.000195s ]
NOTIC: [2048] Declaration of Common\Model\MovieModel::find() should be compatible with that of Think\Model::find() F:\wamp\www\bigticket\Application\Common\Model\MovieModel.class.php 第 90 行.
SQL: SHOW COLUMNS FROM `movie` [ RunTime:0.0103s ]
SQL: SELECT * FROM `movie` WHERE ( movie_id=29 ) LIMIT 1   [ RunTime:0.0007s ]
SQL: SELECT * FROM `movie` WHERE ( movie_id=30 ) LIMIT 1   [ RunTime:0.0004s ]
SQL: SELECT * FROM `movie` WHERE ( movie_id=21 ) LIMIT 1   [ RunTime:0.0004s ]
SQL: SELECT * FROM `movie` WHERE ( movie_id=39 ) LIMIT 1   [ RunTime:0.0004s ]
SQL: SELECT * FROM `movie` WHERE ( movie_id=37 ) LIMIT 1   [ RunTime:0.0004s ]
SQL: SELECT * FROM `movie` WHERE ( movie_id=26 ) LIMIT 1   [ RunTime:0.0007s ]
SQL: SELECT * FROM `movie` WHERE ( movie_id=23 ) LIMIT 1   [ RunTime:0.0006s ]
SQL: SELECT * FROM `movie` WHERE ( movie_id=41 ) LIMIT 1   [ RunTime:0.0005s ]
SQL: SELECT * FROM `movie` WHERE ( movie_id=22 ) LIMIT 1   [ RunTime:0.0004s ]
SQL: SELECT * FROM `movie` WHERE ( movie_id=21 ) LIMIT 1   [ RunTime:0.0004s ]
SQL: SELECT * FROM `movie` WHERE ( movie_id=21 ) LIMIT 1   [ RunTime:0.0004s ]
SQL: SELECT * FROM `movie` WHERE ( movie_id=21 ) LIMIT 1   [ RunTime:0.0004s ]
SQL: SELECT * FROM `movie` WHERE ( movie_id=23 ) LIMIT 1   [ RunTime:0.0004s ]
SQL: SELECT * FROM `movie` WHERE ( movie_id=23 ) LIMIT 1   [ RunTime:0.0004s ]
SQL: SELECT * FROM `movie` WHERE ( movie_id=23 ) LIMIT 1   [ RunTime:0.0004s ]
SQL: SELECT * FROM `movie` WHERE ( movie_id=24 ) LIMIT 1   [ RunTime:0.0004s ]
SQL: SELECT * FROM `movie` WHERE ( movie_id=24 ) LIMIT 1   [ RunTime:0.0004s ]
SQL: SELECT * FROM `movie` WHERE ( movie_id=24 ) LIMIT 1   [ RunTime:0.0004s ]
SQL: SELECT * FROM `movie` WHERE ( movie_id=22 ) LIMIT 1   [ RunTime:0.0004s ]
SQL: SELECT * FROM `movie` WHERE ( movie_id=22 ) LIMIT 1   [ RunTime:0.0004s ]
SQL: SELECT * FROM `movie` WHERE ( movie_id=22 ) LIMIT 1   [ RunTime:0.0004s ]
SQL: SELECT * FROM `movie` WHERE ( movie_id=25 ) LIMIT 1   [ RunTime:0.0004s ]
SQL: SELECT * FROM `movie` WHERE ( movie_id=25 ) LIMIT 1   [ RunTime:0.0004s ]
SQL: SELECT * FROM `movie` WHERE ( movie_id=25 ) LIMIT 1   [ RunTime:0.0004s ]
SQL: SELECT * FROM `movie` WHERE ( movie_id=26 ) LIMIT 1   [ RunTime:0.0004s ]
SQL: SELECT * FROM `movie` WHERE ( movie_id=26 ) LIMIT 1   [ RunTime:0.0004s ]
SQL: SELECT * FROM `movie` WHERE ( movie_id=26 ) LIMIT 1   [ RunTime:0.0004s ]
SQL: SELECT * FROM `movie` WHERE ( movie_id=28 ) LIMIT 1   [ RunTime:0.0005s ]
SQL: SELECT * FROM `movie` WHERE ( movie_id=28 ) LIMIT 1   [ RunTime:0.0007s ]
SQL: SELECT * FROM `movie` WHERE ( movie_id=28 ) LIMIT 1   [ RunTime:0.0005s ]
SQL: SELECT * FROM `movie` WHERE ( movie_id=26 ) LIMIT 1   [ RunTime:0.0005s ]
SQL: SELECT * FROM `movie` WHERE ( movie_id=26 ) LIMIT 1   [ RunTime:0.0005s ]
SQL: SELECT * FROM `movie` WHERE ( movie_id=26 ) LIMIT 1   [ RunTime:0.0004s ]
SQL: SELECT * FROM `movie` WHERE ( movie_id=29 ) LIMIT 1   [ RunTime:0.0004s ]
SQL: SELECT * FROM `movie` WHERE ( movie_id=29 ) LIMIT 1   [ RunTime:0.0004s ]
SQL: SELECT * FROM `movie` WHERE ( movie_id=29 ) LIMIT 1   [ RunTime:0.0004s ]
SQL: SELECT * FROM `movie` WHERE ( movie_id=33 ) LIMIT 1   [ RunTime:0.0004s ]
SQL: SELECT * FROM `movie` WHERE ( movie_id=33 ) LIMIT 1   [ RunTime:0.0004s ]
SQL: SELECT * FROM `movie` WHERE ( movie_id=33 ) LIMIT 1   [ RunTime:0.0004s ]
SQL: SELECT * FROM `movie` WHERE ( movie_id=32 ) LIMIT 1   [ RunTime:0.0004s ]
SQL: SELECT * FROM `movie` WHERE ( movie_id=32 ) LIMIT 1   [ RunTime:0.0004s ]
SQL: SELECT * FROM `movie` WHERE ( movie_id=32 ) LIMIT 1   [ RunTime:0.0004s ]
SQL: SELECT * FROM `movie` WHERE ( movie_id=31 ) LIMIT 1   [ RunTime:0.0005s ]
SQL: SELECT * FROM `movie` WHERE ( movie_id=31 ) LIMIT 1   [ RunTime:0.0004s ]
SQL: SELECT * FROM `movie` WHERE ( movie_id=31 ) LIMIT 1   [ RunTime:0.0004s ]
SQL: SELECT * FROM `movie` WHERE ( movie_id=43 ) LIMIT 1   [ RunTime:0.0005s ]
SQL: SELECT * FROM `movie` WHERE ( movie_id=43 ) LIMIT 1   [ RunTime:0.0005s ]
SQL: SELECT * FROM `movie` WHERE ( movie_id=43 ) LIMIT 1   [ RunTime:0.0004s ]
SQL: SELECT * FROM `movie` WHERE ( movie_id=34 ) LIMIT 1   [ RunTime:0.0004s ]
SQL: SELECT * FROM `movie` WHERE ( movie_id=34 ) LIMIT 1   [ RunTime:0.0006s ]
SQL: SELECT * FROM `movie` WHERE ( movie_id=34 ) LIMIT 1   [ RunTime:0.0005s ]
SQL: SELECT * FROM `movie` WHERE ( movie_id=36 ) LIMIT 1   [ RunTime:0.0005s ]
SQL: SELECT * FROM `movie` WHERE ( movie_id=36 ) LIMIT 1   [ RunTime:0.0004s ]
SQL: SELECT * FROM `movie` WHERE ( movie_id=36 ) LIMIT 1   [ RunTime:0.0004s ]
SQL: SELECT * FROM `movie` WHERE ( movie_id=38 ) LIMIT 1   [ RunTime:0.0004s ]
SQL: SELECT * FROM `movie` WHERE ( movie_id=38 ) LIMIT 1   [ RunTime:0.0004s ]
SQL: SELECT * FROM `movie` WHERE ( movie_id=38 ) LIMIT 1   [ RunTime:0.0004s ]
SQL: SELECT * FROM `movie` WHERE ( movie_id=40 ) LIMIT 1   [ RunTime:0.0004s ]
SQL: SELECT * FROM `movie` WHERE ( movie_id=40 ) LIMIT 1   [ RunTime:0.0004s ]
SQL: SELECT * FROM `movie` WHERE ( movie_id=40 ) LIMIT 1   [ RunTime:0.0004s ]
SQL: SELECT * FROM `movie` WHERE ( movie_id=39 ) LIMIT 1   [ RunTime:0.0004s ]
SQL: SELECT * FROM `movie` WHERE ( movie_id=39 ) LIMIT 1   [ RunTime:0.0004s ]
SQL: SELECT * FROM `movie` WHERE ( movie_id=39 ) LIMIT 1   [ RunTime:0.0004s ]
INFO: Run Behavior\ParseTemplateBehavior [ RunTime:0.069442s ]
INFO: [ view_parse ] --END-- [ RunTime:0.069530s ]
INFO: [ view_filter ] --START--
INFO: Run Behavior\WriteHtmlCacheBehavior [ RunTime:0.000421s ]
INFO: [ view_filter ] --END-- [ RunTime:0.000499s ]
INFO: [ app_end ] --START--
INFO: Run Behavior\ShowPageTraceBehavior [ RunTime:0.000507s ]
INFO: [ app_end ] --END-- [ RunTime:0.000587s ]

[ 2017-08-07T15:43:56+08:00 ] ::1 /bigticket/
INFO: [ app_init ] --START--
INFO: Run Behavior\BuildLiteBehavior [ RunTime:0.000023s ]
INFO: [ app_init ] --END-- [ RunTime:0.000361s ]
INFO: [ app_begin ] --START--
INFO: Run Behavior\ReadHtmlCacheBehavior [ RunTime:0.000433s ]
INFO: [ app_begin ] --END-- [ RunTime:0.000570s ]
NOTIC: [2048] Declaration of Home\Controller\CommonController::error() should be compatible with that of Think\Controller::error() F:\wamp\www\bigticket\Application\Home\Controller\CommonController.class.php 第 25 行.
NOTIC: [2048] Declaration of Common\Model\PositionContentModel::find() should be compatible with that of Think\Model::find() F:\wamp\www\bigticket\Application\Common\Model\PositionContentModel.class.php 第 8 行.
SQL: SHOW COLUMNS FROM `position_content` [ RunTime:0.0114s ]
SQL: SELECT * FROM `position_content` WHERE `status` = 1 AND `position_id` = 1 ORDER BY create_time desc  [ RunTime:0.0006s ]
SQL: SELECT * FROM `position_content` WHERE `status` = 1 AND `position_id` = 2  [ RunTime:0.0005s ]
SQL: SELECT * FROM `position_content` WHERE `status` = 1 AND `position_id` = 3  [ RunTime:0.0004s ]
SQL: SELECT * FROM `position_content` WHERE `status` = 1 AND `position_id` = 4  [ RunTime:0.0004s ]
INFO: [ view_parse ] --START--
INFO: [ template_filter ] --START--
INFO: Run Behavior\ContentReplaceBehavior [ RunTime:0.000100s ]
INFO: [ template_filter ] --END-- [ RunTime:0.000232s ]
NOTIC: [2048] Declaration of Common\Model\MovieModel::find() should be compatible with that of Think\Model::find() F:\wamp\www\bigticket\Application\Common\Model\MovieModel.class.php 第 90 行.
SQL: SHOW COLUMNS FROM `movie` [ RunTime:0.0109s ]
SQL: SELECT * FROM `movie` WHERE ( movie_id=29 ) LIMIT 1   [ RunTime:0.0007s ]
SQL: SELECT * FROM `movie` WHERE ( movie_id=30 ) LIMIT 1   [ RunTime:0.0006s ]
SQL: SELECT * FROM `movie` WHERE ( movie_id=21 ) LIMIT 1   [ RunTime:0.0005s ]
SQL: SELECT * FROM `movie` WHERE ( movie_id=39 ) LIMIT 1   [ RunTime:0.0004s ]
SQL: SELECT * FROM `movie` WHERE ( movie_id=37 ) LIMIT 1   [ RunTime:0.0003s ]
SQL: SELECT * FROM `movie` WHERE ( movie_id=26 ) LIMIT 1   [ RunTime:0.0003s ]
SQL: SELECT * FROM `movie` WHERE ( movie_id=23 ) LIMIT 1   [ RunTime:0.0004s ]
SQL: SELECT * FROM `movie` WHERE ( movie_id=41 ) LIMIT 1   [ RunTime:0.0003s ]
SQL: SELECT * FROM `movie` WHERE ( movie_id=22 ) LIMIT 1   [ RunTime:0.0003s ]
SQL: SELECT * FROM `movie` WHERE ( movie_id=21 ) LIMIT 1   [ RunTime:0.0004s ]
SQL: SELECT * FROM `movie` WHERE ( movie_id=21 ) LIMIT 1   [ RunTime:0.0004s ]
SQL: SELECT * FROM `movie` WHERE ( movie_id=21 ) LIMIT 1   [ RunTime:0.0004s ]
SQL: SELECT * FROM `movie` WHERE ( movie_id=23 ) LIMIT 1   [ RunTime:0.0004s ]
SQL: SELECT * FROM `movie` WHERE ( movie_id=23 ) LIMIT 1   [ RunTime:0.0006s ]
SQL: SELECT * FROM `movie` WHERE ( movie_id=23 ) LIMIT 1   [ RunTime:0.0005s ]
SQL: SELECT * FROM `movie` WHERE ( movie_id=24 ) LIMIT 1   [ RunTime:0.0004s ]
SQL: SELECT * FROM `movie` WHERE ( movie_id=24 ) LIMIT 1   [ RunTime:0.0004s ]
SQL: SELECT * FROM `movie` WHERE ( movie_id=24 ) LIMIT 1   [ RunTime:0.0004s ]
SQL: SELECT * FROM `movie` WHERE ( movie_id=22 ) LIMIT 1   [ RunTime:0.0004s ]
SQL: SELECT * FROM `movie` WHERE ( movie_id=22 ) LIMIT 1   [ RunTime:0.0004s ]
SQL: SELECT * FROM `movie` WHERE ( movie_id=22 ) LIMIT 1   [ RunTime:0.0004s ]
SQL: SELECT * FROM `movie` WHERE ( movie_id=25 ) LIMIT 1   [ RunTime:0.0004s ]
SQL: SELECT * FROM `movie` WHERE ( movie_id=25 ) LIMIT 1   [ RunTime:0.0004s ]
SQL: SELECT * FROM `movie` WHERE ( movie_id=25 ) LIMIT 1   [ RunTime:0.0004s ]
SQL: SELECT * FROM `movie` WHERE ( movie_id=26 ) LIMIT 1   [ RunTime:0.0004s ]
SQL: SELECT * FROM `movie` WHERE ( movie_id=26 ) LIMIT 1   [ RunTime:0.0005s ]
SQL: SELECT * FROM `movie` WHERE ( movie_id=26 ) LIMIT 1   [ RunTime:0.0005s ]
SQL: SELECT * FROM `movie` WHERE ( movie_id=28 ) LIMIT 1   [ RunTime:0.0003s ]
SQL: SELECT * FROM `movie` WHERE ( movie_id=28 ) LIMIT 1   [ RunTime:0.0003s ]
SQL: SELECT * FROM `movie` WHERE ( movie_id=28 ) LIMIT 1   [ RunTime:0.0003s ]
SQL: SELECT * FROM `movie` WHERE ( movie_id=26 ) LIMIT 1   [ RunTime:0.0004s ]
SQL: SELECT * FROM `movie` WHERE ( movie_id=26 ) LIMIT 1   [ RunTime:0.0004s ]
SQL: SELECT * FROM `movie` WHERE ( movie_id=26 ) LIMIT 1   [ RunTime:0.0004s ]
SQL: SELECT * FROM `movie` WHERE ( movie_id=29 ) LIMIT 1   [ RunTime:0.0008s ]
SQL: SELECT * FROM `movie` WHERE ( movie_id=29 ) LIMIT 1   [ RunTime:0.0008s ]
SQL: SELECT * FROM `movie` WHERE ( movie_id=29 ) LIMIT 1   [ RunTime:0.0006s ]
SQL: SELECT * FROM `movie` WHERE ( movie_id=33 ) LIMIT 1   [ RunTime:0.0004s ]
SQL: SELECT * FROM `movie` WHERE ( movie_id=33 ) LIMIT 1   [ RunTime:0.0004s ]
SQL: SELECT * FROM `movie` WHERE ( movie_id=33 ) LIMIT 1   [ RunTime:0.0004s ]
SQL: SELECT * FROM `movie` WHERE ( movie_id=32 ) LIMIT 1   [ RunTime:0.0005s ]
SQL: SELECT * FROM `movie` WHERE ( movie_id=32 ) LIMIT 1   [ RunTime:0.0005s ]
SQL: SELECT * FROM `movie` WHERE ( movie_id=32 ) LIMIT 1   [ RunTime:0.0004s ]
SQL: SELECT * FROM `movie` WHERE ( movie_id=31 ) LIMIT 1   [ RunTime:0.0003s ]
SQL: SELECT * FROM `movie` WHERE ( movie_id=31 ) LIMIT 1   [ RunTime:0.0003s ]
SQL: SELECT * FROM `movie` WHERE ( movie_id=31 ) LIMIT 1   [ RunTime:0.0003s ]
SQL: SELECT * FROM `movie` WHERE ( movie_id=43 ) LIMIT 1   [ RunTime:0.0005s ]
SQL: SELECT * FROM `movie` WHERE ( movie_id=43 ) LIMIT 1   [ RunTime:0.0005s ]
SQL: SELECT * FROM `movie` WHERE ( movie_id=43 ) LIMIT 1   [ RunTime:0.0005s ]
SQL: SELECT * FROM `movie` WHERE ( movie_id=34 ) LIMIT 1   [ RunTime:0.0004s ]
SQL: SELECT * FROM `movie` WHERE ( movie_id=34 ) LIMIT 1   [ RunTime:0.0004s ]
SQL: SELECT * FROM `movie` WHERE ( movie_id=34 ) LIMIT 1   [ RunTime:0.0004s ]
SQL: SELECT * FROM `movie` WHERE ( movie_id=36 ) LIMIT 1   [ RunTime:0.0004s ]
SQL: SELECT * FROM `movie` WHERE ( movie_id=36 ) LIMIT 1   [ RunTime:0.0005s ]
SQL: SELECT * FROM `movie` WHERE ( movie_id=36 ) LIMIT 1   [ RunTime:0.0005s ]
SQL: SELECT * FROM `movie` WHERE ( movie_id=38 ) LIMIT 1   [ RunTime:0.0005s ]
SQL: SELECT * FROM `movie` WHERE ( movie_id=38 ) LIMIT 1   [ RunTime:0.0005s ]
SQL: SELECT * FROM `movie` WHERE ( movie_id=38 ) LIMIT 1   [ RunTime:0.0005s ]
SQL: SELECT * FROM `movie` WHERE ( movie_id=40 ) LIMIT 1   [ RunTime:0.0005s ]
SQL: SELECT * FROM `movie` WHERE ( movie_id=40 ) LIMIT 1   [ RunTime:0.0004s ]
SQL: SELECT * FROM `movie` WHERE ( movie_id=40 ) LIMIT 1   [ RunTime:0.0004s ]
SQL: SELECT * FROM `movie` WHERE ( movie_id=39 ) LIMIT 1   [ RunTime:0.0004s ]
SQL: SELECT * FROM `movie` WHERE ( movie_id=39 ) LIMIT 1   [ RunTime:0.0004s ]
SQL: SELECT * FROM `movie` WHERE ( movie_id=39 ) LIMIT 1   [ RunTime:0.0004s ]
INFO: Run Behavior\ParseTemplateBehavior [ RunTime:0.073430s ]
INFO: [ view_parse ] --END-- [ RunTime:0.073527s ]
INFO: [ view_filter ] --START--
INFO: Run Behavior\WriteHtmlCacheBehavior [ RunTime:0.000429s ]
INFO: [ view_filter ] --END-- [ RunTime:0.000505s ]
INFO: [ app_end ] --START--
INFO: Run Behavior\ShowPageTraceBehavior [ RunTime:0.000513s ]
INFO: [ app_end ] --END-- [ RunTime:0.000593s ]

[ 2017-08-07T15:43:56+08:00 ] ::1 /bigticket/
INFO: [ app_init ] --START--
INFO: Run Behavior\BuildLiteBehavior [ RunTime:0.000028s ]
INFO: [ app_init ] --END-- [ RunTime:0.000394s ]
INFO: [ app_begin ] --START--
INFO: Run Behavior\ReadHtmlCacheBehavior [ RunTime:0.000599s ]
INFO: [ app_begin ] --END-- [ RunTime:0.000778s ]
NOTIC: [2048] Declaration of Home\Controller\CommonController::error() should be compatible with that of Think\Controller::error() F:\wamp\www\bigticket\Application\Home\Controller\CommonController.class.php 第 25 行.
NOTIC: [2048] Declaration of Common\Model\PositionContentModel::find() should be compatible with that of Think\Model::find() F:\wamp\www\bigticket\Application\Common\Model\PositionContentModel.class.php 第 8 行.
SQL: SHOW COLUMNS FROM `position_content` [ RunTime:0.0120s ]
SQL: SELECT * FROM `position_content` WHERE `status` = 1 AND `position_id` = 1 ORDER BY create_time desc  [ RunTime:0.0016s ]
SQL: SELECT * FROM `position_content` WHERE `status` = 1 AND `position_id` = 2  [ RunTime:0.0007s ]
SQL: SELECT * FROM `position_content` WHERE `status` = 1 AND `position_id` = 3  [ RunTime:0.0004s ]
SQL: SELECT * FROM `position_content` WHERE `status` = 1 AND `position_id` = 4  [ RunTime:0.0005s ]
INFO: [ view_parse ] --START--
INFO: [ template_filter ] --START--
INFO: Run Behavior\ContentReplaceBehavior [ RunTime:0.000148s ]
INFO: [ template_filter ] --END-- [ RunTime:0.000305s ]
NOTIC: [2048] Declaration of Common\Model\MovieModel::find() should be compatible with that of Think\Model::find() F:\wamp\www\bigticket\Application\Common\Model\MovieModel.class.php 第 90 行.
SQL: SHOW COLUMNS FROM `movie` [ RunTime:0.0127s ]
SQL: SELECT * FROM `movie` WHERE ( movie_id=29 ) LIMIT 1   [ RunTime:0.0010s ]
SQL: SELECT * FROM `movie` WHERE ( movie_id=30 ) LIMIT 1   [ RunTime:0.0005s ]
SQL: SELECT * FROM `movie` WHERE ( movie_id=21 ) LIMIT 1   [ RunTime:0.0004s ]
SQL: SELECT * FROM `movie` WHERE ( movie_id=39 ) LIMIT 1   [ RunTime:0.0004s ]
SQL: SELECT * FROM `movie` WHERE ( movie_id=37 ) LIMIT 1   [ RunTime:0.0003s ]
SQL: SELECT * FROM `movie` WHERE ( movie_id=26 ) LIMIT 1   [ RunTime:0.0003s ]
SQL: SELECT * FROM `movie` WHERE ( movie_id=23 ) LIMIT 1   [ RunTime:0.0004s ]
SQL: SELECT * FROM `movie` WHERE ( movie_id=41 ) LIMIT 1   [ RunTime:0.0004s ]
SQL: SELECT * FROM `movie` WHERE ( movie_id=22 ) LIMIT 1   [ RunTime:0.0004s ]
SQL: SELECT * FROM `movie` WHERE ( movie_id=21 ) LIMIT 1   [ RunTime:0.0003s ]
SQL: SELECT * FROM `movie` WHERE ( movie_id=21 ) LIMIT 1   [ RunTime:0.0003s ]
SQL: SELECT * FROM `movie` WHERE ( movie_id=21 ) LIMIT 1   [ RunTime:0.0003s ]
SQL: SELECT * FROM `movie` WHERE ( movie_id=23 ) LIMIT 1   [ RunTime:0.0003s ]
SQL: SELECT * FROM `movie` WHERE ( movie_id=23 ) LIMIT 1   [ RunTime:0.0004s ]
SQL: SELECT * FROM `movie` WHERE ( movie_id=23 ) LIMIT 1   [ RunTime:0.0006s ]
SQL: SELECT * FROM `movie` WHERE ( movie_id=24 ) LIMIT 1   [ RunTime:0.0005s ]
SQL: SELECT * FROM `movie` WHERE ( movie_id=24 ) LIMIT 1   [ RunTime:0.0004s ]
SQL: SELECT * FROM `movie` WHERE ( movie_id=24 ) LIMIT 1   [ RunTime:0.0003s ]
SQL: SELECT * FROM `movie` WHERE ( movie_id=22 ) LIMIT 1   [ RunTime:0.0003s ]
SQL: SELECT * FROM `movie` WHERE ( movie_id=22 ) LIMIT 1   [ RunTime:0.0004s ]
SQL: SELECT * FROM `movie` WHERE ( movie_id=22 ) LIMIT 1   [ RunTime:0.0010s ]
SQL: SELECT * FROM `movie` WHERE ( movie_id=25 ) LIMIT 1   [ RunTime:0.0010s ]
SQL: SELECT * FROM `movie` WHERE ( movie_id=25 ) LIMIT 1   [ RunTime:0.0011s ]
SQL: SELECT * FROM `movie` WHERE ( movie_id=25 ) LIMIT 1   [ RunTime:0.0006s ]
SQL: SELECT * FROM `movie` WHERE ( movie_id=26 ) LIMIT 1   [ RunTime:0.0005s ]
SQL: SELECT * FROM `movie` WHERE ( movie_id=26 ) LIMIT 1   [ RunTime:0.0004s ]
SQL: SELECT * FROM `movie` WHERE ( movie_id=26 ) LIMIT 1   [ RunTime:0.0004s ]
SQL: SELECT * FROM `movie` WHERE ( movie_id=28 ) LIMIT 1   [ RunTime:0.0004s ]
SQL: SELECT * FROM `movie` WHERE ( movie_id=28 ) LIMIT 1   [ RunTime:0.0004s ]
SQL: SELECT * FROM `movie` WHERE ( movie_id=28 ) LIMIT 1   [ RunTime:0.0004s ]
SQL: SELECT * FROM `movie` WHERE ( movie_id=26 ) LIMIT 1   [ RunTime:0.0003s ]
SQL: SELECT * FROM `movie` WHERE ( movie_id=26 ) LIMIT 1   [ RunTime:0.0003s ]
SQL: SELECT * FROM `movie` WHERE ( movie_id=26 ) LIMIT 1   [ RunTime:0.0003s ]
SQL: SELECT * FROM `movie` WHERE ( movie_id=29 ) LIMIT 1   [ RunTime:0.0003s ]
SQL: SELECT * FROM `movie` WHERE ( movie_id=29 ) LIMIT 1   [ RunTime:0.0003s ]
SQL: SELECT * FROM `movie` WHERE ( movie_id=29 ) LIMIT 1   [ RunTime:0.0003s ]
SQL: SELECT * FROM `movie` WHERE ( movie_id=33 ) LIMIT 1   [ RunTime:0.0003s ]
SQL: SELECT * FROM `movie` WHERE ( movie_id=33 ) LIMIT 1   [ RunTime:0.0003s ]
SQL: SELECT * FROM `movie` WHERE ( movie_id=33 ) LIMIT 1   [ RunTime:0.0003s ]
SQL: SELECT * FROM `movie` WHERE ( movie_id=32 ) LIMIT 1   [ RunTime:0.0003s ]
SQL: SELECT * FROM `movie` WHERE ( movie_id=32 ) LIMIT 1   [ RunTime:0.0003s ]
SQL: SELECT * FROM `movie` WHERE ( movie_id=32 ) LIMIT 1   [ RunTime:0.0005s ]
SQL: SELECT * FROM `movie` WHERE ( movie_id=31 ) LIMIT 1   [ RunTime:0.0008s ]
SQL: SELECT * FROM `movie` WHERE ( movie_id=31 ) LIMIT 1   [ RunTime:0.0009s ]
SQL: SELECT * FROM `movie` WHERE ( movie_id=31 ) LIMIT 1   [ RunTime:0.0009s ]
SQL: SELECT * FROM `movie` WHERE ( movie_id=43 ) LIMIT 1   [ RunTime:0.0007s ]
SQL: SELECT * FROM `movie` WHERE ( movie_id=43 ) LIMIT 1   [ RunTime:0.0005s ]
SQL: SELECT * FROM `movie` WHERE ( movie_id=43 ) LIMIT 1   [ RunTime:0.0005s ]
SQL: SELECT * FROM `movie` WHERE ( movie_id=34 ) LIMIT 1   [ RunTime:0.0004s ]
SQL: SELECT * FROM `movie` WHERE ( movie_id=34 ) LIMIT 1   [ RunTime:0.0005s ]
SQL: SELECT * FROM `movie` WHERE ( movie_id=34 ) LIMIT 1   [ RunTime:0.0004s ]
SQL: SELECT * FROM `movie` WHERE ( movie_id=36 ) LIMIT 1   [ RunTime:0.0004s ]
SQL: SELECT * FROM `movie` WHERE ( movie_id=36 ) LIMIT 1   [ RunTime:0.0004s ]
SQL: SELECT * FROM `movie` WHERE ( movie_id=36 ) LIMIT 1   [ RunTime:0.0004s ]
SQL: SELECT * FROM `movie` WHERE ( movie_id=38 ) LIMIT 1   [ RunTime:0.0004s ]
SQL: SELECT * FROM `movie` WHERE ( movie_id=38 ) LIMIT 1   [ RunTime:0.0004s ]
SQL: SELECT * FROM `movie` WHERE ( movie_id=38 ) LIMIT 1   [ RunTime:0.0004s ]
SQL: SELECT * FROM `movie` WHERE ( movie_id=40 ) LIMIT 1   [ RunTime:0.0004s ]
SQL: SELECT * FROM `movie` WHERE ( movie_id=40 ) LIMIT 1   [ RunTime:0.0004s ]
SQL: SELECT * FROM `movie` WHERE ( movie_id=40 ) LIMIT 1   [ RunTime:0.0004s ]
SQL: SELECT * FROM `movie` WHERE ( movie_id=39 ) LIMIT 1   [ RunTime:0.0004s ]
SQL: SELECT * FROM `movie` WHERE ( movie_id=39 ) LIMIT 1   [ RunTime:0.0013s ]
SQL: SELECT * FROM `movie` WHERE ( movie_id=39 ) LIMIT 1   [ RunTime:0.0009s ]
INFO: Run Behavior\ParseTemplateBehavior [ RunTime:0.078220s ]
INFO: [ view_parse ] --END-- [ RunTime:0.078348s ]
INFO: [ view_filter ] --START--
INFO: Run Behavior\WriteHtmlCacheBehavior [ RunTime:0.000697s ]
INFO: [ view_filter ] --END-- [ RunTime:0.000838s ]
INFO: [ app_end ] --START--
INFO: Run Behavior\ShowPageTraceBehavior [ RunTime:0.000994s ]
INFO: [ app_end ] --END-- [ RunTime:0.001103s ]

