[ 2017-06-17T00:02:49+08:00 ] ::1 /singcms/singcms/Public/js/party/uploadify.swf?preventswfcaching=1497628969875
INFO: [ app_init ] --START--
INFO: Run Behavior\BuildLiteBehavior [ RunTime:0.000024s ]
INFO: [ app_init ] --END-- [ RunTime:0.000391s ]
ERR: 无法加载模块:Singcms

[ 2017-06-17T00:02:49+08:00 ] ::1 /singcms/singcms/Public/js/party/uploadify.swf?preventswfcaching=1497628969875
INFO: [ app_init ] --START--
INFO: Run Behavior\BuildLiteBehavior [ RunTime:0.000036s ]
INFO: [ app_init ] --END-- [ RunTime:0.000621s ]
ERR: 无法加载模块:Singcms

[ 2017-06-17T00:07:48+08:00 ] ::1 /singcms/singcms/Public/js/party/uploadify.swf?preventswfcaching=1497629268963
INFO: [ app_init ] --START--
INFO: Run Behavior\BuildLiteBehavior [ RunTime:0.000025s ]
INFO: [ app_init ] --END-- [ RunTime:0.000418s ]
ERR: 无法加载模块:Singcms

[ 2017-06-17T00:07:49+08:00 ] ::1 /singcms/singcms/Public/js/party/uploadify.swf?preventswfcaching=1497629268963
INFO: [ app_init ] --START--
INFO: Run Behavior\BuildLiteBehavior [ RunTime:0.000025s ]
INFO: [ app_init ] --END-- [ RunTime:0.000426s ]
ERR: 无法加载模块:Singcms

[ 2017-06-17T15:23:34+08:00 ] ::1 /singcms/singcms/Public/js/party/uploadify.swf?preventswfcaching=1497684213884
INFO: [ app_init ] --START--
INFO: Run Behavior\BuildLiteBehavior [ RunTime:0.000101s ]
INFO: [ app_init ] --END-- [ RunTime:0.001425s ]
ERR: 无法加载模块:Singcms

[ 2017-06-17T23:22:53+08:00 ] ::1 /singcms/singcms/Public/js/party/uploadify.swf?preventswfcaching=1497712973495
INFO: [ app_init ] --START--
INFO: Run Behavior\BuildLiteBehavior [ RunTime:0.000037s ]
INFO: [ app_init ] --END-- [ RunTime:0.000521s ]
ERR: 无法加载模块:Singcms

[ 2017-06-17T23:22:53+08:00 ] ::1 /singcms/singcms/Public/js/party/uploadify.swf?preventswfcaching=1497712973495
INFO: [ app_init ] --START--
INFO: Run Behavior\BuildLiteBehavior [ RunTime:0.000096s ]
INFO: [ app_init ] --END-- [ RunTime:0.001537s ]
ERR: 无法加载模块:Singcms

