[ 2017-05-21T09:37:09+08:00 ] ::1 /singcms/singcms/Public/js/jquery.js
INFO: [ app_init ] --START--
INFO: Run Behavior\BuildLiteBehavior [ RunTime:0.000021s ]
INFO: [ app_init ] --END-- [ RunTime:0.000314s ]
ERR: 无法加载模块:Singcms

[ 2017-05-21T09:40:32+08:00 ] ::1 /singcms//upload/2016/03/06/56dbdc015e662.JPG
INFO: [ app_init ] --START--
INFO: Run Behavior\BuildLiteBehavior [ RunTime:0.000042s ]
INFO: [ app_init ] --END-- [ RunTime:0.000711s ]
ERR: 无法加载模块:Upload

[ 2017-05-21T09:40:41+08:00 ] ::1 /singcms/upload/2016/03/06/56dbdc015e662.JPG
INFO: [ app_init ] --START--
INFO: Run Behavior\BuildLiteBehavior [ RunTime:0.000039s ]
INFO: [ app_init ] --END-- [ RunTime:0.000900s ]
ERR: 无法加载模块:Upload

[ 2017-05-21T09:41:19+08:00 ] ::1 /singcms/upload/2016/03/06/56dbdc015e662.JPG
INFO: [ app_init ] --START--
INFO: Run Behavior\BuildLiteBehavior [ RunTime:0.000024s ]
INFO: [ app_init ] --END-- [ RunTime:0.000450s ]
ERR: 无法加载模块:Upload

[ 2017-05-21T09:42:49+08:00 ] ::1 /singcms/upload/2016/03/06/56dbdc015e662.JPG
INFO: [ app_init ] --START--
INFO: Run Behavior\BuildLiteBehavior [ RunTime:0.000040s ]
INFO: [ app_init ] --END-- [ RunTime:0.000668s ]
ERR: 无法加载模块:Upload

[ 2017-05-21T09:43:20+08:00 ] ::1 /singcms/upload/2016/03/06/56dbdc015e662.JPG
INFO: [ app_init ] --START--
INFO: Run Behavior\BuildLiteBehavior [ RunTime:0.000039s ]
INFO: [ app_init ] --END-- [ RunTime:0.000549s ]
ERR: 无法加载模块:Upload

[ 2017-05-21T09:43:44+08:00 ] ::1 /singcms/upload/2016/03/06/56dbdc015e662.JPG
INFO: [ app_init ] --START--
INFO: Run Behavior\BuildLiteBehavior [ RunTime:0.000039s ]
INFO: [ app_init ] --END-- [ RunTime:0.000591s ]
ERR: 无法加载模块:Upload

[ 2017-05-21T09:46:08+08:00 ] ::1 /singcms/upload/2016/03/06/56dbdc015e662.JPG
INFO: [ app_init ] --START--
INFO: Run Behavior\BuildLiteBehavior [ RunTime:0.000041s ]
INFO: [ app_init ] --END-- [ RunTime:0.000631s ]
ERR: 无法加载模块:Upload

[ 2017-05-21T09:46:32+08:00 ] ::1 /singcms/upload/2016/03/06/56dbdc015e662.JPG
INFO: [ app_init ] --START--
INFO: Run Behavior\BuildLiteBehavior [ RunTime:0.000027s ]
INFO: [ app_init ] --END-- [ RunTime:0.000456s ]
ERR: 无法加载模块:Upload

[ 2017-05-21T09:46:53+08:00 ] ::1 /singcms/upload/2016/03/06/56dbdc015e662.JPG
INFO: [ app_init ] --START--
INFO: Run Behavior\BuildLiteBehavior [ RunTime:0.000023s ]
INFO: [ app_init ] --END-- [ RunTime:0.000331s ]
ERR: 无法加载模块:Upload

[ 2017-05-21T09:52:36+08:00 ] ::1 /singcms/upload/2016/03/06/56dbdc015e662.JPG
INFO: [ app_init ] --START--
INFO: Run Behavior\BuildLiteBehavior [ RunTime:0.000036s ]
INFO: [ app_init ] --END-- [ RunTime:0.000573s ]
ERR: 无法加载模块:Upload

[ 2017-05-21T09:52:40+08:00 ] ::1 /singcms/upload/2016/03/06/56dbdc015e662.JPG
INFO: [ app_init ] --START--
INFO: Run Behavior\BuildLiteBehavior [ RunTime:0.000039s ]
INFO: [ app_init ] --END-- [ RunTime:0.000569s ]
ERR: 无法加载模块:Upload

[ 2017-05-21T09:52:41+08:00 ] ::1 /singcms/upload/2016/03/06/56dbdc015e662.JPG
INFO: [ app_init ] --START--
INFO: Run Behavior\BuildLiteBehavior [ RunTime:0.000040s ]
INFO: [ app_init ] --END-- [ RunTime:0.000600s ]
ERR: 无法加载模块:Upload

[ 2017-05-21T09:52:42+08:00 ] ::1 /singcms/upload/2016/03/06/56dbdc015e662.JPG
INFO: [ app_init ] --START--
INFO: Run Behavior\BuildLiteBehavior [ RunTime:0.000039s ]
INFO: [ app_init ] --END-- [ RunTime:0.000571s ]
ERR: 无法加载模块:Upload

[ 2017-05-21T09:52:42+08:00 ] ::1 /singcms/upload/2016/03/06/56dbdc015e662.JPG
INFO: [ app_init ] --START--
INFO: Run Behavior\BuildLiteBehavior [ RunTime:0.000038s ]
INFO: [ app_init ] --END-- [ RunTime:0.000582s ]
ERR: 无法加载模块:Upload

[ 2017-05-21T09:53:27+08:00 ] ::1 /singcms/upload/2016/03/06/56dbdc015e662.JPG
INFO: [ app_init ] --START--
INFO: Run Behavior\BuildLiteBehavior [ RunTime:0.000036s ]
INFO: [ app_init ] --END-- [ RunTime:0.000525s ]
ERR: 无法加载模块:Upload

[ 2017-05-21T09:53:35+08:00 ] ::1 /singcms/upload/2016/03/06/56dbdc015e662.JPG
INFO: [ app_init ] --START--
INFO: Run Behavior\BuildLiteBehavior [ RunTime:0.000041s ]
INFO: [ app_init ] --END-- [ RunTime:0.000635s ]
ERR: 无法加载模块:Upload

[ 2017-05-21T09:53:36+08:00 ] ::1 /singcms/upload/2016/03/06/56dbdc015e662.JPG
INFO: [ app_init ] --START--
INFO: Run Behavior\BuildLiteBehavior [ RunTime:0.000038s ]
INFO: [ app_init ] --END-- [ RunTime:0.000538s ]
ERR: 无法加载模块:Upload

[ 2017-05-21T09:53:47+08:00 ] ::1 /singcms/upload/2016/03/06/56dbdc015e662.JPG
INFO: [ app_init ] --START--
INFO: Run Behavior\BuildLiteBehavior [ RunTime:0.000043s ]
INFO: [ app_init ] --END-- [ RunTime:0.000683s ]
ERR: 无法加载模块:Upload

[ 2017-05-21T09:54:08+08:00 ] ::1 /singcms/upload/2016/03/06/56dbdc015e662.JPG
INFO: [ app_init ] --START--
INFO: Run Behavior\BuildLiteBehavior [ RunTime:0.000038s ]
INFO: [ app_init ] --END-- [ RunTime:0.000567s ]
ERR: 无法加载模块:Upload

[ 2017-05-21T09:58:24+08:00 ] ::1 /singcms/upload/2016/03/06/56dbdc015e662.JPG
INFO: [ app_init ] --START--
INFO: Run Behavior\BuildLiteBehavior [ RunTime:0.000168s ]
INFO: [ app_init ] --END-- [ RunTime:0.000768s ]
ERR: 无法加载模块:Upload

[ 2017-05-21T09:59:37+08:00 ] ::1 /singcms/upload/2016/03/06/56dbdc015e662.JPG
INFO: [ app_init ] --START--
INFO: Run Behavior\BuildLiteBehavior [ RunTime:0.000042s ]
INFO: [ app_init ] --END-- [ RunTime:0.000638s ]
ERR: 无法加载模块:Upload

[ 2017-05-21T10:03:04+08:00 ] ::1 /singcms/upload/2016/03/06/56dbdc015e662.JPG
INFO: [ app_init ] --START--
INFO: Run Behavior\BuildLiteBehavior [ RunTime:0.000042s ]
INFO: [ app_init ] --END-- [ RunTime:0.000675s ]
ERR: 无法加载模块:Upload

[ 2017-05-21T10:16:36+08:00 ] ::1 /singcms/upload/2016/03/06/56dbdc015e662.JPG
INFO: [ app_init ] --START--
INFO: Run Behavior\BuildLiteBehavior [ RunTime:0.000040s ]
INFO: [ app_init ] --END-- [ RunTime:0.000641s ]
ERR: 无法加载模块:Upload

[ 2017-05-21T10:16:45+08:00 ] ::1 /singcms/upload/2016/03/06/56dbdc015e662.JPG
INFO: [ app_init ] --START--
INFO: Run Behavior\BuildLiteBehavior [ RunTime:0.000040s ]
INFO: [ app_init ] --END-- [ RunTime:0.000576s ]
ERR: 无法加载模块:Upload

[ 2017-05-21T10:17:54+08:00 ] ::1 /singcms/upload/2016/03/06/56dbdc015e662.JPG
INFO: [ app_init ] --START--
INFO: Run Behavior\BuildLiteBehavior [ RunTime:0.000040s ]
INFO: [ app_init ] --END-- [ RunTime:0.000578s ]
ERR: 无法加载模块:Upload

[ 2017-05-21T10:18:44+08:00 ] ::1 /singcms/upload/2016/03/06/56dbdc015e662.JPG
INFO: [ app_init ] --START--
INFO: Run Behavior\BuildLiteBehavior [ RunTime:0.000037s ]
INFO: [ app_init ] --END-- [ RunTime:0.000540s ]
ERR: 无法加载模块:Upload

[ 2017-05-21T10:18:50+08:00 ] ::1 /singcms/upload/2016/03/06/56dbdc015e662.JPG
INFO: [ app_init ] --START--
INFO: Run Behavior\BuildLiteBehavior [ RunTime:0.000037s ]
INFO: [ app_init ] --END-- [ RunTime:0.000567s ]
ERR: 无法加载模块:Upload

[ 2017-05-21T10:19:19+08:00 ] ::1 /singcms/upload/2016/03/06/56dbdc015e662.JPG
INFO: [ app_init ] --START--
INFO: Run Behavior\BuildLiteBehavior [ RunTime:0.000045s ]
INFO: [ app_init ] --END-- [ RunTime:0.000833s ]
ERR: 无法加载模块:Upload

[ 2017-05-21T10:19:48+08:00 ] ::1 /singcms/upload/2016/03/06/56dbdc015e662.JPG
INFO: [ app_init ] --START--
INFO: Run Behavior\BuildLiteBehavior [ RunTime:0.000036s ]
INFO: [ app_init ] --END-- [ RunTime:0.000541s ]
ERR: 无法加载模块:Upload

[ 2017-05-21T10:20:24+08:00 ] ::1 /singcms/upload/2016/03/06/56dbdc015e662.JPG
INFO: [ app_init ] --START--
INFO: Run Behavior\BuildLiteBehavior [ RunTime:0.000039s ]
INFO: [ app_init ] --END-- [ RunTime:0.000566s ]
ERR: 无法加载模块:Upload

[ 2017-05-21T10:20:35+08:00 ] ::1 /singcms/upload/2016/03/06/56dbdc015e662.JPG
INFO: [ app_init ] --START--
INFO: Run Behavior\BuildLiteBehavior [ RunTime:0.000025s ]
INFO: [ app_init ] --END-- [ RunTime:0.000612s ]
ERR: 无法加载模块:Upload

[ 2017-05-21T10:24:22+08:00 ] ::1 /singcms/upload/2016/03/06/56dbdc015e662.JPG
INFO: [ app_init ] --START--
INFO: Run Behavior\BuildLiteBehavior [ RunTime:0.000049s ]
INFO: [ app_init ] --END-- [ RunTime:0.001154s ]
ERR: 无法加载模块:Upload

[ 2017-05-21T10:24:23+08:00 ] ::1 /singcms/upload/2016/03/06/56dbdc015e662.JPG
INFO: [ app_init ] --START--
INFO: Run Behavior\BuildLiteBehavior [ RunTime:0.000044s ]
INFO: [ app_init ] --END-- [ RunTime:0.000580s ]
ERR: 无法加载模块:Upload

[ 2017-05-21T10:30:51+08:00 ] ::1 /singcms/upload/2016/03/06/56dbdc015e662.JPG
INFO: [ app_init ] --START--
INFO: Run Behavior\BuildLiteBehavior [ RunTime:0.000022s ]
INFO: [ app_init ] --END-- [ RunTime:0.000346s ]
ERR: 无法加载模块:Upload

[ 2017-05-21T10:36:02+08:00 ] ::1 /singcms/upload/2016/03/06/56dbdc015e662.JPG
INFO: [ app_init ] --START--
INFO: Run Behavior\BuildLiteBehavior [ RunTime:0.000041s ]
INFO: [ app_init ] --END-- [ RunTime:0.000566s ]
ERR: 无法加载模块:Upload

[ 2017-05-21T10:47:46+08:00 ] ::1 /singcms/upload/2016/03/06/56dbdc015e662.JPG
INFO: [ app_init ] --START--
INFO: Run Behavior\BuildLiteBehavior [ RunTime:0.000024s ]
INFO: [ app_init ] --END-- [ RunTime:0.000350s ]
ERR: 无法加载模块:Upload

[ 2017-05-21T10:47:51+08:00 ] ::1 /singcms/upload/2016/03/06/56dbdc015e662.JPG
INFO: [ app_init ] --START--
INFO: Run Behavior\BuildLiteBehavior [ RunTime:0.000041s ]
INFO: [ app_init ] --END-- [ RunTime:0.000876s ]
ERR: 无法加载模块:Upload

[ 2017-05-21T10:48:11+08:00 ] ::1 /singcms/upload/2016/03/06/56dbdc015e662.JPG
INFO: [ app_init ] --START--
INFO: Run Behavior\BuildLiteBehavior [ RunTime:0.000039s ]
INFO: [ app_init ] --END-- [ RunTime:0.000568s ]
ERR: 无法加载模块:Upload

[ 2017-05-21T11:17:02+08:00 ] ::1 /singcms/upload/2016/03/06/56dbdc015e662.JPG
INFO: [ app_init ] --START--
INFO: Run Behavior\BuildLiteBehavior [ RunTime:0.000043s ]
INFO: [ app_init ] --END-- [ RunTime:0.000631s ]
ERR: 无法加载模块:Upload

[ 2017-05-21T11:17:03+08:00 ] ::1 /singcms/upload/2016/03/06/56dbdc015e662.JPG
INFO: [ app_init ] --START--
INFO: Run Behavior\BuildLiteBehavior [ RunTime:0.000043s ]
INFO: [ app_init ] --END-- [ RunTime:0.000643s ]
ERR: 无法加载模块:Upload

[ 2017-05-21T11:18:46+08:00 ] ::1 /singcms/Public/js/home/common.js
INFO: [ app_init ] --START--
INFO: Run Behavior\BuildLiteBehavior [ RunTime:0.000042s ]
INFO: [ app_init ] --END-- [ RunTime:0.000647s ]
ERR: 无法加载模块:Public

[ 2017-05-21T11:48:11+08:00 ] ::1 /singcms/upload/2016/03/06/56dbdc015e662.JPG
INFO: [ app_init ] --START--
INFO: Run Behavior\BuildLiteBehavior [ RunTime:0.000055s ]
INFO: [ app_init ] --END-- [ RunTime:0.000564s ]
ERR: 无法加载模块:Upload

[ 2017-05-21T11:48:53+08:00 ] ::1 /singcms/upload/2016/03/06/56dbdc015e662.JPG
INFO: [ app_init ] --START--
INFO: Run Behavior\BuildLiteBehavior [ RunTime:0.000040s ]
INFO: [ app_init ] --END-- [ RunTime:0.000640s ]
ERR: 无法加载模块:Upload

[ 2017-05-21T11:52:16+08:00 ] ::1 /singcms/upload/2016/03/06/56dbdc015e662.JPG
INFO: [ app_init ] --START--
INFO: Run Behavior\BuildLiteBehavior [ RunTime:0.000023s ]
INFO: [ app_init ] --END-- [ RunTime:0.000334s ]
ERR: 无法加载模块:Upload

[ 2017-05-21T11:55:16+08:00 ] ::1 /singcms/upload/2016/03/06/56dbdc015e662.JPG
INFO: [ app_init ] --START--
INFO: Run Behavior\BuildLiteBehavior [ RunTime:0.000025s ]
INFO: [ app_init ] --END-- [ RunTime:0.000412s ]
ERR: 无法加载模块:Upload

[ 2017-05-21T11:58:55+08:00 ] ::1 /singcms/upload/2016/03/06/56dbdc015e662.JPG
INFO: [ app_init ] --START--
INFO: Run Behavior\BuildLiteBehavior [ RunTime:0.000039s ]
INFO: [ app_init ] --END-- [ RunTime:0.000578s ]
ERR: 无法加载模块:Upload

[ 2017-05-21T12:00:16+08:00 ] ::1 /singcms/upload/2016/03/06/56dbdc015e662.JPG
INFO: [ app_init ] --START--
INFO: Run Behavior\BuildLiteBehavior [ RunTime:0.000025s ]
INFO: [ app_init ] --END-- [ RunTime:0.000333s ]
ERR: 无法加载模块:Upload

[ 2017-05-21T16:46:00+08:00 ] ::1 /singcms/upload/2016/03/06/56dbdc015e662.JPG
INFO: [ app_init ] --START--
INFO: Run Behavior\BuildLiteBehavior [ RunTime:0.000024s ]
INFO: [ app_init ] --END-- [ RunTime:0.062219s ]
ERR: 无法加载模块:Upload

[ 2017-05-21T16:49:10+08:00 ] ::1 /singcms/upload/2016/03/06/56dbdc015e662.JPG
INFO: [ app_init ] --START--
INFO: Run Behavior\BuildLiteBehavior [ RunTime:0.000056s ]
INFO: [ app_init ] --END-- [ RunTime:0.000812s ]
ERR: 无法加载模块:Upload

[ 2017-05-21T17:24:04+08:00 ] ::1 /singcms/upload/2016/03/06/56dbdc015e662.JPG
INFO: [ app_init ] --START--
INFO: Run Behavior\BuildLiteBehavior [ RunTime:0.000040s ]
INFO: [ app_init ] --END-- [ RunTime:0.001016s ]
ERR: 无法加载模块:Upload

[ 2017-05-21T17:24:18+08:00 ] ::1 /singcms/upload/2016/03/06/56dbdc015e662.JPG
INFO: [ app_init ] --START--
INFO: Run Behavior\BuildLiteBehavior [ RunTime:0.000047s ]
INFO: [ app_init ] --END-- [ RunTime:0.000680s ]
ERR: 无法加载模块:Upload

[ 2017-05-21T22:29:04+08:00 ] ::1 /singcms/upload/2016/03/06/56dbdc015e662.JPG
INFO: [ app_init ] --START--
INFO: Run Behavior\BuildLiteBehavior [ RunTime:0.000024s ]
INFO: [ app_init ] --END-- [ RunTime:0.000352s ]
ERR: 无法加载模块:Upload

[ 2017-05-21T22:29:56+08:00 ] ::1 /singcms/upload/2016/03/06/56dbdc015e662.JPG
INFO: [ app_init ] --START--
INFO: Run Behavior\BuildLiteBehavior [ RunTime:0.000040s ]
INFO: [ app_init ] --END-- [ RunTime:0.000522s ]
ERR: 无法加载模块:Upload

[ 2017-05-21T22:32:00+08:00 ] ::1 /singcms/upload/2016/03/06/56dbdc015e662.JPG
INFO: [ app_init ] --START--
INFO: Run Behavior\BuildLiteBehavior [ RunTime:0.000037s ]
INFO: [ app_init ] --END-- [ RunTime:0.000598s ]
ERR: 无法加载模块:Upload

[ 2017-05-21T23:01:01+08:00 ] ::1 /singcms/upload/2016/03/06/56dbdc015e662.JPG
INFO: [ app_init ] --START--
INFO: Run Behavior\BuildLiteBehavior [ RunTime:0.000041s ]
INFO: [ app_init ] --END-- [ RunTime:0.000640s ]
ERR: 无法加载模块:Upload

[ 2017-05-21T23:01:02+08:00 ] ::1 /singcms/upload/2016/03/06/56dbdc015e662.JPG
INFO: [ app_init ] --START--
INFO: Run Behavior\BuildLiteBehavior [ RunTime:0.000039s ]
INFO: [ app_init ] --END-- [ RunTime:0.000626s ]
ERR: 无法加载模块:Upload

[ 2017-05-21T23:01:02+08:00 ] ::1 /singcms/upload/2016/03/06/56dbdc015e662.JPG
INFO: [ app_init ] --START--
INFO: Run Behavior\BuildLiteBehavior [ RunTime:0.000057s ]
INFO: [ app_init ] --END-- [ RunTime:0.000845s ]
ERR: 无法加载模块:Upload

[ 2017-05-21T23:01:23+08:00 ] ::1 /singcms/upload/2016/03/06/56dbdc015e662.JPG
INFO: [ app_init ] --START--
INFO: Run Behavior\BuildLiteBehavior [ RunTime:0.000041s ]
INFO: [ app_init ] --END-- [ RunTime:0.000687s ]
ERR: 无法加载模块:Upload

