[ 2017-07-03T12:10:45+08:00 ] ::1 /bigticket/admin.php
INFO: [ app_init ] --START--
INFO: Run Behavior\BuildLiteBehavior [ RunTime:0.000025s ]
INFO: [ app_init ] --END-- [ RunTime:0.014302s ]
INFO: [ app_begin ] --START--
INFO: Run Behavior\ReadHtmlCacheBehavior [ RunTime:0.000869s ]
INFO: [ app_begin ] --END-- [ RunTime:0.000983s ]
NOTIC: [8] Undefined variable: module F:\wamp\wamp\www\bigticket\ThinkPHP\Common\functions.php 第 990 行.
NOTIC: [8] Undefined variable: var F:\wamp\wamp\www\bigticket\ThinkPHP\Common\functions.php 第 990 行.
NOTIC: [2] array_reverse() expects parameter 1 to be array, null given F:\wamp\wamp\www\bigticket\ThinkPHP\Common\functions.php 第 990 行.
NOTIC: [2] http_build_query() [<a href='function.http-build-query'>function.http-build-query</a>]: Parameter 1 expected to be Array or Object.  Incorrect value given F:\wamp\wamp\www\bigticket\ThinkPHP\Common\functions.php 第 990 行.

[ 2017-07-03T12:10:46+08:00 ] ::1 /bigticket/admin.php?m=&&c=login
INFO: [ app_init ] --START--
INFO: Run Behavior\BuildLiteBehavior [ RunTime:0.000018s ]
INFO: [ app_init ] --END-- [ RunTime:0.000311s ]
INFO: [ app_begin ] --START--
INFO: Run Behavior\ReadHtmlCacheBehavior [ RunTime:0.000345s ]
INFO: [ app_begin ] --END-- [ RunTime:0.000425s ]
INFO: [ view_parse ] --START--
INFO: [ template_filter ] --START--
INFO: Run Behavior\ContentReplaceBehavior [ RunTime:0.000067s ]
INFO: [ template_filter ] --END-- [ RunTime:0.000166s ]
INFO: Run Behavior\ParseTemplateBehavior [ RunTime:0.063161s ]
INFO: [ view_parse ] --END-- [ RunTime:0.063272s ]
INFO: [ view_filter ] --START--
INFO: Run Behavior\WriteHtmlCacheBehavior [ RunTime:0.000638s ]
INFO: [ view_filter ] --END-- [ RunTime:0.000727s ]
INFO: [ app_end ] --START--
INFO: Run Behavior\ShowPageTraceBehavior [ RunTime:0.000876s ]
INFO: [ app_end ] --END-- [ RunTime:0.000998s ]

[ 2017-07-03T12:10:46+08:00 ] ::1 /bigticket/admin.php/Admin/Login/verify
INFO: [ app_init ] --START--
INFO: Run Behavior\BuildLiteBehavior [ RunTime:0.000019s ]
INFO: [ app_init ] --END-- [ RunTime:0.000314s ]
INFO: [ app_begin ] --START--
INFO: Run Behavior\ReadHtmlCacheBehavior [ RunTime:0.000398s ]
INFO: [ app_begin ] --END-- [ RunTime:0.000524s ]
INFO: [ app_end ] --START--
INFO: Run Behavior\ShowPageTraceBehavior [ RunTime:0.000483s ]
INFO: [ app_end ] --END-- [ RunTime:0.000600s ]

[ 2017-07-03T21:21:40+08:00 ] ::1 /bigticket/admin.php
INFO: [ app_init ] --START--
INFO: Run Behavior\BuildLiteBehavior [ RunTime:0.000022s ]
INFO: [ app_init ] --END-- [ RunTime:0.000601s ]
INFO: [ app_begin ] --START--
INFO: Run Behavior\ReadHtmlCacheBehavior [ RunTime:0.000784s ]
INFO: [ app_begin ] --END-- [ RunTime:0.000891s ]
NOTIC: [8] Undefined variable: module F:\wamp\wamp\www\bigticket\ThinkPHP\Common\functions.php 第 990 行.
NOTIC: [8] Undefined variable: var F:\wamp\wamp\www\bigticket\ThinkPHP\Common\functions.php 第 990 行.
NOTIC: [2] array_reverse() expects parameter 1 to be array, null given F:\wamp\wamp\www\bigticket\ThinkPHP\Common\functions.php 第 990 行.
NOTIC: [2] http_build_query() [<a href='function.http-build-query'>function.http-build-query</a>]: Parameter 1 expected to be Array or Object.  Incorrect value given F:\wamp\wamp\www\bigticket\ThinkPHP\Common\functions.php 第 990 行.

[ 2017-07-03T21:21:41+08:00 ] ::1 /bigticket/admin.php?m=&&c=login
INFO: [ app_init ] --START--
INFO: Run Behavior\BuildLiteBehavior [ RunTime:0.000022s ]
INFO: [ app_init ] --END-- [ RunTime:0.000363s ]
INFO: [ app_begin ] --START--
INFO: Run Behavior\ReadHtmlCacheBehavior [ RunTime:0.000379s ]
INFO: [ app_begin ] --END-- [ RunTime:0.000476s ]
INFO: [ view_parse ] --START--
INFO: [ template_filter ] --START--
INFO: Run Behavior\ContentReplaceBehavior [ RunTime:0.000068s ]
INFO: [ template_filter ] --END-- [ RunTime:0.000164s ]
INFO: Run Behavior\ParseTemplateBehavior [ RunTime:0.042270s ]
INFO: [ view_parse ] --END-- [ RunTime:0.042538s ]
INFO: [ view_filter ] --START--
INFO: Run Behavior\WriteHtmlCacheBehavior [ RunTime:0.010108s ]
INFO: [ view_filter ] --END-- [ RunTime:0.010218s ]
INFO: [ app_end ] --START--
INFO: Run Behavior\ShowPageTraceBehavior [ RunTime:0.010750s ]
INFO: [ app_end ] --END-- [ RunTime:0.010900s ]

[ 2017-07-03T21:21:41+08:00 ] ::1 /bigticket/admin.php/Admin/Login/verify
INFO: [ app_init ] --START--
INFO: Run Behavior\BuildLiteBehavior [ RunTime:0.000022s ]
INFO: [ app_init ] --END-- [ RunTime:0.000372s ]
INFO: [ app_begin ] --START--
INFO: Run Behavior\ReadHtmlCacheBehavior [ RunTime:0.000384s ]
INFO: [ app_begin ] --END-- [ RunTime:0.000474s ]
INFO: [ app_end ] --START--
INFO: Run Behavior\ShowPageTraceBehavior [ RunTime:0.000801s ]
INFO: [ app_end ] --END-- [ RunTime:0.000986s ]

[ 2017-07-03T21:21:47+08:00 ] ::1 /bigticket/index.php?m=admin&c=login&a=check
INFO: [ app_init ] --START--
INFO: Run Behavior\BuildLiteBehavior [ RunTime:0.000021s ]
INFO: [ app_init ] --END-- [ RunTime:0.000409s ]
INFO: [ app_begin ] --START--
INFO: Run Behavior\ReadHtmlCacheBehavior [ RunTime:0.000470s ]
INFO: [ app_begin ] --END-- [ RunTime:0.000543s ]
NOTIC: [2048] Declaration of Common\Model\AdminModel::find() should be compatible with that of Think\Model::find() F:\wamp\wamp\www\bigticket\Application\Common\Model\AdminModel.class.php 第 5 行.
SQL: SHOW COLUMNS FROM `admin` [ RunTime:0.0865s ]
SQL: SELECT * FROM `admin` WHERE ( username="admin" ) LIMIT 1   [ RunTime:0.0021s ]

[ 2017-07-03T21:21:52+08:00 ] ::1 /bigticket/index.php?m=admin&c=login&a=check
INFO: [ app_init ] --START--
INFO: Run Behavior\BuildLiteBehavior [ RunTime:0.000035s ]
INFO: [ app_init ] --END-- [ RunTime:0.000533s ]
INFO: [ app_begin ] --START--
INFO: Run Behavior\ReadHtmlCacheBehavior [ RunTime:0.000582s ]
INFO: [ app_begin ] --END-- [ RunTime:0.000725s ]
NOTIC: [2048] Declaration of Common\Model\AdminModel::find() should be compatible with that of Think\Model::find() F:\wamp\wamp\www\bigticket\Application\Common\Model\AdminModel.class.php 第 5 行.
SQL: SHOW COLUMNS FROM `admin` [ RunTime:0.0160s ]
SQL: SELECT * FROM `admin` WHERE ( username="admin" ) LIMIT 1   [ RunTime:0.0013s ]

[ 2017-07-03T21:21:58+08:00 ] ::1 /bigticket/index.php?m=admin&c=login&a=check
INFO: [ app_init ] --START--
INFO: Run Behavior\BuildLiteBehavior [ RunTime:0.000024s ]
INFO: [ app_init ] --END-- [ RunTime:0.000390s ]
INFO: [ app_begin ] --START--
INFO: Run Behavior\ReadHtmlCacheBehavior [ RunTime:0.000663s ]
INFO: [ app_begin ] --END-- [ RunTime:0.000810s ]
NOTIC: [2048] Declaration of Common\Model\AdminModel::find() should be compatible with that of Think\Model::find() F:\wamp\wamp\www\bigticket\Application\Common\Model\AdminModel.class.php 第 5 行.
SQL: SHOW COLUMNS FROM `admin` [ RunTime:0.0180s ]
SQL: SELECT * FROM `admin` WHERE ( username="admin" ) LIMIT 1   [ RunTime:0.0016s ]

[ 2017-07-03T21:22:03+08:00 ] ::1 /bigticket/index.php?m=admin&c=login&a=check
INFO: [ app_init ] --START--
INFO: Run Behavior\BuildLiteBehavior [ RunTime:0.000020s ]
INFO: [ app_init ] --END-- [ RunTime:0.000339s ]
INFO: [ app_begin ] --START--
INFO: Run Behavior\ReadHtmlCacheBehavior [ RunTime:0.000362s ]
INFO: [ app_begin ] --END-- [ RunTime:0.000434s ]
NOTIC: [2048] Declaration of Common\Model\AdminModel::find() should be compatible with that of Think\Model::find() F:\wamp\wamp\www\bigticket\Application\Common\Model\AdminModel.class.php 第 5 行.
SQL: SHOW COLUMNS FROM `admin` [ RunTime:0.0199s ]
SQL: SELECT * FROM `admin` WHERE ( username="admin" ) LIMIT 1   [ RunTime:0.0008s ]
SQL: UPDATE `admin` SET `lastlogintime`='1499088123' WHERE ( admin_id=1 ) [ RunTime:0.0944s ]

[ 2017-07-03T21:22:04+08:00 ] ::1 /bigticket/admin.php?m=admin&c=index
INFO: [ app_init ] --START--
INFO: Run Behavior\BuildLiteBehavior [ RunTime:0.000038s ]
INFO: [ app_init ] --END-- [ RunTime:0.000539s ]
INFO: [ app_begin ] --START--
INFO: Run Behavior\ReadHtmlCacheBehavior [ RunTime:0.000445s ]
INFO: [ app_begin ] --END-- [ RunTime:0.000549s ]
NOTIC: [2048] Declaration of Common\Model\ClientModel::find() should be compatible with that of Think\Model::find() F:\wamp\wamp\www\bigticket\Application\Common\Model\ClientModel.class.php 第 5 行.
SQL: SHOW COLUMNS FROM `client` [ RunTime:0.0438s ]
SQL: SELECT COUNT(*) AS tp_count FROM `client` WHERE `status` <> -1 LIMIT 1   [ RunTime:0.0372s ]
NOTIC: [2048] Declaration of Common\Model\MovieModel::find() should be compatible with that of Think\Model::find() F:\wamp\wamp\www\bigticket\Application\Common\Model\MovieModel.class.php 第 90 行.
SQL: SHOW COLUMNS FROM `movie` [ RunTime:0.0275s ]
NOTIC: [8] Undefined index: title F:\wamp\wamp\www\bigticket\Application\Common\Model\MovieModel.class.php 第 44 行.
SQL: SELECT COUNT(*) AS tp_count FROM `movie` WHERE `status` <> -1 LIMIT 1   [ RunTime:0.0019s ]
SQL: SHOW COLUMNS FROM `ticket` [ RunTime:0.0380s ]
SQL: SELECT count(*) as count,`movie_id` FROM `ticket` GROUP BY movie_id  [ RunTime:0.0202s ]
NOTIC: [2048] Declaration of Common\Model\SceneModel::find() should be compatible with that of Think\Model::find() F:\wamp\wamp\www\bigticket\Application\Common\Model\SceneModel.class.php 第 124 行.
SQL: SHOW COLUMNS FROM `scene` [ RunTime:0.0368s ]
SQL: SELECT COUNT(*) AS tp_count FROM `scene` WHERE ( time between 1499011200 and 1499097600 ) LIMIT 1   [ RunTime:0.0020s ]
SQL: SELECT * FROM `movie` WHERE ( movie_id=20 ) LIMIT 1   [ RunTime:0.0011s ]
INFO: [ view_parse ] --START--
INFO: [ template_filter ] --START--
INFO: Run Behavior\ContentReplaceBehavior [ RunTime:0.000081s ]
INFO: [ template_filter ] --END-- [ RunTime:0.000168s ]
NOTIC: [2048] Declaration of Common\Model\MenuModel::find() should be compatible with that of Think\Model::find() F:\wamp\wamp\www\bigticket\Application\Common\Model\MenuModel.class.php 第 74 行.
SQL: SHOW COLUMNS FROM `menu` [ RunTime:0.0333s ]
SQL: SELECT * FROM `menu` WHERE `status` = 1 AND `type` = 1 ORDER BY listorder desc,menu_id desc  [ RunTime:0.0083s ]
NOTIC: [8] Undefined variable: index F:\wamp\wamp\www\bigticket\Application\Runtime\Cache\Admin\b595b808c2ebeeeb0478ffc30bb4e87a.php 第 78 行.
NOTIC: [8] Undefined index: a F:\wamp\wamp\www\bigticket\Application\Common\Common\function.php 第 44 行.
NOTIC: [8] Undefined index: a F:\wamp\wamp\www\bigticket\Application\Common\Common\function.php 第 44 行.
NOTIC: [8] Undefined index: a F:\wamp\wamp\www\bigticket\Application\Common\Common\function.php 第 44 行.
NOTIC: [8] Undefined index: a F:\wamp\wamp\www\bigticket\Application\Common\Common\function.php 第 44 行.
NOTIC: [8] Undefined index: a F:\wamp\wamp\www\bigticket\Application\Common\Common\function.php 第 44 行.
NOTIC: [8] Undefined index: a F:\wamp\wamp\www\bigticket\Application\Common\Common\function.php 第 44 行.
NOTIC: [8] Undefined index: a F:\wamp\wamp\www\bigticket\Application\Common\Common\function.php 第 44 行.
NOTIC: [8] Undefined index: a F:\wamp\wamp\www\bigticket\Application\Common\Common\function.php 第 44 行.
NOTIC: [8] Undefined index: a F:\wamp\wamp\www\bigticket\Application\Common\Common\function.php 第 44 行.
NOTIC: [8] Undefined variable: news F:\wamp\wamp\www\bigticket\Application\Runtime\Cache\Admin\b595b808c2ebeeeb0478ffc30bb4e87a.php 第 171 行.
INFO: Run Behavior\ParseTemplateBehavior [ RunTime:0.067487s ]
INFO: [ view_parse ] --END-- [ RunTime:0.067571s ]
INFO: [ view_filter ] --START--
INFO: Run Behavior\WriteHtmlCacheBehavior [ RunTime:0.000568s ]
INFO: [ view_filter ] --END-- [ RunTime:0.000647s ]
INFO: [ app_end ] --START--
INFO: Run Behavior\ShowPageTraceBehavior [ RunTime:0.000574s ]
INFO: [ app_end ] --END-- [ RunTime:0.000653s ]

[ 2017-07-03T21:26:08+08:00 ] ::1 /bigticket/admin.php?c=positioncontent
INFO: [ app_init ] --START--
INFO: Run Behavior\BuildLiteBehavior [ RunTime:0.000020s ]
INFO: [ app_init ] --END-- [ RunTime:0.000430s ]
INFO: [ app_begin ] --START--
INFO: Run Behavior\ReadHtmlCacheBehavior [ RunTime:0.000477s ]
INFO: [ app_begin ] --END-- [ RunTime:0.000562s ]
NOTIC: [2048] Declaration of Admin\Controller\PositioncontentController::setStatus() should be compatible with that of Admin\Controller\CommonController::setStatus() F:\wamp\wamp\www\bigticket\Application\Admin\Controller\PositioncontentController.class.php 第 9 行.
NOTIC: [2048] Declaration of Admin\Controller\PositioncontentController::listorder() should be compatible with that of Admin\Controller\CommonController::listorder() F:\wamp\wamp\www\bigticket\Application\Admin\Controller\PositioncontentController.class.php 第 9 行.
NOTIC: [2048] Declaration of Common\Model\PositionModel::find() should be compatible with that of Think\Model::find() F:\wamp\wamp\www\bigticket\Application\Common\Model\PositionModel.class.php 第 8 行.
SQL: SHOW COLUMNS FROM `position` [ RunTime:0.0329s ]
SQL: SELECT * FROM `position` WHERE `status` = 1 ORDER BY id  [ RunTime:0.0010s ]
NOTIC: [8] Undefined index: p F:\wamp\wamp\www\bigticket\Application\Admin\Controller\PositioncontentController.class.php 第 36 行.
NOTIC: [8] Undefined index: pageSize F:\wamp\wamp\www\bigticket\Application\Admin\Controller\PositioncontentController.class.php 第 37 行.
NOTIC: [2048] Declaration of Common\Model\PositionContentModel::find() should be compatible with that of Think\Model::find() F:\wamp\wamp\www\bigticket\Application\Common\Model\PositionContentModel.class.php 第 150 行.
SQL: SHOW COLUMNS FROM `position_content` [ RunTime:0.0284s ]
NOTIC: [8] Undefined index: title F:\wamp\wamp\www\bigticket\Application\Common\Model\PositionContentModel.class.php 第 95 行.
SQL: SELECT * FROM `position_content` WHERE `status` <> -1 ORDER BY listorder desc , id desc LIMIT 0,10   [ RunTime:0.0009s ]
SQL: SELECT COUNT(*) AS tp_count FROM `position_content` WHERE `status` <> -1 LIMIT 1   [ RunTime:0.0005s ]
NOTIC: [8] Undefined index: position_id F:\wamp\wamp\www\bigticket\Application\Admin\Controller\PositioncontentController.class.php 第 50 行.
INFO: [ view_parse ] --START--
INFO: [ template_filter ] --START--
INFO: Run Behavior\ContentReplaceBehavior [ RunTime:0.000087s ]
INFO: [ template_filter ] --END-- [ RunTime:0.000177s ]
NOTIC: [2048] Declaration of Common\Model\MenuModel::find() should be compatible with that of Think\Model::find() F:\wamp\wamp\www\bigticket\Application\Common\Model\MenuModel.class.php 第 74 行.
SQL: SHOW COLUMNS FROM `menu` [ RunTime:0.0138s ]
SQL: SELECT * FROM `menu` WHERE `status` = 1 AND `type` = 1 ORDER BY listorder desc,menu_id desc  [ RunTime:0.0007s ]
NOTIC: [8] Undefined variable: index F:\wamp\wamp\www\bigticket\Application\Runtime\Cache\Admin\b8a8b9d170e6c07d7b463ea02385894d.php 第 77 行.
NOTIC: [8] Undefined index: a F:\wamp\wamp\www\bigticket\Application\Common\Common\function.php 第 44 行.
NOTIC: [8] Undefined index: a F:\wamp\wamp\www\bigticket\Application\Common\Common\function.php 第 44 行.
NOTIC: [8] Undefined index: a F:\wamp\wamp\www\bigticket\Application\Common\Common\function.php 第 44 行.
NOTIC: [8] Undefined index: a F:\wamp\wamp\www\bigticket\Application\Common\Common\function.php 第 44 行.
NOTIC: [8] Undefined index: a F:\wamp\wamp\www\bigticket\Application\Common\Common\function.php 第 44 行.
NOTIC: [8] Undefined index: a F:\wamp\wamp\www\bigticket\Application\Common\Common\function.php 第 44 行.
NOTIC: [8] Undefined index: a F:\wamp\wamp\www\bigticket\Application\Common\Common\function.php 第 44 行.
NOTIC: [8] Undefined index: a F:\wamp\wamp\www\bigticket\Application\Common\Common\function.php 第 44 行.
NOTIC: [8] Undefined index: a F:\wamp\wamp\www\bigticket\Application\Common\Common\function.php 第 44 行.
NOTIC: [8] Undefined variable: title F:\wamp\wamp\www\bigticket\Application\Runtime\Cache\Admin\b8a8b9d170e6c07d7b463ea02385894d.php 第 127 行.
NOTIC: [2048] Declaration of Common\Model\MovieModel::find() should be compatible with that of Think\Model::find() F:\wamp\wamp\www\bigticket\Application\Common\Model\MovieModel.class.php 第 90 行.
SQL: SHOW COLUMNS FROM `movie` [ RunTime:0.0148s ]
SQL: SELECT * FROM `movie` WHERE ( movie_id=39 ) LIMIT 1   [ RunTime:0.0009s ]
SQL: SELECT * FROM `movie` WHERE ( movie_id=39 ) LIMIT 1   [ RunTime:0.0010s ]
SQL: SELECT * FROM `movie` WHERE ( movie_id=39 ) LIMIT 1   [ RunTime:0.0006s ]
SQL: SELECT * FROM `movie` WHERE ( movie_id=29 ) LIMIT 1   [ RunTime:0.0007s ]
SQL: SELECT * FROM `movie` WHERE ( movie_id=29 ) LIMIT 1   [ RunTime:0.0011s ]
SQL: SELECT * FROM `movie` WHERE ( movie_id=29 ) LIMIT 1   [ RunTime:0.0006s ]
SQL: SELECT * FROM `movie` WHERE ( movie_id=26 ) LIMIT 1   [ RunTime:0.0006s ]
SQL: SELECT * FROM `movie` WHERE ( movie_id=26 ) LIMIT 1   [ RunTime:0.0006s ]
SQL: SELECT * FROM `movie` WHERE ( movie_id=26 ) LIMIT 1   [ RunTime:0.0007s ]
SQL: SELECT * FROM `movie` WHERE ( movie_id=30 ) LIMIT 1   [ RunTime:0.0007s ]
SQL: SELECT * FROM `movie` WHERE ( movie_id=30 ) LIMIT 1   [ RunTime:0.0007s ]
SQL: SELECT * FROM `movie` WHERE ( movie_id=30 ) LIMIT 1   [ RunTime:0.0006s ]
SQL: SELECT * FROM `movie` WHERE ( movie_id=37 ) LIMIT 1   [ RunTime:0.0007s ]
SQL: SELECT * FROM `movie` WHERE ( movie_id=37 ) LIMIT 1   [ RunTime:0.0006s ]
SQL: SELECT * FROM `movie` WHERE ( movie_id=37 ) LIMIT 1   [ RunTime:0.0007s ]
SQL: SELECT * FROM `movie` WHERE ( movie_id=40 ) LIMIT 1   [ RunTime:0.0006s ]
SQL: SELECT * FROM `movie` WHERE ( movie_id=40 ) LIMIT 1   [ RunTime:0.0005s ]
SQL: SELECT * FROM `movie` WHERE ( movie_id=40 ) LIMIT 1   [ RunTime:0.0007s ]
SQL: SELECT * FROM `movie` WHERE ( movie_id=38 ) LIMIT 1   [ RunTime:0.0012s ]
SQL: SELECT * FROM `movie` WHERE ( movie_id=38 ) LIMIT 1   [ RunTime:0.0010s ]
SQL: SELECT * FROM `movie` WHERE ( movie_id=38 ) LIMIT 1   [ RunTime:0.0008s ]
SQL: SELECT * FROM `movie` WHERE ( movie_id=36 ) LIMIT 1   [ RunTime:0.0007s ]
SQL: SELECT * FROM `movie` WHERE ( movie_id=36 ) LIMIT 1   [ RunTime:0.0007s ]
SQL: SELECT * FROM `movie` WHERE ( movie_id=36 ) LIMIT 1   [ RunTime:0.0006s ]
SQL: SELECT * FROM `movie` WHERE ( movie_id=43 ) LIMIT 1   [ RunTime:0.0006s ]
SQL: SELECT * FROM `movie` WHERE ( movie_id=43 ) LIMIT 1   [ RunTime:0.0008s ]
SQL: SELECT * FROM `movie` WHERE ( movie_id=43 ) LIMIT 1   [ RunTime:0.0006s ]
SQL: SELECT * FROM `movie` WHERE ( movie_id=31 ) LIMIT 1   [ RunTime:0.0006s ]
SQL: SELECT * FROM `movie` WHERE ( movie_id=31 ) LIMIT 1   [ RunTime:0.0008s ]
SQL: SELECT * FROM `movie` WHERE ( movie_id=31 ) LIMIT 1   [ RunTime:0.0007s ]
INFO: Run Behavior\ParseTemplateBehavior [ RunTime:0.079975s ]
INFO: [ view_parse ] --END-- [ RunTime:0.080092s ]
INFO: [ view_filter ] --START--
INFO: Run Behavior\WriteHtmlCacheBehavior [ RunTime:0.000413s ]
INFO: [ view_filter ] --END-- [ RunTime:0.000510s ]
INFO: [ app_end ] --START--
INFO: Run Behavior\ShowPageTraceBehavior [ RunTime:0.000511s ]
INFO: [ app_end ] --END-- [ RunTime:0.000589s ]

[ 2017-07-03T21:26:11+08:00 ] ::1 /bigticket/admin.php?c=movie
INFO: [ app_init ] --START--
INFO: Run Behavior\BuildLiteBehavior [ RunTime:0.000020s ]
INFO: [ app_init ] --END-- [ RunTime:0.000376s ]
INFO: [ app_begin ] --START--
INFO: Run Behavior\ReadHtmlCacheBehavior [ RunTime:0.000403s ]
INFO: [ app_begin ] --END-- [ RunTime:0.000511s ]
NOTIC: [2048] Declaration of Admin\Controller\MovieController::setStatus() should be compatible with that of Admin\Controller\CommonController::setStatus() F:\wamp\wamp\www\bigticket\Application\Admin\Controller\MovieController.class.php 第 9 行.
NOTIC: [8] Undefined index: title F:\wamp\wamp\www\bigticket\Application\Admin\Controller\MovieController.class.php 第 12 行.
NOTIC: [8] Undefined index: p F:\wamp\wamp\www\bigticket\Application\Admin\Controller\MovieController.class.php 第 17 行.
NOTIC: [2048] Declaration of Common\Model\MovieModel::find() should be compatible with that of Think\Model::find() F:\wamp\wamp\www\bigticket\Application\Common\Model\MovieModel.class.php 第 4 行.
SQL: SHOW COLUMNS FROM `movie` [ RunTime:0.0134s ]
NOTIC: [8] Undefined index: title F:\wamp\wamp\www\bigticket\Application\Common\Model\MovieModel.class.php 第 23 行.
SQL: SELECT * FROM `movie` WHERE `status` <> -1 ORDER BY movie_id desc LIMIT 0,10   [ RunTime:0.0021s ]
NOTIC: [8] Undefined index: title F:\wamp\wamp\www\bigticket\Application\Common\Model\MovieModel.class.php 第 44 行.
SQL: SELECT COUNT(*) AS tp_count FROM `movie` WHERE `status` <> -1 LIMIT 1   [ RunTime:0.0004s ]
NOTIC: [2048] Declaration of Common\Model\PositionModel::find() should be compatible with that of Think\Model::find() F:\wamp\wamp\www\bigticket\Application\Common\Model\PositionModel.class.php 第 83 行.
SQL: SHOW COLUMNS FROM `position` [ RunTime:0.0129s ]
SQL: SELECT * FROM `position` WHERE `status` = 1 ORDER BY id  [ RunTime:0.0008s ]
INFO: [ view_parse ] --START--
INFO: [ template_filter ] --START--
INFO: Run Behavior\ContentReplaceBehavior [ RunTime:0.000091s ]
INFO: [ template_filter ] --END-- [ RunTime:0.000179s ]
NOTIC: [2048] Declaration of Common\Model\MenuModel::find() should be compatible with that of Think\Model::find() F:\wamp\wamp\www\bigticket\Application\Common\Model\MenuModel.class.php 第 74 行.
SQL: SHOW COLUMNS FROM `menu` [ RunTime:0.0126s ]
SQL: SELECT * FROM `menu` WHERE `status` = 1 AND `type` = 1 ORDER BY listorder desc,menu_id desc  [ RunTime:0.0010s ]
NOTIC: [8] Undefined variable: index F:\wamp\wamp\www\bigticket\Application\Runtime\Cache\Admin\751bfc1b614f88135413bfdacdc4f115.php 第 77 行.
NOTIC: [8] Undefined index: a F:\wamp\wamp\www\bigticket\Application\Common\Common\function.php 第 44 行.
NOTIC: [8] Undefined index: a F:\wamp\wamp\www\bigticket\Application\Common\Common\function.php 第 44 行.
NOTIC: [8] Undefined index: a F:\wamp\wamp\www\bigticket\Application\Common\Common\function.php 第 44 行.
NOTIC: [8] Undefined index: a F:\wamp\wamp\www\bigticket\Application\Common\Common\function.php 第 44 行.
NOTIC: [8] Undefined index: a F:\wamp\wamp\www\bigticket\Application\Common\Common\function.php 第 44 行.
NOTIC: [8] Undefined index: a F:\wamp\wamp\www\bigticket\Application\Common\Common\function.php 第 44 行.
NOTIC: [8] Undefined index: a F:\wamp\wamp\www\bigticket\Application\Common\Common\function.php 第 44 行.
NOTIC: [8] Undefined index: a F:\wamp\wamp\www\bigticket\Application\Common\Common\function.php 第 44 行.
NOTIC: [8] Undefined index: a F:\wamp\wamp\www\bigticket\Application\Common\Common\function.php 第 44 行.
NOTIC: [8] Undefined variable: webSiteMenu F:\wamp\wamp\www\bigticket\Application\Runtime\Cache\Admin\751bfc1b614f88135413bfdacdc4f115.php 第 119 行.
NOTIC: [8] Undefined index: movieId F:\wamp\wamp\www\bigticket\Application\Runtime\Cache\Admin\751bfc1b614f88135413bfdacdc4f115.php 第 164 行.
NOTIC: [8] Undefined variable: new F:\wamp\wamp\www\bigticket\Application\Runtime\Cache\Admin\751bfc1b614f88135413bfdacdc4f115.php 第 165 行.
NOTIC: [8] Undefined variable: new F:\wamp\wamp\www\bigticket\Application\Runtime\Cache\Admin\751bfc1b614f88135413bfdacdc4f115.php 第 165 行.
NOTIC: [8] Undefined variable: webSiteMenu F:\wamp\wamp\www\bigticket\Application\Runtime\Cache\Admin\751bfc1b614f88135413bfdacdc4f115.php 第 170 行.
NOTIC: [8] Undefined index: catid F:\wamp\wamp\www\bigticket\Application\Runtime\Cache\Admin\751bfc1b614f88135413bfdacdc4f115.php 第 170 行.
NOTIC: [2] Invalid argument supplied for foreach() F:\wamp\wamp\www\bigticket\Application\Common\Common\function.php 第 61 行.
NOTIC: [8] Undefined variable: new F:\wamp\wamp\www\bigticket\Application\Runtime\Cache\Admin\751bfc1b614f88135413bfdacdc4f115.php 第 171 行.
NOTIC: [8] Undefined variable: new F:\wamp\wamp\www\bigticket\Application\Runtime\Cache\Admin\751bfc1b614f88135413bfdacdc4f115.php 第 181 行.
NOTIC: [8] Undefined index: movieId F:\wamp\wamp\www\bigticket\Application\Runtime\Cache\Admin\751bfc1b614f88135413bfdacdc4f115.php 第 164 行.
NOTIC: [8] Undefined variable: new F:\wamp\wamp\www\bigticket\Application\Runtime\Cache\Admin\751bfc1b614f88135413bfdacdc4f115.php 第 165 行.
NOTIC: [8] Undefined variable: new F:\wamp\wamp\www\bigticket\Application\Runtime\Cache\Admin\751bfc1b614f88135413bfdacdc4f115.php 第 165 行.
NOTIC: [8] Undefined variable: webSiteMenu F:\wamp\wamp\www\bigticket\Application\Runtime\Cache\Admin\751bfc1b614f88135413bfdacdc4f115.php 第 170 行.
NOTIC: [8] Undefined index: catid F:\wamp\wamp\www\bigticket\Application\Runtime\Cache\Admin\751bfc1b614f88135413bfdacdc4f115.php 第 170 行.
NOTIC: [2] Invalid argument supplied for foreach() F:\wamp\wamp\www\bigticket\Application\Common\Common\function.php 第 61 行.
NOTIC: [8] Undefined variable: new F:\wamp\wamp\www\bigticket\Application\Runtime\Cache\Admin\751bfc1b614f88135413bfdacdc4f115.php 第 171 行.
NOTIC: [8] Undefined variable: new F:\wamp\wamp\www\bigticket\Application\Runtime\Cache\Admin\751bfc1b614f88135413bfdacdc4f115.php 第 181 行.
NOTIC: [8] Undefined index: movieId F:\wamp\wamp\www\bigticket\Application\Runtime\Cache\Admin\751bfc1b614f88135413bfdacdc4f115.php 第 164 行.
NOTIC: [8] Undefined variable: new F:\wamp\wamp\www\bigticket\Application\Runtime\Cache\Admin\751bfc1b614f88135413bfdacdc4f115.php 第 165 行.
NOTIC: [8] Undefined variable: new F:\wamp\wamp\www\bigticket\Application\Runtime\Cache\Admin\751bfc1b614f88135413bfdacdc4f115.php 第 165 行.
NOTIC: [8] Undefined variable: webSiteMenu F:\wamp\wamp\www\bigticket\Application\Runtime\Cache\Admin\751bfc1b614f88135413bfdacdc4f115.php 第 170 行.
NOTIC: [8] Undefined index: catid F:\wamp\wamp\www\bigticket\Application\Runtime\Cache\Admin\751bfc1b614f88135413bfdacdc4f115.php 第 170 行.
NOTIC: [2] Invalid argument supplied for foreach() F:\wamp\wamp\www\bigticket\Application\Common\Common\function.php 第 61 行.
NOTIC: [8] Undefined variable: new F:\wamp\wamp\www\bigticket\Application\Runtime\Cache\Admin\751bfc1b614f88135413bfdacdc4f115.php 第 171 行.
NOTIC: [8] Undefined variable: new F:\wamp\wamp\www\bigticket\Application\Runtime\Cache\Admin\751bfc1b614f88135413bfdacdc4f115.php 第 181 行.
NOTIC: [8] Undefined index: movieId F:\wamp\wamp\www\bigticket\Application\Runtime\Cache\Admin\751bfc1b614f88135413bfdacdc4f115.php 第 164 行.
NOTIC: [8] Undefined variable: new F:\wamp\wamp\www\bigticket\Application\Runtime\Cache\Admin\751bfc1b614f88135413bfdacdc4f115.php 第 165 行.
NOTIC: [8] Undefined variable: new F:\wamp\wamp\www\bigticket\Application\Runtime\Cache\Admin\751bfc1b614f88135413bfdacdc4f115.php 第 165 行.
NOTIC: [8] Undefined variable: webSiteMenu F:\wamp\wamp\www\bigticket\Application\Runtime\Cache\Admin\751bfc1b614f88135413bfdacdc4f115.php 第 170 行.
NOTIC: [8] Undefined index: catid F:\wamp\wamp\www\bigticket\Application\Runtime\Cache\Admin\751bfc1b614f88135413bfdacdc4f115.php 第 170 行.
NOTIC: [2] Invalid argument supplied for foreach() F:\wamp\wamp\www\bigticket\Application\Common\Common\function.php 第 61 行.
NOTIC: [8] Undefined variable: new F:\wamp\wamp\www\bigticket\Application\Runtime\Cache\Admin\751bfc1b614f88135413bfdacdc4f115.php 第 171 行.
NOTIC: [8] Undefined variable: new F:\wamp\wamp\www\bigticket\Application\Runtime\Cache\Admin\751bfc1b614f88135413bfdacdc4f115.php 第 181 行.
NOTIC: [8] Undefined index: movieId F:\wamp\wamp\www\bigticket\Application\Runtime\Cache\Admin\751bfc1b614f88135413bfdacdc4f115.php 第 164 行.
NOTIC: [8] Undefined variable: new F:\wamp\wamp\www\bigticket\Application\Runtime\Cache\Admin\751bfc1b614f88135413bfdacdc4f115.php 第 165 行.
NOTIC: [8] Undefined variable: new F:\wamp\wamp\www\bigticket\Application\Runtime\Cache\Admin\751bfc1b614f88135413bfdacdc4f115.php 第 165 行.
NOTIC: [8] Undefined variable: webSiteMenu F:\wamp\wamp\www\bigticket\Application\Runtime\Cache\Admin\751bfc1b614f88135413bfdacdc4f115.php 第 170 行.
NOTIC: [8] Undefined index: catid F:\wamp\wamp\www\bigticket\Application\Runtime\Cache\Admin\751bfc1b614f88135413bfdacdc4f115.php 第 170 行.
NOTIC: [2] Invalid argument supplied for foreach() F:\wamp\wamp\www\bigticket\Application\Common\Common\function.php 第 61 行.
NOTIC: [8] Undefined variable: new F:\wamp\wamp\www\bigticket\Application\Runtime\Cache\Admin\751bfc1b614f88135413bfdacdc4f115.php 第 171 行.
NOTIC: [8] Undefined variable: new F:\wamp\wamp\www\bigticket\Application\Runtime\Cache\Admin\751bfc1b614f88135413bfdacdc4f115.php 第 181 行.
NOTIC: [8] Undefined index: movieId F:\wamp\wamp\www\bigticket\Application\Runtime\Cache\Admin\751bfc1b614f88135413bfdacdc4f115.php 第 164 行.
NOTIC: [8] Undefined variable: new F:\wamp\wamp\www\bigticket\Application\Runtime\Cache\Admin\751bfc1b614f88135413bfdacdc4f115.php 第 165 行.
NOTIC: [8] Undefined variable: new F:\wamp\wamp\www\bigticket\Application\Runtime\Cache\Admin\751bfc1b614f88135413bfdacdc4f115.php 第 165 行.
NOTIC: [8] Undefined variable: webSiteMenu F:\wamp\wamp\www\bigticket\Application\Runtime\Cache\Admin\751bfc1b614f88135413bfdacdc4f115.php 第 170 行.
NOTIC: [8] Undefined index: catid F:\wamp\wamp\www\bigticket\Application\Runtime\Cache\Admin\751bfc1b614f88135413bfdacdc4f115.php 第 170 行.
NOTIC: [2] Invalid argument supplied for foreach() F:\wamp\wamp\www\bigticket\Application\Common\Common\function.php 第 61 行.
NOTIC: [8] Undefined variable: new F:\wamp\wamp\www\bigticket\Application\Runtime\Cache\Admin\751bfc1b614f88135413bfdacdc4f115.php 第 171 行.
NOTIC: [8] Undefined variable: new F:\wamp\wamp\www\bigticket\Application\Runtime\Cache\Admin\751bfc1b614f88135413bfdacdc4f115.php 第 181 行.
NOTIC: [8] Undefined index: movieId F:\wamp\wamp\www\bigticket\Application\Runtime\Cache\Admin\751bfc1b614f88135413bfdacdc4f115.php 第 164 行.
NOTIC: [8] Undefined variable: new F:\wamp\wamp\www\bigticket\Application\Runtime\Cache\Admin\751bfc1b614f88135413bfdacdc4f115.php 第 165 行.
NOTIC: [8] Undefined variable: new F:\wamp\wamp\www\bigticket\Application\Runtime\Cache\Admin\751bfc1b614f88135413bfdacdc4f115.php 第 165 行.
NOTIC: [8] Undefined variable: webSiteMenu F:\wamp\wamp\www\bigticket\Application\Runtime\Cache\Admin\751bfc1b614f88135413bfdacdc4f115.php 第 170 行.
NOTIC: [8] Undefined index: catid F:\wamp\wamp\www\bigticket\Application\Runtime\Cache\Admin\751bfc1b614f88135413bfdacdc4f115.php 第 170 行.
NOTIC: [2] Invalid argument supplied for foreach() F:\wamp\wamp\www\bigticket\Application\Common\Common\function.php 第 61 行.
NOTIC: [8] Undefined variable: new F:\wamp\wamp\www\bigticket\Application\Runtime\Cache\Admin\751bfc1b614f88135413bfdacdc4f115.php 第 171 行.
NOTIC: [8] Undefined variable: new F:\wamp\wamp\www\bigticket\Application\Runtime\Cache\Admin\751bfc1b614f88135413bfdacdc4f115.php 第 181 行.
NOTIC: [8] Undefined index: movieId F:\wamp\wamp\www\bigticket\Application\Runtime\Cache\Admin\751bfc1b614f88135413bfdacdc4f115.php 第 164 行.
NOTIC: [8] Undefined variable: new F:\wamp\wamp\www\bigticket\Application\Runtime\Cache\Admin\751bfc1b614f88135413bfdacdc4f115.php 第 165 行.
NOTIC: [8] Undefined variable: new F:\wamp\wamp\www\bigticket\Application\Runtime\Cache\Admin\751bfc1b614f88135413bfdacdc4f115.php 第 165 行.
NOTIC: [8] Undefined variable: webSiteMenu F:\wamp\wamp\www\bigticket\Application\Runtime\Cache\Admin\751bfc1b614f88135413bfdacdc4f115.php 第 170 行.
NOTIC: [8] Undefined index: catid F:\wamp\wamp\www\bigticket\Application\Runtime\Cache\Admin\751bfc1b614f88135413bfdacdc4f115.php 第 170 行.
NOTIC: [2] Invalid argument supplied for foreach() F:\wamp\wamp\www\bigticket\Application\Common\Common\function.php 第 61 行.
NOTIC: [8] Undefined variable: new F:\wamp\wamp\www\bigticket\Application\Runtime\Cache\Admin\751bfc1b614f88135413bfdacdc4f115.php 第 171 行.
NOTIC: [8] Undefined variable: new F:\wamp\wamp\www\bigticket\Application\Runtime\Cache\Admin\751bfc1b614f88135413bfdacdc4f115.php 第 181 行.
NOTIC: [8] Undefined index: movieId F:\wamp\wamp\www\bigticket\Application\Runtime\Cache\Admin\751bfc1b614f88135413bfdacdc4f115.php 第 164 行.
NOTIC: [8] Undefined variable: new F:\wamp\wamp\www\bigticket\Application\Runtime\Cache\Admin\751bfc1b614f88135413bfdacdc4f115.php 第 165 行.
NOTIC: [8] Undefined variable: new F:\wamp\wamp\www\bigticket\Application\Runtime\Cache\Admin\751bfc1b614f88135413bfdacdc4f115.php 第 165 行.
NOTIC: [8] Undefined variable: webSiteMenu F:\wamp\wamp\www\bigticket\Application\Runtime\Cache\Admin\751bfc1b614f88135413bfdacdc4f115.php 第 170 行.
NOTIC: [8] Undefined index: catid F:\wamp\wamp\www\bigticket\Application\Runtime\Cache\Admin\751bfc1b614f88135413bfdacdc4f115.php 第 170 行.
NOTIC: [2] Invalid argument supplied for foreach() F:\wamp\wamp\www\bigticket\Application\Common\Common\function.php 第 61 行.
NOTIC: [8] Undefined variable: new F:\wamp\wamp\www\bigticket\Application\Runtime\Cache\Admin\751bfc1b614f88135413bfdacdc4f115.php 第 171 行.
NOTIC: [8] Undefined variable: new F:\wamp\wamp\www\bigticket\Application\Runtime\Cache\Admin\751bfc1b614f88135413bfdacdc4f115.php 第 181 行.
NOTIC: [8] Undefined index: movieId F:\wamp\wamp\www\bigticket\Application\Runtime\Cache\Admin\751bfc1b614f88135413bfdacdc4f115.php 第 164 行.
NOTIC: [8] Undefined variable: new F:\wamp\wamp\www\bigticket\Application\Runtime\Cache\Admin\751bfc1b614f88135413bfdacdc4f115.php 第 165 行.
NOTIC: [8] Undefined variable: new F:\wamp\wamp\www\bigticket\Application\Runtime\Cache\Admin\751bfc1b614f88135413bfdacdc4f115.php 第 165 行.
NOTIC: [8] Undefined variable: webSiteMenu F:\wamp\wamp\www\bigticket\Application\Runtime\Cache\Admin\751bfc1b614f88135413bfdacdc4f115.php 第 170 行.
NOTIC: [8] Undefined index: catid F:\wamp\wamp\www\bigticket\Application\Runtime\Cache\Admin\751bfc1b614f88135413bfdacdc4f115.php 第 170 行.
NOTIC: [2] Invalid argument supplied for foreach() F:\wamp\wamp\www\bigticket\Application\Common\Common\function.php 第 61 行.
NOTIC: [8] Undefined variable: new F:\wamp\wamp\www\bigticket\Application\Runtime\Cache\Admin\751bfc1b614f88135413bfdacdc4f115.php 第 171 行.
NOTIC: [8] Undefined variable: new F:\wamp\wamp\www\bigticket\Application\Runtime\Cache\Admin\751bfc1b614f88135413bfdacdc4f115.php 第 181 行.
INFO: Run Behavior\ParseTemplateBehavior [ RunTime:0.051880s ]
INFO: [ view_parse ] --END-- [ RunTime:0.051974s ]
INFO: [ view_filter ] --START--
INFO: Run Behavior\WriteHtmlCacheBehavior [ RunTime:0.000285s ]
INFO: [ view_filter ] --END-- [ RunTime:0.000356s ]
INFO: [ app_end ] --START--
INFO: Run Behavior\ShowPageTraceBehavior [ RunTime:0.000525s ]
INFO: [ app_end ] --END-- [ RunTime:0.000611s ]

[ 2017-07-03T21:26:16+08:00 ] ::1 /bigticket/admin.php?c=hall
INFO: [ app_init ] --START--
INFO: Run Behavior\BuildLiteBehavior [ RunTime:0.000020s ]
INFO: [ app_init ] --END-- [ RunTime:0.000376s ]
INFO: [ app_begin ] --START--
INFO: Run Behavior\ReadHtmlCacheBehavior [ RunTime:0.000372s ]
INFO: [ app_begin ] --END-- [ RunTime:0.000454s ]
NOTIC: [2048] Declaration of Admin\Controller\HallController::setStatus() should be compatible with that of Admin\Controller\CommonController::setStatus() F:\wamp\wamp\www\bigticket\Application\Admin\Controller\HallController.class.php 第 6 行.
NOTIC: [2048] Declaration of Common\Model\HallModel::find() should be compatible with that of Think\Model::find() F:\wamp\wamp\www\bigticket\Application\Common\Model\HallModel.class.php 第 5 行.
SQL: SHOW COLUMNS FROM `hall` [ RunTime:0.0418s ]
SQL: SELECT * FROM `hall` WHERE `status` <> -1  [ RunTime:0.0006s ]
INFO: [ view_parse ] --START--
INFO: [ template_filter ] --START--
INFO: Run Behavior\ContentReplaceBehavior [ RunTime:0.000113s ]
INFO: [ template_filter ] --END-- [ RunTime:0.000246s ]
NOTIC: [2048] Declaration of Common\Model\MenuModel::find() should be compatible with that of Think\Model::find() F:\wamp\wamp\www\bigticket\Application\Common\Model\MenuModel.class.php 第 74 行.
SQL: SHOW COLUMNS FROM `menu` [ RunTime:0.0319s ]
SQL: SELECT * FROM `menu` WHERE `status` = 1 AND `type` = 1 ORDER BY listorder desc,menu_id desc  [ RunTime:0.0009s ]
NOTIC: [8] Undefined variable: index F:\wamp\wamp\www\bigticket\Application\Runtime\Cache\Admin\f4b4756168150492ff0db66f70ba31fe.php 第 77 行.
NOTIC: [8] Undefined index: a F:\wamp\wamp\www\bigticket\Application\Common\Common\function.php 第 44 行.
NOTIC: [8] Undefined index: a F:\wamp\wamp\www\bigticket\Application\Common\Common\function.php 第 44 行.
NOTIC: [8] Undefined index: a F:\wamp\wamp\www\bigticket\Application\Common\Common\function.php 第 44 行.
NOTIC: [8] Undefined index: a F:\wamp\wamp\www\bigticket\Application\Common\Common\function.php 第 44 行.
NOTIC: [8] Undefined index: a F:\wamp\wamp\www\bigticket\Application\Common\Common\function.php 第 44 行.
NOTIC: [8] Undefined index: a F:\wamp\wamp\www\bigticket\Application\Common\Common\function.php 第 44 行.
NOTIC: [8] Undefined index: a F:\wamp\wamp\www\bigticket\Application\Common\Common\function.php 第 44 行.
NOTIC: [8] Undefined index: a F:\wamp\wamp\www\bigticket\Application\Common\Common\function.php 第 44 行.
NOTIC: [8] Undefined index: a F:\wamp\wamp\www\bigticket\Application\Common\Common\function.php 第 44 行.
NOTIC: [8] Undefined variable: pageres F:\wamp\wamp\www\bigticket\Application\Runtime\Cache\Admin\f4b4756168150492ff0db66f70ba31fe.php 第 145 行.
INFO: Run Behavior\ParseTemplateBehavior [ RunTime:0.059116s ]
INFO: [ view_parse ] --END-- [ RunTime:0.059231s ]
INFO: [ view_filter ] --START--
INFO: Run Behavior\WriteHtmlCacheBehavior [ RunTime:0.000421s ]
INFO: [ view_filter ] --END-- [ RunTime:0.000557s ]
INFO: [ app_end ] --START--
INFO: Run Behavior\ShowPageTraceBehavior [ RunTime:0.001112s ]
INFO: [ app_end ] --END-- [ RunTime:0.001259s ]

[ 2017-07-03T21:26:17+08:00 ] ::1 /bigticket/admin.php?c=hall&a=add
INFO: [ app_init ] --START--
INFO: Run Behavior\BuildLiteBehavior [ RunTime:0.000022s ]
INFO: [ app_init ] --END-- [ RunTime:0.000339s ]
INFO: [ app_begin ] --START--
INFO: Run Behavior\ReadHtmlCacheBehavior [ RunTime:0.000351s ]
INFO: [ app_begin ] --END-- [ RunTime:0.000436s ]
NOTIC: [2048] Declaration of Admin\Controller\HallController::setStatus() should be compatible with that of Admin\Controller\CommonController::setStatus() F:\wamp\wamp\www\bigticket\Application\Admin\Controller\HallController.class.php 第 6 行.
INFO: [ view_parse ] --START--
INFO: [ template_filter ] --START--
INFO: Run Behavior\ContentReplaceBehavior [ RunTime:0.000076s ]
INFO: [ template_filter ] --END-- [ RunTime:0.000165s ]
NOTIC: [2048] Declaration of Common\Model\MenuModel::find() should be compatible with that of Think\Model::find() F:\wamp\wamp\www\bigticket\Application\Common\Model\MenuModel.class.php 第 4 行.
SQL: SHOW COLUMNS FROM `menu` [ RunTime:0.0132s ]
SQL: SELECT * FROM `menu` WHERE `status` = 1 AND `type` = 1 ORDER BY listorder desc,menu_id desc  [ RunTime:0.0008s ]
NOTIC: [8] Undefined variable: index F:\wamp\wamp\www\bigticket\Application\Runtime\Cache\Admin\b7be3a8a685f933687a27713be32ef8f.php 第 77 行.
NOTIC: [8] Undefined index: a F:\wamp\wamp\www\bigticket\Application\Common\Common\function.php 第 44 行.
NOTIC: [8] Undefined index: a F:\wamp\wamp\www\bigticket\Application\Common\Common\function.php 第 44 行.
NOTIC: [8] Undefined index: a F:\wamp\wamp\www\bigticket\Application\Common\Common\function.php 第 44 行.
NOTIC: [8] Undefined index: a F:\wamp\wamp\www\bigticket\Application\Common\Common\function.php 第 44 行.
NOTIC: [8] Undefined index: a F:\wamp\wamp\www\bigticket\Application\Common\Common\function.php 第 44 行.
NOTIC: [8] Undefined index: a F:\wamp\wamp\www\bigticket\Application\Common\Common\function.php 第 44 行.
NOTIC: [8] Undefined index: a F:\wamp\wamp\www\bigticket\Application\Common\Common\function.php 第 44 行.
NOTIC: [8] Undefined index: a F:\wamp\wamp\www\bigticket\Application\Common\Common\function.php 第 44 行.
NOTIC: [8] Undefined index: a F:\wamp\wamp\www\bigticket\Application\Common\Common\function.php 第 44 行.
INFO: Run Behavior\ParseTemplateBehavior [ RunTime:0.083613s ]
INFO: [ view_parse ] --END-- [ RunTime:0.083694s ]
INFO: [ view_filter ] --START--
INFO: Run Behavior\WriteHtmlCacheBehavior [ RunTime:0.000287s ]
INFO: [ view_filter ] --END-- [ RunTime:0.000377s ]
INFO: [ app_end ] --START--
INFO: Run Behavior\ShowPageTraceBehavior [ RunTime:0.000592s ]
INFO: [ app_end ] --END-- [ RunTime:0.000670s ]

