[ 2017-05-17T22:57:59+08:00 ] ::1 /singcms/index.php?m=admin&c=login
INFO: [ app_init ] --START--
INFO: Run Behavior\BuildLiteBehavior [ RunTime:0.000024s ]
INFO: [ app_init ] --END-- [ RunTime:0.000424s ]
INFO: [ app_begin ] --START--
INFO: Run Behavior\ReadHtmlCacheBehavior [ RunTime:0.012266s ]
INFO: [ app_begin ] --END-- [ RunTime:0.012404s ]
INFO: [ view_parse ] --START--
INFO: [ template_filter ] --START--
INFO: Run Behavior\ContentReplaceBehavior [ RunTime:0.000079s ]
INFO: [ template_filter ] --END-- [ RunTime:0.000193s ]
INFO: Run Behavior\ParseTemplateBehavior [ RunTime:0.024764s ]
INFO: [ view_parse ] --END-- [ RunTime:0.024885s ]
INFO: [ view_filter ] --START--
INFO: Run Behavior\WriteHtmlCacheBehavior [ RunTime:0.017146s ]
INFO: [ view_filter ] --END-- [ RunTime:0.017255s ]
INFO: [ app_end ] --START--
INFO: Run Behavior\ShowPageTraceBehavior [ RunTime:0.010089s ]
INFO: [ app_end ] --END-- [ RunTime:0.010207s ]

[ 2017-05-17T22:58:04+08:00 ] ::1 /singcms/index.php?m=admin&c=login&a=check
INFO: [ app_init ] --START--
INFO: Run Behavior\BuildLiteBehavior [ RunTime:0.000049s ]
INFO: [ app_init ] --END-- [ RunTime:0.000677s ]
INFO: [ app_begin ] --START--
INFO: Run Behavior\ReadHtmlCacheBehavior [ RunTime:0.000856s ]
INFO: [ app_begin ] --END-- [ RunTime:0.001011s ]
SQL: SHOW COLUMNS FROM `cms_admin` [ RunTime:0.0372s ]
SQL: SELECT * FROM `cms_admin` WHERE ( username="admin" ) LIMIT 1   [ RunTime:0.0011s ]

[ 2017-05-17T22:58:05+08:00 ] ::1 /singcms/index.php?m=admin&c=index
INFO: [ app_init ] --START--
INFO: Run Behavior\BuildLiteBehavior [ RunTime:0.000024s ]
INFO: [ app_init ] --END-- [ RunTime:0.000318s ]
INFO: [ app_begin ] --START--
INFO: Run Behavior\ReadHtmlCacheBehavior [ RunTime:0.000344s ]
INFO: [ app_begin ] --END-- [ RunTime:0.000452s ]
INFO: [ view_parse ] --START--
INFO: [ template_filter ] --START--
INFO: Run Behavior\ContentReplaceBehavior [ RunTime:0.000103s ]
INFO: [ template_filter ] --END-- [ RunTime:0.000206s ]
NOTIC: [2048] Declaration of Common\Model\MenuModel::find() should be compatible with Think\Model::find($options = Array) D:\demo\singcms\Application\Common\Model\MenuModel.class.php 第 5 行.
SQL: SHOW COLUMNS FROM `cms_menu` [ RunTime:0.0491s ]
SQL: SELECT * FROM `cms_menu` WHERE `status` <> -1 AND `type` = 1 ORDER BY listorder desc,menu_id desc  [ RunTime:0.0006s ]
NOTIC: [8] Undefined index: a D:\demo\singcms\Application\Common\Common\function.php 第 44 行.
NOTIC: [8] Undefined index: a D:\demo\singcms\Application\Common\Common\function.php 第 44 行.
NOTIC: [8] Undefined index: a D:\demo\singcms\Application\Common\Common\function.php 第 44 行.
NOTIC: [8] Undefined index: a D:\demo\singcms\Application\Common\Common\function.php 第 44 行.
NOTIC: [8] Undefined index: a D:\demo\singcms\Application\Common\Common\function.php 第 44 行.
NOTIC: [8] Undefined variable: admincount D:\demo\singcms\Application\Runtime\Cache\Admin\b595b808c2ebeeeb0478ffc30bb4e87a.php 第 114 行.
NOTIC: [8] Undefined variable: newscount D:\demo\singcms\Application\Runtime\Cache\Admin\b595b808c2ebeeeb0478ffc30bb4e87a.php 第 136 行.
NOTIC: [8] Undefined variable: news D:\demo\singcms\Application\Runtime\Cache\Admin\b595b808c2ebeeeb0478ffc30bb4e87a.php 第 158 行.
NOTIC: [8] Undefined variable: news D:\demo\singcms\Application\Runtime\Cache\Admin\b595b808c2ebeeeb0478ffc30bb4e87a.php 第 163 行.
NOTIC: [8] Undefined variable: news D:\demo\singcms\Application\Runtime\Cache\Admin\b595b808c2ebeeeb0478ffc30bb4e87a.php 第 167 行.
NOTIC: [8] Undefined variable: positioncount D:\demo\singcms\Application\Runtime\Cache\Admin\b595b808c2ebeeeb0478ffc30bb4e87a.php 第 180 行.
INFO: Run Behavior\ParseTemplateBehavior [ RunTime:0.169304s ]
INFO: [ view_parse ] --END-- [ RunTime:0.169411s ]
INFO: [ view_filter ] --START--
INFO: Run Behavior\WriteHtmlCacheBehavior [ RunTime:0.000457s ]
INFO: [ view_filter ] --END-- [ RunTime:0.000564s ]
INFO: [ app_end ] --START--
INFO: Run Behavior\ShowPageTraceBehavior [ RunTime:0.000701s ]
INFO: [ app_end ] --END-- [ RunTime:0.000855s ]

[ 2017-05-17T22:58:07+08:00 ] ::1 /singcms/admin.php?c=positioncontent
INFO: [ app_init ] --START--
INFO: Run Behavior\BuildLiteBehavior [ RunTime:0.000021s ]
INFO: [ app_init ] --END-- [ RunTime:0.000312s ]
INFO: [ app_begin ] --START--
INFO: Run Behavior\ReadHtmlCacheBehavior [ RunTime:0.000322s ]
INFO: [ app_begin ] --END-- [ RunTime:0.000448s ]
NOTIC: [2048] Declaration of Common\Model\PositionModel::find() should be compatible with Think\Model::find($options = Array) D:\demo\singcms\Application\Common\Model\PositionModel.class.php 第 8 行.
SQL: SHOW COLUMNS FROM `cms_position` [ RunTime:0.0292s ]
SQL: SELECT * FROM `cms_position` WHERE `status` = 1 ORDER BY id  [ RunTime:0.0066s ]
NOTIC: [8] Undefined index: title D:\demo\singcms\Application\Admin\Controller\PositioncontentController.class.php 第 15 行.
NOTIC: [8] Undefined index: position_id D:\demo\singcms\Application\Admin\Controller\PositioncontentController.class.php 第 20 行.
NOTIC: [8] Undefined variable: position D:\demo\singcms\Application\Admin\Controller\PositioncontentController.class.php 第 20 行.
NOTIC: [2048] Declaration of Common\Model\PositionContentModel::find() should be compatible with Think\Model::find($options = Array) D:\demo\singcms\Application\Common\Model\PositionContentModel.class.php 第 88 行.
SQL: SHOW COLUMNS FROM `cms_position_content` [ RunTime:0.0256s ]
NOTIC: [8] Undefined index: title D:\demo\singcms\Application\Common\Model\PositionContentModel.class.php 第 17 行.
SQL: SELECT * FROM `cms_position_content` WHERE `status` <> -1 AND `position_id` = null ORDER BY listorder desc ,id desc  [ RunTime:0.0012s ]
INFO: [ view_parse ] --START--
INFO: [ template_filter ] --START--
INFO: Run Behavior\ContentReplaceBehavior [ RunTime:0.000090s ]
INFO: [ template_filter ] --END-- [ RunTime:0.000192s ]
NOTIC: [2048] Declaration of Common\Model\MenuModel::find() should be compatible with Think\Model::find($options = Array) D:\demo\singcms\Application\Common\Model\MenuModel.class.php 第 97 行.
SQL: SHOW COLUMNS FROM `cms_menu` [ RunTime:0.0108s ]
SQL: SELECT * FROM `cms_menu` WHERE `status` <> -1 AND `type` = 1 ORDER BY listorder desc,menu_id desc  [ RunTime:0.0010s ]
NOTIC: [8] Undefined index: a D:\demo\singcms\Application\Common\Common\function.php 第 44 行.
NOTIC: [8] Undefined index: a D:\demo\singcms\Application\Common\Common\function.php 第 44 行.
NOTIC: [8] Undefined index: a D:\demo\singcms\Application\Common\Common\function.php 第 44 行.
NOTIC: [8] Undefined index: a D:\demo\singcms\Application\Common\Common\function.php 第 44 行.
NOTIC: [8] Undefined index: a D:\demo\singcms\Application\Common\Common\function.php 第 44 行.
NOTIC: [8] Undefined variable: title D:\demo\singcms\Application\Runtime\Cache\Admin\b8a8b9d170e6c07d7b463ea02385894d.php 第 121 行.
INFO: Run Behavior\ParseTemplateBehavior [ RunTime:0.043388s ]
INFO: [ view_parse ] --END-- [ RunTime:0.043494s ]
INFO: [ view_filter ] --START--
INFO: Run Behavior\WriteHtmlCacheBehavior [ RunTime:0.000476s ]
INFO: [ view_filter ] --END-- [ RunTime:0.000674s ]
INFO: [ app_end ] --START--
INFO: Run Behavior\ShowPageTraceBehavior [ RunTime:0.000526s ]
INFO: [ app_end ] --END-- [ RunTime:0.000664s ]

[ 2017-05-17T22:58:15+08:00 ] ::1 /singcms/admin.php?c=menu
INFO: [ app_init ] --START--
INFO: Run Behavior\BuildLiteBehavior [ RunTime:0.000021s ]
INFO: [ app_init ] --END-- [ RunTime:0.000312s ]
INFO: [ app_begin ] --START--
INFO: Run Behavior\ReadHtmlCacheBehavior [ RunTime:0.000425s ]
INFO: [ app_begin ] --END-- [ RunTime:0.000576s ]
NOTIC: [2048] Declaration of Admin\Controller\MenuController::setStatus() should be compatible with Admin\Controller\CommonController::setStatus($data, $models) D:\demo\singcms\Application\Admin\Controller\MenuController.class.php 第 8 行.
NOTIC: [2048] Declaration of Admin\Controller\MenuController::listorder() should be compatible with Admin\Controller\CommonController::listorder($model = '') D:\demo\singcms\Application\Admin\Controller\MenuController.class.php 第 8 行.
NOTIC: [8] Undefined index: p D:\demo\singcms\Application\Admin\Controller\MenuController.class.php 第 61 行.
NOTIC: [8] Undefined index: pageSize D:\demo\singcms\Application\Admin\Controller\MenuController.class.php 第 62 行.
NOTIC: [2048] Declaration of Common\Model\MenuModel::find() should be compatible with Think\Model::find($options = Array) D:\demo\singcms\Application\Common\Model\MenuModel.class.php 第 5 行.
SQL: SHOW COLUMNS FROM `cms_menu` [ RunTime:0.0095s ]
SQL: SELECT * FROM `cms_menu` WHERE `status` <> -1 ORDER BY listorder desc,menu_id desc LIMIT 0,3   [ RunTime:0.0014s ]
SQL: SELECT COUNT(*) AS tp_count FROM `cms_menu` WHERE `status` <> -1 LIMIT 1   [ RunTime:0.0008s ]
INFO: [ view_parse ] --START--
INFO: [ template_filter ] --START--
INFO: Run Behavior\ContentReplaceBehavior [ RunTime:0.000090s ]
INFO: [ template_filter ] --END-- [ RunTime:0.000194s ]
SQL: SELECT * FROM `cms_menu` WHERE `status` <> -1 AND `type` = 1 ORDER BY listorder desc,menu_id desc  [ RunTime:0.0010s ]
NOTIC: [8] Undefined index: a D:\demo\singcms\Application\Common\Common\function.php 第 44 行.
NOTIC: [8] Undefined index: a D:\demo\singcms\Application\Common\Common\function.php 第 44 行.
NOTIC: [8] Undefined index: a D:\demo\singcms\Application\Common\Common\function.php 第 44 行.
NOTIC: [8] Undefined index: a D:\demo\singcms\Application\Common\Common\function.php 第 44 行.
NOTIC: [8] Undefined index: a D:\demo\singcms\Application\Common\Common\function.php 第 44 行.
NOTIC: [8] Undefined variable: nav D:\demo\singcms\Application\Runtime\Cache\Admin\b956215329b6f9aca22277599a4efdfc.php 第 99 行.
INFO: Run Behavior\ParseTemplateBehavior [ RunTime:0.035966s ]
INFO: [ view_parse ] --END-- [ RunTime:0.036065s ]
INFO: [ view_filter ] --START--
INFO: Run Behavior\WriteHtmlCacheBehavior [ RunTime:0.000247s ]
INFO: [ view_filter ] --END-- [ RunTime:0.000338s ]
INFO: [ app_end ] --START--
INFO: Run Behavior\ShowPageTraceBehavior [ RunTime:0.000375s ]
INFO: [ app_end ] --END-- [ RunTime:0.000477s ]

[ 2017-05-17T22:58:16+08:00 ] ::1 /singcms/admin.php?c=positioncontent
INFO: [ app_init ] --START--
INFO: Run Behavior\BuildLiteBehavior [ RunTime:0.000023s ]
INFO: [ app_init ] --END-- [ RunTime:0.000359s ]
INFO: [ app_begin ] --START--
INFO: Run Behavior\ReadHtmlCacheBehavior [ RunTime:0.000330s ]
INFO: [ app_begin ] --END-- [ RunTime:0.000428s ]
NOTIC: [2048] Declaration of Common\Model\PositionModel::find() should be compatible with Think\Model::find($options = Array) D:\demo\singcms\Application\Common\Model\PositionModel.class.php 第 8 行.
SQL: SHOW COLUMNS FROM `cms_position` [ RunTime:0.0104s ]
SQL: SELECT * FROM `cms_position` WHERE `status` = 1 ORDER BY id  [ RunTime:0.0011s ]
NOTIC: [8] Undefined index: title D:\demo\singcms\Application\Admin\Controller\PositioncontentController.class.php 第 15 行.
NOTIC: [8] Undefined index: position_id D:\demo\singcms\Application\Admin\Controller\PositioncontentController.class.php 第 20 行.
NOTIC: [8] Undefined variable: position D:\demo\singcms\Application\Admin\Controller\PositioncontentController.class.php 第 20 行.
NOTIC: [2048] Declaration of Common\Model\PositionContentModel::find() should be compatible with Think\Model::find($options = Array) D:\demo\singcms\Application\Common\Model\PositionContentModel.class.php 第 88 行.
SQL: SHOW COLUMNS FROM `cms_position_content` [ RunTime:0.0117s ]
NOTIC: [8] Undefined index: title D:\demo\singcms\Application\Common\Model\PositionContentModel.class.php 第 17 行.
SQL: SELECT * FROM `cms_position_content` WHERE `status` <> -1 AND `position_id` = null ORDER BY listorder desc ,id desc  [ RunTime:0.0009s ]
INFO: [ view_parse ] --START--
INFO: [ template_filter ] --START--
INFO: Run Behavior\ContentReplaceBehavior [ RunTime:0.000089s ]
INFO: [ template_filter ] --END-- [ RunTime:0.000190s ]
NOTIC: [2048] Declaration of Common\Model\MenuModel::find() should be compatible with Think\Model::find($options = Array) D:\demo\singcms\Application\Common\Model\MenuModel.class.php 第 97 行.
SQL: SHOW COLUMNS FROM `cms_menu` [ RunTime:0.0103s ]
SQL: SELECT * FROM `cms_menu` WHERE `status` <> -1 AND `type` = 1 ORDER BY listorder desc,menu_id desc  [ RunTime:0.0009s ]
NOTIC: [8] Undefined index: a D:\demo\singcms\Application\Common\Common\function.php 第 44 行.
NOTIC: [8] Undefined index: a D:\demo\singcms\Application\Common\Common\function.php 第 44 行.
NOTIC: [8] Undefined index: a D:\demo\singcms\Application\Common\Common\function.php 第 44 行.
NOTIC: [8] Undefined index: a D:\demo\singcms\Application\Common\Common\function.php 第 44 行.
NOTIC: [8] Undefined index: a D:\demo\singcms\Application\Common\Common\function.php 第 44 行.
NOTIC: [8] Undefined variable: title D:\demo\singcms\Application\Runtime\Cache\Admin\b8a8b9d170e6c07d7b463ea02385894d.php 第 121 行.
INFO: Run Behavior\ParseTemplateBehavior [ RunTime:0.025423s ]
INFO: [ view_parse ] --END-- [ RunTime:0.025540s ]
INFO: [ view_filter ] --START--
INFO: Run Behavior\WriteHtmlCacheBehavior [ RunTime:0.000273s ]
INFO: [ view_filter ] --END-- [ RunTime:0.000368s ]
INFO: [ app_end ] --START--
INFO: Run Behavior\ShowPageTraceBehavior [ RunTime:0.000359s ]
INFO: [ app_end ] --END-- [ RunTime:0.000468s ]

