[ 2017-07-04T22:33:20+08:00 ] ::1 /bigticket/admin.php?c=login
INFO: [ app_init ] --START--
INFO: Run Behavior\BuildLiteBehavior [ RunTime:0.000020s ]
INFO: [ app_init ] --END-- [ RunTime:0.000389s ]
INFO: [ app_begin ] --START--
INFO: Run Behavior\ReadHtmlCacheBehavior [ RunTime:0.000616s ]
INFO: [ app_begin ] --END-- [ RunTime:0.000736s ]
INFO: [ view_parse ] --START--
INFO: [ template_filter ] --START--
INFO: Run Behavior\ContentReplaceBehavior [ RunTime:0.000065s ]
INFO: [ template_filter ] --END-- [ RunTime:0.000157s ]
INFO: Run Behavior\ParseTemplateBehavior [ RunTime:0.015127s ]
INFO: [ view_parse ] --END-- [ RunTime:0.015236s ]
INFO: [ view_filter ] --START--
INFO: Run Behavior\WriteHtmlCacheBehavior [ RunTime:0.000294s ]
INFO: [ view_filter ] --END-- [ RunTime:0.000366s ]
INFO: [ app_end ] --START--
INFO: Run Behavior\ShowPageTraceBehavior [ RunTime:0.000486s ]
INFO: [ app_end ] --END-- [ RunTime:0.000560s ]

[ 2017-07-04T22:33:21+08:00 ] ::1 /bigticket/admin.php/Admin/Login/verify
INFO: [ app_init ] --START--
INFO: Run Behavior\BuildLiteBehavior [ RunTime:0.000040s ]
INFO: [ app_init ] --END-- [ RunTime:0.000879s ]
INFO: [ app_begin ] --START--
INFO: Run Behavior\ReadHtmlCacheBehavior [ RunTime:0.000628s ]
INFO: [ app_begin ] --END-- [ RunTime:0.000795s ]
INFO: [ app_end ] --START--
INFO: Run Behavior\ShowPageTraceBehavior [ RunTime:0.000473s ]
INFO: [ app_end ] --END-- [ RunTime:0.000607s ]

[ 2017-07-04T22:33:31+08:00 ] ::1 /bigticket/index.php?m=admin&c=login&a=check
INFO: [ app_init ] --START--
INFO: Run Behavior\BuildLiteBehavior [ RunTime:0.000020s ]
INFO: [ app_init ] --END-- [ RunTime:0.000379s ]
INFO: [ app_begin ] --START--
INFO: Run Behavior\ReadHtmlCacheBehavior [ RunTime:0.000483s ]
INFO: [ app_begin ] --END-- [ RunTime:0.000577s ]
NOTIC: [2048] Declaration of Common\Model\AdminModel::find() should be compatible with that of Think\Model::find() F:\wamp\wamp\www\bigticket\Application\Common\Model\AdminModel.class.php 第 5 行.
SQL: SHOW COLUMNS FROM `admin` [ RunTime:0.0137s ]
SQL: SELECT * FROM `admin` WHERE ( username="admin" ) LIMIT 1   [ RunTime:0.0244s ]
SQL: UPDATE `admin` SET `lastlogintime`='1499178811' WHERE ( admin_id=1 ) [ RunTime:0.1462s ]

[ 2017-07-04T22:33:33+08:00 ] ::1 /bigticket/admin.php?m=admin&c=index
INFO: [ app_init ] --START--
INFO: Run Behavior\BuildLiteBehavior [ RunTime:0.000018s ]
INFO: [ app_init ] --END-- [ RunTime:0.000312s ]
INFO: [ app_begin ] --START--
INFO: Run Behavior\ReadHtmlCacheBehavior [ RunTime:0.000376s ]
INFO: [ app_begin ] --END-- [ RunTime:0.000463s ]
NOTIC: [2048] Declaration of Common\Model\ClientModel::find() should be compatible with that of Think\Model::find() F:\wamp\wamp\www\bigticket\Application\Common\Model\ClientModel.class.php 第 5 行.
SQL: SHOW COLUMNS FROM `client` [ RunTime:0.0130s ]
SQL: SELECT COUNT(*) AS tp_count FROM `client` WHERE `status` <> -1 LIMIT 1   [ RunTime:0.0711s ]
NOTIC: [2048] Declaration of Common\Model\MovieModel::find() should be compatible with that of Think\Model::find() F:\wamp\wamp\www\bigticket\Application\Common\Model\MovieModel.class.php 第 90 行.
SQL: SHOW COLUMNS FROM `movie` [ RunTime:0.0133s ]
NOTIC: [8] Undefined index: title F:\wamp\wamp\www\bigticket\Application\Common\Model\MovieModel.class.php 第 44 行.
SQL: SELECT COUNT(*) AS tp_count FROM `movie` WHERE `status` <> -1 LIMIT 1   [ RunTime:0.0014s ]
SQL: SHOW COLUMNS FROM `ticket` [ RunTime:0.0137s ]
SQL: SELECT count(*) as count,`movie_id` FROM `ticket` GROUP BY movie_id  [ RunTime:0.0137s ]
NOTIC: [2048] Declaration of Common\Model\SceneModel::find() should be compatible with that of Think\Model::find() F:\wamp\wamp\www\bigticket\Application\Common\Model\SceneModel.class.php 第 124 行.
SQL: SHOW COLUMNS FROM `scene` [ RunTime:0.0135s ]
SQL: SELECT COUNT(*) AS tp_count FROM `scene` WHERE ( time between 1499097600 and 1499184000 ) LIMIT 1   [ RunTime:0.0302s ]
SQL: SELECT * FROM `movie` WHERE ( movie_id=20 ) LIMIT 1   [ RunTime:0.0014s ]
INFO: [ view_parse ] --START--
INFO: [ template_filter ] --START--
INFO: Run Behavior\ContentReplaceBehavior [ RunTime:0.000083s ]
INFO: [ template_filter ] --END-- [ RunTime:0.000172s ]
NOTIC: [2048] Declaration of Common\Model\MenuModel::find() should be compatible with that of Think\Model::find() F:\wamp\wamp\www\bigticket\Application\Common\Model\MenuModel.class.php 第 74 行.
SQL: SHOW COLUMNS FROM `menu` [ RunTime:0.0139s ]
SQL: SELECT * FROM `menu` WHERE `status` = 1 AND `type` = 1 ORDER BY listorder desc,menu_id desc  [ RunTime:0.0011s ]
NOTIC: [8] Undefined variable: index F:\wamp\wamp\www\bigticket\Application\Runtime\Cache\Admin\b595b808c2ebeeeb0478ffc30bb4e87a.php 第 78 行.
NOTIC: [8] Undefined index: a F:\wamp\wamp\www\bigticket\Application\Common\Common\function.php 第 44 行.
NOTIC: [8] Undefined index: a F:\wamp\wamp\www\bigticket\Application\Common\Common\function.php 第 44 行.
NOTIC: [8] Undefined index: a F:\wamp\wamp\www\bigticket\Application\Common\Common\function.php 第 44 行.
NOTIC: [8] Undefined index: a F:\wamp\wamp\www\bigticket\Application\Common\Common\function.php 第 44 行.
NOTIC: [8] Undefined index: a F:\wamp\wamp\www\bigticket\Application\Common\Common\function.php 第 44 行.
NOTIC: [8] Undefined index: a F:\wamp\wamp\www\bigticket\Application\Common\Common\function.php 第 44 行.
NOTIC: [8] Undefined index: a F:\wamp\wamp\www\bigticket\Application\Common\Common\function.php 第 44 行.
NOTIC: [8] Undefined index: a F:\wamp\wamp\www\bigticket\Application\Common\Common\function.php 第 44 行.
NOTIC: [8] Undefined index: a F:\wamp\wamp\www\bigticket\Application\Common\Common\function.php 第 44 行.
NOTIC: [8] Undefined variable: news F:\wamp\wamp\www\bigticket\Application\Runtime\Cache\Admin\b595b808c2ebeeeb0478ffc30bb4e87a.php 第 171 行.
INFO: Run Behavior\ParseTemplateBehavior [ RunTime:0.082767s ]
INFO: [ view_parse ] --END-- [ RunTime:0.082847s ]
INFO: [ view_filter ] --START--
INFO: Run Behavior\WriteHtmlCacheBehavior [ RunTime:0.000449s ]
INFO: [ view_filter ] --END-- [ RunTime:0.000522s ]
INFO: [ app_end ] --START--
INFO: Run Behavior\ShowPageTraceBehavior [ RunTime:0.000511s ]
INFO: [ app_end ] --END-- [ RunTime:0.000584s ]

