[ 2017-05-20T16:43:54+08:00 ] ::1 /singcms/index.php?m=admin&c=login
INFO: [ app_init ] --START--
INFO: Run Behavior\BuildLiteBehavior [ RunTime:0.000037s ]
INFO: [ app_init ] --END-- [ RunTime:0.000859s ]
INFO: [ app_begin ] --START--
INFO: Run Behavior\ReadHtmlCacheBehavior [ RunTime:0.000942s ]
INFO: [ app_begin ] --END-- [ RunTime:0.001067s ]
INFO: [ view_parse ] --START--
INFO: [ template_filter ] --START--
INFO: Run Behavior\ContentReplaceBehavior [ RunTime:0.000123s ]
INFO: [ template_filter ] --END-- [ RunTime:0.000287s ]
INFO: Run Behavior\ParseTemplateBehavior [ RunTime:0.049621s ]
INFO: [ view_parse ] --END-- [ RunTime:0.049752s ]
INFO: [ view_filter ] --START--
INFO: Run Behavior\WriteHtmlCacheBehavior [ RunTime:0.017750s ]
INFO: [ view_filter ] --END-- [ RunTime:0.017886s ]
INFO: [ app_end ] --START--
INFO: Run Behavior\ShowPageTraceBehavior [ RunTime:0.010128s ]
INFO: [ app_end ] --END-- [ RunTime:0.010242s ]

[ 2017-05-20T16:43:59+08:00 ] ::1 /singcms/index.php?m=admin&c=login&a=check
INFO: [ app_init ] --START--
INFO: Run Behavior\BuildLiteBehavior [ RunTime:0.000038s ]
INFO: [ app_init ] --END-- [ RunTime:0.000499s ]
INFO: [ app_begin ] --START--
INFO: Run Behavior\ReadHtmlCacheBehavior [ RunTime:0.000844s ]
INFO: [ app_begin ] --END-- [ RunTime:0.001225s ]
SQL: SHOW COLUMNS FROM `cms_admin` [ RunTime:0.0388s ]
SQL: SELECT * FROM `cms_admin` WHERE ( username="admin" ) LIMIT 1   [ RunTime:0.0011s ]

[ 2017-05-20T16:44:00+08:00 ] ::1 /singcms/index.php?m=admin&c=index
INFO: [ app_init ] --START--
INFO: Run Behavior\BuildLiteBehavior [ RunTime:0.000021s ]
INFO: [ app_init ] --END-- [ RunTime:0.000348s ]
INFO: [ app_begin ] --START--
INFO: Run Behavior\ReadHtmlCacheBehavior [ RunTime:0.000348s ]
INFO: [ app_begin ] --END-- [ RunTime:0.000456s ]
INFO: [ view_parse ] --START--
INFO: [ template_filter ] --START--
INFO: Run Behavior\ContentReplaceBehavior [ RunTime:0.000087s ]
INFO: [ template_filter ] --END-- [ RunTime:0.000193s ]
NOTIC: [2048] Declaration of Common\Model\MenuModel::find() should be compatible with Think\Model::find($options = Array) D:\demo\singcms\Application\Common\Model\MenuModel.class.php 第 5 行.
SQL: SHOW COLUMNS FROM `cms_menu` [ RunTime:0.0268s ]
SQL: SELECT * FROM `cms_menu` WHERE `status` <> -1 AND `type` = 1 ORDER BY listorder desc,menu_id desc  [ RunTime:0.0005s ]
NOTIC: [8] Undefined index: a D:\demo\singcms\Application\Common\Common\function.php 第 44 行.
NOTIC: [8] Undefined index: a D:\demo\singcms\Application\Common\Common\function.php 第 44 行.
NOTIC: [8] Undefined index: a D:\demo\singcms\Application\Common\Common\function.php 第 44 行.
NOTIC: [8] Undefined index: a D:\demo\singcms\Application\Common\Common\function.php 第 44 行.
NOTIC: [8] Undefined index: a D:\demo\singcms\Application\Common\Common\function.php 第 44 行.
NOTIC: [8] Undefined variable: admincount D:\demo\singcms\Application\Runtime\Cache\Admin\b595b808c2ebeeeb0478ffc30bb4e87a.php 第 114 行.
NOTIC: [8] Undefined variable: newscount D:\demo\singcms\Application\Runtime\Cache\Admin\b595b808c2ebeeeb0478ffc30bb4e87a.php 第 136 行.
NOTIC: [8] Undefined variable: news D:\demo\singcms\Application\Runtime\Cache\Admin\b595b808c2ebeeeb0478ffc30bb4e87a.php 第 158 行.
NOTIC: [8] Undefined variable: news D:\demo\singcms\Application\Runtime\Cache\Admin\b595b808c2ebeeeb0478ffc30bb4e87a.php 第 163 行.
NOTIC: [8] Undefined variable: news D:\demo\singcms\Application\Runtime\Cache\Admin\b595b808c2ebeeeb0478ffc30bb4e87a.php 第 167 行.
NOTIC: [8] Undefined variable: positioncount D:\demo\singcms\Application\Runtime\Cache\Admin\b595b808c2ebeeeb0478ffc30bb4e87a.php 第 180 行.
INFO: Run Behavior\ParseTemplateBehavior [ RunTime:0.122002s ]
INFO: [ view_parse ] --END-- [ RunTime:0.122108s ]
INFO: [ view_filter ] --START--
INFO: Run Behavior\WriteHtmlCacheBehavior [ RunTime:0.000322s ]
INFO: [ view_filter ] --END-- [ RunTime:0.000425s ]
INFO: [ app_end ] --START--
INFO: Run Behavior\ShowPageTraceBehavior [ RunTime:0.000457s ]
INFO: [ app_end ] --END-- [ RunTime:0.000567s ]

[ 2017-05-20T16:44:02+08:00 ] ::1 /singcms/admin.php?c=positioncontent
INFO: [ app_init ] --START--
INFO: Run Behavior\BuildLiteBehavior [ RunTime:0.000023s ]
INFO: [ app_init ] --END-- [ RunTime:0.000385s ]
INFO: [ app_begin ] --START--
INFO: Run Behavior\ReadHtmlCacheBehavior [ RunTime:0.000472s ]
INFO: [ app_begin ] --END-- [ RunTime:0.000578s ]
NOTIC: [2048] Declaration of Admin\Controller\PositioncontentController::setStatus() should be compatible with Admin\Controller\CommonController::setStatus($data, $models) D:\demo\singcms\Application\Admin\Controller\PositioncontentController.class.php 第 9 行.
NOTIC: [2048] Declaration of Admin\Controller\PositioncontentController::listorder() should be compatible with Admin\Controller\CommonController::listorder($model = '') D:\demo\singcms\Application\Admin\Controller\PositioncontentController.class.php 第 9 行.
NOTIC: [2048] Declaration of Common\Model\PositionModel::find() should be compatible with Think\Model::find($options = Array) D:\demo\singcms\Application\Common\Model\PositionModel.class.php 第 8 行.
SQL: SHOW COLUMNS FROM `cms_position` [ RunTime:0.0283s ]
SQL: SELECT * FROM `cms_position` WHERE `status` = 1 ORDER BY id  [ RunTime:0.0059s ]
NOTIC: [8] Undefined index: title D:\demo\singcms\Application\Admin\Controller\PositioncontentController.class.php 第 15 行.
NOTIC: [8] Undefined index: position_id D:\demo\singcms\Application\Admin\Controller\PositioncontentController.class.php 第 20 行.
NOTIC: [2048] Declaration of Common\Model\PositionContentModel::find() should be compatible with Think\Model::find($options = Array) D:\demo\singcms\Application\Common\Model\PositionContentModel.class.php 第 91 行.
SQL: SHOW COLUMNS FROM `cms_position_content` [ RunTime:0.0304s ]
NOTIC: [8] Undefined index: title D:\demo\singcms\Application\Common\Model\PositionContentModel.class.php 第 17 行.
SQL: SELECT * FROM `cms_position_content` WHERE `status` <> -1 AND `position_id` = 2 ORDER BY listorder desc ,id desc  [ RunTime:0.0013s ]
INFO: [ view_parse ] --START--
INFO: [ template_filter ] --START--
INFO: Run Behavior\ContentReplaceBehavior [ RunTime:0.000117s ]
INFO: [ template_filter ] --END-- [ RunTime:0.000222s ]
NOTIC: [2048] Declaration of Common\Model\MenuModel::find() should be compatible with Think\Model::find($options = Array) D:\demo\singcms\Application\Common\Model\MenuModel.class.php 第 97 行.
SQL: SHOW COLUMNS FROM `cms_menu` [ RunTime:0.0104s ]
SQL: SELECT * FROM `cms_menu` WHERE `status` <> -1 AND `type` = 1 ORDER BY listorder desc,menu_id desc  [ RunTime:0.0009s ]
NOTIC: [8] Undefined index: a D:\demo\singcms\Application\Common\Common\function.php 第 44 行.
NOTIC: [8] Undefined index: a D:\demo\singcms\Application\Common\Common\function.php 第 44 行.
NOTIC: [8] Undefined index: a D:\demo\singcms\Application\Common\Common\function.php 第 44 行.
NOTIC: [8] Undefined index: a D:\demo\singcms\Application\Common\Common\function.php 第 44 行.
NOTIC: [8] Undefined index: a D:\demo\singcms\Application\Common\Common\function.php 第 44 行.
NOTIC: [8] Undefined variable: title D:\demo\singcms\Application\Runtime\Cache\Admin\b8a8b9d170e6c07d7b463ea02385894d.php 第 121 行.
INFO: Run Behavior\ParseTemplateBehavior [ RunTime:0.039886s ]
INFO: [ view_parse ] --END-- [ RunTime:0.039986s ]
INFO: [ view_filter ] --START--
INFO: Run Behavior\WriteHtmlCacheBehavior [ RunTime:0.000382s ]
INFO: [ view_filter ] --END-- [ RunTime:0.000475s ]
INFO: [ app_end ] --START--
INFO: Run Behavior\ShowPageTraceBehavior [ RunTime:0.000578s ]
INFO: [ app_end ] --END-- [ RunTime:0.000719s ]

[ 2017-05-20T16:44:05+08:00 ] ::1 /singcms/admin.php?c=content
INFO: [ app_init ] --START--
INFO: Run Behavior\BuildLiteBehavior [ RunTime:0.000023s ]
INFO: [ app_init ] --END-- [ RunTime:0.000351s ]
INFO: [ app_begin ] --START--
INFO: Run Behavior\ReadHtmlCacheBehavior [ RunTime:0.000382s ]
INFO: [ app_begin ] --END-- [ RunTime:0.000492s ]
NOTIC: [2048] Declaration of Admin\Controller\ContentController::setStatus() should be compatible with Admin\Controller\CommonController::setStatus($data, $models) D:\demo\singcms\Application\Admin\Controller\ContentController.class.php 第 12 行.
NOTIC: [2048] Declaration of Admin\Controller\ContentController::listorder() should be compatible with Admin\Controller\CommonController::listorder($model = '') D:\demo\singcms\Application\Admin\Controller\ContentController.class.php 第 12 行.
NOTIC: [8] Undefined index: title D:\demo\singcms\Application\Admin\Controller\ContentController.class.php 第 15 行.
NOTIC: [8] Undefined index: catid D:\demo\singcms\Application\Admin\Controller\ContentController.class.php 第 20 行.
NOTIC: [8] Undefined index: p D:\demo\singcms\Application\Admin\Controller\ContentController.class.php 第 24 行.
NOTIC: [2048] Declaration of Common\Model\NewsModel::find() should be compatible with Think\Model::find($options = Array) D:\demo\singcms\Application\Common\Model\NewsModel.class.php 第 9 行.
SQL: SHOW COLUMNS FROM `cms_news` [ RunTime:0.0318s ]
NOTIC: [8] Undefined index: title D:\demo\singcms\Application\Common\Model\NewsModel.class.php 第 30 行.
SQL: SELECT * FROM `cms_news` WHERE `status` <> -1 ORDER BY listorder desc,news_id desc LIMIT 0,3   [ RunTime:0.0151s ]
NOTIC: [8] Undefined index: title D:\demo\singcms\Application\Common\Model\NewsModel.class.php 第 48 行.
SQL: SELECT COUNT(*) AS tp_count FROM `cms_news` WHERE `status` <> -1 LIMIT 1   [ RunTime:0.0006s ]
NOTIC: [2048] Declaration of Common\Model\PositionModel::find() should be compatible with Think\Model::find($options = Array) D:\demo\singcms\Application\Common\Model\PositionModel.class.php 第 80 行.
SQL: SHOW COLUMNS FROM `cms_position` [ RunTime:0.0103s ]
SQL: SELECT * FROM `cms_position` WHERE `status` = 1 ORDER BY id  [ RunTime:0.0008s ]
NOTIC: [2048] Declaration of Common\Model\MenuModel::find() should be compatible with Think\Model::find($options = Array) D:\demo\singcms\Application\Common\Model\MenuModel.class.php 第 97 行.
SQL: SHOW COLUMNS FROM `cms_menu` [ RunTime:0.0116s ]
SQL: SELECT * FROM `cms_menu` WHERE `status` = 1 AND `type` = 0 ORDER BY listorder desc,menu_id desc  [ RunTime:0.0007s ]
INFO: [ view_parse ] --START--
INFO: [ template_filter ] --START--
INFO: Run Behavior\ContentReplaceBehavior [ RunTime:0.000120s ]
INFO: [ template_filter ] --END-- [ RunTime:0.000238s ]
SQL: SELECT * FROM `cms_menu` WHERE `status` <> -1 AND `type` = 1 ORDER BY listorder desc,menu_id desc  [ RunTime:0.0010s ]
NOTIC: [8] Undefined index: a D:\demo\singcms\Application\Common\Common\function.php 第 44 行.
NOTIC: [8] Undefined index: a D:\demo\singcms\Application\Common\Common\function.php 第 44 行.
NOTIC: [8] Undefined index: a D:\demo\singcms\Application\Common\Common\function.php 第 44 行.
NOTIC: [8] Undefined index: a D:\demo\singcms\Application\Common\Common\function.php 第 44 行.
NOTIC: [8] Undefined index: a D:\demo\singcms\Application\Common\Common\function.php 第 44 行.
INFO: Run Behavior\ParseTemplateBehavior [ RunTime:0.132218s ]
INFO: [ view_parse ] --END-- [ RunTime:0.132321s ]
INFO: [ view_filter ] --START--
INFO: Run Behavior\WriteHtmlCacheBehavior [ RunTime:0.000329s ]
INFO: [ view_filter ] --END-- [ RunTime:0.000431s ]
INFO: [ app_end ] --START--
INFO: Run Behavior\ShowPageTraceBehavior [ RunTime:0.000368s ]
INFO: [ app_end ] --END-- [ RunTime:0.000471s ]

[ 2017-05-20T16:44:06+08:00 ] ::1 /singcms/admin.php?c=position
INFO: [ app_init ] --START--
INFO: Run Behavior\BuildLiteBehavior [ RunTime:0.000023s ]
INFO: [ app_init ] --END-- [ RunTime:0.000352s ]
INFO: [ app_begin ] --START--
INFO: Run Behavior\ReadHtmlCacheBehavior [ RunTime:0.000627s ]
INFO: [ app_begin ] --END-- [ RunTime:0.000783s ]
NOTIC: [2048] Declaration of Common\Model\PositionModel::find() should be compatible with Think\Model::find($options = Array) D:\demo\singcms\Application\Common\Model\PositionModel.class.php 第 8 行.
SQL: SHOW COLUMNS FROM `cms_position` [ RunTime:0.0126s ]
SQL: SELECT * FROM `cms_position` WHERE `status` <> -1 ORDER BY id  [ RunTime:0.0014s ]
INFO: [ view_parse ] --START--
INFO: [ template_filter ] --START--
INFO: Run Behavior\ContentReplaceBehavior [ RunTime:0.000140s ]
INFO: [ template_filter ] --END-- [ RunTime:0.000289s ]
NOTIC: [2048] Declaration of Common\Model\MenuModel::find() should be compatible with Think\Model::find($options = Array) D:\demo\singcms\Application\Common\Model\MenuModel.class.php 第 97 行.
SQL: SHOW COLUMNS FROM `cms_menu` [ RunTime:0.0149s ]
SQL: SELECT * FROM `cms_menu` WHERE `status` <> -1 AND `type` = 1 ORDER BY listorder desc,menu_id desc  [ RunTime:0.0011s ]
NOTIC: [8] Undefined index: a D:\demo\singcms\Application\Common\Common\function.php 第 44 行.
NOTIC: [8] Undefined index: a D:\demo\singcms\Application\Common\Common\function.php 第 44 行.
NOTIC: [8] Undefined index: a D:\demo\singcms\Application\Common\Common\function.php 第 44 行.
NOTIC: [8] Undefined index: a D:\demo\singcms\Application\Common\Common\function.php 第 44 行.
NOTIC: [8] Undefined index: a D:\demo\singcms\Application\Common\Common\function.php 第 44 行.
INFO: Run Behavior\ParseTemplateBehavior [ RunTime:0.070247s ]
INFO: [ view_parse ] --END-- [ RunTime:0.070414s ]
INFO: [ view_filter ] --START--
INFO: Run Behavior\WriteHtmlCacheBehavior [ RunTime:0.000378s ]
INFO: [ view_filter ] --END-- [ RunTime:0.000564s ]
INFO: [ app_end ] --START--
INFO: Run Behavior\ShowPageTraceBehavior [ RunTime:0.000424s ]
INFO: [ app_end ] --END-- [ RunTime:0.000532s ]

[ 2017-05-20T16:44:07+08:00 ] ::1 /singcms/admin.php?c=positioncontent
INFO: [ app_init ] --START--
INFO: Run Behavior\BuildLiteBehavior [ RunTime:0.000026s ]
INFO: [ app_init ] --END-- [ RunTime:0.000713s ]
INFO: [ app_begin ] --START--
INFO: Run Behavior\ReadHtmlCacheBehavior [ RunTime:0.000358s ]
INFO: [ app_begin ] --END-- [ RunTime:0.000458s ]
NOTIC: [2048] Declaration of Admin\Controller\PositioncontentController::setStatus() should be compatible with Admin\Controller\CommonController::setStatus($data, $models) D:\demo\singcms\Application\Admin\Controller\PositioncontentController.class.php 第 9 行.
NOTIC: [2048] Declaration of Admin\Controller\PositioncontentController::listorder() should be compatible with Admin\Controller\CommonController::listorder($model = '') D:\demo\singcms\Application\Admin\Controller\PositioncontentController.class.php 第 9 行.
NOTIC: [2048] Declaration of Common\Model\PositionModel::find() should be compatible with Think\Model::find($options = Array) D:\demo\singcms\Application\Common\Model\PositionModel.class.php 第 8 行.
SQL: SHOW COLUMNS FROM `cms_position` [ RunTime:0.0100s ]
SQL: SELECT * FROM `cms_position` WHERE `status` = 1 ORDER BY id  [ RunTime:0.0008s ]
NOTIC: [8] Undefined index: title D:\demo\singcms\Application\Admin\Controller\PositioncontentController.class.php 第 15 行.
NOTIC: [8] Undefined index: position_id D:\demo\singcms\Application\Admin\Controller\PositioncontentController.class.php 第 20 行.
NOTIC: [2048] Declaration of Common\Model\PositionContentModel::find() should be compatible with Think\Model::find($options = Array) D:\demo\singcms\Application\Common\Model\PositionContentModel.class.php 第 91 行.
SQL: SHOW COLUMNS FROM `cms_position_content` [ RunTime:0.0109s ]
NOTIC: [8] Undefined index: title D:\demo\singcms\Application\Common\Model\PositionContentModel.class.php 第 17 行.
SQL: SELECT * FROM `cms_position_content` WHERE `status` <> -1 AND `position_id` = 2 ORDER BY listorder desc ,id desc  [ RunTime:0.0012s ]
INFO: [ view_parse ] --START--
INFO: [ template_filter ] --START--
INFO: Run Behavior\ContentReplaceBehavior [ RunTime:0.000091s ]
INFO: [ template_filter ] --END-- [ RunTime:0.000211s ]
NOTIC: [2048] Declaration of Common\Model\MenuModel::find() should be compatible with Think\Model::find($options = Array) D:\demo\singcms\Application\Common\Model\MenuModel.class.php 第 97 行.
SQL: SHOW COLUMNS FROM `cms_menu` [ RunTime:0.0119s ]
SQL: SELECT * FROM `cms_menu` WHERE `status` <> -1 AND `type` = 1 ORDER BY listorder desc,menu_id desc  [ RunTime:0.0010s ]
NOTIC: [8] Undefined index: a D:\demo\singcms\Application\Common\Common\function.php 第 44 行.
NOTIC: [8] Undefined index: a D:\demo\singcms\Application\Common\Common\function.php 第 44 行.
NOTIC: [8] Undefined index: a D:\demo\singcms\Application\Common\Common\function.php 第 44 行.
NOTIC: [8] Undefined index: a D:\demo\singcms\Application\Common\Common\function.php 第 44 行.
NOTIC: [8] Undefined index: a D:\demo\singcms\Application\Common\Common\function.php 第 44 行.
NOTIC: [8] Undefined variable: title D:\demo\singcms\Application\Runtime\Cache\Admin\b8a8b9d170e6c07d7b463ea02385894d.php 第 121 行.
INFO: Run Behavior\ParseTemplateBehavior [ RunTime:0.028323s ]
INFO: [ view_parse ] --END-- [ RunTime:0.028421s ]
INFO: [ view_filter ] --START--
INFO: Run Behavior\WriteHtmlCacheBehavior [ RunTime:0.000291s ]
INFO: [ view_filter ] --END-- [ RunTime:0.000384s ]
INFO: [ app_end ] --START--
INFO: Run Behavior\ShowPageTraceBehavior [ RunTime:0.000385s ]
INFO: [ app_end ] --END-- [ RunTime:0.000489s ]

[ 2017-05-20T20:15:18+08:00 ] ::1 /singcms/index.php?m=admin&c=login
INFO: [ app_init ] --START--
INFO: Run Behavior\BuildLiteBehavior [ RunTime:0.000025s ]
INFO: [ app_init ] --END-- [ RunTime:0.000397s ]
INFO: [ app_begin ] --START--
INFO: Run Behavior\ReadHtmlCacheBehavior [ RunTime:0.000493s ]
INFO: [ app_begin ] --END-- [ RunTime:0.000643s ]
INFO: [ view_parse ] --START--
INFO: [ template_filter ] --START--
INFO: Run Behavior\ContentReplaceBehavior [ RunTime:0.000114s ]
INFO: [ template_filter ] --END-- [ RunTime:0.000321s ]
INFO: Run Behavior\ParseTemplateBehavior [ RunTime:0.029790s ]
INFO: [ view_parse ] --END-- [ RunTime:0.029969s ]
INFO: [ view_filter ] --START--
INFO: Run Behavior\WriteHtmlCacheBehavior [ RunTime:0.015474s ]
INFO: [ view_filter ] --END-- [ RunTime:0.015612s ]
INFO: [ app_end ] --START--
INFO: Run Behavior\ShowPageTraceBehavior [ RunTime:0.010329s ]
INFO: [ app_end ] --END-- [ RunTime:0.010486s ]

[ 2017-05-20T20:29:19+08:00 ] ::1 /singcms/admin.php
INFO: [ app_init ] --START--
INFO: Run Behavior\BuildLiteBehavior [ RunTime:0.000038s ]
INFO: [ app_init ] --END-- [ RunTime:0.000575s ]
INFO: [ app_begin ] --START--
INFO: Run Behavior\ReadHtmlCacheBehavior [ RunTime:0.000708s ]
INFO: [ app_begin ] --END-- [ RunTime:0.000897s ]
NOTIC: [8] Undefined variable: module D:\demo\singcms\ThinkPHP\Common\functions.php 第 990 行.
NOTIC: [8] Undefined variable: var D:\demo\singcms\ThinkPHP\Common\functions.php 第 990 行.
NOTIC: [2] array_reverse() expects parameter 1 to be array, null given D:\demo\singcms\ThinkPHP\Common\functions.php 第 990 行.
NOTIC: [2] http_build_query(): Parameter 1 expected to be Array or Object.  Incorrect value given D:\demo\singcms\ThinkPHP\Common\functions.php 第 990 行.

[ 2017-05-20T20:29:19+08:00 ] ::1 /singcms/admin.php?m=&&c=login
INFO: [ app_init ] --START--
INFO: Run Behavior\BuildLiteBehavior [ RunTime:0.000050s ]
INFO: [ app_init ] --END-- [ RunTime:0.000712s ]
INFO: [ app_begin ] --START--
INFO: Run Behavior\ReadHtmlCacheBehavior [ RunTime:0.000697s ]
INFO: [ app_begin ] --END-- [ RunTime:0.000927s ]
INFO: [ view_parse ] --START--
INFO: [ template_filter ] --START--
INFO: Run Behavior\ContentReplaceBehavior [ RunTime:0.000118s ]
INFO: [ template_filter ] --END-- [ RunTime:0.000313s ]
INFO: Run Behavior\ParseTemplateBehavior [ RunTime:0.009283s ]
INFO: [ view_parse ] --END-- [ RunTime:0.009493s ]
INFO: [ view_filter ] --START--
INFO: Run Behavior\WriteHtmlCacheBehavior [ RunTime:0.000560s ]
INFO: [ view_filter ] --END-- [ RunTime:0.000739s ]
INFO: [ app_end ] --START--
INFO: Run Behavior\ShowPageTraceBehavior [ RunTime:0.000710s ]
INFO: [ app_end ] --END-- [ RunTime:0.000905s ]

[ 2017-05-20T20:32:50+08:00 ] ::1 /singcms/admin.php?&m=admin&c=login
INFO: [ app_init ] --START--
INFO: Run Behavior\BuildLiteBehavior [ RunTime:0.000022s ]
INFO: [ app_init ] --END-- [ RunTime:0.000372s ]
INFO: [ app_begin ] --START--
INFO: Run Behavior\ReadHtmlCacheBehavior [ RunTime:0.000408s ]
INFO: [ app_begin ] --END-- [ RunTime:0.000509s ]
INFO: [ view_parse ] --START--
INFO: [ template_filter ] --START--
INFO: Run Behavior\ContentReplaceBehavior [ RunTime:0.000068s ]
INFO: [ template_filter ] --END-- [ RunTime:0.000202s ]
INFO: Run Behavior\ParseTemplateBehavior [ RunTime:0.005402s ]
INFO: [ view_parse ] --END-- [ RunTime:0.005512s ]
INFO: [ view_filter ] --START--
INFO: Run Behavior\WriteHtmlCacheBehavior [ RunTime:0.000287s ]
INFO: [ view_filter ] --END-- [ RunTime:0.000378s ]
INFO: [ app_end ] --START--
INFO: Run Behavior\ShowPageTraceBehavior [ RunTime:0.000404s ]
INFO: [ app_end ] --END-- [ RunTime:0.000498s ]

[ 2017-05-20T20:32:54+08:00 ] ::1 /singcms/index.php?m=admin&c=login&a=check
INFO: [ app_init ] --START--
INFO: Run Behavior\BuildLiteBehavior [ RunTime:0.000021s ]
INFO: [ app_init ] --END-- [ RunTime:0.000339s ]
INFO: [ app_begin ] --START--
INFO: Run Behavior\ReadHtmlCacheBehavior [ RunTime:0.000322s ]
INFO: [ app_begin ] --END-- [ RunTime:0.000404s ]
SQL: SHOW COLUMNS FROM `cms_admin` [ RunTime:0.0648s ]
SQL: SELECT * FROM `cms_admin` WHERE ( username="admin" ) LIMIT 1   [ RunTime:0.0011s ]

[ 2017-05-20T20:32:55+08:00 ] ::1 /singcms/index.php?m=admin&c=index
INFO: [ app_init ] --START--
INFO: Run Behavior\BuildLiteBehavior [ RunTime:0.000022s ]
INFO: [ app_init ] --END-- [ RunTime:0.000321s ]
INFO: [ app_begin ] --START--
INFO: Run Behavior\ReadHtmlCacheBehavior [ RunTime:0.000477s ]
INFO: [ app_begin ] --END-- [ RunTime:0.000665s ]
INFO: [ view_parse ] --START--
INFO: [ template_filter ] --START--
INFO: Run Behavior\ContentReplaceBehavior [ RunTime:0.000081s ]
INFO: [ template_filter ] --END-- [ RunTime:0.000181s ]
NOTIC: [2048] Declaration of Common\Model\MenuModel::find() should be compatible with Think\Model::find($options = Array) D:\demo\singcms\Application\Common\Model\MenuModel.class.php 第 5 行.
SQL: SHOW COLUMNS FROM `cms_menu` [ RunTime:0.0103s ]
SQL: SELECT * FROM `cms_menu` WHERE `status` <> -1 AND `type` = 1 ORDER BY listorder desc,menu_id desc  [ RunTime:0.0016s ]
NOTIC: [8] Undefined index: a D:\demo\singcms\Application\Common\Common\function.php 第 44 行.
NOTIC: [8] Undefined index: a D:\demo\singcms\Application\Common\Common\function.php 第 44 行.
NOTIC: [8] Undefined index: a D:\demo\singcms\Application\Common\Common\function.php 第 44 行.
NOTIC: [8] Undefined index: a D:\demo\singcms\Application\Common\Common\function.php 第 44 行.
NOTIC: [8] Undefined index: a D:\demo\singcms\Application\Common\Common\function.php 第 44 行.
NOTIC: [8] Undefined variable: admincount D:\demo\singcms\Application\Runtime\Cache\Admin\b595b808c2ebeeeb0478ffc30bb4e87a.php 第 114 行.
NOTIC: [8] Undefined variable: newscount D:\demo\singcms\Application\Runtime\Cache\Admin\b595b808c2ebeeeb0478ffc30bb4e87a.php 第 136 行.
NOTIC: [8] Undefined variable: news D:\demo\singcms\Application\Runtime\Cache\Admin\b595b808c2ebeeeb0478ffc30bb4e87a.php 第 158 行.
NOTIC: [8] Undefined variable: news D:\demo\singcms\Application\Runtime\Cache\Admin\b595b808c2ebeeeb0478ffc30bb4e87a.php 第 163 行.
NOTIC: [8] Undefined variable: news D:\demo\singcms\Application\Runtime\Cache\Admin\b595b808c2ebeeeb0478ffc30bb4e87a.php 第 167 行.
NOTIC: [8] Undefined variable: positioncount D:\demo\singcms\Application\Runtime\Cache\Admin\b595b808c2ebeeeb0478ffc30bb4e87a.php 第 180 行.
INFO: Run Behavior\ParseTemplateBehavior [ RunTime:0.029821s ]
INFO: [ view_parse ] --END-- [ RunTime:0.029944s ]
INFO: [ view_filter ] --START--
INFO: Run Behavior\WriteHtmlCacheBehavior [ RunTime:0.000342s ]
INFO: [ view_filter ] --END-- [ RunTime:0.000434s ]
INFO: [ app_end ] --START--
INFO: Run Behavior\ShowPageTraceBehavior [ RunTime:0.000467s ]
INFO: [ app_end ] --END-- [ RunTime:0.000572s ]

[ 2017-05-20T20:32:56+08:00 ] ::1 /singcms/admin.php?c=positioncontent
INFO: [ app_init ] --START--
INFO: Run Behavior\BuildLiteBehavior [ RunTime:0.000024s ]
INFO: [ app_init ] --END-- [ RunTime:0.000379s ]
INFO: [ app_begin ] --START--
INFO: Run Behavior\ReadHtmlCacheBehavior [ RunTime:0.000363s ]
INFO: [ app_begin ] --END-- [ RunTime:0.000468s ]
NOTIC: [2048] Declaration of Admin\Controller\PositioncontentController::setStatus() should be compatible with Admin\Controller\CommonController::setStatus($data, $models) D:\demo\singcms\Application\Admin\Controller\PositioncontentController.class.php 第 9 行.
NOTIC: [2048] Declaration of Admin\Controller\PositioncontentController::listorder() should be compatible with Admin\Controller\CommonController::listorder($model = '') D:\demo\singcms\Application\Admin\Controller\PositioncontentController.class.php 第 9 行.
NOTIC: [2048] Declaration of Common\Model\PositionModel::find() should be compatible with Think\Model::find($options = Array) D:\demo\singcms\Application\Common\Model\PositionModel.class.php 第 8 行.
SQL: SHOW COLUMNS FROM `cms_position` [ RunTime:0.0286s ]
SQL: SELECT * FROM `cms_position` WHERE `status` = 1 ORDER BY id  [ RunTime:0.0083s ]
NOTIC: [8] Undefined index: title D:\demo\singcms\Application\Admin\Controller\PositioncontentController.class.php 第 15 行.
NOTIC: [8] Undefined index: position_id D:\demo\singcms\Application\Admin\Controller\PositioncontentController.class.php 第 20 行.
NOTIC: [2048] Declaration of Common\Model\PositionContentModel::find() should be compatible with Think\Model::find($options = Array) D:\demo\singcms\Application\Common\Model\PositionContentModel.class.php 第 91 行.
SQL: SHOW COLUMNS FROM `cms_position_content` [ RunTime:0.0096s ]
NOTIC: [8] Undefined index: title D:\demo\singcms\Application\Common\Model\PositionContentModel.class.php 第 17 行.
SQL: SELECT * FROM `cms_position_content` WHERE `status` <> -1 AND `position_id` = 2 ORDER BY listorder desc ,id desc  [ RunTime:0.0012s ]
INFO: [ view_parse ] --START--
INFO: [ template_filter ] --START--
INFO: Run Behavior\ContentReplaceBehavior [ RunTime:0.000092s ]
INFO: [ template_filter ] --END-- [ RunTime:0.000201s ]
NOTIC: [2048] Declaration of Common\Model\MenuModel::find() should be compatible with Think\Model::find($options = Array) D:\demo\singcms\Application\Common\Model\MenuModel.class.php 第 97 行.
SQL: SHOW COLUMNS FROM `cms_menu` [ RunTime:0.0116s ]
SQL: SELECT * FROM `cms_menu` WHERE `status` <> -1 AND `type` = 1 ORDER BY listorder desc,menu_id desc  [ RunTime:0.0003s ]
NOTIC: [8] Undefined index: a D:\demo\singcms\Application\Common\Common\function.php 第 44 行.
NOTIC: [8] Undefined index: a D:\demo\singcms\Application\Common\Common\function.php 第 44 行.
NOTIC: [8] Undefined index: a D:\demo\singcms\Application\Common\Common\function.php 第 44 行.
NOTIC: [8] Undefined index: a D:\demo\singcms\Application\Common\Common\function.php 第 44 行.
NOTIC: [8] Undefined index: a D:\demo\singcms\Application\Common\Common\function.php 第 44 行.
NOTIC: [8] Undefined variable: title D:\demo\singcms\Application\Runtime\Cache\Admin\b8a8b9d170e6c07d7b463ea02385894d.php 第 121 行.
INFO: Run Behavior\ParseTemplateBehavior [ RunTime:0.048209s ]
INFO: [ view_parse ] --END-- [ RunTime:0.048311s ]
INFO: [ view_filter ] --START--
INFO: Run Behavior\WriteHtmlCacheBehavior [ RunTime:0.000333s ]
INFO: [ view_filter ] --END-- [ RunTime:0.000435s ]
INFO: [ app_end ] --START--
INFO: Run Behavior\ShowPageTraceBehavior [ RunTime:0.000653s ]
INFO: [ app_end ] --END-- [ RunTime:0.000811s ]

[ 2017-05-20T20:32:56+08:00 ] ::1 /singcms/admin.php?c=content
INFO: [ app_init ] --START--
INFO: Run Behavior\BuildLiteBehavior [ RunTime:0.000024s ]
INFO: [ app_init ] --END-- [ RunTime:0.000372s ]
INFO: [ app_begin ] --START--
INFO: Run Behavior\ReadHtmlCacheBehavior [ RunTime:0.000342s ]
INFO: [ app_begin ] --END-- [ RunTime:0.000455s ]
NOTIC: [2048] Declaration of Admin\Controller\ContentController::setStatus() should be compatible with Admin\Controller\CommonController::setStatus($data, $models) D:\demo\singcms\Application\Admin\Controller\ContentController.class.php 第 12 行.
NOTIC: [2048] Declaration of Admin\Controller\ContentController::listorder() should be compatible with Admin\Controller\CommonController::listorder($model = '') D:\demo\singcms\Application\Admin\Controller\ContentController.class.php 第 12 行.
NOTIC: [8] Undefined index: title D:\demo\singcms\Application\Admin\Controller\ContentController.class.php 第 15 行.
NOTIC: [8] Undefined index: catid D:\demo\singcms\Application\Admin\Controller\ContentController.class.php 第 20 行.
NOTIC: [8] Undefined index: p D:\demo\singcms\Application\Admin\Controller\ContentController.class.php 第 24 行.
NOTIC: [2048] Declaration of Common\Model\NewsModel::find() should be compatible with Think\Model::find($options = Array) D:\demo\singcms\Application\Common\Model\NewsModel.class.php 第 9 行.
SQL: SHOW COLUMNS FROM `cms_news` [ RunTime:0.0105s ]
NOTIC: [8] Undefined index: title D:\demo\singcms\Application\Common\Model\NewsModel.class.php 第 30 行.
SQL: SELECT * FROM `cms_news` WHERE `status` <> -1 ORDER BY listorder desc,news_id desc LIMIT 0,3   [ RunTime:0.0019s ]
NOTIC: [8] Undefined index: title D:\demo\singcms\Application\Common\Model\NewsModel.class.php 第 48 行.
SQL: SELECT COUNT(*) AS tp_count FROM `cms_news` WHERE `status` <> -1 LIMIT 1   [ RunTime:0.0008s ]
NOTIC: [2048] Declaration of Common\Model\PositionModel::find() should be compatible with Think\Model::find($options = Array) D:\demo\singcms\Application\Common\Model\PositionModel.class.php 第 80 行.
SQL: SHOW COLUMNS FROM `cms_position` [ RunTime:0.0100s ]
SQL: SELECT * FROM `cms_position` WHERE `status` = 1 ORDER BY id  [ RunTime:0.0012s ]
NOTIC: [2048] Declaration of Common\Model\MenuModel::find() should be compatible with Think\Model::find($options = Array) D:\demo\singcms\Application\Common\Model\MenuModel.class.php 第 97 行.
SQL: SHOW COLUMNS FROM `cms_menu` [ RunTime:0.0105s ]
SQL: SELECT * FROM `cms_menu` WHERE `status` = 1 AND `type` = 0 ORDER BY listorder desc,menu_id desc  [ RunTime:0.0010s ]
INFO: [ view_parse ] --START--
INFO: [ template_filter ] --START--
INFO: Run Behavior\ContentReplaceBehavior [ RunTime:0.000098s ]
INFO: [ template_filter ] --END-- [ RunTime:0.000206s ]
SQL: SELECT * FROM `cms_menu` WHERE `status` <> -1 AND `type` = 1 ORDER BY listorder desc,menu_id desc  [ RunTime:0.0011s ]
NOTIC: [8] Undefined index: a D:\demo\singcms\Application\Common\Common\function.php 第 44 行.
NOTIC: [8] Undefined index: a D:\demo\singcms\Application\Common\Common\function.php 第 44 行.
NOTIC: [8] Undefined index: a D:\demo\singcms\Application\Common\Common\function.php 第 44 行.
NOTIC: [8] Undefined index: a D:\demo\singcms\Application\Common\Common\function.php 第 44 行.
NOTIC: [8] Undefined index: a D:\demo\singcms\Application\Common\Common\function.php 第 44 行.
INFO: Run Behavior\ParseTemplateBehavior [ RunTime:0.031037s ]
INFO: [ view_parse ] --END-- [ RunTime:0.031138s ]
INFO: [ view_filter ] --START--
INFO: Run Behavior\WriteHtmlCacheBehavior [ RunTime:0.000290s ]
INFO: [ view_filter ] --END-- [ RunTime:0.000383s ]
INFO: [ app_end ] --START--
INFO: Run Behavior\ShowPageTraceBehavior [ RunTime:0.000437s ]
INFO: [ app_end ] --END-- [ RunTime:0.000544s ]

[ 2017-05-20T20:35:58+08:00 ] ::1 /singcms/admin.php?c=positioncontent
INFO: [ app_init ] --START--
INFO: Run Behavior\BuildLiteBehavior [ RunTime:0.000032s ]
INFO: [ app_init ] --END-- [ RunTime:0.000568s ]
INFO: [ app_begin ] --START--
INFO: Run Behavior\ReadHtmlCacheBehavior [ RunTime:0.000534s ]
INFO: [ app_begin ] --END-- [ RunTime:0.000710s ]
NOTIC: [2048] Declaration of Admin\Controller\PositioncontentController::setStatus() should be compatible with Admin\Controller\CommonController::setStatus($data, $models) D:\demo\singcms\Application\Admin\Controller\PositioncontentController.class.php 第 9 行.
NOTIC: [2048] Declaration of Admin\Controller\PositioncontentController::listorder() should be compatible with Admin\Controller\CommonController::listorder($model = '') D:\demo\singcms\Application\Admin\Controller\PositioncontentController.class.php 第 9 行.
NOTIC: [2048] Declaration of Common\Model\PositionModel::find() should be compatible with Think\Model::find($options = Array) D:\demo\singcms\Application\Common\Model\PositionModel.class.php 第 8 行.
SQL: SHOW COLUMNS FROM `cms_position` [ RunTime:0.0111s ]
SQL: SELECT * FROM `cms_position` WHERE `status` = 1 ORDER BY id  [ RunTime:0.0010s ]
NOTIC: [8] Undefined index: title D:\demo\singcms\Application\Admin\Controller\PositioncontentController.class.php 第 15 行.
NOTIC: [8] Undefined index: position_id D:\demo\singcms\Application\Admin\Controller\PositioncontentController.class.php 第 20 行.
NOTIC: [2048] Declaration of Common\Model\PositionContentModel::find() should be compatible with Think\Model::find($options = Array) D:\demo\singcms\Application\Common\Model\PositionContentModel.class.php 第 91 行.
SQL: SHOW COLUMNS FROM `cms_position_content` [ RunTime:0.0111s ]
NOTIC: [8] Undefined index: title D:\demo\singcms\Application\Common\Model\PositionContentModel.class.php 第 17 行.
SQL: SELECT * FROM `cms_position_content` WHERE `status` <> -1 AND `position_id` = 2 ORDER BY listorder desc ,id desc  [ RunTime:0.0015s ]
INFO: [ view_parse ] --START--
INFO: [ template_filter ] --START--
INFO: Run Behavior\ContentReplaceBehavior [ RunTime:0.000091s ]
INFO: [ template_filter ] --END-- [ RunTime:0.000197s ]
NOTIC: [2048] Declaration of Common\Model\MenuModel::find() should be compatible with Think\Model::find($options = Array) D:\demo\singcms\Application\Common\Model\MenuModel.class.php 第 97 行.
SQL: SHOW COLUMNS FROM `cms_menu` [ RunTime:0.0132s ]
SQL: SELECT * FROM `cms_menu` WHERE `status` <> -1 AND `type` = 1 ORDER BY listorder desc,menu_id desc  [ RunTime:0.0014s ]
NOTIC: [8] Undefined index: a D:\demo\singcms\Application\Common\Common\function.php 第 44 行.
NOTIC: [8] Undefined index: a D:\demo\singcms\Application\Common\Common\function.php 第 44 行.
NOTIC: [8] Undefined index: a D:\demo\singcms\Application\Common\Common\function.php 第 44 行.
NOTIC: [8] Undefined index: a D:\demo\singcms\Application\Common\Common\function.php 第 44 行.
NOTIC: [8] Undefined index: a D:\demo\singcms\Application\Common\Common\function.php 第 44 行.
NOTIC: [8] Undefined variable: title D:\demo\singcms\Application\Runtime\Cache\Admin\b8a8b9d170e6c07d7b463ea02385894d.php 第 121 行.
INFO: Run Behavior\ParseTemplateBehavior [ RunTime:0.030573s ]
INFO: [ view_parse ] --END-- [ RunTime:0.030677s ]
INFO: [ view_filter ] --START--
INFO: Run Behavior\WriteHtmlCacheBehavior [ RunTime:0.000403s ]
INFO: [ view_filter ] --END-- [ RunTime:0.000504s ]
INFO: [ app_end ] --START--
INFO: Run Behavior\ShowPageTraceBehavior [ RunTime:0.000518s ]
INFO: [ app_end ] --END-- [ RunTime:0.000646s ]

[ 2017-05-20T20:50:59+08:00 ] ::1 /singcms/admin.php?c=positioncontent
INFO: [ app_init ] --START--
INFO: Run Behavior\BuildLiteBehavior [ RunTime:0.000025s ]
INFO: [ app_init ] --END-- [ RunTime:0.000435s ]
INFO: [ app_begin ] --START--
INFO: Run Behavior\ReadHtmlCacheBehavior [ RunTime:0.000420s ]
INFO: [ app_begin ] --END-- [ RunTime:0.000548s ]
NOTIC: [2048] Declaration of Home\Controller\CommonController::error() should be compatible with Think\Controller::error($message = '', $jumpUrl = '', $ajax = false) D:\demo\singcms\Application\Home\Controller\CommonController.class.php 第 24 行.
NOTIC: [2048] Declaration of Common\Model\PositionModel::find() should be compatible with Think\Model::find($options = Array) D:\demo\singcms\Application\Common\Model\PositionModel.class.php 第 8 行.
SQL: SHOW COLUMNS FROM `cms_position` [ RunTime:0.0111s ]
SQL: SELECT * FROM `cms_position` WHERE `status` = 1 ORDER BY id  [ RunTime:0.0006s ]
NOTIC: [8] Undefined index: title D:\demo\singcms\Application\Admin\Controller\PositioncontentController.class.php 第 15 行.
NOTIC: [8] Undefined index: position_id D:\demo\singcms\Application\Admin\Controller\PositioncontentController.class.php 第 20 行.
NOTIC: [2048] Declaration of Common\Model\PositionContentModel::find() should be compatible with Think\Model::find($options = Array) D:\demo\singcms\Application\Common\Model\PositionContentModel.class.php 第 91 行.
SQL: SHOW COLUMNS FROM `cms_position_content` [ RunTime:0.0110s ]
NOTIC: [8] Undefined index: title D:\demo\singcms\Application\Common\Model\PositionContentModel.class.php 第 17 行.
SQL: SELECT * FROM `cms_position_content` WHERE `status` <> -1 AND `position_id` = 2 ORDER BY listorder desc ,id desc  [ RunTime:0.0007s ]
INFO: [ view_parse ] --START--
INFO: [ template_filter ] --START--
INFO: Run Behavior\ContentReplaceBehavior [ RunTime:0.000088s ]
INFO: [ template_filter ] --END-- [ RunTime:0.000188s ]
NOTIC: [2048] Declaration of Common\Model\MenuModel::find() should be compatible with Think\Model::find($options = Array) D:\demo\singcms\Application\Common\Model\MenuModel.class.php 第 97 行.
SQL: SHOW COLUMNS FROM `cms_menu` [ RunTime:0.0104s ]
SQL: SELECT * FROM `cms_menu` WHERE `status` <> -1 AND `type` = 1 ORDER BY listorder desc,menu_id desc  [ RunTime:0.0007s ]
NOTIC: [8] Undefined index: a D:\demo\singcms\Application\Common\Common\function.php 第 44 行.
NOTIC: [8] Undefined index: a D:\demo\singcms\Application\Common\Common\function.php 第 44 行.
NOTIC: [8] Undefined index: a D:\demo\singcms\Application\Common\Common\function.php 第 44 行.
NOTIC: [8] Undefined index: a D:\demo\singcms\Application\Common\Common\function.php 第 44 行.
NOTIC: [8] Undefined index: a D:\demo\singcms\Application\Common\Common\function.php 第 44 行.
NOTIC: [8] Undefined variable: title D:\demo\singcms\Application\Runtime\Cache\Admin\b8a8b9d170e6c07d7b463ea02385894d.php 第 121 行.
INFO: Run Behavior\ParseTemplateBehavior [ RunTime:0.027077s ]
INFO: [ view_parse ] --END-- [ RunTime:0.027182s ]
INFO: [ view_filter ] --START--
INFO: Run Behavior\WriteHtmlCacheBehavior [ RunTime:0.000627s ]
INFO: [ view_filter ] --END-- [ RunTime:0.000740s ]
INFO: [ app_end ] --START--
INFO: Run Behavior\ShowPageTraceBehavior [ RunTime:0.000718s ]
INFO: [ app_end ] --END-- [ RunTime:0.001108s ]

[ 2017-05-20T20:51:08+08:00 ] ::1 /singcms/index.php?m=admin&c=login
INFO: [ app_init ] --START--
INFO: Run Behavior\BuildLiteBehavior [ RunTime:0.000022s ]
INFO: [ app_init ] --END-- [ RunTime:0.000350s ]
INFO: [ app_begin ] --START--
INFO: Run Behavior\ReadHtmlCacheBehavior [ RunTime:0.000329s ]
INFO: [ app_begin ] --END-- [ RunTime:0.000441s ]
INFO: [ view_parse ] --START--
INFO: [ template_filter ] --START--
INFO: Run Behavior\ContentReplaceBehavior [ RunTime:0.000069s ]
INFO: [ template_filter ] --END-- [ RunTime:0.000186s ]
INFO: Run Behavior\ParseTemplateBehavior [ RunTime:0.005289s ]
INFO: [ view_parse ] --END-- [ RunTime:0.005430s ]
INFO: [ view_filter ] --START--
INFO: Run Behavior\WriteHtmlCacheBehavior [ RunTime:0.000315s ]
INFO: [ view_filter ] --END-- [ RunTime:0.000412s ]
INFO: [ app_end ] --START--
INFO: Run Behavior\ShowPageTraceBehavior [ RunTime:0.000389s ]
INFO: [ app_end ] --END-- [ RunTime:0.000490s ]

