[ 2017-06-22T09:24:17+08:00 ] ::1 /singcms/index.php?m=admin&c=login&a=check
INFO: [ app_init ] --START--
INFO: Run Behavior\BuildLiteBehavior [ RunTime:0.000019s ]
INFO: [ app_init ] --END-- [ RunTime:0.000443s ]
INFO: [ app_begin ] --START--
INFO: Run Behavior\ReadHtmlCacheBehavior [ RunTime:0.001073s ]
INFO: [ app_begin ] --END-- [ RunTime:0.001203s ]
NOTIC: [2048] Declaration of Common\Model\AdminModel::find() should be compatible with that of Think\Model::find() D:\demo\singcms\Application\Common\Model\AdminModel.class.php 第 4 行.
SQL: SHOW COLUMNS FROM `cms_admin` [ RunTime:0.0274s ]
SQL: SELECT * FROM `cms_admin` WHERE ( username="admin" ) LIMIT 1   [ RunTime:0.0005s ]
SQL: UPDATE `cms_admin` SET `lastlogintime`='1498094657' WHERE ( admin_id=1 ) [ RunTime:0.0004s ]

[ 2017-06-22T09:24:19+08:00 ] ::1 /singcms/index.php?m=admin&c=index
INFO: [ app_init ] --START--
INFO: Run Behavior\BuildLiteBehavior [ RunTime:0.000046s ]
INFO: [ app_init ] --END-- [ RunTime:0.001172s ]
INFO: [ app_begin ] --START--
INFO: Run Behavior\ReadHtmlCacheBehavior [ RunTime:0.000700s ]
INFO: [ app_begin ] --END-- [ RunTime:0.000791s ]
NOTIC: [2048] Declaration of Common\Model\NewsModel::find() should be compatible with that of Think\Model::find() D:\demo\singcms\Application\Common\Model\NewsModel.class.php 第 9 行.
SQL: SHOW COLUMNS FROM `cms_news` [ RunTime:0.1180s ]
SQL: SELECT * FROM `cms_news` WHERE `status` = 1 ORDER BY count desc LIMIT 1   [ RunTime:0.0009s ]
NOTIC: [8] Undefined index: title D:\demo\singcms\Application\Common\Model\NewsModel.class.php 第 57 行.
SQL: SELECT COUNT(*) AS tp_count FROM `cms_news` WHERE `status` <> -1 LIMIT 1   [ RunTime:0.0005s ]
NOTIC: [2048] Declaration of Common\Model\PositionModel::find() should be compatible with that of Think\Model::find() D:\demo\singcms\Application\Common\Model\PositionModel.class.php 第 83 行.
SQL: SHOW COLUMNS FROM `cms_position` [ RunTime:0.0453s ]
SQL: SELECT COUNT(*) AS tp_count FROM `cms_position` WHERE `status` = 1 LIMIT 1   [ RunTime:0.0005s ]
NOTIC: [2048] Declaration of Common\Model\AdminModel::find() should be compatible with that of Think\Model::find() D:\demo\singcms\Application\Common\Model\AdminModel.class.php 第 78 行.
SQL: SHOW COLUMNS FROM `cms_admin` [ RunTime:0.0106s ]
SQL: SELECT COUNT(*) AS tp_count FROM `cms_admin` WHERE `status` = 1 AND `lastlogintime` > 1498060800 LIMIT 1   [ RunTime:0.0005s ]
INFO: [ view_parse ] --START--
INFO: [ template_filter ] --START--
INFO: Run Behavior\ContentReplaceBehavior [ RunTime:0.000088s ]
INFO: [ template_filter ] --END-- [ RunTime:0.000181s ]
NOTIC: [2048] Declaration of Common\Model\MenuModel::find() should be compatible with that of Think\Model::find() D:\demo\singcms\Application\Common\Model\MenuModel.class.php 第 103 行.
SQL: SHOW COLUMNS FROM `cms_menu` [ RunTime:0.0107s ]
SQL: SELECT * FROM `cms_menu` WHERE `status` <> -1 AND `type` = 1 ORDER BY listorder desc,menu_id desc  [ RunTime:0.0006s ]
NOTIC: [8] Undefined index: a D:\demo\singcms\Application\Common\Common\function.php 第 44 行.
NOTIC: [8] Undefined index: a D:\demo\singcms\Application\Common\Common\function.php 第 44 行.
NOTIC: [8] Undefined index: a D:\demo\singcms\Application\Common\Common\function.php 第 44 行.
NOTIC: [8] Undefined index: a D:\demo\singcms\Application\Common\Common\function.php 第 44 行.
NOTIC: [8] Undefined index: a D:\demo\singcms\Application\Common\Common\function.php 第 44 行.
NOTIC: [8] Undefined index: a D:\demo\singcms\Application\Common\Common\function.php 第 44 行.
INFO: Run Behavior\ParseTemplateBehavior [ RunTime:0.061635s ]
INFO: [ view_parse ] --END-- [ RunTime:0.061729s ]
INFO: [ view_filter ] --START--
INFO: Run Behavior\WriteHtmlCacheBehavior [ RunTime:0.000820s ]
INFO: [ view_filter ] --END-- [ RunTime:0.000944s ]
INFO: [ app_end ] --START--
INFO: Run Behavior\ShowPageTraceBehavior [ RunTime:0.000763s ]
INFO: [ app_end ] --END-- [ RunTime:0.000853s ]

[ 2017-06-22T10:20:52+08:00 ] ::1 /singcms/admin.php?m=&&c=login
INFO: [ app_init ] --START--
INFO: Run Behavior\BuildLiteBehavior [ RunTime:0.000020s ]
INFO: [ app_init ] --END-- [ RunTime:0.000519s ]
INFO: [ app_begin ] --START--
INFO: Run Behavior\ReadHtmlCacheBehavior [ RunTime:0.000875s ]
INFO: [ app_begin ] --END-- [ RunTime:0.000978s ]
INFO: [ view_parse ] --START--
INFO: [ template_filter ] --START--
INFO: Run Behavior\ContentReplaceBehavior [ RunTime:0.000070s ]
INFO: [ template_filter ] --END-- [ RunTime:0.000191s ]
INFO: Run Behavior\ParseTemplateBehavior [ RunTime:0.042684s ]
INFO: [ view_parse ] --END-- [ RunTime:0.042855s ]
INFO: [ view_filter ] --START--
INFO: Run Behavior\WriteHtmlCacheBehavior [ RunTime:0.000752s ]
INFO: [ view_filter ] --END-- [ RunTime:0.000841s ]
INFO: [ app_end ] --START--
INFO: Run Behavior\ShowPageTraceBehavior [ RunTime:0.000788s ]
INFO: [ app_end ] --END-- [ RunTime:0.000868s ]

[ 2017-06-22T10:20:55+08:00 ] ::1 /singcms/index.php?m=admin&c=login&a=check
INFO: [ app_init ] --START--
INFO: Run Behavior\BuildLiteBehavior [ RunTime:0.000021s ]
INFO: [ app_init ] --END-- [ RunTime:0.000494s ]
INFO: [ app_begin ] --START--
INFO: Run Behavior\ReadHtmlCacheBehavior [ RunTime:0.000634s ]
INFO: [ app_begin ] --END-- [ RunTime:0.000712s ]
NOTIC: [2048] Declaration of Common\Model\AdminModel::find() should be compatible with that of Think\Model::find() D:\demo\singcms\Application\Common\Model\AdminModel.class.php 第 4 行.
SQL: SHOW COLUMNS FROM `cms_admin` [ RunTime:0.0175s ]
SQL: SELECT * FROM `cms_admin` WHERE ( username="admin" ) LIMIT 1   [ RunTime:0.0008s ]
SQL: UPDATE `cms_admin` SET `lastlogintime`='1498098055' WHERE ( admin_id=1 ) [ RunTime:0.0008s ]

[ 2017-06-22T10:20:56+08:00 ] ::1 /singcms/index.php?m=admin&c=index
INFO: [ app_init ] --START--
INFO: Run Behavior\BuildLiteBehavior [ RunTime:0.000022s ]
INFO: [ app_init ] --END-- [ RunTime:0.000513s ]
INFO: [ app_begin ] --START--
INFO: Run Behavior\ReadHtmlCacheBehavior [ RunTime:0.000735s ]
INFO: [ app_begin ] --END-- [ RunTime:0.000845s ]
NOTIC: [2048] Declaration of Common\Model\NewsModel::find() should be compatible with that of Think\Model::find() D:\demo\singcms\Application\Common\Model\NewsModel.class.php 第 9 行.
SQL: SHOW COLUMNS FROM `cms_news` [ RunTime:0.0195s ]
SQL: SELECT * FROM `cms_news` WHERE `status` = 1 ORDER BY count desc LIMIT 1   [ RunTime:0.0009s ]
NOTIC: [8] Undefined index: title D:\demo\singcms\Application\Common\Model\NewsModel.class.php 第 57 行.
SQL: SELECT COUNT(*) AS tp_count FROM `cms_news` WHERE `status` <> -1 LIMIT 1   [ RunTime:0.0016s ]
NOTIC: [2048] Declaration of Common\Model\PositionModel::find() should be compatible with that of Think\Model::find() D:\demo\singcms\Application\Common\Model\PositionModel.class.php 第 83 行.
SQL: SHOW COLUMNS FROM `cms_position` [ RunTime:0.0355s ]
SQL: SELECT COUNT(*) AS tp_count FROM `cms_position` WHERE `status` = 1 LIMIT 1   [ RunTime:0.0010s ]
NOTIC: [2048] Declaration of Common\Model\AdminModel::find() should be compatible with that of Think\Model::find() D:\demo\singcms\Application\Common\Model\AdminModel.class.php 第 78 行.
SQL: SHOW COLUMNS FROM `cms_admin` [ RunTime:0.0171s ]
SQL: SELECT COUNT(*) AS tp_count FROM `cms_admin` WHERE `status` = 1 AND `lastlogintime` > 1498060800 LIMIT 1   [ RunTime:0.0004s ]
INFO: [ view_parse ] --START--
INFO: [ template_filter ] --START--
INFO: Run Behavior\ContentReplaceBehavior [ RunTime:0.000155s ]
INFO: [ template_filter ] --END-- [ RunTime:0.000329s ]
NOTIC: [2048] Declaration of Common\Model\MenuModel::find() should be compatible with that of Think\Model::find() D:\demo\singcms\Application\Common\Model\MenuModel.class.php 第 103 行.
SQL: SHOW COLUMNS FROM `cms_menu` [ RunTime:0.0196s ]
SQL: SELECT * FROM `cms_menu` WHERE `status` <> -1 AND `type` = 1 ORDER BY listorder desc,menu_id desc  [ RunTime:0.0008s ]
NOTIC: [8] Undefined index: a D:\demo\singcms\Application\Common\Common\function.php 第 44 行.
NOTIC: [8] Undefined index: a D:\demo\singcms\Application\Common\Common\function.php 第 44 行.
NOTIC: [8] Undefined index: a D:\demo\singcms\Application\Common\Common\function.php 第 44 行.
NOTIC: [8] Undefined index: a D:\demo\singcms\Application\Common\Common\function.php 第 44 行.
NOTIC: [8] Undefined index: a D:\demo\singcms\Application\Common\Common\function.php 第 44 行.
NOTIC: [8] Undefined index: a D:\demo\singcms\Application\Common\Common\function.php 第 44 行.
INFO: Run Behavior\ParseTemplateBehavior [ RunTime:0.041063s ]
INFO: [ view_parse ] --END-- [ RunTime:0.041212s ]
INFO: [ view_filter ] --START--
INFO: Run Behavior\WriteHtmlCacheBehavior [ RunTime:0.001027s ]
INFO: [ view_filter ] --END-- [ RunTime:0.001171s ]
INFO: [ app_end ] --START--
INFO: Run Behavior\ShowPageTraceBehavior [ RunTime:0.000978s ]
INFO: [ app_end ] --END-- [ RunTime:0.001085s ]

